#
# A fatal error has been detected by the Java Runtime Environment:
#
#  EXCEPTION_ACCESS_VIOLATION (0xc0000005) at pc=0x000007fea4ab2499, pid=3232, tid=896
#
# JRE version: Java(TM) SE Runtime Environment (11.0.5+10) (build 11.0.5+10-LTS)
# Java VM: Java HotSpot(TM) 64-Bit Server VM (11.0.5+10-LTS, mixed mode, tiered, compressed oops, g1 gc, windows-amd64)
# Problematic frame:
# C  0x000007fea4ab2499
#
# No core dump will be written. Minidumps are not enabled by default on client versions of Windows
#
# If you would like to submit a bug report, please visit:
#   http://bugreport.java.com/bugreport/crash.jsp
#

---------------  S U M M A R Y ------------

Command Line: -Dfile.encoding=UTF-8 -Duser.country=US -Duser.language=en -Duser.variant net.runelite.client.RuneLite

Host: Intel(R) Core(TM) i5-2500K CPU @ 3.30GHz, 4 cores, 15G,  Windows 7 , 64 bit Build 7601 (6.1.7601.17514)
Time: Thu Feb  6 16:13:41 2020 Eastern Standard Time elapsed time: 100 seconds (0d 0h 1m 40s)

---------------  T H R E A D  ---------------

Current thread (0x00000000261e2800):  VMThread "VM Thread" [stack: 0x0000000026270000,0x0000000026370000] [id=896]

Stack: [0x0000000026270000,0x0000000026370000],  sp=0x000000002636ee48,  free space=1019k
Native frames: (J=compiled Java code, j=interpreted, Vv=VM code, C=native code)
C  0x000007fea4ab2499


siginfo: EXCEPTION_ACCESS_VIOLATION (0xc0000005), reading address 0x0000000000000ee0


Register to memory mapping:

RIP=0x000007fea4ab2499 points into unknown readable memory: ff a0 e0 0e 00 00 cc
RAX=0x0 is NULL
RBX=0x000007feb96ec444 graphics-hook64.dll
RCX=0x0000000000000001 is an unknown value
RDX=0x000007feb96ec438 graphics-hook64.dll
RSP=0x000000002636ee48 points into unknown readable memory: b0 90 66 b9 fe 07 00 00
RBP=0x000007feb96ec400 graphics-hook64.dll
RSI=0x0000000000030000 points into unknown readable memory: 41 63 74 78 20 00 00 00
RDI=0x0 is NULL
R8 =0x0000000076fe0000 ntdll.dll
R9 =0x000000000000015e is an unknown value
R10=0x00000000c0000008 is an unknown value
R11=0x0000000000000246 is an unknown value
R12=0x000007fffffda000 points into unknown readable memory: 00 00 00 08 00 00 00 00
R13=0x000007fffffaa000 points into unknown readable memory: 00 00 00 00 00 00 00 00
R14=0x0000000077117be0 ntdll.dll
R15=0x0000000077112670 ntdll.dll


Registers:
RAX=0x0000000000000000, RBX=0x000007feb96ec444, RCX=0x0000000000000001, RDX=0x000007feb96ec438
RSP=0x000000002636ee48, RBP=0x000007feb96ec400, RSI=0x0000000000030000, RDI=0x0000000000000000
R8 =0x0000000076fe0000, R9 =0x000000000000015e, R10=0x00000000c0000008, R11=0x0000000000000246
R12=0x000007fffffda000, R13=0x000007fffffaa000, R14=0x0000000077117be0, R15=0x0000000077112670
RIP=0x000007fea4ab2499, EFLAGS=0x0000000000010246

Top of Stack: (sp=0x000000002636ee48)
0x000000002636ee48:   000007feb96690b0 0000000000000000
0x000000002636ee58:   000007fffffda328 000007fffffda000
0x000000002636ee68:   0000000000000000 000000002636f260
0x000000002636ee78:   000007feb966a624 0000000000000000
0x000000002636ee88:   0000000000030000 0000000000000000
0x000000002636ee98:   0000000000000001 000007fef6830000
0x000000002636eea8:   000007fef685752d 0000000000000000
0x000000002636eeb8:   0000000000000000 0000001700000142
0x000000002636eec8:   0000001600000136 0000000000000001
0x000000002636eed8:   000007fef683c1ef 0000000000000001
0x000000002636eee8:   0000000000000003 000007fed1024248
0x000000002636eef8:   000007fefcfe4190 0000000000000000
0x000000002636ef08:   000007fef683c586 0000000076ec0000
0x000000002636ef18:   0000000000000000 0000000000080007
0x000000002636ef28:   000007fed1024248 0000000000000000
0x000000002636ef38:   000007fef690a1c3 0000000000000001 

Instructions: (pc=0x000007fea4ab2499)
0x000007fea4ab2479:   af af af af af af af c3 cc cc cc cc cc cc cc cc
0x000007fea4ab2489:   cc cc cc cc cc cc cc 65 48 8b 04 25 08 16 00 00
0x000007fea4ab2499:   ff a0 e0 0e 00 00 cc cc cc cc cc cc cc cc cc cc
0x000007fea4ab24a9:   cc cc cc cc cc cc cc cc cc cc cc cc cc cc cc cc 


Stack slot to memory mapping:
stack at sp + 0 slots: 0x000007feb96690b0 graphics-hook64.dll
stack at sp + 1 slots: 0x0 is NULL
stack at sp + 2 slots: 0x000007fffffda328 points into unknown readable memory: 30 7c 51 00 00 00 00 00
stack at sp + 3 slots: 0x000007fffffda000 points into unknown readable memory: 00 00 00 08 00 00 00 00
stack at sp + 4 slots: 0x0 is NULL
stack at sp + 5 slots: 0x000000002636f260 points into unknown readable memory: 1f 00 00 00 00 00 00 00
stack at sp + 6 slots: 0x000007feb966a624 graphics-hook64.dll
stack at sp + 7 slots: 0x0 is NULL

VM_Operation (0x000000002acca8f0): Exit, mode: safepoint, requested by thread 0x0000000029061800


---------------  P R O C E S S  ---------------

Threads class SMR info:
_java_thread_list=0x0000000038ee5e70, length=59, elements={
0x00000000261e6000, 0x0000000026230800, 0x0000000026238800, 0x000000002623b800,
0x000000002623d800, 0x00000000272ce000, 0x00000000272d1800, 0x0000000027461000,
0x0000000027464800, 0x0000000028c30800, 0x0000000029127000, 0x000000002905d800,
0x000000002905e800, 0x000000002905f000, 0x0000000029060000, 0x0000000029061800,
0x0000000029063000, 0x0000000029065000, 0x0000000029065800, 0x0000000029069000,
0x000000002906a000, 0x000000002906a800, 0x000000002906b800, 0x000000002906c000,
0x000000003161b000, 0x000000003161c000, 0x000000002de17000, 0x000000002de18000,
0x000000002de19000, 0x000000002de19800, 0x000000002de1a800, 0x000000002de1b800,
0x000000002de1c000, 0x000000002de1d000, 0x0000000031765000, 0x0000000031766000,
0x0000000031766800, 0x0000000031767800, 0x0000000031768800, 0x0000000031769000,
0x000000003176a000, 0x000000003176a800, 0x000000003161a800, 0x000000003176b800,
0x00000000365ea000, 0x00000000365ec000, 0x00000000365ec800, 0x00000000365ed800,
0x00000000365ee000, 0x00000000365f0000, 0x0000000027632000, 0x0000000027635000,
0x0000000028951000, 0x0000000028952800, 0x0000000028953800, 0x0000000028954800,
0x0000000028957000, 0x00000000385ab800, 0x0000000029061000
}

Java Threads: ( => current thread )
  0x00000000261e6000 JavaThread "Reference Handler" daemon [_thread_blocked, id=2500, stack(0x0000000026fb0000,0x00000000270b0000)]
  0x0000000026230800 JavaThread "Finalizer" daemon [_thread_blocked, id=9944, stack(0x00000000271c0000,0x00000000272c0000)]
  0x0000000026238800 JavaThread "Signal Dispatcher" daemon [_thread_blocked, id=4628, stack(0x0000000027780000,0x0000000027880000)]
  0x000000002623b800 JavaThread "Attach Listener" daemon [_thread_blocked, id=9900, stack(0x0000000027930000,0x0000000027a30000)]
  0x000000002623d800 JavaThread "C2 CompilerThread0" daemon [_thread_blocked, id=10104, stack(0x0000000027aa0000,0x0000000027ba0000)]
  0x00000000272ce000 JavaThread "C1 CompilerThread0" daemon [_thread_blocked, id=10396, stack(0x0000000027ca0000,0x0000000027da0000)]
  0x00000000272d1800 JavaThread "Sweeper thread" daemon [_thread_blocked, id=10288, stack(0x0000000027db0000,0x0000000027eb0000)]
  0x0000000027461000 JavaThread "Service Thread" daemon [_thread_blocked, id=12080, stack(0x0000000027fa0000,0x00000000280a0000)]
  0x0000000027464800 JavaThread "Common-Cleaner" daemon [_thread_blocked, id=11056, stack(0x0000000027ba0000,0x0000000027ca0000)]
  0x0000000028c30800 JavaThread "RxSchedulerPurge-1" daemon [_thread_blocked, id=8336, stack(0x000000002a940000,0x000000002aa40000)]
  0x0000000029127000 JavaThread "RxCachedWorkerPoolEvictor-1" daemon [_thread_blocked, id=1916, stack(0x000000002a800000,0x000000002a900000)]
  0x000000002905d800 JavaThread "RxComputationThreadPool-1" daemon [_thread_blocked, id=12156, stack(0x000000002aa60000,0x000000002ab60000)]
  0x000000002905e800 JavaThread "RxComputationThreadPool-2" daemon [_thread_blocked, id=4720, stack(0x000000002ad10000,0x000000002ae10000)]
  0x000000002905f000 JavaThread "Java2D Disposer" daemon [_thread_blocked, id=11204, stack(0x000000002b0b0000,0x000000002b1b0000)]
  0x0000000029060000 JavaThread "AWT-Shutdown" [_thread_blocked, id=10628, stack(0x000000002b240000,0x000000002b340000)]
  0x0000000029061800 JavaThread "AWT-EventQueue-0" [_thread_blocked, id=11104, stack(0x000000002abd0000,0x000000002acd0000)]
  0x0000000029063000 JavaThread "Okio Watchdog" daemon [_thread_blocked, id=11688, stack(0x0000000030ec0000,0x0000000030fc0000)]
  0x0000000029065000 JavaThread "pool-3-thread-1" [_thread_blocked, id=10600, stack(0x00000000328b0000,0x00000000329b0000)]
  0x0000000029065800 JavaThread "TimerQueue" daemon [_thread_blocked, id=6660, stack(0x0000000030b90000,0x0000000030c90000)]
  0x0000000029069000 JavaThread "pool-5-thread-1" [_thread_blocked, id=10440, stack(0x0000000033cd0000,0x0000000033dd0000)]
  0x000000002906a000 JavaThread "pool-6-thread-1" [_thread_blocked, id=9660, stack(0x0000000033e00000,0x0000000033f00000)]
  0x000000002906a800 JavaThread "pool-7-thread-1" [_thread_blocked, id=11100, stack(0x0000000033fb0000,0x00000000340b0000)]
  0x000000002906b800 JavaThread "pool-8-thread-1" [_thread_blocked, id=11084, stack(0x0000000034480000,0x0000000034580000)]
  0x000000002906c000 JavaThread "RxComputationThreadPool-3" daemon [_thread_blocked, id=12252, stack(0x0000000034370000,0x0000000034470000)]
  0x000000003161b000 JavaThread "OkHttp TaskRunner" daemon [_thread_blocked, id=10436, stack(0x00000000347d0000,0x00000000348d0000)]
  0x000000003161c000 JavaThread "pool-9-thread-1" [_thread_blocked, id=12204, stack(0x0000000034ac0000,0x0000000034bc0000)]
  0x000000002de17000 JavaThread "RxComputationThreadPool-4" daemon [_thread_blocked, id=3088, stack(0x0000000034c70000,0x0000000034d70000)]
  0x000000002de18000 JavaThread "pool-10-thread-1" [_thread_blocked, id=6300, stack(0x0000000034e90000,0x0000000034f90000)]
  0x000000002de19000 JavaThread "RxCachedThreadScheduler-1" daemon [_thread_blocked, id=10504, stack(0x0000000034d80000,0x0000000034e80000)]
  0x000000002de19800 JavaThread "RxCachedThreadScheduler-2" daemon [_thread_blocked, id=8772, stack(0x00000000350d0000,0x00000000351d0000)]
  0x000000002de1a800 JavaThread "pool-11-thread-1" [_thread_blocked, id=1272, stack(0x0000000035200000,0x0000000035300000)]
  0x000000002de1b800 JavaThread "pool-13-thread-1" [_thread_blocked, id=4440, stack(0x0000000035320000,0x0000000035420000)]
  0x000000002de1c000 JavaThread "pool-15-thread-1" [_thread_blocked, id=8936, stack(0x00000000354d0000,0x00000000355d0000)]
  0x000000002de1d000 JavaThread "pool-17-thread-1" [_thread_blocked, id=11712, stack(0x0000000035b10000,0x0000000035c10000)]
  0x0000000031765000 JavaThread "pool-18-thread-1" [_thread_blocked, id=7668, stack(0x000000002ec20000,0x000000002ed20000)]
  0x0000000031766000 JavaThread "pool-18-thread-2" [_thread_blocked, id=3832, stack(0x000000002eda0000,0x000000002eea0000)]
  0x0000000031766800 JavaThread "pool-18-thread-3" [_thread_blocked, id=6168, stack(0x000000002eab0000,0x000000002ebb0000)]
  0x0000000031767800 JavaThread "pool-18-thread-4" [_thread_blocked, id=9864, stack(0x000000002efc0000,0x000000002f0c0000)]
  0x0000000031768800 JavaThread "pool-18-thread-5" [_thread_blocked, id=11040, stack(0x000000002f170000,0x000000002f270000)]
  0x0000000031769000 JavaThread "pool-18-thread-6" [_thread_blocked, id=1712, stack(0x000000002f330000,0x000000002f430000)]
  0x000000003176a000 JavaThread "pool-18-thread-7" [_thread_blocked, id=11556, stack(0x000000002f440000,0x000000002f540000)]
  0x000000003176a800 JavaThread "pool-18-thread-8" [_thread_blocked, id=10268, stack(0x000000002f640000,0x000000002f740000)]
  0x000000003161a800 JavaThread "Java Sound Event Dispatcher" daemon [_thread_blocked, id=5916, stack(0x000000002f990000,0x000000002fa90000)]
  0x000000003176b800 JavaThread "Direct Clip" daemon [_thread_blocked, id=11592, stack(0x00000000380b0000,0x00000000381b0000)]
  0x00000000365ea000 JavaThread "Direct Clip" daemon [_thread_blocked, id=10100, stack(0x00000000399a0000,0x0000000039aa0000)]
  0x00000000365ec000 JavaThread "Thread-1" daemon [_thread_blocked, id=1204, stack(0x0000000035640000,0x0000000035740000)]
  0x00000000365ec800 JavaThread "Client" daemon [_thread_blocked, id=11088, stack(0x00000000392e0000,0x00000000393e0000)]
  0x00000000365ed800 JavaThread "Thread-3" daemon [_thread_blocked, id=11352, stack(0x0000000039400000,0x0000000039500000)]
  0x00000000365ee000 JavaThread "Substance heap status" daemon [_thread_blocked, id=11508, stack(0x0000000039d20000,0x0000000039e20000)]
  0x00000000365f0000 JavaThread "OkHttp TaskRunner" daemon [_thread_blocked, id=4556, stack(0x000000003a220000,0x000000003a320000)]
  0x0000000027632000 JavaThread "OkHttp pbs.twimg.com" [_thread_in_native, id=572, stack(0x000000003a690000,0x000000003a790000)]
  0x0000000027635000 JavaThread "pool-22-thread-1" [_thread_blocked, id=8860, stack(0x000000003b020000,0x000000003b120000)]
  0x0000000028951000 JavaThread "OkHttp wdrdev.github.io" [_thread_in_native, id=8856, stack(0x0000000030fe0000,0x00000000310e0000)]
  0x0000000028952800 JavaThread "pool-23-thread-1" [_thread_blocked, id=5228, stack(0x000000003bc70000,0x000000003bd70000)]
  0x0000000028953800 JavaThread "Trident callback thread" daemon [_thread_blocked, id=10264, stack(0x000000003f0a0000,0x000000003f1a0000)]
  0x0000000028954800 JavaThread "Trident pulse source thread" daemon [_thread_blocked, id=6504, stack(0x000000003f240000,0x000000003f340000)]
  0x0000000028957000 JavaThread "DestroyJavaVM" [_thread_blocked, id=11168, stack(0x0000000002250000,0x0000000002350000)]
  0x00000000385ab800 JavaThread "Thread-11" daemon [_thread_blocked, id=1304, stack(0x000000003ce90000,0x000000003cf90000)]
  0x0000000029061000 JavaThread "OkHttp TaskRunner" daemon [_thread_blocked, id=11868, stack(0x0000000032d30000,0x0000000032e30000)]

Other Threads:
=>0x00000000261e2800 VMThread "VM Thread" [stack: 0x0000000026270000,0x0000000026370000] [id=896]
  0x0000000000572800 GCTaskThread "GC Thread#0" [stack: 0x0000000019cd0000,0x0000000019dd0000] [id=3776]
  0x0000000028bbf800 GCTaskThread "GC Thread#1" [stack: 0x000000002a150000,0x000000002a250000] [id=9964]
  0x0000000028ba2000 GCTaskThread "GC Thread#2" [stack: 0x000000002a330000,0x000000002a430000] [id=11580]
  0x0000000028bb9000 GCTaskThread "GC Thread#3" [stack: 0x0000000028280000,0x0000000028380000] [id=7136]
  0x00000000005ce000 ConcurrentGCThread "G1 Main Marker" [stack: 0x0000000023ab0000,0x0000000023bb0000] [id=2400]
  0x00000000005cf000 ConcurrentGCThread "G1 Conc#0" [stack: 0x0000000023d20000,0x0000000023e20000] [id=1624]
  0x0000000026050800 ConcurrentGCThread "G1 Refine#0" [stack: 0x00000000263f0000,0x00000000264f0000] [id=10024]
  0x0000000037fae800 ConcurrentGCThread "G1 Refine#1" [stack: 0x00000000331d0000,0x00000000332d0000] [id=11760]
  0x0000000036a36800 ConcurrentGCThread "G1 Refine#2" [stack: 0x00000000425e0000,0x00000000426e0000] [id=10108]
  0x000000002395c800 ConcurrentGCThread "G1 Young RemSet Sampling" [stack: 0x0000000026560000,0x0000000026660000] [id=5320]

Threads with active compile tasks:

VM state:at safepoint (shutting down)

VM Mutex/Monitor currently owned by a thread:  ([mutex/lock_event])
[0x000000000055a050] Threads_lock - owner thread: 0x00000000261e2800

Heap address: 0x0000000701600000, size: 4074 MB, Compressed Oops mode: Zero based, Oop shift amount: 3
Narrow klass base: 0x0000000800000000, Narrow klass shift: 0
Compressed class space size: 1073741824 Address: 0x0000000800000000

Heap:
 garbage-first heap   total 375808K, used 137555K [0x0000000701600000, 0x0000000800000000)
  region size 1024K, 26 young (26624K), 0 survivors (0K)
 Metaspace       used 107512K, capacity 110776K, committed 111008K, reserved 1148928K
  class space    used 10876K, capacity 12151K, committed 12224K, reserved 1048576K
Heap Regions: E=young(eden), S=young(survivor), O=old, HS=humongous(starts), HC=humongous(continues), CS=collection set, F=free, A=archive, TAMS=top-at-mark-start (previous, next)
|   0|0x0000000701600000, 0x00000007016f2ee8, 0x0000000701700000| 94%| O|  |TAMS 0x0000000701600000, 0x0000000701600000| Untracked 
|   1|0x0000000701700000, 0x00000007017fffe8, 0x0000000701800000| 99%| O|  |TAMS 0x0000000701700000, 0x0000000701700000| Untracked 
|   2|0x0000000701800000, 0x0000000701900000, 0x0000000701900000|100%| O|  |TAMS 0x0000000701800000, 0x0000000701800000| Untracked 
|   3|0x0000000701900000, 0x0000000701a00000, 0x0000000701a00000|100%| O|  |TAMS 0x0000000701900000, 0x0000000701900000| Untracked 
|   4|0x0000000701a00000, 0x0000000701b00000, 0x0000000701b00000|100%| O|  |TAMS 0x0000000701a00000, 0x0000000701a00000| Untracked 
|   5|0x0000000701b00000, 0x0000000701c00000, 0x0000000701c00000|100%| O|  |TAMS 0x0000000701b00000, 0x0000000701b00000| Untracked 
|   6|0x0000000701c00000, 0x0000000701cfffe8, 0x0000000701d00000| 99%| O|  |TAMS 0x0000000701c00000, 0x0000000701c00000| Untracked 
|   7|0x0000000701d00000, 0x0000000701e00000, 0x0000000701e00000|100%| O|  |TAMS 0x0000000701d00000, 0x0000000701d00000| Untracked 
|   8|0x0000000701e00000, 0x0000000701effef8, 0x0000000701f00000| 99%| O|  |TAMS 0x0000000701e00000, 0x0000000701e00000| Untracked 
|   9|0x0000000701f00000, 0x0000000701ffffa0, 0x0000000702000000| 99%| O|  |TAMS 0x0000000701f00000, 0x0000000701f00000| Untracked 
|  10|0x0000000702000000, 0x00000007020ffff0, 0x0000000702100000| 99%| O|  |TAMS 0x0000000702000000, 0x0000000702000000| Untracked 
|  11|0x0000000702100000, 0x00000007021ef7e8, 0x0000000702200000| 93%| O|  |TAMS 0x0000000702100000, 0x0000000702100000| Untracked 
|  12|0x0000000702200000, 0x0000000702300000, 0x0000000702300000|100%| O|  |TAMS 0x0000000702200000, 0x0000000702200000| Untracked 
|  13|0x0000000702300000, 0x00000007023ffff0, 0x0000000702400000| 99%| O|  |TAMS 0x0000000702300000, 0x0000000702300000| Untracked 
|  14|0x0000000702400000, 0x0000000702500000, 0x0000000702500000|100%| O|  |TAMS 0x0000000702400000, 0x0000000702400000| Untracked 
|  15|0x0000000702500000, 0x0000000702600000, 0x0000000702600000|100%| O|  |TAMS 0x0000000702500000, 0x0000000702500000| Untracked 
|  16|0x0000000702600000, 0x00000007026ffff0, 0x0000000702700000| 99%| O|  |TAMS 0x0000000702600000, 0x0000000702600000| Untracked 
|  17|0x0000000702700000, 0x0000000702800000, 0x0000000702800000|100%|HS|  |TAMS 0x0000000702700000, 0x0000000702700000| Untracked 
|  18|0x0000000702800000, 0x0000000702900000, 0x0000000702900000|100%|HC|  |TAMS 0x0000000702800000, 0x0000000702800000| Untracked 
|  19|0x0000000702900000, 0x0000000702a00000, 0x0000000702a00000|100%|HS|  |TAMS 0x0000000702900000, 0x0000000702900000| Untracked 
|  20|0x0000000702a00000, 0x0000000702b00000, 0x0000000702b00000|100%|HC|  |TAMS 0x0000000702a00000, 0x0000000702a00000| Untracked 
|  21|0x0000000702b00000, 0x0000000702bffcc0, 0x0000000702c00000| 99%| O|  |TAMS 0x0000000702b00000, 0x0000000702b00000| Untracked 
|  22|0x0000000702c00000, 0x0000000702d00000, 0x0000000702d00000|100%| O|  |TAMS 0x0000000702c00000, 0x0000000702c00000| Untracked 
|  23|0x0000000702d00000, 0x0000000702dffff0, 0x0000000702e00000| 99%| O|  |TAMS 0x0000000702d00000, 0x0000000702d00000| Untracked 
|  24|0x0000000702e00000, 0x0000000702efffd0, 0x0000000702f00000| 99%| O|  |TAMS 0x0000000702e00000, 0x0000000702e00000| Untracked 
|  25|0x0000000702f00000, 0x0000000702ffffd8, 0x0000000703000000| 99%| O|  |TAMS 0x0000000702f00000, 0x0000000702f00000| Untracked 
|  26|0x0000000703000000, 0x00000007030ffff8, 0x0000000703100000| 99%| O|  |TAMS 0x0000000703000000, 0x0000000703000000| Untracked 
|  27|0x0000000703100000, 0x00000007031fffe8, 0x0000000703200000| 99%| O|  |TAMS 0x0000000703100000, 0x0000000703100000| Untracked 
|  28|0x0000000703200000, 0x00000007032fffe0, 0x0000000703300000| 99%| O|  |TAMS 0x0000000703200000, 0x0000000703200000| Untracked 
|  29|0x0000000703300000, 0x00000007033ffff8, 0x0000000703400000| 99%| O|  |TAMS 0x0000000703300000, 0x0000000703300000| Untracked 
|  30|0x0000000703400000, 0x00000007034ffff0, 0x0000000703500000| 99%| O|  |TAMS 0x0000000703400000, 0x0000000703400000| Untracked 
|  31|0x0000000703500000, 0x00000007035ffc10, 0x0000000703600000| 99%| O|  |TAMS 0x0000000703500000, 0x0000000703500000| Untracked 
|  32|0x0000000703600000, 0x00000007036ffff8, 0x0000000703700000| 99%| O|  |TAMS 0x0000000703600000, 0x0000000703600000| Untracked 
|  33|0x0000000703700000, 0x00000007037ffff8, 0x0000000703800000| 99%| O|  |TAMS 0x0000000703700000, 0x0000000703700000| Untracked 
|  34|0x0000000703800000, 0x00000007038ffe70, 0x0000000703900000| 99%| O|  |TAMS 0x0000000703800000, 0x0000000703800000| Untracked 
|  35|0x0000000703900000, 0x00000007039ffff8, 0x0000000703a00000| 99%| O|  |TAMS 0x0000000703900000, 0x0000000703900000| Untracked 
|  36|0x0000000703a00000, 0x0000000703b00000, 0x0000000703b00000|100%| O|  |TAMS 0x0000000703a00000, 0x0000000703a00000| Untracked 
|  37|0x0000000703b00000, 0x0000000703bf39b8, 0x0000000703c00000| 95%| O|  |TAMS 0x0000000703b00000, 0x0000000703b00000| Untracked 
|  38|0x0000000703c00000, 0x0000000703d00000, 0x0000000703d00000|100%| O|  |TAMS 0x0000000703c00000, 0x0000000703c00000| Untracked 
|  39|0x0000000703d00000, 0x0000000703dffff8, 0x0000000703e00000| 99%| O|  |TAMS 0x0000000703d00000, 0x0000000703d00000| Untracked 
|  40|0x0000000703e00000, 0x0000000703f00000, 0x0000000703f00000|100%| O|  |TAMS 0x0000000703e00000, 0x0000000703e00000| Untracked 
|  41|0x0000000703f00000, 0x0000000703ffffe0, 0x0000000704000000| 99%| O|  |TAMS 0x0000000703f00000, 0x0000000703f00000| Untracked 
|  42|0x0000000704000000, 0x00000007040c6878, 0x0000000704100000| 77%| O|  |TAMS 0x0000000704000000, 0x0000000704000000| Untracked 
|  43|0x0000000704100000, 0x00000007041ffff0, 0x0000000704200000| 99%| O|  |TAMS 0x0000000704100000, 0x0000000704100000| Untracked 
|  44|0x0000000704200000, 0x00000007042fffe0, 0x0000000704300000| 99%| O|  |TAMS 0x0000000704200000, 0x0000000704200000| Untracked 
|  45|0x0000000704300000, 0x00000007043fffd8, 0x0000000704400000| 99%| O|  |TAMS 0x0000000704300000, 0x0000000704300000| Untracked 
|  46|0x0000000704400000, 0x00000007044fffe8, 0x0000000704500000| 99%| O|  |TAMS 0x0000000704400000, 0x0000000704400000| Untracked 
|  47|0x0000000704500000, 0x00000007045fffc0, 0x0000000704600000| 99%| O|  |TAMS 0x0000000704500000, 0x0000000704500000| Untracked 
|  48|0x0000000704600000, 0x00000007046fffe8, 0x0000000704700000| 99%| O|  |TAMS 0x0000000704600000, 0x0000000704600000| Untracked 
|  49|0x0000000704700000, 0x00000007047fe778, 0x0000000704800000| 99%| O|  |TAMS 0x0000000704700000, 0x0000000704700000| Untracked 
|  50|0x0000000704800000, 0x00000007048ffe38, 0x0000000704900000| 99%| O|  |TAMS 0x0000000704800000, 0x0000000704800000| Untracked 
|  51|0x0000000704900000, 0x00000007049ffff0, 0x0000000704a00000| 99%| O|  |TAMS 0x0000000704900000, 0x0000000704900000| Untracked 
|  52|0x0000000704a00000, 0x0000000704b00000, 0x0000000704b00000|100%| O|  |TAMS 0x0000000704a00000, 0x0000000704a00000| Untracked 
|  53|0x0000000704b00000, 0x0000000704bed400, 0x0000000704c00000| 92%| O|  |TAMS 0x0000000704b00000, 0x0000000704b00000| Untracked 
|  54|0x0000000704c00000, 0x0000000704cffff0, 0x0000000704d00000| 99%| O|  |TAMS 0x0000000704c00000, 0x0000000704c00000| Untracked 
|  55|0x0000000704d00000, 0x0000000704e00000, 0x0000000704e00000|100%| O|  |TAMS 0x0000000704d00000, 0x0000000704d00000| Untracked 
|  56|0x0000000704e00000, 0x0000000704efffd0, 0x0000000704f00000| 99%| O|  |TAMS 0x0000000704e00000, 0x0000000704e00000| Untracked 
|  57|0x0000000704f00000, 0x0000000704fffff8, 0x0000000705000000| 99%| O|  |TAMS 0x0000000704f00000, 0x0000000704f00000| Untracked 
|  58|0x0000000705000000, 0x00000007050fac90, 0x0000000705100000| 97%| O|  |TAMS 0x0000000705000000, 0x0000000705000000| Untracked 
|  59|0x0000000705100000, 0x00000007051ffff8, 0x0000000705200000| 99%| O|  |TAMS 0x0000000705100000, 0x0000000705100000| Untracked 
|  60|0x0000000705200000, 0x00000007052fffe8, 0x0000000705300000| 99%| O|  |TAMS 0x0000000705200000, 0x0000000705200000| Untracked 
|  61|0x0000000705300000, 0x00000007053ffff0, 0x0000000705400000| 99%| O|  |TAMS 0x0000000705300000, 0x0000000705300000| Untracked 
|  62|0x0000000705400000, 0x00000007054ffff8, 0x0000000705500000| 99%| O|  |TAMS 0x0000000705400000, 0x0000000705400000| Untracked 
|  63|0x0000000705500000, 0x00000007055fffe0, 0x0000000705600000| 99%| O|  |TAMS 0x0000000705500000, 0x0000000705500000| Untracked 
|  64|0x0000000705600000, 0x00000007056ffff0, 0x0000000705700000| 99%| O|  |TAMS 0x0000000705600000, 0x0000000705600000| Untracked 
|  65|0x0000000705700000, 0x00000007057fd720, 0x0000000705800000| 99%| O|  |TAMS 0x0000000705700000, 0x0000000705700000| Untracked 
|  66|0x0000000705800000, 0x0000000705900000, 0x0000000705900000|100%|HS|  |TAMS 0x0000000705800000, 0x0000000705800000| Untracked 
|  67|0x0000000705900000, 0x0000000705a00000, 0x0000000705a00000|100%|HC|  |TAMS 0x0000000705900000, 0x0000000705900000| Untracked 
|  68|0x0000000705a00000, 0x0000000705afffe0, 0x0000000705b00000| 99%| O|  |TAMS 0x0000000705a00000, 0x0000000705a00000| Untracked 
|  69|0x0000000705b00000, 0x0000000705bfffe0, 0x0000000705c00000| 99%| O|  |TAMS 0x0000000705b00000, 0x0000000705b00000| Untracked 
|  70|0x0000000705c00000, 0x0000000705cfff98, 0x0000000705d00000| 99%| O|  |TAMS 0x0000000705c00000, 0x0000000705c00000| Untracked 
|  71|0x0000000705d00000, 0x0000000705e00000, 0x0000000705e00000|100%| O|  |TAMS 0x0000000705d00000, 0x0000000705d00000| Untracked 
|  72|0x0000000705e00000, 0x0000000705f00000, 0x0000000705f00000|100%|HS|  |TAMS 0x0000000705e00000, 0x0000000705e00000| Untracked 
|  73|0x0000000705f00000, 0x0000000706000000, 0x0000000706000000|100%|HC|  |TAMS 0x0000000705f00000, 0x0000000705f00000| Untracked 
|  74|0x0000000706000000, 0x0000000706100000, 0x0000000706100000|100%|HC|  |TAMS 0x0000000706000000, 0x0000000706000000| Untracked 
|  75|0x0000000706100000, 0x0000000706200000, 0x0000000706200000|100%|HC|  |TAMS 0x0000000706100000, 0x0000000706100000| Untracked 
|  76|0x0000000706200000, 0x0000000706300000, 0x0000000706300000|100%|HC|  |TAMS 0x0000000706200000, 0x0000000706200000| Untracked 
|  77|0x0000000706300000, 0x0000000706400000, 0x0000000706400000|100%|HC|  |TAMS 0x0000000706300000, 0x0000000706300000| Untracked 
|  78|0x0000000706400000, 0x00000007064ffff8, 0x0000000706500000| 99%| O|  |TAMS 0x0000000706400000, 0x0000000706400000| Untracked 
|  79|0x0000000706500000, 0x00000007065ffc48, 0x0000000706600000| 99%| O|  |TAMS 0x0000000706500000, 0x0000000706500000| Untracked 
|  80|0x0000000706600000, 0x00000007066ff8d8, 0x0000000706700000| 99%| O|  |TAMS 0x0000000706600000, 0x0000000706600000| Untracked 
|  81|0x0000000706700000, 0x0000000706800000, 0x0000000706800000|100%| O|  |TAMS 0x0000000706700000, 0x0000000706700000| Untracked 
|  82|0x0000000706800000, 0x00000007068ffff0, 0x0000000706900000| 99%| O|  |TAMS 0x0000000706800000, 0x0000000706800000| Untracked 
|  83|0x0000000706900000, 0x00000007069ffff8, 0x0000000706a00000| 99%| O|  |TAMS 0x0000000706900000, 0x0000000706900000| Untracked 
|  84|0x0000000706a00000, 0x0000000706affff0, 0x0000000706b00000| 99%| O|  |TAMS 0x0000000706a00000, 0x0000000706a00000| Untracked 
|  85|0x0000000706b00000, 0x0000000706bffff8, 0x0000000706c00000| 99%| O|  |TAMS 0x0000000706b00000, 0x0000000706b00000| Untracked 
|  86|0x0000000706c00000, 0x0000000706cffd40, 0x0000000706d00000| 99%| O|  |TAMS 0x0000000706c00000, 0x0000000706c00000| Untracked 
|  87|0x0000000706d00000, 0x0000000706e00000, 0x0000000706e00000|100%| O|  |TAMS 0x0000000706d00000, 0x0000000706d00000| Untracked 
|  88|0x0000000706e00000, 0x0000000706efffe8, 0x0000000706f00000| 99%| O|  |TAMS 0x0000000706e00000, 0x0000000706e00000| Untracked 
|  89|0x0000000706f00000, 0x0000000706ffffc0, 0x0000000707000000| 99%| O|  |TAMS 0x0000000706f00000, 0x0000000706f00000| Untracked 
|  90|0x0000000707000000, 0x00000007070ffc38, 0x0000000707100000| 99%| O|  |TAMS 0x0000000707000000, 0x0000000707000000| Untracked 
|  91|0x0000000707100000, 0x00000007071fffe8, 0x0000000707200000| 99%| O|  |TAMS 0x0000000707100000, 0x0000000707100000| Untracked 
|  92|0x0000000707200000, 0x00000007072fffe0, 0x0000000707300000| 99%| O|  |TAMS 0x0000000707200000, 0x0000000707200000| Untracked 
|  93|0x0000000707300000, 0x00000007073fff88, 0x0000000707400000| 99%| O|  |TAMS 0x0000000707300000, 0x0000000707300000| Untracked 
|  94|0x0000000707400000, 0x00000007074fffc8, 0x0000000707500000| 99%| O|  |TAMS 0x0000000707400000, 0x0000000707400000| Untracked 
|  95|0x0000000707500000, 0x00000007075ffff0, 0x0000000707600000| 99%| O|  |TAMS 0x0000000707500000, 0x0000000707500000| Untracked 
|  96|0x0000000707600000, 0x0000000707679798, 0x0000000707700000| 47%| O|  |TAMS 0x0000000707600000, 0x0000000707600000| Untracked 
|  97|0x0000000707700000, 0x0000000707737870, 0x0000000707800000| 21%| O|  |TAMS 0x0000000707700000, 0x0000000707700000| Untracked 
|  98|0x0000000707800000, 0x00000007078fffc0, 0x0000000707900000| 99%| O|  |TAMS 0x0000000707800000, 0x0000000707800000| Untracked 
|  99|0x0000000707900000, 0x00000007079fff68, 0x0000000707a00000| 99%| O|  |TAMS 0x0000000707900000, 0x0000000707900000| Untracked 
| 100|0x0000000707a00000, 0x0000000707b00000, 0x0000000707b00000|100%| O|  |TAMS 0x0000000707a00000, 0x0000000707a00000| Untracked 
| 101|0x0000000707b00000, 0x0000000707bffff0, 0x0000000707c00000| 99%| O|  |TAMS 0x0000000707b00000, 0x0000000707b00000| Untracked 
| 102|0x0000000707c00000, 0x0000000707cffff8, 0x0000000707d00000| 99%| O|  |TAMS 0x0000000707c00000, 0x0000000707c00000| Untracked 
| 103|0x0000000707d00000, 0x0000000707dffff8, 0x0000000707e00000| 99%| O|  |TAMS 0x0000000707d00000, 0x0000000707d00000| Untracked 
| 104|0x0000000707e00000, 0x0000000707ea3870, 0x0000000707f00000| 63%| O|  |TAMS 0x0000000707e00000, 0x0000000707e00000| Untracked 
| 105|0x0000000707f00000, 0x0000000708000000, 0x0000000708000000|100%|HS|  |TAMS 0x0000000707f00000, 0x0000000707f00000| Complete 
| 106|0x0000000708000000, 0x0000000708100000, 0x0000000708100000|100%|HS|  |TAMS 0x0000000708000000, 0x0000000708000000| Complete 
| 107|0x0000000708100000, 0x0000000708200000, 0x0000000708200000|100%|HS|  |TAMS 0x0000000708100000, 0x0000000708100000| Complete 
| 108|0x0000000708200000, 0x0000000708200000, 0x0000000708300000|  0%| F|  |TAMS 0x0000000708200000, 0x0000000708200000| Untracked 
| 109|0x0000000708300000, 0x0000000708300000, 0x0000000708400000|  0%| F|  |TAMS 0x0000000708300000, 0x0000000708300000| Untracked 
| 110|0x0000000708400000, 0x00000007084fffe8, 0x0000000708500000| 99%| O|  |TAMS 0x0000000708400000, 0x0000000708400000| Untracked 
| 111|0x0000000708500000, 0x0000000708500000, 0x0000000708600000|  0%| F|  |TAMS 0x0000000708500000, 0x0000000708500000| Untracked 
| 112|0x0000000708600000, 0x0000000708600000, 0x0000000708700000|  0%| F|  |TAMS 0x0000000708600000, 0x0000000708600000| Untracked 
| 113|0x0000000708700000, 0x0000000708700000, 0x0000000708800000|  0%| F|  |TAMS 0x0000000708700000, 0x0000000708700000| Untracked 
| 114|0x0000000708800000, 0x0000000708800000, 0x0000000708900000|  0%| F|  |TAMS 0x0000000708800000, 0x0000000708800000| Untracked 
| 115|0x0000000708900000, 0x0000000708a00000, 0x0000000708a00000|100%| O|  |TAMS 0x0000000708900000, 0x0000000708900000| Untracked 
| 116|0x0000000708a00000, 0x0000000708b00000, 0x0000000708b00000|100%| O|  |TAMS 0x0000000708a00000, 0x0000000708a00000| Untracked 
| 117|0x0000000708b00000, 0x0000000708b00000, 0x0000000708c00000|  0%| F|  |TAMS 0x0000000708b00000, 0x0000000708b00000| Untracked 
| 118|0x0000000708c00000, 0x0000000708d00000, 0x0000000708d00000|100%| O|  |TAMS 0x0000000708c00000, 0x0000000708c00000| Untracked 
| 119|0x0000000708d00000, 0x0000000708d00000, 0x0000000708e00000|  0%| F|  |TAMS 0x0000000708d00000, 0x0000000708d00000| Untracked 
| 120|0x0000000708e00000, 0x0000000708e00000, 0x0000000708f00000|  0%| F|  |TAMS 0x0000000708e00000, 0x0000000708e00000| Untracked 
| 121|0x0000000708f00000, 0x0000000708f00000, 0x0000000709000000|  0%| F|  |TAMS 0x0000000708f00000, 0x0000000708f00000| Untracked 
| 122|0x0000000709000000, 0x00000007090821d8, 0x0000000709100000| 50%| O|  |TAMS 0x0000000709000000, 0x0000000709000000| Untracked 
| 123|0x0000000709100000, 0x0000000709100000, 0x0000000709200000|  0%| F|  |TAMS 0x0000000709100000, 0x0000000709100000| Untracked 
| 124|0x0000000709200000, 0x0000000709200000, 0x0000000709300000|  0%| F|  |TAMS 0x0000000709200000, 0x0000000709200000| Untracked 
| 125|0x0000000709300000, 0x0000000709300000, 0x0000000709400000|  0%| F|  |TAMS 0x0000000709300000, 0x0000000709300000| Untracked 
| 126|0x0000000709400000, 0x0000000709400000, 0x0000000709500000|  0%| F|  |TAMS 0x0000000709400000, 0x0000000709400000| Untracked 
| 127|0x0000000709500000, 0x0000000709500000, 0x0000000709600000|  0%| F|  |TAMS 0x0000000709500000, 0x0000000709500000| Untracked 
| 128|0x0000000709600000, 0x0000000709600000, 0x0000000709700000|  0%| F|  |TAMS 0x0000000709600000, 0x0000000709600000| Untracked 
| 129|0x0000000709700000, 0x0000000709700000, 0x0000000709800000|  0%| F|  |TAMS 0x0000000709700000, 0x0000000709700000| Untracked 
| 130|0x0000000709800000, 0x0000000709800000, 0x0000000709900000|  0%| F|  |TAMS 0x0000000709800000, 0x0000000709800000| Untracked 
| 131|0x0000000709900000, 0x0000000709900000, 0x0000000709a00000|  0%| F|  |TAMS 0x0000000709900000, 0x0000000709900000| Untracked 
| 132|0x0000000709a00000, 0x0000000709a00000, 0x0000000709b00000|  0%| F|  |TAMS 0x0000000709a00000, 0x0000000709a00000| Untracked 
| 133|0x0000000709b00000, 0x0000000709b00000, 0x0000000709c00000|  0%| F|  |TAMS 0x0000000709b00000, 0x0000000709b00000| Untracked 
| 134|0x0000000709c00000, 0x0000000709c00000, 0x0000000709d00000|  0%| F|  |TAMS 0x0000000709c00000, 0x0000000709c00000| Untracked 
| 135|0x0000000709d00000, 0x0000000709d00000, 0x0000000709e00000|  0%| F|  |TAMS 0x0000000709d00000, 0x0000000709d00000| Untracked 
| 136|0x0000000709e00000, 0x0000000709e00000, 0x0000000709f00000|  0%| F|  |TAMS 0x0000000709e00000, 0x0000000709e00000| Untracked 
| 137|0x0000000709f00000, 0x0000000709f00000, 0x000000070a000000|  0%| F|  |TAMS 0x0000000709f00000, 0x0000000709f00000| Untracked 
| 138|0x000000070a000000, 0x000000070a000000, 0x000000070a100000|  0%| F|  |TAMS 0x000000070a000000, 0x000000070a000000| Untracked 
| 139|0x000000070a100000, 0x000000070a100000, 0x000000070a200000|  0%| F|  |TAMS 0x000000070a100000, 0x000000070a100000| Untracked 
| 140|0x000000070a200000, 0x000000070a200000, 0x000000070a300000|  0%| F|  |TAMS 0x000000070a200000, 0x000000070a200000| Untracked 
| 141|0x000000070a300000, 0x000000070a300000, 0x000000070a400000|  0%| F|  |TAMS 0x000000070a300000, 0x000000070a300000| Untracked 
| 142|0x000000070a400000, 0x000000070a400000, 0x000000070a500000|  0%| F|  |TAMS 0x000000070a400000, 0x000000070a400000| Untracked 
| 143|0x000000070a500000, 0x000000070a500000, 0x000000070a600000|  0%| F|  |TAMS 0x000000070a500000, 0x000000070a500000| Untracked 
| 144|0x000000070a600000, 0x000000070a600000, 0x000000070a700000|  0%| F|  |TAMS 0x000000070a600000, 0x000000070a600000| Untracked 
| 145|0x000000070a700000, 0x000000070a700000, 0x000000070a800000|  0%| F|  |TAMS 0x000000070a700000, 0x000000070a700000| Untracked 
| 146|0x000000070a800000, 0x000000070a800000, 0x000000070a900000|  0%| F|  |TAMS 0x000000070a800000, 0x000000070a800000| Untracked 
| 147|0x000000070a900000, 0x000000070a900000, 0x000000070aa00000|  0%| F|  |TAMS 0x000000070a900000, 0x000000070a900000| Untracked 
| 148|0x000000070aa00000, 0x000000070aa00000, 0x000000070ab00000|  0%| F|  |TAMS 0x000000070aa00000, 0x000000070aa00000| Untracked 
| 149|0x000000070ab00000, 0x000000070ab00000, 0x000000070ac00000|  0%| F|  |TAMS 0x000000070ab00000, 0x000000070ab00000| Untracked 
| 150|0x000000070ac00000, 0x000000070ac00000, 0x000000070ad00000|  0%| F|  |TAMS 0x000000070ac00000, 0x000000070ac00000| Untracked 
| 151|0x000000070ad00000, 0x000000070ad00000, 0x000000070ae00000|  0%| F|  |TAMS 0x000000070ad00000, 0x000000070ad00000| Untracked 
| 152|0x000000070ae00000, 0x000000070ae00000, 0x000000070af00000|  0%| F|  |TAMS 0x000000070ae00000, 0x000000070ae00000| Untracked 
| 153|0x000000070af00000, 0x000000070af00000, 0x000000070b000000|  0%| F|  |TAMS 0x000000070af00000, 0x000000070af00000| Untracked 
| 154|0x000000070b000000, 0x000000070b000000, 0x000000070b100000|  0%| F|  |TAMS 0x000000070b000000, 0x000000070b000000| Untracked 
| 155|0x000000070b100000, 0x000000070b100000, 0x000000070b200000|  0%| F|  |TAMS 0x000000070b100000, 0x000000070b100000| Untracked 
| 156|0x000000070b200000, 0x000000070b200000, 0x000000070b300000|  0%| F|  |TAMS 0x000000070b200000, 0x000000070b200000| Untracked 
| 157|0x000000070b300000, 0x000000070b300000, 0x000000070b400000|  0%| F|  |TAMS 0x000000070b300000, 0x000000070b300000| Untracked 
| 158|0x000000070b400000, 0x000000070b400000, 0x000000070b500000|  0%| F|  |TAMS 0x000000070b400000, 0x000000070b400000| Untracked 
| 159|0x000000070b500000, 0x000000070b500000, 0x000000070b600000|  0%| F|  |TAMS 0x000000070b500000, 0x000000070b500000| Untracked 
| 160|0x000000070b600000, 0x000000070b600000, 0x000000070b700000|  0%| F|  |TAMS 0x000000070b600000, 0x000000070b600000| Untracked 
| 161|0x000000070b700000, 0x000000070b700000, 0x000000070b800000|  0%| F|  |TAMS 0x000000070b700000, 0x000000070b700000| Untracked 
| 162|0x000000070b800000, 0x000000070b800000, 0x000000070b900000|  0%| F|  |TAMS 0x000000070b800000, 0x000000070b800000| Untracked 
| 163|0x000000070b900000, 0x000000070b900000, 0x000000070ba00000|  0%| F|  |TAMS 0x000000070b900000, 0x000000070b900000| Untracked 
| 164|0x000000070ba00000, 0x000000070ba00000, 0x000000070bb00000|  0%| F|  |TAMS 0x000000070ba00000, 0x000000070ba00000| Untracked 
| 165|0x000000070bb00000, 0x000000070bb00000, 0x000000070bc00000|  0%| F|  |TAMS 0x000000070bb00000, 0x000000070bb00000| Untracked 
| 166|0x000000070bc00000, 0x000000070bc00000, 0x000000070bd00000|  0%| F|  |TAMS 0x000000070bc00000, 0x000000070bc00000| Untracked 
| 167|0x000000070bd00000, 0x000000070bd00000, 0x000000070be00000|  0%| F|  |TAMS 0x000000070bd00000, 0x000000070bd00000| Untracked 
| 168|0x000000070be00000, 0x000000070be00000, 0x000000070bf00000|  0%| F|  |TAMS 0x000000070be00000, 0x000000070be00000| Untracked 
| 169|0x000000070bf00000, 0x000000070bf00000, 0x000000070c000000|  0%| F|  |TAMS 0x000000070bf00000, 0x000000070bf00000| Untracked 
| 170|0x000000070c000000, 0x000000070c000000, 0x000000070c100000|  0%| F|  |TAMS 0x000000070c000000, 0x000000070c000000| Untracked 
| 171|0x000000070c100000, 0x000000070c100000, 0x000000070c200000|  0%| F|  |TAMS 0x000000070c100000, 0x000000070c100000| Untracked 
| 172|0x000000070c200000, 0x000000070c200000, 0x000000070c300000|  0%| F|  |TAMS 0x000000070c200000, 0x000000070c200000| Untracked 
| 173|0x000000070c300000, 0x000000070c300000, 0x000000070c400000|  0%| F|  |TAMS 0x000000070c300000, 0x000000070c300000| Untracked 
| 174|0x000000070c400000, 0x000000070c400000, 0x000000070c500000|  0%| F|  |TAMS 0x000000070c400000, 0x000000070c400000| Untracked 
| 175|0x000000070c500000, 0x000000070c500000, 0x000000070c600000|  0%| F|  |TAMS 0x000000070c500000, 0x000000070c500000| Untracked 
| 176|0x000000070c600000, 0x000000070c600000, 0x000000070c700000|  0%| F|  |TAMS 0x000000070c600000, 0x000000070c600000| Untracked 
| 177|0x000000070c700000, 0x000000070c700000, 0x000000070c800000|  0%| F|  |TAMS 0x000000070c700000, 0x000000070c700000| Untracked 
| 178|0x000000070c800000, 0x000000070c800000, 0x000000070c900000|  0%| F|  |TAMS 0x000000070c800000, 0x000000070c800000| Untracked 
| 179|0x000000070c900000, 0x000000070c900000, 0x000000070ca00000|  0%| F|  |TAMS 0x000000070c900000, 0x000000070c900000| Untracked 
| 180|0x000000070ca00000, 0x000000070ca00000, 0x000000070cb00000|  0%| F|  |TAMS 0x000000070ca00000, 0x000000070ca00000| Untracked 
| 181|0x000000070cb00000, 0x000000070cb00000, 0x000000070cc00000|  0%| F|  |TAMS 0x000000070cb00000, 0x000000070cb00000| Untracked 
| 182|0x000000070cc00000, 0x000000070cc00000, 0x000000070cd00000|  0%| F|  |TAMS 0x000000070cc00000, 0x000000070cc00000| Untracked 
| 183|0x000000070cd00000, 0x000000070cd00000, 0x000000070ce00000|  0%| F|  |TAMS 0x000000070cd00000, 0x000000070cd00000| Untracked 
| 184|0x000000070ce00000, 0x000000070ce00000, 0x000000070cf00000|  0%| F|  |TAMS 0x000000070ce00000, 0x000000070ce00000| Untracked 
| 185|0x000000070cf00000, 0x000000070cf00000, 0x000000070d000000|  0%| F|  |TAMS 0x000000070cf00000, 0x000000070cf00000| Untracked 
| 186|0x000000070d000000, 0x000000070d000000, 0x000000070d100000|  0%| F|  |TAMS 0x000000070d000000, 0x000000070d000000| Untracked 
| 187|0x000000070d100000, 0x000000070d100000, 0x000000070d200000|  0%| F|  |TAMS 0x000000070d100000, 0x000000070d100000| Untracked 
| 188|0x000000070d200000, 0x000000070d200000, 0x000000070d300000|  0%| F|  |TAMS 0x000000070d200000, 0x000000070d200000| Untracked 
| 189|0x000000070d300000, 0x000000070d300000, 0x000000070d400000|  0%| F|  |TAMS 0x000000070d300000, 0x000000070d300000| Untracked 
| 190|0x000000070d400000, 0x000000070d400000, 0x000000070d500000|  0%| F|  |TAMS 0x000000070d400000, 0x000000070d400000| Untracked 
| 191|0x000000070d500000, 0x000000070d500000, 0x000000070d600000|  0%| F|  |TAMS 0x000000070d500000, 0x000000070d500000| Untracked 
| 192|0x000000070d600000, 0x000000070d600000, 0x000000070d700000|  0%| F|  |TAMS 0x000000070d600000, 0x000000070d600000| Untracked 
| 193|0x000000070d700000, 0x000000070d700000, 0x000000070d800000|  0%| F|  |TAMS 0x000000070d700000, 0x000000070d700000| Untracked 
| 194|0x000000070d800000, 0x000000070d800000, 0x000000070d900000|  0%| F|  |TAMS 0x000000070d800000, 0x000000070d800000| Untracked 
| 195|0x000000070d900000, 0x000000070d900000, 0x000000070da00000|  0%| F|  |TAMS 0x000000070d900000, 0x000000070d900000| Untracked 
| 196|0x000000070da00000, 0x000000070da00000, 0x000000070db00000|  0%| F|  |TAMS 0x000000070da00000, 0x000000070da00000| Untracked 
| 197|0x000000070db00000, 0x000000070db00000, 0x000000070dc00000|  0%| F|  |TAMS 0x000000070db00000, 0x000000070db00000| Untracked 
| 198|0x000000070dc00000, 0x000000070dc00000, 0x000000070dd00000|  0%| F|  |TAMS 0x000000070dc00000, 0x000000070dc00000| Untracked 
| 199|0x000000070dd00000, 0x000000070dd00000, 0x000000070de00000|  0%| F|  |TAMS 0x000000070dd00000, 0x000000070dd00000| Untracked 
| 200|0x000000070de00000, 0x000000070de00000, 0x000000070df00000|  0%| F|  |TAMS 0x000000070de00000, 0x000000070de00000| Untracked 
| 201|0x000000070df00000, 0x000000070df00000, 0x000000070e000000|  0%| F|  |TAMS 0x000000070df00000, 0x000000070df00000| Untracked 
| 202|0x000000070e000000, 0x000000070e000000, 0x000000070e100000|  0%| F|  |TAMS 0x000000070e000000, 0x000000070e000000| Untracked 
| 203|0x000000070e100000, 0x000000070e100000, 0x000000070e200000|  0%| F|  |TAMS 0x000000070e100000, 0x000000070e100000| Untracked 
| 204|0x000000070e200000, 0x000000070e200000, 0x000000070e300000|  0%| F|  |TAMS 0x000000070e200000, 0x000000070e200000| Untracked 
| 205|0x000000070e300000, 0x000000070e300000, 0x000000070e400000|  0%| F|  |TAMS 0x000000070e300000, 0x000000070e300000| Untracked 
| 206|0x000000070e400000, 0x000000070e400000, 0x000000070e500000|  0%| F|  |TAMS 0x000000070e400000, 0x000000070e400000| Untracked 
| 207|0x000000070e500000, 0x000000070e500000, 0x000000070e600000|  0%| F|  |TAMS 0x000000070e500000, 0x000000070e500000| Untracked 
| 208|0x000000070e600000, 0x000000070e600000, 0x000000070e700000|  0%| F|  |TAMS 0x000000070e600000, 0x000000070e600000| Untracked 
| 209|0x000000070e700000, 0x000000070e700000, 0x000000070e800000|  0%| F|  |TAMS 0x000000070e700000, 0x000000070e700000| Untracked 
| 210|0x000000070e800000, 0x000000070e800000, 0x000000070e900000|  0%| F|  |TAMS 0x000000070e800000, 0x000000070e800000| Untracked 
| 211|0x000000070e900000, 0x000000070e900000, 0x000000070ea00000|  0%| F|  |TAMS 0x000000070e900000, 0x000000070e900000| Untracked 
| 212|0x000000070ea00000, 0x000000070ea00000, 0x000000070eb00000|  0%| F|  |TAMS 0x000000070ea00000, 0x000000070ea00000| Untracked 
| 213|0x000000070eb00000, 0x000000070eb00000, 0x000000070ec00000|  0%| F|  |TAMS 0x000000070eb00000, 0x000000070eb00000| Untracked 
| 214|0x000000070ec00000, 0x000000070ec00000, 0x000000070ed00000|  0%| F|  |TAMS 0x000000070ec00000, 0x000000070ec00000| Untracked 
| 215|0x000000070ed00000, 0x000000070ed00000, 0x000000070ee00000|  0%| F|  |TAMS 0x000000070ed00000, 0x000000070ed00000| Untracked 
| 216|0x000000070ee00000, 0x000000070ee00000, 0x000000070ef00000|  0%| F|  |TAMS 0x000000070ee00000, 0x000000070ee00000| Untracked 
| 217|0x000000070ef00000, 0x000000070ef00000, 0x000000070f000000|  0%| F|  |TAMS 0x000000070ef00000, 0x000000070ef00000| Untracked 
| 218|0x000000070f000000, 0x000000070f000000, 0x000000070f100000|  0%| F|  |TAMS 0x000000070f000000, 0x000000070f000000| Untracked 
| 219|0x000000070f100000, 0x000000070f100000, 0x000000070f200000|  0%| F|  |TAMS 0x000000070f100000, 0x000000070f100000| Untracked 
| 220|0x000000070f200000, 0x000000070f200000, 0x000000070f300000|  0%| F|  |TAMS 0x000000070f200000, 0x000000070f200000| Untracked 
| 221|0x000000070f300000, 0x000000070f300000, 0x000000070f400000|  0%| F|  |TAMS 0x000000070f300000, 0x000000070f300000| Untracked 
| 222|0x000000070f400000, 0x000000070f400000, 0x000000070f500000|  0%| F|  |TAMS 0x000000070f400000, 0x000000070f400000| Untracked 
| 223|0x000000070f500000, 0x000000070f500000, 0x000000070f600000|  0%| F|  |TAMS 0x000000070f500000, 0x000000070f500000| Untracked 
| 224|0x000000070f600000, 0x000000070f600000, 0x000000070f700000|  0%| F|  |TAMS 0x000000070f600000, 0x000000070f600000| Untracked 
| 225|0x000000070f700000, 0x000000070f700000, 0x000000070f800000|  0%| F|  |TAMS 0x000000070f700000, 0x000000070f700000| Untracked 
| 226|0x000000070f800000, 0x000000070f800000, 0x000000070f900000|  0%| F|  |TAMS 0x000000070f800000, 0x000000070f800000| Untracked 
| 227|0x000000070f900000, 0x000000070f900000, 0x000000070fa00000|  0%| F|  |TAMS 0x000000070f900000, 0x000000070f900000| Untracked 
| 228|0x000000070fa00000, 0x000000070fa00000, 0x000000070fb00000|  0%| F|  |TAMS 0x000000070fa00000, 0x000000070fa00000| Untracked 
| 229|0x000000070fb00000, 0x000000070fb00000, 0x000000070fc00000|  0%| F|  |TAMS 0x000000070fb00000, 0x000000070fb00000| Untracked 
| 230|0x000000070fc00000, 0x000000070fc00000, 0x000000070fd00000|  0%| F|  |TAMS 0x000000070fc00000, 0x000000070fc00000| Untracked 
| 231|0x000000070fd00000, 0x000000070fd00000, 0x000000070fe00000|  0%| F|  |TAMS 0x000000070fd00000, 0x000000070fd00000| Untracked 
| 232|0x000000070fe00000, 0x000000070fe00000, 0x000000070ff00000|  0%| F|  |TAMS 0x000000070fe00000, 0x000000070fe00000| Untracked 
| 233|0x000000070ff00000, 0x000000070ff00000, 0x0000000710000000|  0%| F|  |TAMS 0x000000070ff00000, 0x000000070ff00000| Untracked 
| 234|0x0000000710000000, 0x0000000710000000, 0x0000000710100000|  0%| F|  |TAMS 0x0000000710000000, 0x0000000710000000| Untracked 
| 235|0x0000000710100000, 0x0000000710100000, 0x0000000710200000|  0%| F|  |TAMS 0x0000000710100000, 0x0000000710100000| Untracked 
| 236|0x0000000710200000, 0x0000000710200000, 0x0000000710300000|  0%| F|  |TAMS 0x0000000710200000, 0x0000000710200000| Untracked 
| 237|0x0000000710300000, 0x0000000710300000, 0x0000000710400000|  0%| F|  |TAMS 0x0000000710300000, 0x0000000710300000| Untracked 
| 238|0x0000000710400000, 0x0000000710400000, 0x0000000710500000|  0%| F|  |TAMS 0x0000000710400000, 0x0000000710400000| Untracked 
| 239|0x0000000710500000, 0x0000000710500000, 0x0000000710600000|  0%| F|  |TAMS 0x0000000710500000, 0x0000000710500000| Untracked 
| 240|0x0000000710600000, 0x0000000710600000, 0x0000000710700000|  0%| F|  |TAMS 0x0000000710600000, 0x0000000710600000| Untracked 
| 241|0x0000000710700000, 0x0000000710700000, 0x0000000710800000|  0%| F|  |TAMS 0x0000000710700000, 0x0000000710700000| Untracked 
| 242|0x0000000710800000, 0x0000000710800000, 0x0000000710900000|  0%| F|  |TAMS 0x0000000710800000, 0x0000000710800000| Untracked 
| 243|0x0000000710900000, 0x0000000710900000, 0x0000000710a00000|  0%| F|  |TAMS 0x0000000710900000, 0x0000000710900000| Untracked 
| 244|0x0000000710a00000, 0x0000000710a00000, 0x0000000710b00000|  0%| F|  |TAMS 0x0000000710a00000, 0x0000000710a00000| Untracked 
| 245|0x0000000710b00000, 0x0000000710b00000, 0x0000000710c00000|  0%| F|  |TAMS 0x0000000710b00000, 0x0000000710b00000| Untracked 
| 246|0x0000000710c00000, 0x0000000710c00000, 0x0000000710d00000|  0%| F|  |TAMS 0x0000000710c00000, 0x0000000710c00000| Untracked 
| 247|0x0000000710d00000, 0x0000000710d00000, 0x0000000710e00000|  0%| F|  |TAMS 0x0000000710d00000, 0x0000000710d00000| Untracked 
| 248|0x0000000710e00000, 0x0000000710e00000, 0x0000000710f00000|  0%| F|  |TAMS 0x0000000710e00000, 0x0000000710e00000| Untracked 
| 249|0x0000000710f00000, 0x0000000710f00000, 0x0000000711000000|  0%| F|  |TAMS 0x0000000710f00000, 0x0000000710f00000| Untracked 
| 250|0x0000000711000000, 0x0000000711000000, 0x0000000711100000|  0%| F|  |TAMS 0x0000000711000000, 0x0000000711000000| Untracked 
| 251|0x0000000711100000, 0x0000000711100000, 0x0000000711200000|  0%| F|  |TAMS 0x0000000711100000, 0x0000000711100000| Untracked 
| 252|0x0000000711200000, 0x0000000711200000, 0x0000000711300000|  0%| F|  |TAMS 0x0000000711200000, 0x0000000711200000| Untracked 
| 253|0x0000000711300000, 0x0000000711300000, 0x0000000711400000|  0%| F|  |TAMS 0x0000000711300000, 0x0000000711300000| Untracked 
| 254|0x0000000711400000, 0x0000000711400000, 0x0000000711500000|  0%| F|  |TAMS 0x0000000711400000, 0x0000000711400000| Untracked 
| 255|0x0000000711500000, 0x0000000711500000, 0x0000000711600000|  0%| F|  |TAMS 0x0000000711500000, 0x0000000711500000| Untracked 
| 256|0x0000000711600000, 0x0000000711600000, 0x0000000711700000|  0%| F|  |TAMS 0x0000000711600000, 0x0000000711600000| Untracked 
| 257|0x0000000711700000, 0x0000000711700000, 0x0000000711800000|  0%| F|  |TAMS 0x0000000711700000, 0x0000000711700000| Untracked 
| 258|0x0000000711800000, 0x0000000711800000, 0x0000000711900000|  0%| F|  |TAMS 0x0000000711800000, 0x0000000711800000| Untracked 
| 259|0x0000000711900000, 0x0000000711900000, 0x0000000711a00000|  0%| F|  |TAMS 0x0000000711900000, 0x0000000711900000| Untracked 
| 260|0x0000000711a00000, 0x0000000711a00000, 0x0000000711b00000|  0%| F|  |TAMS 0x0000000711a00000, 0x0000000711a00000| Untracked 
| 261|0x0000000711b00000, 0x0000000711b00000, 0x0000000711c00000|  0%| F|  |TAMS 0x0000000711b00000, 0x0000000711b00000| Untracked 
| 262|0x0000000711c00000, 0x0000000711c00000, 0x0000000711d00000|  0%| F|  |TAMS 0x0000000711c00000, 0x0000000711c00000| Untracked 
| 263|0x0000000711d00000, 0x0000000711d00000, 0x0000000711e00000|  0%| F|  |TAMS 0x0000000711d00000, 0x0000000711d00000| Untracked 
| 264|0x0000000711e00000, 0x0000000711e00000, 0x0000000711f00000|  0%| F|  |TAMS 0x0000000711e00000, 0x0000000711e00000| Untracked 
| 265|0x0000000711f00000, 0x0000000711f00000, 0x0000000712000000|  0%| F|  |TAMS 0x0000000711f00000, 0x0000000711f00000| Untracked 
| 266|0x0000000712000000, 0x0000000712000000, 0x0000000712100000|  0%| F|  |TAMS 0x0000000712000000, 0x0000000712000000| Untracked 
| 267|0x0000000712100000, 0x0000000712100000, 0x0000000712200000|  0%| F|  |TAMS 0x0000000712100000, 0x0000000712100000| Untracked 
| 268|0x0000000712200000, 0x0000000712200000, 0x0000000712300000|  0%| F|  |TAMS 0x0000000712200000, 0x0000000712200000| Untracked 
| 269|0x0000000712300000, 0x0000000712300000, 0x0000000712400000|  0%| F|  |TAMS 0x0000000712300000, 0x0000000712300000| Untracked 
| 270|0x0000000712400000, 0x0000000712400000, 0x0000000712500000|  0%| F|  |TAMS 0x0000000712400000, 0x0000000712400000| Untracked 
| 271|0x0000000712500000, 0x0000000712500000, 0x0000000712600000|  0%| F|  |TAMS 0x0000000712500000, 0x0000000712500000| Untracked 
| 272|0x0000000712600000, 0x0000000712600000, 0x0000000712700000|  0%| F|  |TAMS 0x0000000712600000, 0x0000000712600000| Untracked 
| 273|0x0000000712700000, 0x0000000712700000, 0x0000000712800000|  0%| F|  |TAMS 0x0000000712700000, 0x0000000712700000| Untracked 
| 274|0x0000000712800000, 0x0000000712800000, 0x0000000712900000|  0%| F|  |TAMS 0x0000000712800000, 0x0000000712800000| Untracked 
| 275|0x0000000712900000, 0x0000000712900000, 0x0000000712a00000|  0%| F|  |TAMS 0x0000000712900000, 0x0000000712900000| Untracked 
| 276|0x0000000712a00000, 0x0000000712a00000, 0x0000000712b00000|  0%| F|  |TAMS 0x0000000712a00000, 0x0000000712a00000| Untracked 
| 277|0x0000000712b00000, 0x0000000712b00000, 0x0000000712c00000|  0%| F|  |TAMS 0x0000000712b00000, 0x0000000712b00000| Untracked 
| 278|0x0000000712c00000, 0x0000000712c00000, 0x0000000712d00000|  0%| F|  |TAMS 0x0000000712c00000, 0x0000000712c00000| Untracked 
| 279|0x0000000712d00000, 0x0000000712d00000, 0x0000000712e00000|  0%| F|  |TAMS 0x0000000712d00000, 0x0000000712d00000| Untracked 
| 280|0x0000000712e00000, 0x0000000712e00000, 0x0000000712f00000|  0%| F|  |TAMS 0x0000000712e00000, 0x0000000712e00000| Untracked 
| 281|0x0000000712f00000, 0x0000000712f00000, 0x0000000713000000|  0%| F|  |TAMS 0x0000000712f00000, 0x0000000712f00000| Untracked 
| 282|0x0000000713000000, 0x0000000713000000, 0x0000000713100000|  0%| F|  |TAMS 0x0000000713000000, 0x0000000713000000| Untracked 
| 283|0x0000000713100000, 0x0000000713100000, 0x0000000713200000|  0%| F|  |TAMS 0x0000000713100000, 0x0000000713100000| Untracked 
| 284|0x0000000713200000, 0x0000000713200000, 0x0000000713300000|  0%| F|  |TAMS 0x0000000713200000, 0x0000000713200000| Untracked 
| 285|0x0000000713300000, 0x0000000713300000, 0x0000000713400000|  0%| F|  |TAMS 0x0000000713300000, 0x0000000713300000| Untracked 
| 286|0x0000000713400000, 0x0000000713400000, 0x0000000713500000|  0%| F|  |TAMS 0x0000000713400000, 0x0000000713400000| Untracked 
| 287|0x0000000713500000, 0x0000000713500000, 0x0000000713600000|  0%| F|  |TAMS 0x0000000713500000, 0x0000000713500000| Untracked 
| 288|0x0000000713600000, 0x0000000713600000, 0x0000000713700000|  0%| F|  |TAMS 0x0000000713600000, 0x0000000713600000| Untracked 
| 289|0x0000000713700000, 0x0000000713700000, 0x0000000713800000|  0%| F|  |TAMS 0x0000000713700000, 0x0000000713700000| Untracked 
| 290|0x0000000713800000, 0x0000000713800000, 0x0000000713900000|  0%| F|  |TAMS 0x0000000713800000, 0x0000000713800000| Untracked 
| 291|0x0000000713900000, 0x0000000713900000, 0x0000000713a00000|  0%| F|  |TAMS 0x0000000713900000, 0x0000000713900000| Untracked 
| 292|0x0000000713a00000, 0x0000000713a00000, 0x0000000713b00000|  0%| F|  |TAMS 0x0000000713a00000, 0x0000000713a00000| Untracked 
| 293|0x0000000713b00000, 0x0000000713b00000, 0x0000000713c00000|  0%| F|  |TAMS 0x0000000713b00000, 0x0000000713b00000| Untracked 
| 294|0x0000000713c00000, 0x0000000713c00000, 0x0000000713d00000|  0%| F|  |TAMS 0x0000000713c00000, 0x0000000713c00000| Untracked 
| 295|0x0000000713d00000, 0x0000000713d00000, 0x0000000713e00000|  0%| F|  |TAMS 0x0000000713d00000, 0x0000000713d00000| Untracked 
| 296|0x0000000713e00000, 0x0000000713e00000, 0x0000000713f00000|  0%| F|  |TAMS 0x0000000713e00000, 0x0000000713e00000| Untracked 
| 297|0x0000000713f00000, 0x0000000713f00000, 0x0000000714000000|  0%| F|  |TAMS 0x0000000713f00000, 0x0000000713f00000| Untracked 
| 298|0x0000000714000000, 0x0000000714000000, 0x0000000714100000|  0%| F|  |TAMS 0x0000000714000000, 0x0000000714000000| Untracked 
| 299|0x0000000714100000, 0x0000000714100000, 0x0000000714200000|  0%| F|  |TAMS 0x0000000714100000, 0x0000000714100000| Untracked 
| 300|0x0000000714200000, 0x0000000714200000, 0x0000000714300000|  0%| F|  |TAMS 0x0000000714200000, 0x0000000714200000| Untracked 
| 301|0x0000000714300000, 0x0000000714300000, 0x0000000714400000|  0%| F|  |TAMS 0x0000000714300000, 0x0000000714300000| Untracked 
| 302|0x0000000714400000, 0x0000000714400000, 0x0000000714500000|  0%| F|  |TAMS 0x0000000714400000, 0x0000000714400000| Untracked 
| 303|0x0000000714500000, 0x0000000714500000, 0x0000000714600000|  0%| F|  |TAMS 0x0000000714500000, 0x0000000714500000| Untracked 
| 304|0x0000000714600000, 0x0000000714600000, 0x0000000714700000|  0%| F|  |TAMS 0x0000000714600000, 0x0000000714600000| Untracked 
| 305|0x0000000714700000, 0x0000000714700000, 0x0000000714800000|  0%| F|  |TAMS 0x0000000714700000, 0x0000000714700000| Untracked 
| 306|0x0000000714800000, 0x0000000714800000, 0x0000000714900000|  0%| F|  |TAMS 0x0000000714800000, 0x0000000714800000| Untracked 
| 307|0x0000000714900000, 0x0000000714900000, 0x0000000714a00000|  0%| F|  |TAMS 0x0000000714900000, 0x0000000714900000| Untracked 
| 308|0x0000000714a00000, 0x0000000714a00000, 0x0000000714b00000|  0%| F|  |TAMS 0x0000000714a00000, 0x0000000714a00000| Untracked 
| 309|0x0000000714b00000, 0x0000000714b00000, 0x0000000714c00000|  0%| F|  |TAMS 0x0000000714b00000, 0x0000000714b00000| Untracked 
| 310|0x0000000714c00000, 0x0000000714c00000, 0x0000000714d00000|  0%| F|  |TAMS 0x0000000714c00000, 0x0000000714c00000| Untracked 
| 311|0x0000000714d00000, 0x0000000714d00000, 0x0000000714e00000|  0%| F|  |TAMS 0x0000000714d00000, 0x0000000714d00000| Untracked 
| 312|0x0000000714e00000, 0x0000000714e00000, 0x0000000714f00000|  0%| F|  |TAMS 0x0000000714e00000, 0x0000000714e00000| Untracked 
| 313|0x0000000714f00000, 0x0000000714f00000, 0x0000000715000000|  0%| F|  |TAMS 0x0000000714f00000, 0x0000000714f00000| Untracked 
| 314|0x0000000715000000, 0x0000000715000000, 0x0000000715100000|  0%| F|  |TAMS 0x0000000715000000, 0x0000000715000000| Untracked 
| 315|0x0000000715100000, 0x0000000715100000, 0x0000000715200000|  0%| F|  |TAMS 0x0000000715100000, 0x0000000715100000| Untracked 
| 316|0x0000000715200000, 0x0000000715200000, 0x0000000715300000|  0%| F|  |TAMS 0x0000000715200000, 0x0000000715200000| Untracked 
| 317|0x0000000715300000, 0x0000000715300000, 0x0000000715400000|  0%| F|  |TAMS 0x0000000715300000, 0x0000000715300000| Untracked 
| 318|0x0000000715400000, 0x0000000715400000, 0x0000000715500000|  0%| F|  |TAMS 0x0000000715400000, 0x0000000715400000| Untracked 
| 319|0x0000000715500000, 0x0000000715500000, 0x0000000715600000|  0%| F|  |TAMS 0x0000000715500000, 0x0000000715500000| Untracked 
| 320|0x0000000715600000, 0x0000000715600000, 0x0000000715700000|  0%| F|  |TAMS 0x0000000715600000, 0x0000000715600000| Untracked 
| 321|0x0000000715700000, 0x0000000715700000, 0x0000000715800000|  0%| F|  |TAMS 0x0000000715700000, 0x0000000715700000| Untracked 
| 322|0x0000000715800000, 0x0000000715800000, 0x0000000715900000|  0%| F|  |TAMS 0x0000000715800000, 0x0000000715800000| Untracked 
| 323|0x0000000715900000, 0x0000000715900000, 0x0000000715a00000|  0%| F|  |TAMS 0x0000000715900000, 0x0000000715900000| Untracked 
| 324|0x0000000715a00000, 0x0000000715a00000, 0x0000000715b00000|  0%| F|  |TAMS 0x0000000715a00000, 0x0000000715a00000| Untracked 
| 325|0x0000000715b00000, 0x0000000715b00000, 0x0000000715c00000|  0%| F|  |TAMS 0x0000000715b00000, 0x0000000715b00000| Untracked 
| 326|0x0000000715c00000, 0x0000000715c00000, 0x0000000715d00000|  0%| F|  |TAMS 0x0000000715c00000, 0x0000000715c00000| Untracked 
| 327|0x0000000715d00000, 0x0000000715d00000, 0x0000000715e00000|  0%| F|  |TAMS 0x0000000715d00000, 0x0000000715d00000| Untracked 
| 328|0x0000000715e00000, 0x0000000715e00000, 0x0000000715f00000|  0%| F|  |TAMS 0x0000000715e00000, 0x0000000715e00000| Untracked 
| 329|0x0000000715f00000, 0x0000000715f00000, 0x0000000716000000|  0%| F|  |TAMS 0x0000000715f00000, 0x0000000715f00000| Untracked 
| 330|0x0000000716000000, 0x0000000716000000, 0x0000000716100000|  0%| F|  |TAMS 0x0000000716000000, 0x0000000716000000| Untracked 
| 331|0x0000000716100000, 0x0000000716100000, 0x0000000716200000|  0%| F|  |TAMS 0x0000000716100000, 0x0000000716100000| Untracked 
| 332|0x0000000716200000, 0x0000000716200000, 0x0000000716300000|  0%| F|  |TAMS 0x0000000716200000, 0x0000000716200000| Untracked 
| 333|0x0000000716300000, 0x0000000716300000, 0x0000000716400000|  0%| F|  |TAMS 0x0000000716300000, 0x0000000716300000| Untracked 
| 334|0x0000000716400000, 0x0000000716400000, 0x0000000716500000|  0%| F|  |TAMS 0x0000000716400000, 0x0000000716400000| Untracked 
| 335|0x0000000716500000, 0x0000000716500000, 0x0000000716600000|  0%| F|  |TAMS 0x0000000716500000, 0x0000000716500000| Untracked 
| 336|0x0000000716600000, 0x0000000716600000, 0x0000000716700000|  0%| F|  |TAMS 0x0000000716600000, 0x0000000716600000| Untracked 
| 337|0x0000000716700000, 0x0000000716700000, 0x0000000716800000|  0%| F|  |TAMS 0x0000000716700000, 0x0000000716700000| Untracked 
| 338|0x0000000716800000, 0x0000000716800000, 0x0000000716900000|  0%| F|  |TAMS 0x0000000716800000, 0x0000000716800000| Untracked 
| 339|0x0000000716900000, 0x0000000716900000, 0x0000000716a00000|  0%| F|  |TAMS 0x0000000716900000, 0x0000000716900000| Untracked 
| 340|0x0000000716a00000, 0x0000000716a00000, 0x0000000716b00000|  0%| F|  |TAMS 0x0000000716a00000, 0x0000000716a00000| Untracked 
| 341|0x0000000716b00000, 0x0000000716bdaee0, 0x0000000716c00000| 85%| E|  |TAMS 0x0000000716b00000, 0x0000000716b00000| Complete 
| 342|0x0000000716c00000, 0x0000000716d00000, 0x0000000716d00000|100%| E|CS|TAMS 0x0000000716c00000, 0x0000000716c00000| Complete 
| 343|0x0000000716d00000, 0x0000000716e00000, 0x0000000716e00000|100%| E|CS|TAMS 0x0000000716d00000, 0x0000000716d00000| Complete 
| 344|0x0000000716e00000, 0x0000000716f00000, 0x0000000716f00000|100%| E|  |TAMS 0x0000000716e00000, 0x0000000716e00000| Complete 
| 345|0x0000000716f00000, 0x0000000717000000, 0x0000000717000000|100%| E|CS|TAMS 0x0000000716f00000, 0x0000000716f00000| Complete 
| 346|0x0000000717000000, 0x0000000717100000, 0x0000000717100000|100%| E|CS|TAMS 0x0000000717000000, 0x0000000717000000| Complete 
| 347|0x0000000717100000, 0x0000000717200000, 0x0000000717200000|100%| E|CS|TAMS 0x0000000717100000, 0x0000000717100000| Complete 
| 348|0x0000000717200000, 0x0000000717300000, 0x0000000717300000|100%| E|CS|TAMS 0x0000000717200000, 0x0000000717200000| Complete 
| 349|0x0000000717300000, 0x0000000717400000, 0x0000000717400000|100%| E|CS|TAMS 0x0000000717300000, 0x0000000717300000| Complete 
| 350|0x0000000717400000, 0x0000000717500000, 0x0000000717500000|100%| E|CS|TAMS 0x0000000717400000, 0x0000000717400000| Complete 
| 351|0x0000000717500000, 0x0000000717600000, 0x0000000717600000|100%| E|CS|TAMS 0x0000000717500000, 0x0000000717500000| Complete 
| 352|0x0000000717600000, 0x0000000717700000, 0x0000000717700000|100%| E|CS|TAMS 0x0000000717600000, 0x0000000717600000| Complete 
| 353|0x0000000717700000, 0x0000000717800000, 0x0000000717800000|100%| E|CS|TAMS 0x0000000717700000, 0x0000000717700000| Complete 
| 354|0x0000000717800000, 0x0000000717900000, 0x0000000717900000|100%| E|CS|TAMS 0x0000000717800000, 0x0000000717800000| Complete 
| 355|0x0000000717900000, 0x0000000717a00000, 0x0000000717a00000|100%| E|CS|TAMS 0x0000000717900000, 0x0000000717900000| Complete 
| 356|0x0000000717a00000, 0x0000000717b00000, 0x0000000717b00000|100%| E|CS|TAMS 0x0000000717a00000, 0x0000000717a00000| Complete 
| 357|0x0000000717b00000, 0x0000000717c00000, 0x0000000717c00000|100%| E|CS|TAMS 0x0000000717b00000, 0x0000000717b00000| Complete 
| 358|0x0000000717c00000, 0x0000000717d00000, 0x0000000717d00000|100%| E|CS|TAMS 0x0000000717c00000, 0x0000000717c00000| Complete 
| 359|0x0000000717d00000, 0x0000000717e00000, 0x0000000717e00000|100%| E|CS|TAMS 0x0000000717d00000, 0x0000000717d00000| Complete 
| 360|0x0000000717e00000, 0x0000000717f00000, 0x0000000717f00000|100%| E|CS|TAMS 0x0000000717e00000, 0x0000000717e00000| Complete 
| 361|0x0000000717f00000, 0x0000000718000000, 0x0000000718000000|100%| E|CS|TAMS 0x0000000717f00000, 0x0000000717f00000| Complete 
| 362|0x0000000718000000, 0x0000000718100000, 0x0000000718100000|100%| E|CS|TAMS 0x0000000718000000, 0x0000000718000000| Complete 
| 363|0x0000000718100000, 0x0000000718200000, 0x0000000718200000|100%| E|CS|TAMS 0x0000000718100000, 0x0000000718100000| Complete 
| 364|0x0000000718200000, 0x0000000718300000, 0x0000000718300000|100%| E|CS|TAMS 0x0000000718200000, 0x0000000718200000| Complete 
| 365|0x0000000718300000, 0x0000000718400000, 0x0000000718400000|100%| E|CS|TAMS 0x0000000718300000, 0x0000000718300000| Complete 
| 366|0x0000000718400000, 0x0000000718500000, 0x0000000718500000|100%| E|CS|TAMS 0x0000000718400000, 0x0000000718400000| Complete 

Card table byte_map: [0x000000001a900000,0x000000001b100000] _byte_map_base: 0x00000000170f5000

Marking Bits (Prev, Next): (CMBitMap*) 0x00000000005bd680, (CMBitMap*) 0x00000000005bd648
 Prev Bits: [0x000000001f8b0000, 0x0000000023858000)
 Next Bits: [0x000000001b900000, 0x000000001f8a8000)

Polling page: 0x0000000000140000

Metaspace:

Usage:
  Non-class:     96.31 MB capacity,    94.37 MB ( 98%) used,     1.54 MB (  2%) free+waste,   410.00 KB ( <1%) overhead. 
      Class:     11.87 MB capacity,    10.62 MB ( 90%) used,     1.07 MB (  9%) free+waste,   183.31 KB (  2%) overhead. 
       Both:    108.18 MB capacity,   104.99 MB ( 97%) used,     2.61 MB (  2%) free+waste,   593.31 KB ( <1%) overhead. 

Virtual space:
  Non-class space:       98.00 MB reserved,      96.47 MB ( 98%) committed 
      Class space:        1.00 GB reserved,      11.94 MB (  1%) committed 
             Both:        1.10 GB reserved,     108.41 MB ( 10%) committed 

Chunk freelists:
   Non-Class:  0 bytes
       Class:  0 bytes
        Both:  0 bytes

CodeHeap 'non-profiled nmethods': size=120064Kb used=13523Kb max_used=13523Kb free=106540Kb
 bounds [0x0000000012590000, 0x00000000132d0000, 0x0000000019ad0000]
CodeHeap 'profiled nmethods': size=120000Kb used=39027Kb max_used=39868Kb free=80972Kb
 bounds [0x000000000b060000, 0x000000000d780000, 0x0000000012590000]
CodeHeap 'non-nmethods': size=5696Kb used=1772Kb max_used=1863Kb free=3923Kb
 bounds [0x000000000aad0000, 0x000000000ad40000, 0x000000000b060000]
 total_blobs=22519 nmethods=13203 adapters=1297
 compilation: enabled
              stopped_count=0, restarted_count=0
 full_count=0

Compilation events (10 events):
Event: 100.067 Thread 0x00000000272ce000 16090       3       java.nio.HeapByteBuffer::duplicate (32 bytes)
Event: 100.067 Thread 0x00000000272ce000 nmethod 16090 0x000000000ced8e10 code [0x000000000ced8fe0, 0x000000000ced9310]
Event: 100.067 Thread 0x00000000272ce000 16091       1       okhttp3.internal.concurrent.TaskQueue::getActiveTask$okhttp (5 bytes)
Event: 100.067 Thread 0x00000000272ce000 nmethod 16091 0x00000000132c6c10 code [0x00000000132c6dc0, 0x00000000132c6ed8]
Event: 100.174 Thread 0x00000000272ce000 16092       1       org.h2.mvstore.cache.CacheLongKeyLIRS$Segment::setMaxMemory (6 bytes)
Event: 100.174 Thread 0x00000000272ce000 nmethod 16092 0x00000000132c6f90 code [0x00000000132c7140, 0x00000000132c7258]
Event: 100.174 Thread 0x00000000272ce000 16093       3       org.h2.store.fs.FilePathDisk::<init> (5 bytes)
Event: 100.175 Thread 0x00000000272ce000 nmethod 16093 0x000000000c196390 code [0x000000000c196540, 0x000000000c196758]
Event: 100.175 Thread 0x00000000272ce000 16094       3       org.h2.store.fs.FilePathDisk::getPath (18 bytes)
Event: 100.175 Thread 0x00000000272ce000 nmethod 16094 0x000000000ceedf10 code [0x000000000ceee140, 0x000000000ceee7a0]

GC Heap History (10 events):
Event: 64.002 GC heap before
{Heap before GC invocations=18 (full 0):
 garbage-first heap   total 428032K, used 308224K [0x0000000701600000, 0x0000000800000000)
  region size 1024K, 159 young (162816K), 22 survivors (22528K)
 Metaspace       used 106959K, capacity 110227K, committed 110496K, reserved 1146880K
  class space    used 10831K, capacity 12103K, committed 12224K, reserved 1048576K
}
Event: 64.016 GC heap after
{Heap after GC invocations=19 (full 0):
 garbage-first heap   total 428032K, used 171008K [0x0000000701600000, 0x0000000800000000)
  region size 1024K, 2 young (2048K), 2 survivors (2048K)
 Metaspace       used 106959K, capacity 110227K, committed 110496K, reserved 1146880K
  class space    used 10831K, capacity 12103K, committed 12224K, reserved 1048576K
}
Event: 72.075 GC heap before
{Heap before GC invocations=19 (full 0):
 garbage-first heap   total 428032K, used 316416K [0x0000000701600000, 0x0000000800000000)
  region size 1024K, 144 young (147456K), 2 survivors (2048K)
 Metaspace       used 107130K, capacity 110358K, committed 110496K, reserved 1146880K
  class space    used 10832K, capacity 12104K, committed 12224K, reserved 1048576K
}
Event: 72.085 GC heap after
{Heap after GC invocations=20 (full 0):
 garbage-first heap   total 428032K, used 188928K [0x0000000701600000, 0x0000000800000000)
  region size 1024K, 18 young (18432K), 18 survivors (18432K)
 Metaspace       used 107130K, capacity 110358K, committed 110496K, reserved 1146880K
  class space    used 10832K, capacity 12104K, committed 12224K, reserved 1048576K
}
Event: 79.893 GC heap before
{Heap before GC invocations=20 (full 0):
 garbage-first heap   total 428032K, used 324096K [0x0000000701600000, 0x0000000800000000)
  region size 1024K, 151 young (154624K), 18 survivors (18432K)
 Metaspace       used 107244K, capacity 110455K, committed 110752K, reserved 1148928K
  class space    used 10844K, capacity 12110K, committed 12224K, reserved 1048576K
}
Event: 79.901 GC heap after
{Heap after GC invocations=21 (full 0):
 garbage-first heap   total 428032K, used 191488K [0x0000000701600000, 0x0000000800000000)
  region size 1024K, 2 young (2048K), 2 survivors (2048K)
 Metaspace       used 107244K, capacity 110455K, committed 110752K, reserved 1148928K
  class space    used 10844K, capacity 12110K, committed 12224K, reserved 1048576K
}
Event: 89.590 GC heap before
{Heap before GC invocations=21 (full 0):
 garbage-first heap   total 428032K, used 331776K [0x0000000701600000, 0x0000000800000000)
  region size 1024K, 139 young (142336K), 2 survivors (2048K)
 Metaspace       used 107258K, capacity 110523K, committed 110752K, reserved 1148928K
  class space    used 10844K, capacity 12110K, committed 12224K, reserved 1048576K
}
Event: 89.593 GC heap after
{Heap after GC invocations=22 (full 0):
 garbage-first heap   total 428032K, used 191402K [0x0000000701600000, 0x0000000800000000)
  region size 1024K, 2 young (2048K), 2 survivors (2048K)
 Metaspace       used 107258K, capacity 110523K, committed 110752K, reserved 1148928K
  class space    used 10844K, capacity 12110K, committed 12224K, reserved 1048576K
}
Event: 98.619 GC heap before
{Heap before GC invocations=22 (full 0):
 garbage-first heap   total 428032K, used 313258K [0x0000000701600000, 0x0000000800000000)
  region size 1024K, 123 young (125952K), 2 survivors (2048K)
 Metaspace       used 107332K, capacity 110602K, committed 110752K, reserved 1148928K
  class space    used 10848K, capacity 12115K, committed 12224K, reserved 1048576K
}
Event: 98.721 GC heap after
{Heap after GC invocations=23 (full 1):
 garbage-first heap   total 375808K, used 109907K [0x0000000701600000, 0x0000000800000000)
  region size 1024K, 0 young (0K), 0 survivors (0K)
 Metaspace       used 107332K, capacity 110602K, committed 110752K, reserved 1148928K
  class space    used 10848K, capacity 12115K, committed 12224K, reserved 1048576K
}

Deoptimization events (10 events):
Event: 99.966 Thread 0x0000000027633000 Uncommon trap: reason=class_check action=maybe_recompile pc=0x00000000128d1d8c method=java.util.Collections$3.nextElement()Ljava/lang/Object; @ 4 c2
Event: 99.967 Thread 0x0000000027630800 Uncommon trap: reason=unstable_if action=reinterpret pc=0x0000000012b96c94 method=org.h2.engine.Session.transitionToState(Lorg/h2/engine/Session$State;Z)Lorg/h2/engine/Session$State; @ 19 c2
Event: 99.967 Thread 0x00000000385ac800 Uncommon trap: reason=unstable_if action=reinterpret pc=0x0000000012be6d84 method=jogamp.common.util.locks.RecursiveLockImpl01Unfairish$SingleThreadSync.isOwner(Ljava/lang/Thread;)Z @ 5 c2
Event: 99.972 Thread 0x00000000365ec800 Uncommon trap: reason=unstable_if action=reinterpret pc=0x000000001301b4d4 method=sun.java2d.d3d.D3DScreenUpdateManager.createGraphics(Lsun/java2d/SurfaceData;Lsun/awt/windows/WComponentPeer;Ljava/awt/Color;Ljava/awt/Color;Ljava/awt/Font;)Ljava/awt/Graphi
Event: 100.067 Thread 0x000000002de19000 Uncommon trap: reason=unstable_if action=reinterpret pc=0x0000000013019620 method=java.util.concurrent.ScheduledThreadPoolExecutor$DelayedWorkQueue.take()Ljava/util/concurrent/RunnableScheduledFuture; @ 17 c2
Event: 100.167 Thread 0x0000000027630800 Uncommon trap: reason=unstable_if action=reinterpret pc=0x0000000012800200 method=org.h2.engine.Session.isClosed()Z @ 10 c2
Event: 100.167 Thread 0x0000000027630800 Uncommon trap: reason=unstable_if action=reinterpret pc=0x0000000012aec330 method=org.h2.mvstore.Cursor.traverseDown(Lorg/h2/mvstore/Page;Ljava/lang/Object;)Lorg/h2/mvstore/CursorPos; @ 1 c2
Event: 100.168 Thread 0x0000000027630800 Uncommon trap: reason=class_check action=maybe_recompile pc=0x000000001276402c method=org.h2.mvstore.MVMap.compare(Ljava/lang/Object;Ljava/lang/Object;)I @ 6 c2
Event: 100.168 Thread 0x0000000027630800 Uncommon trap: reason=predicate action=maybe_recompile pc=0x0000000012ad6dec method=org.h2.mvstore.Page.calculateMemory()I @ 24 c2
Event: 100.168 Thread 0x0000000027630800 Uncommon trap: reason=class_check action=maybe_recompile pc=0x000000001276402c method=org.h2.mvstore.MVMap.compare(Ljava/lang/Object;Ljava/lang/Object;)I @ 6 c2

Classes redefined (0 events):
No events

Internal exceptions (10 events):
Event: 98.613 Thread 0x0000000029066800 Exception <a 'java/net/SocketException'{0x0000000713f00838}: Socket closed> (0x0000000713f00838) thrown at [t:/workspace/open/src/hotspot/share/prims/jni.cpp, line 636]
Event: 98.743 Thread 0x0000000027634800 Exception <a 'java/net/SocketException'{0x0000000717ee1fa8}: Software caused connection abort: socket write error> (0x0000000717ee1fa8) thrown at [t:/workspace/open/src/hotspot/share/prims/jni.cpp, line 636]
Event: 99.961 Thread 0x0000000029061800 Exception <a 'java/lang/NoSuchMethodError'{0x0000000716dc3d50}: java.lang.invoke.DirectMethodHandle$Holder.invokeSpecial(Ljava/lang/Object;Ljava/lang/Object;IIIIII)Ljava/lang/Object;> (0x0000000716dc3d50) thrown at [t:/workspace/open/src/hotspot/share/int
Event: 99.961 Thread 0x0000000029061800 Exception <a 'java/lang/NoSuchMethodError'{0x0000000716dc7318}: java.lang.invoke.DelegatingMethodHandle$Holder.reinvoke_L(Ljava/lang/Object;IIIIII)Ljava/lang/Object;> (0x0000000716dc7318) thrown at [t:/workspace/open/src/hotspot/share/interpreter/linkReso
Event: 99.962 Thread 0x0000000029061800 Exception <a 'java/lang/NoSuchMethodError'{0x0000000716de6cd0}: java.lang.invoke.DirectMethodHandle$Holder.invokeSpecial(Ljava/lang/Object;Ljava/lang/Object;IIII)Ljava/lang/Object;> (0x0000000716de6cd0) thrown at [t:/workspace/open/src/hotspot/share/inter
Event: 99.962 Thread 0x0000000029061800 Exception <a 'java/lang/NoSuchMethodError'{0x0000000716de9e88}: java.lang.invoke.Invokers$Holder.linkToTargetMethod(IIIILjava/lang/Object;)Ljava/lang/Object;> (0x0000000716de9e88) thrown at [t:/workspace/open/src/hotspot/share/interpreter/linkResolver.cpp
Event: 99.966 Thread 0x0000000028956000 Exception <a 'java/net/SocketException'{0x0000000716cd7170}: Interrupted function call: accept failed> (0x0000000716cd7170) thrown at [t:/workspace/open/src/hotspot/share/prims/jni.cpp, line 636]
Event: 100.067 Thread 0x000000002de19000 Implicit null exception at 0x0000000013017d9c to 0x0000000013019606
Event: 100.067 Thread 0x00000000365ef000 Exception <a 'java/net/SocketException'{0x0000000716bd4200}: Socket closed> (0x0000000716bd4200) thrown at [t:/workspace/open/src/hotspot/share/prims/jni.cpp, line 636]
Event: 100.175 Thread 0x0000000028955000 Exception <a 'java/lang/InterruptedException'{0x00000007177adaf8}: sleep interrupted> (0x00000007177adaf8) thrown at [t:/workspace/open/src/hotspot/share/prims/jvm.cpp, line 3106]

Events (10 events):
Event: 100.168 Thread 0x0000000027630800 DEOPT UNPACKING pc=0x000000000aaf912f sp=0x000000003030e828 mode 2
Event: 100.168 Thread 0x0000000027630800 Uncommon trap: trap_request=0xffffff7e fr.pc=0x0000000012ad6dec relative=0x000000000000038c
Event: 100.168 Thread 0x0000000027630800 DEOPT PACKING pc=0x0000000012ad6dec sp=0x000000003030e640
Event: 100.168 Thread 0x0000000027630800 DEOPT UNPACKING pc=0x000000000aaf912f sp=0x000000003030e560 mode 2
Event: 100.168 Thread 0x0000000027630800 Uncommon trap: trap_request=0xffffffde fr.pc=0x000000001276402c relative=0x000000000000052c
Event: 100.168 Thread 0x0000000027630800 DEOPT PACKING pc=0x000000001276402c sp=0x000000003030e8c0
Event: 100.168 Thread 0x0000000027630800 DEOPT UNPACKING pc=0x000000000aaf912f sp=0x000000003030e828 mode 2
Event: 100.175 Thread 0x0000000028955000 Thread exited: 0x0000000028955000
Event: 100.175 Thread 0x0000000027630800 Thread exited: 0x0000000027630800
Event: 100.175 Executing VM operation: Exit


Dynamic libraries:
0x000000013fa30000 - 0x000000013fa77000 	C:\Program Files\Java\jdk-11.0.5\bin\java.exe
0x0000000076fe0000 - 0x0000000077189000 	C:\Windows\SYSTEM32\ntdll.dll
0x0000000076ec0000 - 0x0000000076fdf000 	C:\Windows\system32\kernel32.dll
0x000007fefcfe0000 - 0x000007fefd04b000 	C:\Windows\system32\KERNELBASE.dll
0x000007fefdd80000 - 0x000007fefde5b000 	C:\Windows\system32\ADVAPI32.dll
0x000007fefd560000 - 0x000007fefd5ff000 	C:\Windows\system32\msvcrt.dll
0x000007fefec50000 - 0x000007fefec6f000 	C:\Windows\SYSTEM32\sechost.dll
0x000007fefee00000 - 0x000007fefef2d000 	C:\Windows\system32\RPCRT4.dll
0x0000000076dc0000 - 0x0000000076eba000 	C:\Windows\system32\USER32.dll
0x000007fefec70000 - 0x000007fefecd7000 	C:\Windows\system32\GDI32.dll
0x000007feff1b0000 - 0x000007feff1be000 	C:\Windows\system32\LPK.dll
0x000007fefd990000 - 0x000007fefda59000 	C:\Windows\system32\USP10.dll
0x000007fefb120000 - 0x000007fefb314000 	C:\Windows\WinSxS\amd64_microsoft.windows.common-controls_6595b64144ccf1df_6.0.7601.17514_none_fa396087175ac9ac\COMCTL32.dll
0x000007fefdbf0000 - 0x000007fefdc61000 	C:\Windows\system32\SHLWAPI.dll
0x000007fefc210000 - 0x000007fefc21c000 	C:\Windows\system32\VERSION.dll
0x000007feff1e0000 - 0x000007feff20e000 	C:\Windows\system32\IMM32.DLL
0x000007fefdc70000 - 0x000007fefdd79000 	C:\Windows\system32\MSCTF.dll
0x000007fecc4d0000 - 0x000007fecc4e6000 	C:\Program Files\Java\jdk-11.0.5\bin\vcruntime140.dll
0x000007fecc500000 - 0x000007fecc504000 	C:\Program Files\Java\jdk-11.0.5\bin\api-ms-win-crt-runtime-l1-1-0.dll
0x000007fecc3d0000 - 0x000007fecc4c6000 	C:\Program Files\Java\jdk-11.0.5\bin\ucrtbase.DLL
0x000007fecc4f0000 - 0x000007fecc4f3000 	C:\Program Files\Java\jdk-11.0.5\bin\api-ms-win-core-localization-l1-2-0.dll
0x000007fecc3b0000 - 0x000007fecc3b3000 	C:\Program Files\Java\jdk-11.0.5\bin\api-ms-win-core-processthreads-l1-1-1.dll
0x000007fecc3c0000 - 0x000007fecc3c3000 	C:\Program Files\Java\jdk-11.0.5\bin\api-ms-win-core-file-l1-2-0.dll
0x000007fecc390000 - 0x000007fecc393000 	C:\Program Files\Java\jdk-11.0.5\bin\api-ms-win-core-timezone-l1-1-0.dll
0x000007fecc3a0000 - 0x000007fecc3a3000 	C:\Program Files\Java\jdk-11.0.5\bin\api-ms-win-core-file-l2-1-0.dll
0x000007fecc370000 - 0x000007fecc373000 	C:\Program Files\Java\jdk-11.0.5\bin\api-ms-win-core-synch-l1-2-0.dll
0x000007fecc380000 - 0x000007fecc384000 	C:\Program Files\Java\jdk-11.0.5\bin\api-ms-win-crt-string-l1-1-0.dll
0x000007fecc350000 - 0x000007fecc353000 	C:\Program Files\Java\jdk-11.0.5\bin\api-ms-win-crt-heap-l1-1-0.dll
0x000007fecc360000 - 0x000007fecc364000 	C:\Program Files\Java\jdk-11.0.5\bin\api-ms-win-crt-stdio-l1-1-0.dll
0x000007fecc330000 - 0x000007fecc334000 	C:\Program Files\Java\jdk-11.0.5\bin\api-ms-win-crt-convert-l1-1-0.dll
0x000007fecc280000 - 0x000007fecc32a000 	C:\Program Files\Java\jdk-11.0.5\bin\msvcp140.dll
0x000007fecc340000 - 0x000007fecc343000 	C:\Program Files\Java\jdk-11.0.5\bin\api-ms-win-crt-locale-l1-1-0.dll
0x000007fecc260000 - 0x000007fecc265000 	C:\Program Files\Java\jdk-11.0.5\bin\api-ms-win-crt-math-l1-1-0.dll
0x000007fecc270000 - 0x000007fecc275000 	C:\Program Files\Java\jdk-11.0.5\bin\api-ms-win-crt-multibyte-l1-1-0.dll
0x000007fecc240000 - 0x000007fecc243000 	C:\Program Files\Java\jdk-11.0.5\bin\api-ms-win-crt-time-l1-1-0.dll
0x000007fecc250000 - 0x000007fecc253000 	C:\Program Files\Java\jdk-11.0.5\bin\api-ms-win-crt-filesystem-l1-1-0.dll
0x000007fecc220000 - 0x000007fecc223000 	C:\Program Files\Java\jdk-11.0.5\bin\api-ms-win-crt-environment-l1-1-0.dll
0x000007fecc230000 - 0x000007fecc233000 	C:\Program Files\Java\jdk-11.0.5\bin\api-ms-win-crt-utility-l1-1-0.dll
0x000007fec98f0000 - 0x000007feca418000 	C:\Program Files\Java\jdk-11.0.5\bin\server\jvm.dll
0x000007feefdc0000 - 0x000007feefdc9000 	C:\Windows\system32\WSOCK32.dll
0x000007fefec00000 - 0x000007fefec4d000 	C:\Windows\system32\WS2_32.dll
0x000007fefebf0000 - 0x000007fefebf8000 	C:\Windows\system32\NSI.dll
0x000007fef9460000 - 0x000007fef949b000 	C:\Windows\system32\WINMM.dll
0x00000000771a0000 - 0x00000000771a7000 	C:\Windows\system32\PSAPI.DLL
0x000007fecc1e0000 - 0x000007fecc1f1000 	C:\Program Files\Java\jdk-11.0.5\bin\verify.dll
0x000007fef1c30000 - 0x000007fef1d55000 	C:\Windows\system32\DBGHELP.DLL
0x000007fecc1b0000 - 0x000007fecc1d9000 	C:\Program Files\Java\jdk-11.0.5\bin\java.dll
0x000007fecc200000 - 0x000007fecc216000 	C:\Program Files\Java\jdk-11.0.5\bin\zip.dll
0x000007fecc190000 - 0x000007fecc19a000 	C:\Program Files\Java\jdk-11.0.5\bin\jimage.dll
0x000007fefde60000 - 0x000007fefebe8000 	C:\Windows\system32\SHELL32.dll
0x000007fefd780000 - 0x000007fefd983000 	C:\Windows\system32\ole32.dll
0x000007fefcf30000 - 0x000007fefcf3f000 	C:\Windows\system32\profapi.dll
0x000007fecc170000 - 0x000007fecc189000 	C:\Program Files\Java\jdk-11.0.5\bin\net.dll
0x000007fef9550000 - 0x000007fef95c1000 	C:\Windows\system32\WINHTTP.dll
0x000007fef94e0000 - 0x000007fef9544000 	C:\Windows\system32\webio.dll
0x000007fefc7a0000 - 0x000007fefc7f5000 	C:\Windows\system32\mswsock.dll
0x000007fefc790000 - 0x000007fefc797000 	C:\Windows\System32\wship6.dll
0x000007fecc150000 - 0x000007fecc163000 	C:\Program Files\Java\jdk-11.0.5\bin\nio.dll
0x000007feb33b0000 - 0x000007feb354f000 	C:\Program Files\Java\jdk-11.0.5\bin\awt.dll
0x000007feff210000 - 0x000007feff2e7000 	C:\Windows\system32\OLEAUT32.dll
0x000007fecbce0000 - 0x000007fecbdc2000 	C:\Windows\system32\d2d1.dll
0x000007fefbb10000 - 0x000007fefbb28000 	C:\Windows\system32\DWMAPI.DLL
0x000007fefc800000 - 0x000007fefc817000 	C:\Windows\system32\CRYPTSP.dll
0x000007fefb0c0000 - 0x000007fefb116000 	C:\Windows\system32\uxtheme.dll
0x000007fefc500000 - 0x000007fefc547000 	C:\Windows\system32\rsaenh.dll
0x000007fefc270000 - 0x000007fefc28e000 	C:\Windows\system32\USERENV.dll
0x000007fefce60000 - 0x000007fefce6f000 	C:\Windows\system32\CRYPTBASE.dll
0x000007fef94b0000 - 0x000007fef94d7000 	C:\Windows\system32\IPHLPAPI.DLL
0x000007fef94a0000 - 0x000007fef94ab000 	C:\Windows\system32\WINNSI.DLL
0x000007fef86b0000 - 0x000007fef86c1000 	C:\Windows\system32\dhcpcsvc6.DLL
0x000007fef8690000 - 0x000007fef86a8000 	C:\Windows\system32\dhcpcsvc.DLL
0x000007fef6830000 - 0x000007fef694d000 	C:\Windows\system32\opengl32.dll
0x000007fef6800000 - 0x000007fef682d000 	C:\Windows\system32\GLU32.dll
0x000007fef6700000 - 0x000007fef67f1000 	C:\Windows\system32\DDRAW.dll
0x000007fef66f0000 - 0x000007fef66f8000 	C:\Windows\system32\DCIMAN32.dll
0x000007fefef30000 - 0x000007feff107000 	C:\Windows\system32\SETUPAPI.dll
0x000007fefd110000 - 0x000007fefd146000 	C:\Windows\system32\CFGMGR32.dll
0x000007fefd050000 - 0x000007fefd06a000 	C:\Windows\system32\DEVOBJ.dll
0x000007fed0070000 - 0x000007fed1540000 	C:\Windows\system32\nvd3dumx.dll
0x000007fefbb30000 - 0x000007fefbb5c000 	C:\Windows\system32\powrprof.dll
0x000007fed1540000 - 0x000007fed1801000 	C:\Windows\system32\nvspcap64.dll
0x000007fefc1b0000 - 0x000007fefc1dd000 	C:\Windows\system32\ntmarta.dll
0x000007fefdb90000 - 0x000007fefdbe2000 	C:\Windows\system32\WLDAP32.dll
0x000007fefd150000 - 0x000007fefd2b7000 	C:\Windows\system32\crypt32.dll
0x000007fefcfd0000 - 0x000007fefcfdf000 	C:\Windows\system32\MSASN1.dll
0x000007fefd2c0000 - 0x000007fefd2fa000 	C:\Windows\system32\WINTRUST.DLL
0x000007feff1c0000 - 0x000007feff1d7000 	C:\Windows\system32\imagehlp.dll
0x000007fefc980000 - 0x000007fefc9ce000 	C:\Windows\system32\ncrypt.dll
0x000007fefc950000 - 0x000007fefc972000 	C:\Windows\system32\bcrypt.dll
0x000007fefc440000 - 0x000007fefc48c000 	C:\Windows\system32\bcryptprimitives.dll
0x000007fefc250000 - 0x000007fefc26b000 	C:\Windows\system32\GPAPI.dll
0x000007fefc1e0000 - 0x000007fefc206000 	C:\Windows\system32\cryptnet.dll
0x000007fee3580000 - 0x000007fee359b000 	C:\Windows\system32\Cabinet.dll
0x000007fefc290000 - 0x000007fefc2a2000 	C:\Windows\system32\DEVRTL.dll
0x000007fecc560000 - 0x000007fecc5e3000 	C:\Program Files\Java\jdk-11.0.5\bin\freetype.dll
0x000007fecaf50000 - 0x000007fecaffb000 	C:\Program Files\Java\jdk-11.0.5\bin\fontmanager.dll
0x000007fef6560000 - 0x000007fef656d000 	C:\Program Files\Java\jdk-11.0.5\bin\sunmscapi.dll
0x000007fed26b0000 - 0x000007fed26d7000 	C:\Program Files\Java\jdk-11.0.5\bin\sunec.dll
0x000007fefbc20000 - 0x000007fefbc27000 	C:\Windows\System32\wshtcpip.dll
0x000007fefc620000 - 0x000007fefc67b000 	C:\Windows\system32\DNSAPI.dll
0x000007fef7b10000 - 0x000007fef7b18000 	C:\Windows\system32\rasadhlp.dll
0x000007fef8730000 - 0x000007fef8783000 	C:\Windows\System32\fwpuclnt.dll
0x0000000066870000 - 0x00000000668c0000 	C:\Program Files\UltraMon\RTSUltraMonHook.dll
0x000007fecbfc0000 - 0x000007fecc001000 	C:\Users\NEX\AppData\Local\Temp\jna-77185\jna16966389833116934317.dll
0x000007feb9a20000 - 0x000007feb9abc000 	C:\Users\NEX\AppData\Local\Temp\jna-77185\jna2252494788943082549.dll
0x000007fed36d0000 - 0x000007fed36e2000 	C:\Program Files\Java\jdk-11.0.5\bin\jsound.dll
0x000007fef6c70000 - 0x000007fef6cf8000 	C:\Windows\system32\DSOUND.dll
0x000007feff110000 - 0x000007feff1a9000 	C:\Windows\system32\CLBCatQ.DLL
0x000007fefb850000 - 0x000007fefb89b000 	C:\Windows\System32\MMDevApi.dll
0x000007fefb710000 - 0x000007fefb83c000 	C:\Windows\System32\PROPSYS.dll
0x000007fee7e40000 - 0x000007fee7e7b000 	C:\Windows\system32\wdmaud.drv
0x0000000068080000 - 0x0000000068086000 	C:\Windows\system32\ksuser.dll
0x000007fefb840000 - 0x000007fefb849000 	C:\Windows\system32\AVRT.dll
0x000007fee8ca0000 - 0x000007fee8cef000 	C:\Windows\system32\AUDIOSES.DLL
0x000007feb93a0000 - 0x000007feb941f000 	C:\Program Files\Java\jdk-11.0.5\bin\mlib_image.dll
0x000007fee6be0000 - 0x000007fee6bea000 	C:\Windows\system32\msacm32.drv
0x000007fee6bc0000 - 0x000007fee6bd8000 	C:\Windows\system32\MSACM32.dll
0x000007fee6ba0000 - 0x000007fee6ba9000 	C:\Windows\system32\midimap.dll
0x000007fece3d0000 - 0x000007fece3fd000 	C:\Program Files\Java\jdk-11.0.5\bin\javajpeg.dll
0x000007feb99e0000 - 0x000007feb9a1f000 	C:\Program Files\Java\jdk-11.0.5\bin\lcms.dll
0x000007fecc1a0000 - 0x000007fecc1a9000 	C:\Program Files\Java\jdk-11.0.5\bin\management.dll
0x000007fecc140000 - 0x000007fecc14c000 	C:\Program Files\Java\jdk-11.0.5\bin\management_ext.dll
0x000007fefaa00000 - 0x000007fefaa15000 	C:\Windows\system32\NLAapi.dll
0x000007fefa0d0000 - 0x000007fefa0e5000 	C:\Windows\system32\napinsp.dll
0x000007fefa040000 - 0x000007fefa059000 	C:\Windows\system32\pnrpnsp.dll
0x000007fefa030000 - 0x000007fefa03b000 	C:\Windows\System32\winrnr.dll
0x000007feb9660000 - 0x000007feb96fd000 	C:\Program Files\obs-studio\data\obs-plugins\win-capture\graphics-hook64.dll
0x000007fefaba0000 - 0x000007fefacca000 	C:\Windows\system32\WindowsCodecs.dll

dbghelp: loaded successfully - version: 4.0.5 - missing functions: none
symbol engine: initialized successfully - sym options: 0x614 - pdb path: .;C:\Program Files\Java\jdk-11.0.5\bin;C:\Windows\SYSTEM32;C:\Windows\WinSxS\amd64_microsoft.windows.common-controls_6595b64144ccf1df_6.0.7601.17514_none_fa396087175ac9ac;C:\Program Files\Java\jdk-11.0.5\bin\server;C:\Program Files\UltraMon;C:\Users\NEX\AppData\Local\Temp\jna-77185;C:\Program Files\obs-studio\data\obs-plugins\win-capture;C:\Program Files (x86)\Dropbox\Client;C:\Program Files\Google\Drive;C:\Windows\WinSxS\amd64_microsoft.vc90.crt_1fc8b3b9a1e18e3b_9.0.30729.6161_none_08e61857a83bc251;C:\Users\NEX\AppData\Local\Temp\jogamp_0000\file_cache\jln4249594752441776495\jln6357421052351830362\natives\windows-amd64

VM Arguments:
jvm_args: -Dfile.encoding=UTF-8 -Duser.country=US -Duser.language=en -Duser.variant 
java_command: net.runelite.client.RuneLite
java_class_path (initial): C:\Users\NEX\IdeaProjects\runelite-extended2\runelite-client\build\classes\java\main;C:\Users\NEX\IdeaProjects\runelite-extended2\runelite-client\build\resources\main;C:\Users\NEX\IdeaProjects\runelite-extended2\http-api\build\libs\http-api-1.6.6-SNAPSHOT.jar;C:\Users\NEX\IdeaProjects\runelite-extended2\runescape-api\build\libs\runescape-api-1.6.6-SNAPSHOT.jar;C:\Users\NEX\IdeaProjects\runelite-extended2\runelite-api\build\libs\runelite-api-1.6.6-SNAPSHOT.jar;C:\Users\NEX\.gradle\caches\modules-2\files-2.1\ch.qos.logback\logback-classic\1.2.3\7c4f3c474fb2c041d8028740440937705ebb473a\logback-classic-1.2.3.jar;C:\Users\NEX\.gradle\caches\modules-2\files-2.1\com.google.code.gson\gson\2.8.6\9180733b7df8542621dc12e21e87557e8c99b8cb\gson-2.8.6.jar;C:\Users\NEX\.gradle\caches\modules-2\files-2.1\com.google.inject\guice\4.2.2\fa13659f9128f4c011c8e1d06f137083b4876377\guice-4.2.2-no_aop.jar;C:\Users\NEX\.gradle\caches\modules-2\files-2.1\com.google.guava\guava\28.2-jre\8ec9ed76528425762174f0011ce8f74ad845b756\guava-28.2-jre.jar;C:\Users\NEX\.gradle\caches\modules-2\files-2.1\com.h2database\h2\1.4.200\f7533fe7cb8e99c87a43d325a77b4b678ad9031a\h2-1.4.200.jar;C:\Users\NEX\.gradle\caches\modules-2\files-2.1\com.jakewharton.rxrelay2\rxrelay\2.1.1\b5cb329f502caba70863749b6559f13eb25b6285\rxrelay-2.1.1.jar;C:\Users\NEX\.gradle\caches\modules-2\files-2.1\com.squareup.okhttp3\okhttp\4.3.0\cacafea0ad79a98bdf70f620f32eed22f2535e60\okhttp-4.3.0.jar;C:\Users\NEX\.gradle\caches\modules-2\files-2.1\io.reactivex.rxjava2\rxjava\2.2.16\4b88484cd4d02954243fc0a1a0b0a7503ca769a0\rxjava-2.2.16.jar;C:\Users\NEX\.gradle\caches\modules-2\files-2.1\net.java.dev.jna\jna-platform\5.5.0\af38e7c4d0fc73c23ecd785443705bfdee5b90bf\jna-platform-5.5.0.jar;C:\Users\NEX\.gradle\caches\modules-2\files-2.1\net.runelite\discord\1.1\2d6c73d538b0533883a1e1cdd5b08c70f66ee3a1\discord-1.1.jar;C:\Users\NEX\.gradle\caches\modules-2\files-2.1\net.java.dev.jna\jna\5.5.0\e0845217c4907822403912ad68
Launcher Type: SUN_STANDARD

[Global flags]
     intx CICompilerCount                          = 3                                         {product} {ergonomic}
     uint ConcGCThreads                            = 1                                         {product} {ergonomic}
     uint G1ConcRefinementThreads                  = 4                                         {product} {ergonomic}
   size_t G1HeapRegionSize                         = 1048576                                   {product} {ergonomic}
    uintx GCDrainStackTargetSize                   = 64                                        {product} {ergonomic}
   size_t InitialHeapSize                          = 268435456                                 {product} {ergonomic}
   size_t MarkStackSize                            = 4194304                                   {product} {ergonomic}
   size_t MaxHeapSize                              = 4271898624                                {product} {ergonomic}
   size_t MaxNewSize                               = 2562719744                                {product} {ergonomic}
   size_t MinHeapDeltaBytes                        = 1048576                                   {product} {ergonomic}
    uintx NonNMethodCodeHeapSize                   = 5830732                                {pd product} {ergonomic}
    uintx NonProfiledCodeHeapSize                  = 122913754                              {pd product} {ergonomic}
    uintx ProfiledCodeHeapSize                     = 122913754                              {pd product} {ergonomic}
    uintx ReservedCodeCacheSize                    = 251658240                              {pd product} {ergonomic}
     bool SegmentedCodeCache                       = true                                      {product} {ergonomic}
     bool UseCompressedClassPointers               = true                                 {lp64_product} {ergonomic}
     bool UseCompressedOops                        = true                                 {lp64_product} {ergonomic}
     bool UseG1GC                                  = true                                      {product} {ergonomic}
     bool UseLargePagesIndividualAllocation        = false                                  {pd product} {ergonomic}

Logging:
Log output configuration:
 #0: stdout all=warning uptime,level,tags
 #1: stderr all=off uptime,level,tags

Environment Variables:
JAVA_HOME=C:\Program Files\Java\jdk1.8.0_221
PATH=C:\Program Files (x86)\Common Files\Oracle\Java\javapath;C:\ProgramData\Oracle\Java\javapath;C:\Program Files (x86)\AMD APP\bin\x86_64;C:\Program Files (x86)\AMD APP\bin\x86;C:\Windows\system32;C:\Windows;C:\Windows\System32\Wbem;C:\Windows\System32\WindowsPowerShell\v1.0\;C:\Program Files (x86)\ATI Technologies\ATI.ACE\Core-Static;C:\Program Files (x86)\EasyPHP-Devserver-16.1\eds-binaries\php\php5619vc11x86x160629234843;C:\ProgramData\ComposerSetup\bin;C:\Program Files\Git\cmd;C:\Program Files (x86)\Skype\Phone\;C:\Program Files (x86)\AMD\ATI.ACE\Core-Static;C:\Program Files (x86)\Yarn\bin;C:\ProgramData\chocolatey\bin;C:\Program Files (x86)\Intel\OpenCL SDK\2.0\bin\x86;C:\Program Files (x86)\Intel\OpenCL SDK\2.0\bin\x64;C:\Program Files (x86)\NVIDIA Corporation\PhysX\Common;C:\Program Files\nodejs\;C:\Program Files\NVIDIA Corporation\NVIDIA NvDLISR;C:\Program Files\Microsoft SQL Server\Client SDK\ODBC\110\Tools\Binn\;C:\Program Files (x86)\Microsoft SQL Server\120\Tools\Binn\;C:\Program Files\Microsoft SQL Server\120\Tools\Binn\;C:\Program Files\Microsoft SQL Server\120\DTS\Binn\;C:\Users\NEX\AppData\Roaming\Composer\vendor\bin;C:\Users\NEX\AppData\Local\Yarn\.bin;C:\Users\NEX\AppData\Local\atom\bin;C:\Users\NEX\AppData\Local\GitHubDesktop\bin;C:\Users\NEX\AppData\Local\Programs\Microsoft VS Code\bin;C:\Users\NEX\AppData\Roaming\npm;F:\maven\apache-maven-3.6.1\bin;C:\Users\NEX\AppData\Local\Google\Cloud SDK\google-cloud-sdk\bin
USERNAME=NEX
OS=Windows_NT
PROCESSOR_IDENTIFIER=Intel64 Family 6 Model 42 Stepping 7, GenuineIntel



---------------  S Y S T E M  ---------------

OS: Windows 7 , 64 bit Build 7601 (6.1.7601.17514)

CPU:total 4 (initial active 4) (4 cores per cpu, 1 threads per core) family 6 model 42 stepping 7, cmov, cx8, fxsr, mmx, sse, sse2, sse3, ssse3, sse4.1, sse4.2, popcnt, avx, aes, clmul, tsc, tscinvbit

Memory: 4k page, system-wide physical 16288M (3771M free)
TotalPageFile size 16286M (AvailPageFile size 1398M)
current process WorkingSet (physical memory assigned to process): 791M, peak: 910M
current process commit charge ("private bytes"): 844M, peak: 963M

vm_info: Java HotSpot(TM) 64-Bit Server VM (11.0.5+10-LTS) for windows-amd64 JRE (11.0.5+10-LTS), built on Oct  6 2019 12:37:14 by "mach5one" with MS VC++ 15.5 (VS2017)

END.
