#
# A fatal error has been detected by the Java Runtime Environment:
#
#  EXCEPTION_ACCESS_VIOLATION (0xc0000005) at pc=0x000007fea4ab2499, pid=6164, tid=5008
#
# JRE version: Java(TM) SE Runtime Environment (11.0.5+10) (build 11.0.5+10-LTS)
# Java VM: Java HotSpot(TM) 64-Bit Server VM (11.0.5+10-LTS, mixed mode, tiered, compressed oops, g1 gc, windows-amd64)
# Problematic frame:
# C  0x000007fea4ab2499
#
# No core dump will be written. Minidumps are not enabled by default on client versions of Windows
#
# If you would like to submit a bug report, please visit:
#   http://bugreport.java.com/bugreport/crash.jsp
#

---------------  S U M M A R Y ------------

Command Line: -Dfile.encoding=UTF-8 -Duser.country=US -Duser.language=en -Duser.variant net.runelite.client.RuneLite

Host: Intel(R) Core(TM) i5-2500K CPU @ 3.30GHz, 4 cores, 15G,  Windows 7 , 64 bit Build 7601 (6.1.7601.17514)
Time: Thu Feb  6 17:24:03 2020 Eastern Standard Time elapsed time: 1140 seconds (0d 0h 19m 0s)

---------------  T H R E A D  ---------------

Current thread (0x0000000026032800):  VMThread "VM Thread" [stack: 0x00000000260c0000,0x00000000261c0000] [id=5008]

Stack: [0x00000000260c0000,0x00000000261c0000],  sp=0x00000000261bf1b8,  free space=1020k
Native frames: (J=compiled Java code, j=interpreted, Vv=VM code, C=native code)
C  0x000007fea4ab2499


siginfo: EXCEPTION_ACCESS_VIOLATION (0xc0000005), reading address 0x0000000000000ee0


Register to memory mapping:

RIP=0x000007fea4ab2499 points into unknown readable memory: ff a0 e0 0e 00 00 cc
RAX=0x0 is NULL
RBX=0x000007fecc5dc444 points into unknown readable memory: 04 00 00 00
RCX=0x0000000000000001 is an unknown value
RDX=0x000007fecc5dc438 points into unknown readable memory: 05 00 00 00 06 00 00 00
RSP=0x00000000261bf1b8 points into unknown readable memory: b0 90 55 cc fe 07 00 00
RBP=0x000007fecc5dc400 points into unknown readable memory: b3 1e 01 f5 ff ff ff ff
RSI=0x0000000000030000 points into unknown readable memory: 41 63 74 78 20 00 00 00
RDI=0x0 is NULL
R8 =0x0000000076fe0000 ntdll.dll
R9 =0x000000000000015e is an unknown value
R10=0x00000000c0000008 is an unknown value
R11=0x0000000000000246 is an unknown value
R12=0x000007fffffd6000 points into unknown readable memory: 00 00 00 08 00 00 00 00
R13=0x000007fffffaa000 points into unknown readable memory: 00 00 00 00 00 00 00 00
R14=0x0000000077117be0 ntdll.dll
R15=0x0000000077112670 ntdll.dll


Registers:
RAX=0x0000000000000000, RBX=0x000007fecc5dc444, RCX=0x0000000000000001, RDX=0x000007fecc5dc438
RSP=0x00000000261bf1b8, RBP=0x000007fecc5dc400, RSI=0x0000000000030000, RDI=0x0000000000000000
R8 =0x0000000076fe0000, R9 =0x000000000000015e, R10=0x00000000c0000008, R11=0x0000000000000246
R12=0x000007fffffd6000, R13=0x000007fffffaa000, R14=0x0000000077117be0, R15=0x0000000077112670
RIP=0x000007fea4ab2499, EFLAGS=0x0000000000010246

Top of Stack: (sp=0x00000000261bf1b8)
0x00000000261bf1b8:   000007fecc5590b0 0000000000000000
0x00000000261bf1c8:   000007fffffd6328 000007fffffd6000
0x00000000261bf1d8:   0000000000000000 00000000261bf5d0
0x00000000261bf1e8:   000007fecc55a624 0000000000000000
0x00000000261bf1f8:   0000000000030000 0000000000000000
0x00000000261bf208:   0000000000000001 000007fef6830000
0x00000000261bf218:   000007fef685752d 0000000000000000
0x00000000261bf228:   0000000000000000 00000000261bf228
0x00000000261bf238:   00000000261bf228 0000000000000001
0x00000000261bf248:   000007fef683c1ef 0000000000000001
0x00000000261bf258:   0000000000000003 000007fed1024248
0x00000000261bf268:   000007fefcfe4190 0000000000000000
0x00000000261bf278:   000007fef683c586 0000000076ec0000
0x00000000261bf288:   0000000000000000 0000000000080007
0x00000000261bf298:   000007fed1024248 0000000000000000
0x00000000261bf2a8:   000007fef690a1c3 0000000000000001 

Instructions: (pc=0x000007fea4ab2499)
0x000007fea4ab2479:   af af af af af af af c3 cc cc cc cc cc cc cc cc
0x000007fea4ab2489:   cc cc cc cc cc cc cc 65 48 8b 04 25 00 16 00 00
0x000007fea4ab2499:   ff a0 e0 0e 00 00 cc cc cc cc cc cc cc cc cc cc
0x000007fea4ab24a9:   cc cc cc cc cc cc cc cc cc cc cc cc cc cc cc cc 


Stack slot to memory mapping:
stack at sp + 0 slots: 0x000007fecc5590b0 points into unknown readable memory: 83 3b 00 74 0e 48 8b d3
stack at sp + 1 slots: 0x0 is NULL
stack at sp + 2 slots: 0x000007fffffd6328 points into unknown readable memory: 30 7c 13 00 00 00 00 00
stack at sp + 3 slots: 0x000007fffffd6000 points into unknown readable memory: 00 00 00 08 00 00 00 00
stack at sp + 4 slots: 0x0 is NULL
stack at sp + 5 slots: 0x00000000261bf5d0 points into unknown readable memory: 00 00 00 00 00 00 00 00
stack at sp + 6 slots: 0x000007fecc55a624 points into unknown readable memory: 48 8b d3 48
stack at sp + 7 slots: 0x0 is NULL

VM_Operation (0x000000002b87ac00): Exit, mode: safepoint, requested by thread 0x0000000028c2f000


---------------  P R O C E S S  ---------------

Threads class SMR info:
_java_thread_list=0x00000000290cda30, length=56, elements={
0x0000000026036000, 0x0000000026080000, 0x0000000026088000, 0x000000002608b800,
0x000000002608d800, 0x0000000027086000, 0x0000000027089000, 0x0000000027183800,
0x00000000271da000, 0x0000000028be5000, 0x00000000287ea000, 0x0000000028e25000,
0x00000000287e8800, 0x0000000028bb6800, 0x0000000028c0e800, 0x0000000028c2f000,
0x000000002d748000, 0x000000002d720800, 0x000000002d721000, 0x000000002d723000,
0x000000002d723800, 0x000000002d724800, 0x000000002dcf1000, 0x000000002dcf2000,
0x000000002dcf4800, 0x000000002dcf5000, 0x000000002dcf6000, 0x000000002dcf7000,
0x000000002dcf7800, 0x0000000031c2d000, 0x0000000031c2d800, 0x0000000031c2e800,
0x0000000031c2f800, 0x0000000031c30000, 0x0000000031c31000, 0x0000000031c31800,
0x0000000031c32800, 0x0000000031c33800, 0x000000002ff7e000, 0x000000002ff7f000,
0x000000002ff80000, 0x000000002ff80800, 0x000000002ff82800, 0x000000002ff83000,
0x000000002ff84000, 0x000000002ff85000, 0x0000000030827800, 0x0000000030828000,
0x000000002d71f000, 0x0000000030829800, 0x000000003082a800, 0x000000002fd03000,
0x00000000363a5000, 0x00000000363a8000, 0x00000000363a7800, 0x00000000363a5800
}

Java Threads: ( => current thread )
  0x0000000026036000 JavaThread "Reference Handler" daemon [_thread_blocked, id=11184, stack(0x0000000026dc0000,0x0000000026ec0000)]
  0x0000000026080000 JavaThread "Finalizer" daemon [_thread_blocked, id=11824, stack(0x0000000026f20000,0x0000000027020000)]
  0x0000000026088000 JavaThread "Signal Dispatcher" daemon [_thread_blocked, id=3620, stack(0x0000000027520000,0x0000000027620000)]
  0x000000002608b800 JavaThread "Attach Listener" daemon [_thread_blocked, id=4040, stack(0x0000000027790000,0x0000000027890000)]
  0x000000002608d800 JavaThread "C2 CompilerThread0" daemon [_thread_blocked, id=12008, stack(0x00000000279f0000,0x0000000027af0000)]
  0x0000000027086000 JavaThread "C1 CompilerThread0" daemon [_thread_blocked, id=8540, stack(0x0000000027b20000,0x0000000027c20000)]
  0x0000000027089000 JavaThread "Sweeper thread" daemon [_thread_blocked, id=10280, stack(0x00000000278e0000,0x00000000279e0000)]
  0x0000000027183800 JavaThread "Service Thread" daemon [_thread_blocked, id=8336, stack(0x0000000027c90000,0x0000000027d90000)]
  0x00000000271da000 JavaThread "Common-Cleaner" daemon [_thread_blocked, id=1612, stack(0x0000000027f90000,0x0000000028090000)]
  0x0000000028be5000 JavaThread "RxSchedulerPurge-1" daemon [_thread_blocked, id=12104, stack(0x000000002a230000,0x000000002a330000)]
  0x00000000287ea000 JavaThread "RxCachedWorkerPoolEvictor-1" daemon [_thread_blocked, id=12188, stack(0x000000002a900000,0x000000002aa00000)]
  0x0000000028e25000 JavaThread "RxComputationThreadPool-1" daemon [_thread_blocked, id=584, stack(0x000000002ab30000,0x000000002ac30000)]
  0x00000000287e8800 JavaThread "RxComputationThreadPool-2" daemon [_thread_blocked, id=11292, stack(0x000000002ac60000,0x000000002ad60000)]
  0x0000000028bb6800 JavaThread "Java2D Disposer" daemon [_thread_blocked, id=7968, stack(0x000000002aa10000,0x000000002ab10000)]
  0x0000000028c0e800 JavaThread "AWT-Shutdown" [_thread_blocked, id=8784, stack(0x000000002b310000,0x000000002b410000)]
  0x0000000028c2f000 JavaThread "AWT-EventQueue-0" [_thread_blocked, id=7380, stack(0x000000002b780000,0x000000002b880000)]
  0x000000002d748000 JavaThread "Okio Watchdog" daemon [_thread_blocked, id=5164, stack(0x000000002e860000,0x000000002e960000)]
  0x000000002d720800 JavaThread "pool-3-thread-1" [_thread_blocked, id=9888, stack(0x0000000032c10000,0x0000000032d10000)]
  0x000000002d721000 JavaThread "TimerQueue" daemon [_thread_blocked, id=6660, stack(0x0000000033000000,0x0000000033100000)]
  0x000000002d723000 JavaThread "pool-5-thread-1" [_thread_blocked, id=11496, stack(0x0000000033b10000,0x0000000033c10000)]
  0x000000002d723800 JavaThread "pool-6-thread-1" [_thread_blocked, id=3520, stack(0x0000000033d10000,0x0000000033e10000)]
  0x000000002d724800 JavaThread "pool-7-thread-1" [_thread_blocked, id=11312, stack(0x0000000033ea0000,0x0000000033fa0000)]
  0x000000002dcf1000 JavaThread "pool-8-thread-1" [_thread_blocked, id=10624, stack(0x00000000341e0000,0x00000000342e0000)]
  0x000000002dcf2000 JavaThread "RxComputationThreadPool-3" daemon [_thread_blocked, id=5212, stack(0x00000000344c0000,0x00000000345c0000)]
  0x000000002dcf4800 JavaThread "pool-9-thread-1" [_thread_blocked, id=4388, stack(0x0000000034370000,0x0000000034470000)]
  0x000000002dcf5000 JavaThread "RxComputationThreadPool-4" daemon [_thread_blocked, id=10772, stack(0x00000000349b0000,0x0000000034ab0000)]
  0x000000002dcf6000 JavaThread "pool-10-thread-1" [_thread_blocked, id=9960, stack(0x0000000034bd0000,0x0000000034cd0000)]
  0x000000002dcf7000 JavaThread "pool-11-thread-1" [_thread_blocked, id=8708, stack(0x0000000034e70000,0x0000000034f70000)]
  0x000000002dcf7800 JavaThread "pool-13-thread-1" [_thread_blocked, id=10328, stack(0x0000000033c10000,0x0000000033d10000)]
  0x0000000031c2d000 JavaThread "pool-15-thread-1" [_thread_blocked, id=10332, stack(0x0000000033540000,0x0000000033640000)]
  0x0000000031c2d800 JavaThread "pool-17-thread-1" [_thread_blocked, id=9040, stack(0x0000000034f80000,0x0000000035080000)]
  0x0000000031c2e800 JavaThread "pool-18-thread-1" [_thread_blocked, id=12076, stack(0x000000002f5f0000,0x000000002f6f0000)]
  0x0000000031c2f800 JavaThread "pool-18-thread-2" [_thread_blocked, id=8952, stack(0x000000002f870000,0x000000002f970000)]
  0x0000000031c30000 JavaThread "pool-18-thread-3" [_thread_blocked, id=11800, stack(0x000000002f9f0000,0x000000002faf0000)]
  0x0000000031c31000 JavaThread "pool-18-thread-4" [_thread_blocked, id=9600, stack(0x000000002f6f0000,0x000000002f7f0000)]
  0x0000000031c31800 JavaThread "pool-18-thread-5" [_thread_blocked, id=4696, stack(0x0000000034d10000,0x0000000034e10000)]
  0x0000000031c32800 JavaThread "pool-18-thread-6" [_thread_blocked, id=2224, stack(0x0000000035320000,0x0000000035420000)]
  0x0000000031c33800 JavaThread "pool-18-thread-7" [_thread_blocked, id=11204, stack(0x0000000035430000,0x0000000035530000)]
  0x000000002ff7e000 JavaThread "pool-18-thread-8" [_thread_blocked, id=2084, stack(0x0000000035550000,0x0000000035650000)]
  0x000000002ff7f000 JavaThread "Java Sound Event Dispatcher" daemon [_thread_blocked, id=8488, stack(0x00000000374f0000,0x00000000375f0000)]
  0x000000002ff80000 JavaThread "Direct Clip" daemon [_thread_blocked, id=2472, stack(0x0000000039230000,0x0000000039330000)]
  0x000000002ff80800 JavaThread "Direct Clip" daemon [_thread_blocked, id=11180, stack(0x0000000039440000,0x0000000039540000)]
  0x000000002ff82800 JavaThread "Thread-1" daemon [_thread_blocked, id=12260, stack(0x00000000372c0000,0x00000000373c0000)]
  0x000000002ff83000 JavaThread "Client" daemon [_thread_blocked, id=10276, stack(0x00000000358c0000,0x00000000359c0000)]
  0x000000002ff84000 JavaThread "Thread-3" daemon [_thread_blocked, id=11796, stack(0x0000000039750000,0x0000000039850000)]
  0x000000002ff85000 JavaThread "Substance heap status" daemon [_thread_blocked, id=3900, stack(0x0000000039af0000,0x0000000039bf0000)]
  0x0000000030827800 JavaThread "Thread-6" daemon [_thread_blocked, id=11964, stack(0x0000000039340000,0x0000000039440000)]
  0x0000000030828000 JavaThread "pool-22-thread-1" [_thread_blocked, id=10220, stack(0x00000000373c0000,0x00000000374c0000)]
  0x000000002d71f000 JavaThread "pool-23-thread-1" [_thread_blocked, id=10632, stack(0x0000000039fa0000,0x000000003a0a0000)]
  0x0000000030829800 JavaThread "Trident callback thread" daemon [_thread_blocked, id=8736, stack(0x000000003d170000,0x000000003d270000)]
  0x000000003082a800 JavaThread "Trident pulse source thread" daemon [_thread_blocked, id=11336, stack(0x0000000034ad0000,0x0000000034bd0000)]
  0x000000002fd03000 JavaThread "Thread-10" daemon [_thread_blocked, id=4476, stack(0x000000003fac0000,0x000000003fbc0000)]
  0x00000000363a5000 JavaThread "DestroyJavaVM" [_thread_blocked, id=6224, stack(0x0000000001f50000,0x0000000002050000)]
  0x00000000363a8000 JavaThread "Image Fetcher 0" daemon [_thread_blocked, id=8900, stack(0x000000002c890000,0x000000002c990000)]
  0x00000000363a7800 JavaThread "RxCachedThreadScheduler-4" daemon [_thread_blocked, id=9892, stack(0x000000002e4a0000,0x000000002e5a0000)]
  0x00000000363a5800 JavaThread "OkHttp TaskRunner" daemon [_thread_blocked, id=8804, stack(0x0000000030bc0000,0x0000000030cc0000)]

Other Threads:
=>0x0000000026032800 VMThread "VM Thread" [stack: 0x00000000260c0000,0x00000000261c0000] [id=5008]
  0x0000000000192800 GCTaskThread "GC Thread#0" [stack: 0x0000000019b90000,0x0000000019c90000] [id=9660]
  0x000000002876b800 GCTaskThread "GC Thread#1" [stack: 0x0000000029cd0000,0x0000000029dd0000] [id=11300]
  0x0000000028856800 GCTaskThread "GC Thread#2" [stack: 0x0000000029de0000,0x0000000029ee0000] [id=10660]
  0x0000000028857000 GCTaskThread "GC Thread#3" [stack: 0x0000000029f90000,0x000000002a090000] [id=1964]
  0x00000000001ee000 ConcurrentGCThread "G1 Main Marker" [stack: 0x0000000023840000,0x0000000023940000] [id=12148]
  0x00000000001ef000 ConcurrentGCThread "G1 Conc#0" [stack: 0x0000000023a60000,0x0000000023b60000] [id=10000]
  0x0000000025ea0800 ConcurrentGCThread "G1 Refine#0" [stack: 0x0000000026200000,0x0000000026300000] [id=3060]
  0x0000000027398000 ConcurrentGCThread "G1 Refine#1" [stack: 0x000000002a100000,0x000000002a200000] [id=11892]
  0x0000000028652800 ConcurrentGCThread "G1 Refine#2" [stack: 0x000000002a390000,0x000000002a490000] [id=4724]
  0x000000002381b000 ConcurrentGCThread "G1 Young RemSet Sampling" [stack: 0x00000000263f0000,0x00000000264f0000] [id=2856]

Threads with active compile tasks:

VM state:at safepoint (shutting down)

VM Mutex/Monitor currently owned by a thread:  ([mutex/lock_event])
[0x000000000017a050] Threads_lock - owner thread: 0x0000000026032800

Heap address: 0x0000000701600000, size: 4074 MB, Compressed Oops mode: Zero based, Oop shift amount: 3
Narrow klass base: 0x0000000800000000, Narrow klass shift: 0
Compressed class space size: 1073741824 Address: 0x0000000800000000

Heap:
 garbage-first heap   total 386048K, used 151223K [0x0000000701600000, 0x0000000800000000)
  region size 1024K, 28 young (28672K), 0 survivors (0K)
 Metaspace       used 111365K, capacity 114753K, committed 114852K, reserved 1150976K
  class space    used 11067K, capacity 12405K, committed 12452K, reserved 1048576K
Heap Regions: E=young(eden), S=young(survivor), O=old, HS=humongous(starts), HC=humongous(continues), CS=collection set, F=free, A=archive, TAMS=top-at-mark-start (previous, next)
|   0|0x0000000701600000, 0x00000007016f6210, 0x0000000701700000| 96%| O|  |TAMS 0x0000000701600000, 0x0000000701600000| Untracked 
|   1|0x0000000701700000, 0x0000000701800000, 0x0000000701800000|100%| O|  |TAMS 0x0000000701700000, 0x0000000701700000| Untracked 
|   2|0x0000000701800000, 0x00000007018fff80, 0x0000000701900000| 99%| O|  |TAMS 0x0000000701800000, 0x0000000701800000| Untracked 
|   3|0x0000000701900000, 0x00000007019fe800, 0x0000000701a00000| 99%| O|  |TAMS 0x0000000701900000, 0x0000000701900000| Untracked 
|   4|0x0000000701a00000, 0x0000000701affff8, 0x0000000701b00000| 99%| O|  |TAMS 0x0000000701a00000, 0x0000000701a00000| Untracked 
|   5|0x0000000701b00000, 0x0000000701bff698, 0x0000000701c00000| 99%| O|  |TAMS 0x0000000701b00000, 0x0000000701b00000| Untracked 
|   6|0x0000000701c00000, 0x0000000701cfffd8, 0x0000000701d00000| 99%| O|  |TAMS 0x0000000701c00000, 0x0000000701c00000| Untracked 
|   7|0x0000000701d00000, 0x0000000701dffff0, 0x0000000701e00000| 99%| O|  |TAMS 0x0000000701d00000, 0x0000000701d00000| Untracked 
|   8|0x0000000701e00000, 0x0000000701effff8, 0x0000000701f00000| 99%| O|  |TAMS 0x0000000701e00000, 0x0000000701e00000| Untracked 
|   9|0x0000000701f00000, 0x0000000701fe6eb8, 0x0000000702000000| 90%| O|  |TAMS 0x0000000701f00000, 0x0000000701f00000| Untracked 
|  10|0x0000000702000000, 0x00000007020fffd8, 0x0000000702100000| 99%| O|  |TAMS 0x0000000702000000, 0x0000000702000000| Untracked 
|  11|0x0000000702100000, 0x00000007021fffe0, 0x0000000702200000| 99%| O|  |TAMS 0x0000000702100000, 0x0000000702100000| Untracked 
|  12|0x0000000702200000, 0x00000007022fff98, 0x0000000702300000| 99%| O|  |TAMS 0x0000000702200000, 0x0000000702200000| Untracked 
|  13|0x0000000702300000, 0x00000007023ff848, 0x0000000702400000| 99%| O|  |TAMS 0x0000000702300000, 0x0000000702300000| Untracked 
|  14|0x0000000702400000, 0x00000007024ff9a0, 0x0000000702500000| 99%| O|  |TAMS 0x0000000702400000, 0x0000000702400000| Untracked 
|  15|0x0000000702500000, 0x00000007025fffe8, 0x0000000702600000| 99%| O|  |TAMS 0x0000000702500000, 0x0000000702500000| Untracked 
|  16|0x0000000702600000, 0x0000000702700000, 0x0000000702700000|100%| O|  |TAMS 0x0000000702600000, 0x0000000702600000| Untracked 
|  17|0x0000000702700000, 0x00000007027ffd60, 0x0000000702800000| 99%| O|  |TAMS 0x0000000702700000, 0x0000000702700000| Untracked 
|  18|0x0000000702800000, 0x00000007028fffd8, 0x0000000702900000| 99%| O|  |TAMS 0x0000000702800000, 0x0000000702800000| Untracked 
|  19|0x0000000702900000, 0x00000007029d35b8, 0x0000000702a00000| 82%| O|  |TAMS 0x0000000702900000, 0x0000000702900000| Untracked 
|  20|0x0000000702a00000, 0x0000000702affff8, 0x0000000702b00000| 99%| O|  |TAMS 0x0000000702a00000, 0x0000000702a00000| Untracked 
|  21|0x0000000702b00000, 0x0000000702bffff8, 0x0000000702c00000| 99%| O|  |TAMS 0x0000000702b00000, 0x0000000702b00000| Untracked 
|  22|0x0000000702c00000, 0x0000000702cffff0, 0x0000000702d00000| 99%| O|  |TAMS 0x0000000702c00000, 0x0000000702c00000| Untracked 
|  23|0x0000000702d00000, 0x0000000702dffff0, 0x0000000702e00000| 99%| O|  |TAMS 0x0000000702d00000, 0x0000000702d00000| Untracked 
|  24|0x0000000702e00000, 0x0000000702f00000, 0x0000000702f00000|100%|HS|  |TAMS 0x0000000702e00000, 0x0000000702e00000| Untracked 
|  25|0x0000000702f00000, 0x0000000703000000, 0x0000000703000000|100%|HC|  |TAMS 0x0000000702f00000, 0x0000000702f00000| Untracked 
|  26|0x0000000703000000, 0x00000007030ff338, 0x0000000703100000| 99%| O|  |TAMS 0x0000000703000000, 0x0000000703000000| Untracked 
|  27|0x0000000703100000, 0x00000007031fffe0, 0x0000000703200000| 99%| O|  |TAMS 0x0000000703100000, 0x0000000703100000| Untracked 
|  28|0x0000000703200000, 0x0000000703300000, 0x0000000703300000|100%|HS|  |TAMS 0x0000000703200000, 0x0000000703200000| Untracked 
|  29|0x0000000703300000, 0x0000000703400000, 0x0000000703400000|100%|HC|  |TAMS 0x0000000703300000, 0x0000000703300000| Untracked 
|  30|0x0000000703400000, 0x00000007034ffff8, 0x0000000703500000| 99%| O|  |TAMS 0x0000000703400000, 0x0000000703400000| Untracked 
|  31|0x0000000703500000, 0x00000007035fffe8, 0x0000000703600000| 99%| O|  |TAMS 0x0000000703500000, 0x0000000703500000| Untracked 
|  32|0x0000000703600000, 0x00000007036ffff8, 0x0000000703700000| 99%| O|  |TAMS 0x0000000703600000, 0x0000000703600000| Untracked 
|  33|0x0000000703700000, 0x0000000703800000, 0x0000000703800000|100%| O|  |TAMS 0x0000000703700000, 0x0000000703700000| Untracked 
|  34|0x0000000703800000, 0x00000007038fffc8, 0x0000000703900000| 99%| O|  |TAMS 0x0000000703800000, 0x0000000703800000| Untracked 
|  35|0x0000000703900000, 0x00000007039fff60, 0x0000000703a00000| 99%| O|  |TAMS 0x0000000703900000, 0x0000000703900000| Untracked 
|  36|0x0000000703a00000, 0x0000000703b00000, 0x0000000703b00000|100%| O|  |TAMS 0x0000000703a00000, 0x0000000703a00000| Untracked 
|  37|0x0000000703b00000, 0x0000000703bfff70, 0x0000000703c00000| 99%| O|  |TAMS 0x0000000703b00000, 0x0000000703b00000| Untracked 
|  38|0x0000000703c00000, 0x0000000703cfff88, 0x0000000703d00000| 99%| O|  |TAMS 0x0000000703c00000, 0x0000000703c00000| Untracked 
|  39|0x0000000703d00000, 0x0000000703dfffd0, 0x0000000703e00000| 99%| O|  |TAMS 0x0000000703d00000, 0x0000000703d00000| Untracked 
|  40|0x0000000703e00000, 0x0000000703effff8, 0x0000000703f00000| 99%| O|  |TAMS 0x0000000703e00000, 0x0000000703e00000| Untracked 
|  41|0x0000000703f00000, 0x0000000703ffffd0, 0x0000000704000000| 99%| O|  |TAMS 0x0000000703f00000, 0x0000000703f00000| Untracked 
|  42|0x0000000704000000, 0x00000007040ffff8, 0x0000000704100000| 99%| O|  |TAMS 0x0000000704000000, 0x0000000704000000| Untracked 
|  43|0x0000000704100000, 0x00000007041fff90, 0x0000000704200000| 99%| O|  |TAMS 0x0000000704100000, 0x0000000704100000| Untracked 
|  44|0x0000000704200000, 0x00000007042fee58, 0x0000000704300000| 99%| O|  |TAMS 0x0000000704200000, 0x0000000704200000| Untracked 
|  45|0x0000000704300000, 0x00000007043fffe8, 0x0000000704400000| 99%| O|  |TAMS 0x0000000704300000, 0x0000000704300000| Untracked 
|  46|0x0000000704400000, 0x00000007044ffff8, 0x0000000704500000| 99%| O|  |TAMS 0x0000000704400000, 0x0000000704400000| Untracked 
|  47|0x0000000704500000, 0x00000007045ffee0, 0x0000000704600000| 99%| O|  |TAMS 0x0000000704500000, 0x0000000704500000| Untracked 
|  48|0x0000000704600000, 0x00000007046ffff8, 0x0000000704700000| 99%| O|  |TAMS 0x0000000704600000, 0x0000000704600000| Untracked 
|  49|0x0000000704700000, 0x00000007047fffe0, 0x0000000704800000| 99%| O|  |TAMS 0x0000000704700000, 0x0000000704700000| Untracked 
|  50|0x0000000704800000, 0x00000007048fffb0, 0x0000000704900000| 99%| O|  |TAMS 0x0000000704800000, 0x0000000704800000| Untracked 
|  51|0x0000000704900000, 0x00000007049fff70, 0x0000000704a00000| 99%| O|  |TAMS 0x0000000704900000, 0x0000000704900000| Untracked 
|  52|0x0000000704a00000, 0x0000000704b00000, 0x0000000704b00000|100%| O|  |TAMS 0x0000000704a00000, 0x0000000704a00000| Untracked 
|  53|0x0000000704b00000, 0x0000000704bffff0, 0x0000000704c00000| 99%| O|  |TAMS 0x0000000704b00000, 0x0000000704b00000| Untracked 
|  54|0x0000000704c00000, 0x0000000704cfffc0, 0x0000000704d00000| 99%| O|  |TAMS 0x0000000704c00000, 0x0000000704c00000| Untracked 
|  55|0x0000000704d00000, 0x0000000704dfffe0, 0x0000000704e00000| 99%| O|  |TAMS 0x0000000704d00000, 0x0000000704d00000| Untracked 
|  56|0x0000000704e00000, 0x0000000704effa50, 0x0000000704f00000| 99%| O|  |TAMS 0x0000000704e00000, 0x0000000704e00000| Untracked 
|  57|0x0000000704f00000, 0x0000000705000000, 0x0000000705000000|100%| O|  |TAMS 0x0000000704f00000, 0x0000000704f00000| Untracked 
|  58|0x0000000705000000, 0x00000007050fe9c8, 0x0000000705100000| 99%| O|  |TAMS 0x0000000705000000, 0x0000000705000000| Untracked 
|  59|0x0000000705100000, 0x00000007051ffff0, 0x0000000705200000| 99%| O|  |TAMS 0x0000000705100000, 0x0000000705100000| Untracked 
|  60|0x0000000705200000, 0x00000007052fffd8, 0x0000000705300000| 99%| O|  |TAMS 0x0000000705200000, 0x0000000705200000| Untracked 
|  61|0x0000000705300000, 0x00000007053ffff0, 0x0000000705400000| 99%| O|  |TAMS 0x0000000705300000, 0x0000000705300000| Untracked 
|  62|0x0000000705400000, 0x00000007054ffff8, 0x0000000705500000| 99%| O|  |TAMS 0x0000000705400000, 0x0000000705400000| Untracked 
|  63|0x0000000705500000, 0x00000007055fffe8, 0x0000000705600000| 99%| O|  |TAMS 0x0000000705500000, 0x0000000705500000| Untracked 
|  64|0x0000000705600000, 0x00000007056fc918, 0x0000000705700000| 98%| O|  |TAMS 0x0000000705600000, 0x0000000705600000| Untracked 
|  65|0x0000000705700000, 0x0000000705800000, 0x0000000705800000|100%| O|  |TAMS 0x0000000705700000, 0x0000000705700000| Untracked 
|  66|0x0000000705800000, 0x00000007058ffff0, 0x0000000705900000| 99%| O|  |TAMS 0x0000000705800000, 0x0000000705800000| Untracked 
|  67|0x0000000705900000, 0x00000007059fff60, 0x0000000705a00000| 99%| O|  |TAMS 0x0000000705900000, 0x0000000705900000| Untracked 
|  68|0x0000000705a00000, 0x0000000705affff8, 0x0000000705b00000| 99%| O|  |TAMS 0x0000000705a00000, 0x0000000705a00000| Untracked 
|  69|0x0000000705b00000, 0x0000000705bffff8, 0x0000000705c00000| 99%| O|  |TAMS 0x0000000705b00000, 0x0000000705b00000| Untracked 
|  70|0x0000000705c00000, 0x0000000705cffff8, 0x0000000705d00000| 99%| O|  |TAMS 0x0000000705c00000, 0x0000000705c00000| Untracked 
|  71|0x0000000705d00000, 0x0000000705dffed0, 0x0000000705e00000| 99%| O|  |TAMS 0x0000000705d00000, 0x0000000705d00000| Untracked 
|  72|0x0000000705e00000, 0x0000000705effff8, 0x0000000705f00000| 99%| O|  |TAMS 0x0000000705e00000, 0x0000000705e00000| Untracked 
|  73|0x0000000705f00000, 0x0000000705ffebc8, 0x0000000706000000| 99%| O|  |TAMS 0x0000000705f00000, 0x0000000705f00000| Untracked 
|  74|0x0000000706000000, 0x00000007060fffe8, 0x0000000706100000| 99%| O|  |TAMS 0x0000000706000000, 0x0000000706000000| Untracked 
|  75|0x0000000706100000, 0x00000007061ffff0, 0x0000000706200000| 99%| O|  |TAMS 0x0000000706100000, 0x0000000706100000| Untracked 
|  76|0x0000000706200000, 0x00000007062fffe8, 0x0000000706300000| 99%| O|  |TAMS 0x0000000706200000, 0x0000000706200000| Untracked 
|  77|0x0000000706300000, 0x00000007063fffd8, 0x0000000706400000| 99%| O|  |TAMS 0x0000000706300000, 0x0000000706300000| Untracked 
|  78|0x0000000706400000, 0x0000000706500000, 0x0000000706500000|100%| O|  |TAMS 0x0000000706400000, 0x0000000706400000| Untracked 
|  79|0x0000000706500000, 0x00000007065fffe0, 0x0000000706600000| 99%| O|  |TAMS 0x0000000706500000, 0x0000000706500000| Untracked 
|  80|0x0000000706600000, 0x00000007066ffff8, 0x0000000706700000| 99%| O|  |TAMS 0x0000000706600000, 0x0000000706600000| Untracked 
|  81|0x0000000706700000, 0x00000007067ffff8, 0x0000000706800000| 99%| O|  |TAMS 0x0000000706700000, 0x0000000706700000| Untracked 
|  82|0x0000000706800000, 0x00000007068fffe8, 0x0000000706900000| 99%| O|  |TAMS 0x0000000706800000, 0x0000000706800000| Untracked 
|  83|0x0000000706900000, 0x0000000706a00000, 0x0000000706a00000|100%| O|  |TAMS 0x0000000706900000, 0x0000000706900000| Untracked 
|  84|0x0000000706a00000, 0x0000000706affff0, 0x0000000706b00000| 99%| O|  |TAMS 0x0000000706a00000, 0x0000000706a00000| Untracked 
|  85|0x0000000706b00000, 0x0000000706bffed0, 0x0000000706c00000| 99%| O|  |TAMS 0x0000000706b00000, 0x0000000706b00000| Untracked 
|  86|0x0000000706c00000, 0x0000000706cfffc0, 0x0000000706d00000| 99%| O|  |TAMS 0x0000000706c00000, 0x0000000706c00000| Untracked 
|  87|0x0000000706d00000, 0x0000000706dffff8, 0x0000000706e00000| 99%| O|  |TAMS 0x0000000706d00000, 0x0000000706d00000| Untracked 
|  88|0x0000000706e00000, 0x0000000706f00000, 0x0000000706f00000|100%| O|  |TAMS 0x0000000706e00000, 0x0000000706e00000| Untracked 
|  89|0x0000000706f00000, 0x0000000706f0b988, 0x0000000707000000|  4%| O|  |TAMS 0x0000000706f00000, 0x0000000706f00000| Untracked 
|  90|0x0000000707000000, 0x0000000707100000, 0x0000000707100000|100%|HS|  |TAMS 0x0000000707000000, 0x0000000707000000| Complete 
|  91|0x0000000707100000, 0x0000000707200000, 0x0000000707200000|100%|HS|  |TAMS 0x0000000707100000, 0x0000000707100000| Untracked 
|  92|0x0000000707200000, 0x0000000707300000, 0x0000000707300000|100%|HC|  |TAMS 0x0000000707200000, 0x0000000707200000| Untracked 
|  93|0x0000000707300000, 0x0000000707400000, 0x0000000707400000|100%|HS|  |TAMS 0x0000000707300000, 0x0000000707300000| Complete 
|  94|0x0000000707400000, 0x00000007074fffe8, 0x0000000707500000| 99%| O|  |TAMS 0x0000000707400000, 0x0000000707400000| Untracked 
|  95|0x0000000707500000, 0x00000007075fffd8, 0x0000000707600000| 99%| O|  |TAMS 0x0000000707500000, 0x0000000707500000| Untracked 
|  96|0x0000000707600000, 0x00000007076ffff8, 0x0000000707700000| 99%| O|  |TAMS 0x0000000707600000, 0x0000000707600000| Untracked 
|  97|0x0000000707700000, 0x0000000707800000, 0x0000000707800000|100%|HS|  |TAMS 0x0000000707700000, 0x0000000707700000| Complete 
|  98|0x0000000707800000, 0x00000007078fffd0, 0x0000000707900000| 99%| O|  |TAMS 0x0000000707800000, 0x0000000707800000| Untracked 
|  99|0x0000000707900000, 0x00000007079fffb8, 0x0000000707a00000| 99%| O|  |TAMS 0x0000000707900000, 0x0000000707900000| Untracked 
| 100|0x0000000707a00000, 0x0000000707afffe0, 0x0000000707b00000| 99%| O|  |TAMS 0x0000000707a00000, 0x0000000707a00000| Untracked 
| 101|0x0000000707b00000, 0x0000000707c00000, 0x0000000707c00000|100%| O|  |TAMS 0x0000000707b00000, 0x0000000707b00000| Untracked 
| 102|0x0000000707c00000, 0x0000000707c00000, 0x0000000707d00000|  0%| F|  |TAMS 0x0000000707c00000, 0x0000000707c00000| Untracked 
| 103|0x0000000707d00000, 0x0000000707dffdf8, 0x0000000707e00000| 99%| O|  |TAMS 0x0000000707d00000, 0x0000000707d00000| Untracked 
| 104|0x0000000707e00000, 0x0000000707efffe8, 0x0000000707f00000| 99%| O|  |TAMS 0x0000000707e00000, 0x0000000707e00000| Untracked 
| 105|0x0000000707f00000, 0x0000000707f00000, 0x0000000708000000|  0%| F|  |TAMS 0x0000000707f00000, 0x0000000707f00000| Untracked 
| 106|0x0000000708000000, 0x00000007080fffe8, 0x0000000708100000| 99%| O|  |TAMS 0x0000000708000000, 0x0000000708000000| Untracked 
| 107|0x0000000708100000, 0x00000007081fffd0, 0x0000000708200000| 99%| O|  |TAMS 0x0000000708100000, 0x0000000708100000| Untracked 
| 108|0x0000000708200000, 0x00000007082567f8, 0x0000000708300000| 33%| O|  |TAMS 0x0000000708200000, 0x0000000708200000| Untracked 
| 109|0x0000000708300000, 0x00000007083bb0c0, 0x0000000708400000| 73%| O|  |TAMS 0x0000000708300000, 0x0000000708300000| Untracked 
| 110|0x0000000708400000, 0x0000000708400000, 0x0000000708500000|  0%| F|  |TAMS 0x0000000708400000, 0x0000000708400000| Untracked 
| 111|0x0000000708500000, 0x0000000708500000, 0x0000000708600000|  0%| F|  |TAMS 0x0000000708500000, 0x0000000708500000| Untracked 
| 112|0x0000000708600000, 0x00000007086ecc98, 0x0000000708700000| 92%| O|  |TAMS 0x0000000708600000, 0x0000000708600000| Untracked 
| 113|0x0000000708700000, 0x0000000708800000, 0x0000000708800000|100%|HS|  |TAMS 0x0000000708700000, 0x0000000708700000| Complete 
| 114|0x0000000708800000, 0x0000000708900000, 0x0000000708900000|100%|HC|  |TAMS 0x0000000708800000, 0x0000000708800000| Complete 
| 115|0x0000000708900000, 0x0000000708a00000, 0x0000000708a00000|100%|HC|  |TAMS 0x0000000708900000, 0x0000000708900000| Complete 
| 116|0x0000000708a00000, 0x0000000708b00000, 0x0000000708b00000|100%|HC|  |TAMS 0x0000000708a00000, 0x0000000708a00000| Complete 
| 117|0x0000000708b00000, 0x0000000708c00000, 0x0000000708c00000|100%|HC|  |TAMS 0x0000000708b00000, 0x0000000708b00000| Complete 
| 118|0x0000000708c00000, 0x0000000708d00000, 0x0000000708d00000|100%|HC|  |TAMS 0x0000000708c00000, 0x0000000708c00000| Complete 
| 119|0x0000000708d00000, 0x0000000708e00000, 0x0000000708e00000|100%|HC|  |TAMS 0x0000000708d00000, 0x0000000708d00000| Complete 
| 120|0x0000000708e00000, 0x0000000708f00000, 0x0000000708f00000|100%|HC|  |TAMS 0x0000000708e00000, 0x0000000708e00000| Complete 
| 121|0x0000000708f00000, 0x0000000708f00000, 0x0000000709000000|  0%| F|  |TAMS 0x0000000708f00000, 0x0000000708f00000| Untracked 
| 122|0x0000000709000000, 0x0000000709000000, 0x0000000709100000|  0%| F|  |TAMS 0x0000000709000000, 0x0000000709000000| Untracked 
| 123|0x0000000709100000, 0x0000000709100000, 0x0000000709200000|  0%| F|  |TAMS 0x0000000709100000, 0x0000000709100000| Untracked 
| 124|0x0000000709200000, 0x0000000709200000, 0x0000000709300000|  0%| F|  |TAMS 0x0000000709200000, 0x0000000709200000| Untracked 
| 125|0x0000000709300000, 0x0000000709300000, 0x0000000709400000|  0%| F|  |TAMS 0x0000000709300000, 0x0000000709300000| Untracked 
| 126|0x0000000709400000, 0x0000000709400000, 0x0000000709500000|  0%| F|  |TAMS 0x0000000709400000, 0x0000000709400000| Untracked 
| 127|0x0000000709500000, 0x0000000709500000, 0x0000000709600000|  0%| F|  |TAMS 0x0000000709500000, 0x0000000709500000| Untracked 
| 128|0x0000000709600000, 0x0000000709600000, 0x0000000709700000|  0%| F|  |TAMS 0x0000000709600000, 0x0000000709600000| Untracked 
| 129|0x0000000709700000, 0x0000000709700000, 0x0000000709800000|  0%| F|  |TAMS 0x0000000709700000, 0x0000000709700000| Untracked 
| 130|0x0000000709800000, 0x0000000709800000, 0x0000000709900000|  0%| F|  |TAMS 0x0000000709800000, 0x0000000709800000| Untracked 
| 131|0x0000000709900000, 0x0000000709900000, 0x0000000709a00000|  0%| F|  |TAMS 0x0000000709900000, 0x0000000709900000| Untracked 
| 132|0x0000000709a00000, 0x0000000709a00000, 0x0000000709b00000|  0%| F|  |TAMS 0x0000000709a00000, 0x0000000709a00000| Untracked 
| 133|0x0000000709b00000, 0x0000000709b00000, 0x0000000709c00000|  0%| F|  |TAMS 0x0000000709b00000, 0x0000000709b00000| Untracked 
| 134|0x0000000709c00000, 0x0000000709c00000, 0x0000000709d00000|  0%| F|  |TAMS 0x0000000709c00000, 0x0000000709c00000| Untracked 
| 135|0x0000000709d00000, 0x0000000709d00000, 0x0000000709e00000|  0%| F|  |TAMS 0x0000000709d00000, 0x0000000709d00000| Untracked 
| 136|0x0000000709e00000, 0x0000000709e00000, 0x0000000709f00000|  0%| F|  |TAMS 0x0000000709e00000, 0x0000000709e00000| Untracked 
| 137|0x0000000709f00000, 0x0000000709f00000, 0x000000070a000000|  0%| F|  |TAMS 0x0000000709f00000, 0x0000000709f00000| Untracked 
| 138|0x000000070a000000, 0x000000070a000000, 0x000000070a100000|  0%| F|  |TAMS 0x000000070a000000, 0x000000070a000000| Untracked 
| 139|0x000000070a100000, 0x000000070a100000, 0x000000070a200000|  0%| F|  |TAMS 0x000000070a100000, 0x000000070a100000| Untracked 
| 140|0x000000070a200000, 0x000000070a200000, 0x000000070a300000|  0%| F|  |TAMS 0x000000070a200000, 0x000000070a200000| Untracked 
| 141|0x000000070a300000, 0x000000070a300000, 0x000000070a400000|  0%| F|  |TAMS 0x000000070a300000, 0x000000070a300000| Untracked 
| 142|0x000000070a400000, 0x000000070a400000, 0x000000070a500000|  0%| F|  |TAMS 0x000000070a400000, 0x000000070a400000| Untracked 
| 143|0x000000070a500000, 0x000000070a500000, 0x000000070a600000|  0%| F|  |TAMS 0x000000070a500000, 0x000000070a500000| Untracked 
| 144|0x000000070a600000, 0x000000070a600000, 0x000000070a700000|  0%| F|  |TAMS 0x000000070a600000, 0x000000070a600000| Untracked 
| 145|0x000000070a700000, 0x000000070a700000, 0x000000070a800000|  0%| F|  |TAMS 0x000000070a700000, 0x000000070a700000| Untracked 
| 146|0x000000070a800000, 0x000000070a800000, 0x000000070a900000|  0%| F|  |TAMS 0x000000070a800000, 0x000000070a800000| Untracked 
| 147|0x000000070a900000, 0x000000070a900000, 0x000000070aa00000|  0%| F|  |TAMS 0x000000070a900000, 0x000000070a900000| Untracked 
| 148|0x000000070aa00000, 0x000000070aa00000, 0x000000070ab00000|  0%| F|  |TAMS 0x000000070aa00000, 0x000000070aa00000| Untracked 
| 149|0x000000070ab00000, 0x000000070ab00000, 0x000000070ac00000|  0%| F|  |TAMS 0x000000070ab00000, 0x000000070ab00000| Untracked 
| 150|0x000000070ac00000, 0x000000070ac00000, 0x000000070ad00000|  0%| F|  |TAMS 0x000000070ac00000, 0x000000070ac00000| Untracked 
| 151|0x000000070ad00000, 0x000000070ad00000, 0x000000070ae00000|  0%| F|  |TAMS 0x000000070ad00000, 0x000000070ad00000| Untracked 
| 152|0x000000070ae00000, 0x000000070ae00000, 0x000000070af00000|  0%| F|  |TAMS 0x000000070ae00000, 0x000000070ae00000| Untracked 
| 153|0x000000070af00000, 0x000000070af00000, 0x000000070b000000|  0%| F|  |TAMS 0x000000070af00000, 0x000000070af00000| Untracked 
| 154|0x000000070b000000, 0x000000070b000000, 0x000000070b100000|  0%| F|  |TAMS 0x000000070b000000, 0x000000070b000000| Untracked 
| 155|0x000000070b100000, 0x000000070b100000, 0x000000070b200000|  0%| F|  |TAMS 0x000000070b100000, 0x000000070b100000| Untracked 
| 156|0x000000070b200000, 0x000000070b200000, 0x000000070b300000|  0%| F|  |TAMS 0x000000070b200000, 0x000000070b200000| Untracked 
| 157|0x000000070b300000, 0x000000070b300000, 0x000000070b400000|  0%| F|  |TAMS 0x000000070b300000, 0x000000070b300000| Untracked 
| 158|0x000000070b400000, 0x000000070b400000, 0x000000070b500000|  0%| F|  |TAMS 0x000000070b400000, 0x000000070b400000| Untracked 
| 159|0x000000070b500000, 0x000000070b500000, 0x000000070b600000|  0%| F|  |TAMS 0x000000070b500000, 0x000000070b500000| Untracked 
| 160|0x000000070b600000, 0x000000070b600000, 0x000000070b700000|  0%| F|  |TAMS 0x000000070b600000, 0x000000070b600000| Untracked 
| 161|0x000000070b700000, 0x000000070b700000, 0x000000070b800000|  0%| F|  |TAMS 0x000000070b700000, 0x000000070b700000| Untracked 
| 162|0x000000070b800000, 0x000000070b900000, 0x000000070b900000|100%|HS|  |TAMS 0x000000070b800000, 0x000000070b800000| Untracked 
| 163|0x000000070b900000, 0x000000070b900000, 0x000000070ba00000|  0%| F|  |TAMS 0x000000070b900000, 0x000000070b900000| Untracked 
| 164|0x000000070ba00000, 0x000000070ba00000, 0x000000070bb00000|  0%| F|  |TAMS 0x000000070ba00000, 0x000000070ba00000| Untracked 
| 165|0x000000070bb00000, 0x000000070bb00000, 0x000000070bc00000|  0%| F|  |TAMS 0x000000070bb00000, 0x000000070bb00000| Untracked 
| 166|0x000000070bc00000, 0x000000070bc00000, 0x000000070bd00000|  0%| F|  |TAMS 0x000000070bc00000, 0x000000070bc00000| Untracked 
| 167|0x000000070bd00000, 0x000000070bd00000, 0x000000070be00000|  0%| F|  |TAMS 0x000000070bd00000, 0x000000070bd00000| Untracked 
| 168|0x000000070be00000, 0x000000070be00000, 0x000000070bf00000|  0%| F|  |TAMS 0x000000070be00000, 0x000000070be00000| Untracked 
| 169|0x000000070bf00000, 0x000000070bf00000, 0x000000070c000000|  0%| F|  |TAMS 0x000000070bf00000, 0x000000070bf00000| Untracked 
| 170|0x000000070c000000, 0x000000070c000000, 0x000000070c100000|  0%| F|  |TAMS 0x000000070c000000, 0x000000070c000000| Untracked 
| 171|0x000000070c100000, 0x000000070c200000, 0x000000070c200000|100%|HS|  |TAMS 0x000000070c100000, 0x000000070c100000| Untracked 
| 172|0x000000070c200000, 0x000000070c300000, 0x000000070c300000|100%|HC|  |TAMS 0x000000070c200000, 0x000000070c200000| Untracked 
| 173|0x000000070c300000, 0x000000070c400000, 0x000000070c400000|100%|HC|  |TAMS 0x000000070c300000, 0x000000070c300000| Untracked 
| 174|0x000000070c400000, 0x000000070c500000, 0x000000070c500000|100%|HC|  |TAMS 0x000000070c400000, 0x000000070c400000| Untracked 
| 175|0x000000070c500000, 0x000000070c600000, 0x000000070c600000|100%|HC|  |TAMS 0x000000070c500000, 0x000000070c500000| Untracked 
| 176|0x000000070c600000, 0x000000070c700000, 0x000000070c700000|100%|HC|  |TAMS 0x000000070c600000, 0x000000070c600000| Untracked 
| 177|0x000000070c700000, 0x000000070c700000, 0x000000070c800000|  0%| F|  |TAMS 0x000000070c700000, 0x000000070c700000| Untracked 
| 178|0x000000070c800000, 0x000000070c800000, 0x000000070c900000|  0%| F|  |TAMS 0x000000070c800000, 0x000000070c800000| Untracked 
| 179|0x000000070c900000, 0x000000070c900000, 0x000000070ca00000|  0%| F|  |TAMS 0x000000070c900000, 0x000000070c900000| Untracked 
| 180|0x000000070ca00000, 0x000000070ca00000, 0x000000070cb00000|  0%| F|  |TAMS 0x000000070ca00000, 0x000000070ca00000| Untracked 
| 181|0x000000070cb00000, 0x000000070cb00000, 0x000000070cc00000|  0%| F|  |TAMS 0x000000070cb00000, 0x000000070cb00000| Untracked 
| 182|0x000000070cc00000, 0x000000070cc00000, 0x000000070cd00000|  0%| F|  |TAMS 0x000000070cc00000, 0x000000070cc00000| Untracked 
| 183|0x000000070cd00000, 0x000000070cd00000, 0x000000070ce00000|  0%| F|  |TAMS 0x000000070cd00000, 0x000000070cd00000| Untracked 
| 184|0x000000070ce00000, 0x000000070ce00000, 0x000000070cf00000|  0%| F|  |TAMS 0x000000070ce00000, 0x000000070ce00000| Untracked 
| 185|0x000000070cf00000, 0x000000070cf00000, 0x000000070d000000|  0%| F|  |TAMS 0x000000070cf00000, 0x000000070cf00000| Untracked 
| 186|0x000000070d000000, 0x000000070d000000, 0x000000070d100000|  0%| F|  |TAMS 0x000000070d000000, 0x000000070d000000| Untracked 
| 187|0x000000070d100000, 0x000000070d100000, 0x000000070d200000|  0%| F|  |TAMS 0x000000070d100000, 0x000000070d100000| Untracked 
| 188|0x000000070d200000, 0x000000070d200000, 0x000000070d300000|  0%| F|  |TAMS 0x000000070d200000, 0x000000070d200000| Untracked 
| 189|0x000000070d300000, 0x000000070d300000, 0x000000070d400000|  0%| F|  |TAMS 0x000000070d300000, 0x000000070d300000| Untracked 
| 190|0x000000070d400000, 0x000000070d400000, 0x000000070d500000|  0%| F|  |TAMS 0x000000070d400000, 0x000000070d400000| Untracked 
| 191|0x000000070d500000, 0x000000070d500000, 0x000000070d600000|  0%| F|  |TAMS 0x000000070d500000, 0x000000070d500000| Untracked 
| 192|0x000000070d600000, 0x000000070d600000, 0x000000070d700000|  0%| F|  |TAMS 0x000000070d600000, 0x000000070d600000| Untracked 
| 193|0x000000070d700000, 0x000000070d700000, 0x000000070d800000|  0%| F|  |TAMS 0x000000070d700000, 0x000000070d700000| Untracked 
| 194|0x000000070d800000, 0x000000070d800000, 0x000000070d900000|  0%| F|  |TAMS 0x000000070d800000, 0x000000070d800000| Untracked 
| 195|0x000000070d900000, 0x000000070d900000, 0x000000070da00000|  0%| F|  |TAMS 0x000000070d900000, 0x000000070d900000| Untracked 
| 196|0x000000070da00000, 0x000000070da00000, 0x000000070db00000|  0%| F|  |TAMS 0x000000070da00000, 0x000000070da00000| Untracked 
| 197|0x000000070db00000, 0x000000070db00000, 0x000000070dc00000|  0%| F|  |TAMS 0x000000070db00000, 0x000000070db00000| Untracked 
| 198|0x000000070dc00000, 0x000000070dc00000, 0x000000070dd00000|  0%| F|  |TAMS 0x000000070dc00000, 0x000000070dc00000| Untracked 
| 199|0x000000070dd00000, 0x000000070dd00000, 0x000000070de00000|  0%| F|  |TAMS 0x000000070dd00000, 0x000000070dd00000| Untracked 
| 200|0x000000070de00000, 0x000000070de00000, 0x000000070df00000|  0%| F|  |TAMS 0x000000070de00000, 0x000000070de00000| Untracked 
| 201|0x000000070df00000, 0x000000070df00000, 0x000000070e000000|  0%| F|  |TAMS 0x000000070df00000, 0x000000070df00000| Untracked 
| 202|0x000000070e000000, 0x000000070e000000, 0x000000070e100000|  0%| F|  |TAMS 0x000000070e000000, 0x000000070e000000| Untracked 
| 203|0x000000070e100000, 0x000000070e100000, 0x000000070e200000|  0%| F|  |TAMS 0x000000070e100000, 0x000000070e100000| Untracked 
| 204|0x000000070e200000, 0x000000070e200000, 0x000000070e300000|  0%| F|  |TAMS 0x000000070e200000, 0x000000070e200000| Untracked 
| 205|0x000000070e300000, 0x000000070e300000, 0x000000070e400000|  0%| F|  |TAMS 0x000000070e300000, 0x000000070e300000| Untracked 
| 206|0x000000070e400000, 0x000000070e400000, 0x000000070e500000|  0%| F|  |TAMS 0x000000070e400000, 0x000000070e400000| Untracked 
| 207|0x000000070e500000, 0x000000070e500000, 0x000000070e600000|  0%| F|  |TAMS 0x000000070e500000, 0x000000070e500000| Untracked 
| 208|0x000000070e600000, 0x000000070e600000, 0x000000070e700000|  0%| F|  |TAMS 0x000000070e600000, 0x000000070e600000| Untracked 
| 209|0x000000070e700000, 0x000000070e700000, 0x000000070e800000|  0%| F|  |TAMS 0x000000070e700000, 0x000000070e700000| Untracked 
| 210|0x000000070e800000, 0x000000070e800000, 0x000000070e900000|  0%| F|  |TAMS 0x000000070e800000, 0x000000070e800000| Untracked 
| 211|0x000000070e900000, 0x000000070e900000, 0x000000070ea00000|  0%| F|  |TAMS 0x000000070e900000, 0x000000070e900000| Untracked 
| 212|0x000000070ea00000, 0x000000070ea00000, 0x000000070eb00000|  0%| F|  |TAMS 0x000000070ea00000, 0x000000070ea00000| Untracked 
| 213|0x000000070eb00000, 0x000000070eb00000, 0x000000070ec00000|  0%| F|  |TAMS 0x000000070eb00000, 0x000000070eb00000| Untracked 
| 214|0x000000070ec00000, 0x000000070ec00000, 0x000000070ed00000|  0%| F|  |TAMS 0x000000070ec00000, 0x000000070ec00000| Untracked 
| 215|0x000000070ed00000, 0x000000070ed00000, 0x000000070ee00000|  0%| F|  |TAMS 0x000000070ed00000, 0x000000070ed00000| Untracked 
| 216|0x000000070ee00000, 0x000000070ee00000, 0x000000070ef00000|  0%| F|  |TAMS 0x000000070ee00000, 0x000000070ee00000| Untracked 
| 217|0x000000070ef00000, 0x000000070ef00000, 0x000000070f000000|  0%| F|  |TAMS 0x000000070ef00000, 0x000000070ef00000| Untracked 
| 218|0x000000070f000000, 0x000000070f000000, 0x000000070f100000|  0%| F|  |TAMS 0x000000070f000000, 0x000000070f000000| Untracked 
| 219|0x000000070f100000, 0x000000070f100000, 0x000000070f200000|  0%| F|  |TAMS 0x000000070f100000, 0x000000070f100000| Untracked 
| 220|0x000000070f200000, 0x000000070f200000, 0x000000070f300000|  0%| F|  |TAMS 0x000000070f200000, 0x000000070f200000| Untracked 
| 221|0x000000070f300000, 0x000000070f300000, 0x000000070f400000|  0%| F|  |TAMS 0x000000070f300000, 0x000000070f300000| Untracked 
| 222|0x000000070f400000, 0x000000070f400000, 0x000000070f500000|  0%| F|  |TAMS 0x000000070f400000, 0x000000070f400000| Untracked 
| 223|0x000000070f500000, 0x000000070f500000, 0x000000070f600000|  0%| F|  |TAMS 0x000000070f500000, 0x000000070f500000| Untracked 
| 224|0x000000070f600000, 0x000000070f600000, 0x000000070f700000|  0%| F|  |TAMS 0x000000070f600000, 0x000000070f600000| Untracked 
| 225|0x000000070f700000, 0x000000070f700000, 0x000000070f800000|  0%| F|  |TAMS 0x000000070f700000, 0x000000070f700000| Untracked 
| 226|0x000000070f800000, 0x000000070f800000, 0x000000070f900000|  0%| F|  |TAMS 0x000000070f800000, 0x000000070f800000| Untracked 
| 227|0x000000070f900000, 0x000000070f900000, 0x000000070fa00000|  0%| F|  |TAMS 0x000000070f900000, 0x000000070f900000| Untracked 
| 228|0x000000070fa00000, 0x000000070fa00000, 0x000000070fb00000|  0%| F|  |TAMS 0x000000070fa00000, 0x000000070fa00000| Untracked 
| 229|0x000000070fb00000, 0x000000070fb00000, 0x000000070fc00000|  0%| F|  |TAMS 0x000000070fb00000, 0x000000070fb00000| Untracked 
| 230|0x000000070fc00000, 0x000000070fc00000, 0x000000070fd00000|  0%| F|  |TAMS 0x000000070fc00000, 0x000000070fc00000| Untracked 
| 231|0x000000070fd00000, 0x000000070fd00000, 0x000000070fe00000|  0%| F|  |TAMS 0x000000070fd00000, 0x000000070fd00000| Untracked 
| 232|0x000000070fe00000, 0x000000070fe00000, 0x000000070ff00000|  0%| F|  |TAMS 0x000000070fe00000, 0x000000070fe00000| Untracked 
| 233|0x000000070ff00000, 0x000000070ff00000, 0x0000000710000000|  0%| F|  |TAMS 0x000000070ff00000, 0x000000070ff00000| Untracked 
| 234|0x0000000710000000, 0x0000000710000000, 0x0000000710100000|  0%| F|  |TAMS 0x0000000710000000, 0x0000000710000000| Untracked 
| 235|0x0000000710100000, 0x0000000710100000, 0x0000000710200000|  0%| F|  |TAMS 0x0000000710100000, 0x0000000710100000| Untracked 
| 236|0x0000000710200000, 0x0000000710200000, 0x0000000710300000|  0%| F|  |TAMS 0x0000000710200000, 0x0000000710200000| Untracked 
| 237|0x0000000710300000, 0x0000000710300000, 0x0000000710400000|  0%| F|  |TAMS 0x0000000710300000, 0x0000000710300000| Untracked 
| 238|0x0000000710400000, 0x0000000710400000, 0x0000000710500000|  0%| F|  |TAMS 0x0000000710400000, 0x0000000710400000| Untracked 
| 239|0x0000000710500000, 0x0000000710500000, 0x0000000710600000|  0%| F|  |TAMS 0x0000000710500000, 0x0000000710500000| Untracked 
| 240|0x0000000710600000, 0x0000000710600000, 0x0000000710700000|  0%| F|  |TAMS 0x0000000710600000, 0x0000000710600000| Untracked 
| 241|0x0000000710700000, 0x0000000710700000, 0x0000000710800000|  0%| F|  |TAMS 0x0000000710700000, 0x0000000710700000| Untracked 
| 242|0x0000000710800000, 0x0000000710800000, 0x0000000710900000|  0%| F|  |TAMS 0x0000000710800000, 0x0000000710800000| Untracked 
| 243|0x0000000710900000, 0x0000000710900000, 0x0000000710a00000|  0%| F|  |TAMS 0x0000000710900000, 0x0000000710900000| Untracked 
| 244|0x0000000710a00000, 0x0000000710a00000, 0x0000000710b00000|  0%| F|  |TAMS 0x0000000710a00000, 0x0000000710a00000| Untracked 
| 245|0x0000000710b00000, 0x0000000710b00000, 0x0000000710c00000|  0%| F|  |TAMS 0x0000000710b00000, 0x0000000710b00000| Untracked 
| 246|0x0000000710c00000, 0x0000000710c00000, 0x0000000710d00000|  0%| F|  |TAMS 0x0000000710c00000, 0x0000000710c00000| Untracked 
| 247|0x0000000710d00000, 0x0000000710d00000, 0x0000000710e00000|  0%| F|  |TAMS 0x0000000710d00000, 0x0000000710d00000| Untracked 
| 248|0x0000000710e00000, 0x0000000710e00000, 0x0000000710f00000|  0%| F|  |TAMS 0x0000000710e00000, 0x0000000710e00000| Untracked 
| 249|0x0000000710f00000, 0x0000000710f00000, 0x0000000711000000|  0%| F|  |TAMS 0x0000000710f00000, 0x0000000710f00000| Untracked 
| 250|0x0000000711000000, 0x0000000711000000, 0x0000000711100000|  0%| F|  |TAMS 0x0000000711000000, 0x0000000711000000| Untracked 
| 251|0x0000000711100000, 0x0000000711100000, 0x0000000711200000|  0%| F|  |TAMS 0x0000000711100000, 0x0000000711100000| Untracked 
| 252|0x0000000711200000, 0x0000000711200000, 0x0000000711300000|  0%| F|  |TAMS 0x0000000711200000, 0x0000000711200000| Untracked 
| 253|0x0000000711300000, 0x0000000711300000, 0x0000000711400000|  0%| F|  |TAMS 0x0000000711300000, 0x0000000711300000| Untracked 
| 254|0x0000000711400000, 0x0000000711400000, 0x0000000711500000|  0%| F|  |TAMS 0x0000000711400000, 0x0000000711400000| Untracked 
| 255|0x0000000711500000, 0x0000000711500000, 0x0000000711600000|  0%| F|  |TAMS 0x0000000711500000, 0x0000000711500000| Untracked 
| 256|0x0000000711600000, 0x0000000711600000, 0x0000000711700000|  0%| F|  |TAMS 0x0000000711600000, 0x0000000711600000| Untracked 
| 257|0x0000000711700000, 0x0000000711700000, 0x0000000711800000|  0%| F|  |TAMS 0x0000000711700000, 0x0000000711700000| Untracked 
| 258|0x0000000711800000, 0x0000000711800000, 0x0000000711900000|  0%| F|  |TAMS 0x0000000711800000, 0x0000000711800000| Untracked 
| 259|0x0000000711900000, 0x0000000711900000, 0x0000000711a00000|  0%| F|  |TAMS 0x0000000711900000, 0x0000000711900000| Untracked 
| 260|0x0000000711a00000, 0x0000000711a00000, 0x0000000711b00000|  0%| F|  |TAMS 0x0000000711a00000, 0x0000000711a00000| Untracked 
| 261|0x0000000711b00000, 0x0000000711b00000, 0x0000000711c00000|  0%| F|  |TAMS 0x0000000711b00000, 0x0000000711b00000| Untracked 
| 262|0x0000000711c00000, 0x0000000711c00000, 0x0000000711d00000|  0%| F|  |TAMS 0x0000000711c00000, 0x0000000711c00000| Untracked 
| 263|0x0000000711d00000, 0x0000000711d00000, 0x0000000711e00000|  0%| F|  |TAMS 0x0000000711d00000, 0x0000000711d00000| Untracked 
| 264|0x0000000711e00000, 0x0000000711e00000, 0x0000000711f00000|  0%| F|  |TAMS 0x0000000711e00000, 0x0000000711e00000| Untracked 
| 265|0x0000000711f00000, 0x0000000711f00000, 0x0000000712000000|  0%| F|  |TAMS 0x0000000711f00000, 0x0000000711f00000| Untracked 
| 266|0x0000000712000000, 0x0000000712000000, 0x0000000712100000|  0%| F|  |TAMS 0x0000000712000000, 0x0000000712000000| Untracked 
| 267|0x0000000712100000, 0x0000000712100000, 0x0000000712200000|  0%| F|  |TAMS 0x0000000712100000, 0x0000000712100000| Untracked 
| 268|0x0000000712200000, 0x0000000712200000, 0x0000000712300000|  0%| F|  |TAMS 0x0000000712200000, 0x0000000712200000| Untracked 
| 269|0x0000000712300000, 0x0000000712300000, 0x0000000712400000|  0%| F|  |TAMS 0x0000000712300000, 0x0000000712300000| Untracked 
| 270|0x0000000712400000, 0x0000000712400000, 0x0000000712500000|  0%| F|  |TAMS 0x0000000712400000, 0x0000000712400000| Untracked 
| 271|0x0000000712500000, 0x0000000712500000, 0x0000000712600000|  0%| F|  |TAMS 0x0000000712500000, 0x0000000712500000| Untracked 
| 272|0x0000000712600000, 0x0000000712600000, 0x0000000712700000|  0%| F|  |TAMS 0x0000000712600000, 0x0000000712600000| Untracked 
| 273|0x0000000712700000, 0x0000000712700000, 0x0000000712800000|  0%| F|  |TAMS 0x0000000712700000, 0x0000000712700000| Untracked 
| 274|0x0000000712800000, 0x0000000712800000, 0x0000000712900000|  0%| F|  |TAMS 0x0000000712800000, 0x0000000712800000| Untracked 
| 275|0x0000000712900000, 0x0000000712900000, 0x0000000712a00000|  0%| F|  |TAMS 0x0000000712900000, 0x0000000712900000| Untracked 
| 276|0x0000000712a00000, 0x0000000712a00000, 0x0000000712b00000|  0%| F|  |TAMS 0x0000000712a00000, 0x0000000712a00000| Untracked 
| 277|0x0000000712b00000, 0x0000000712b00000, 0x0000000712c00000|  0%| F|  |TAMS 0x0000000712b00000, 0x0000000712b00000| Untracked 
| 278|0x0000000712c00000, 0x0000000712c00000, 0x0000000712d00000|  0%| F|  |TAMS 0x0000000712c00000, 0x0000000712c00000| Untracked 
| 279|0x0000000712d00000, 0x0000000712d00000, 0x0000000712e00000|  0%| F|  |TAMS 0x0000000712d00000, 0x0000000712d00000| Untracked 
| 280|0x0000000712e00000, 0x0000000712e00000, 0x0000000712f00000|  0%| F|  |TAMS 0x0000000712e00000, 0x0000000712e00000| Untracked 
| 281|0x0000000712f00000, 0x0000000712f00000, 0x0000000713000000|  0%| F|  |TAMS 0x0000000712f00000, 0x0000000712f00000| Untracked 
| 282|0x0000000713000000, 0x0000000713000000, 0x0000000713100000|  0%| F|  |TAMS 0x0000000713000000, 0x0000000713000000| Untracked 
| 283|0x0000000713100000, 0x0000000713100000, 0x0000000713200000|  0%| F|  |TAMS 0x0000000713100000, 0x0000000713100000| Untracked 
| 284|0x0000000713200000, 0x0000000713200000, 0x0000000713300000|  0%| F|  |TAMS 0x0000000713200000, 0x0000000713200000| Untracked 
| 285|0x0000000713300000, 0x0000000713300000, 0x0000000713400000|  0%| F|  |TAMS 0x0000000713300000, 0x0000000713300000| Untracked 
| 286|0x0000000713400000, 0x0000000713400000, 0x0000000713500000|  0%| F|  |TAMS 0x0000000713400000, 0x0000000713400000| Untracked 
| 287|0x0000000713500000, 0x0000000713500000, 0x0000000713600000|  0%| F|  |TAMS 0x0000000713500000, 0x0000000713500000| Untracked 
| 288|0x0000000713600000, 0x0000000713600000, 0x0000000713700000|  0%| F|  |TAMS 0x0000000713600000, 0x0000000713600000| Untracked 
| 289|0x0000000713700000, 0x0000000713700000, 0x0000000713800000|  0%| F|  |TAMS 0x0000000713700000, 0x0000000713700000| Untracked 
| 290|0x0000000713800000, 0x0000000713800000, 0x0000000713900000|  0%| F|  |TAMS 0x0000000713800000, 0x0000000713800000| Untracked 
| 291|0x0000000713900000, 0x0000000713900000, 0x0000000713a00000|  0%| F|  |TAMS 0x0000000713900000, 0x0000000713900000| Untracked 
| 292|0x0000000713a00000, 0x0000000713a00000, 0x0000000713b00000|  0%| F|  |TAMS 0x0000000713a00000, 0x0000000713a00000| Untracked 
| 293|0x0000000713b00000, 0x0000000713b00000, 0x0000000713c00000|  0%| F|  |TAMS 0x0000000713b00000, 0x0000000713b00000| Untracked 
| 294|0x0000000713c00000, 0x0000000713c00000, 0x0000000713d00000|  0%| F|  |TAMS 0x0000000713c00000, 0x0000000713c00000| Untracked 
| 295|0x0000000713d00000, 0x0000000713d00000, 0x0000000713e00000|  0%| F|  |TAMS 0x0000000713d00000, 0x0000000713d00000| Untracked 
| 296|0x0000000713e00000, 0x0000000713e00000, 0x0000000713f00000|  0%| F|  |TAMS 0x0000000713e00000, 0x0000000713e00000| Untracked 
| 297|0x0000000713f00000, 0x0000000713f00000, 0x0000000714000000|  0%| F|  |TAMS 0x0000000713f00000, 0x0000000713f00000| Untracked 
| 298|0x0000000714000000, 0x0000000714000000, 0x0000000714100000|  0%| F|  |TAMS 0x0000000714000000, 0x0000000714000000| Untracked 
| 299|0x0000000714100000, 0x0000000714100000, 0x0000000714200000|  0%| F|  |TAMS 0x0000000714100000, 0x0000000714100000| Untracked 
| 300|0x0000000714200000, 0x0000000714200000, 0x0000000714300000|  0%| F|  |TAMS 0x0000000714200000, 0x0000000714200000| Untracked 
| 301|0x0000000714300000, 0x0000000714300000, 0x0000000714400000|  0%| F|  |TAMS 0x0000000714300000, 0x0000000714300000| Untracked 
| 302|0x0000000714400000, 0x0000000714400000, 0x0000000714500000|  0%| F|  |TAMS 0x0000000714400000, 0x0000000714400000| Untracked 
| 303|0x0000000714500000, 0x0000000714500000, 0x0000000714600000|  0%| F|  |TAMS 0x0000000714500000, 0x0000000714500000| Untracked 
| 304|0x0000000714600000, 0x0000000714600000, 0x0000000714700000|  0%| F|  |TAMS 0x0000000714600000, 0x0000000714600000| Untracked 
| 305|0x0000000714700000, 0x0000000714700000, 0x0000000714800000|  0%| F|  |TAMS 0x0000000714700000, 0x0000000714700000| Untracked 
| 306|0x0000000714800000, 0x0000000714800000, 0x0000000714900000|  0%| F|  |TAMS 0x0000000714800000, 0x0000000714800000| Untracked 
| 307|0x0000000714900000, 0x0000000714900000, 0x0000000714a00000|  0%| F|  |TAMS 0x0000000714900000, 0x0000000714900000| Untracked 
| 308|0x0000000714a00000, 0x0000000714a00000, 0x0000000714b00000|  0%| F|  |TAMS 0x0000000714a00000, 0x0000000714a00000| Untracked 
| 309|0x0000000714b00000, 0x0000000714b00000, 0x0000000714c00000|  0%| F|  |TAMS 0x0000000714b00000, 0x0000000714b00000| Untracked 
| 310|0x0000000714c00000, 0x0000000714c00000, 0x0000000714d00000|  0%| F|  |TAMS 0x0000000714c00000, 0x0000000714c00000| Untracked 
| 311|0x0000000714d00000, 0x0000000714d00000, 0x0000000714e00000|  0%| F|  |TAMS 0x0000000714d00000, 0x0000000714d00000| Untracked 
| 312|0x0000000714e00000, 0x0000000714e00000, 0x0000000714f00000|  0%| F|  |TAMS 0x0000000714e00000, 0x0000000714e00000| Untracked 
| 313|0x0000000714f00000, 0x0000000714f00000, 0x0000000715000000|  0%| F|  |TAMS 0x0000000714f00000, 0x0000000714f00000| Untracked 
| 314|0x0000000715000000, 0x0000000715000000, 0x0000000715100000|  0%| F|  |TAMS 0x0000000715000000, 0x0000000715000000| Untracked 
| 315|0x0000000715100000, 0x0000000715100000, 0x0000000715200000|  0%| F|  |TAMS 0x0000000715100000, 0x0000000715100000| Untracked 
| 316|0x0000000715200000, 0x0000000715200000, 0x0000000715300000|  0%| F|  |TAMS 0x0000000715200000, 0x0000000715200000| Untracked 
| 317|0x0000000715300000, 0x0000000715300000, 0x0000000715400000|  0%| F|  |TAMS 0x0000000715300000, 0x0000000715300000| Untracked 
| 318|0x0000000715400000, 0x0000000715400000, 0x0000000715500000|  0%| F|  |TAMS 0x0000000715400000, 0x0000000715400000| Untracked 
| 319|0x0000000715500000, 0x0000000715500000, 0x0000000715600000|  0%| F|  |TAMS 0x0000000715500000, 0x0000000715500000| Untracked 
| 320|0x0000000715600000, 0x0000000715600000, 0x0000000715700000|  0%| F|  |TAMS 0x0000000715600000, 0x0000000715600000| Untracked 
| 321|0x0000000715700000, 0x0000000715700000, 0x0000000715800000|  0%| F|  |TAMS 0x0000000715700000, 0x0000000715700000| Untracked 
| 322|0x0000000715800000, 0x0000000715800000, 0x0000000715900000|  0%| F|  |TAMS 0x0000000715800000, 0x0000000715800000| Untracked 
| 323|0x0000000715900000, 0x0000000715900000, 0x0000000715a00000|  0%| F|  |TAMS 0x0000000715900000, 0x0000000715900000| Untracked 
| 324|0x0000000715a00000, 0x0000000715a00000, 0x0000000715b00000|  0%| F|  |TAMS 0x0000000715a00000, 0x0000000715a00000| Untracked 
| 325|0x0000000715b00000, 0x0000000715b00000, 0x0000000715c00000|  0%| F|  |TAMS 0x0000000715b00000, 0x0000000715b00000| Untracked 
| 326|0x0000000715c00000, 0x0000000715c00000, 0x0000000715d00000|  0%| F|  |TAMS 0x0000000715c00000, 0x0000000715c00000| Untracked 
| 327|0x0000000715d00000, 0x0000000715d00000, 0x0000000715e00000|  0%| F|  |TAMS 0x0000000715d00000, 0x0000000715d00000| Untracked 
| 328|0x0000000715e00000, 0x0000000715e00000, 0x0000000715f00000|  0%| F|  |TAMS 0x0000000715e00000, 0x0000000715e00000| Untracked 
| 329|0x0000000715f00000, 0x0000000715f00000, 0x0000000716000000|  0%| F|  |TAMS 0x0000000715f00000, 0x0000000715f00000| Untracked 
| 330|0x0000000716000000, 0x0000000716000000, 0x0000000716100000|  0%| F|  |TAMS 0x0000000716000000, 0x0000000716000000| Untracked 
| 331|0x0000000716100000, 0x0000000716100000, 0x0000000716200000|  0%| F|  |TAMS 0x0000000716100000, 0x0000000716100000| Untracked 
| 332|0x0000000716200000, 0x0000000716200000, 0x0000000716300000|  0%| F|  |TAMS 0x0000000716200000, 0x0000000716200000| Untracked 
| 333|0x0000000716300000, 0x0000000716300000, 0x0000000716400000|  0%| F|  |TAMS 0x0000000716300000, 0x0000000716300000| Untracked 
| 334|0x0000000716400000, 0x0000000716400000, 0x0000000716500000|  0%| F|  |TAMS 0x0000000716400000, 0x0000000716400000| Untracked 
| 335|0x0000000716500000, 0x0000000716500000, 0x0000000716600000|  0%| F|  |TAMS 0x0000000716500000, 0x0000000716500000| Untracked 
| 336|0x0000000716600000, 0x0000000716600000, 0x0000000716700000|  0%| F|  |TAMS 0x0000000716600000, 0x0000000716600000| Untracked 
| 337|0x0000000716700000, 0x0000000716700000, 0x0000000716800000|  0%| F|  |TAMS 0x0000000716700000, 0x0000000716700000| Untracked 
| 338|0x0000000716800000, 0x0000000716800000, 0x0000000716900000|  0%| F|  |TAMS 0x0000000716800000, 0x0000000716800000| Untracked 
| 339|0x0000000716900000, 0x0000000716900000, 0x0000000716a00000|  0%| F|  |TAMS 0x0000000716900000, 0x0000000716900000| Untracked 
| 340|0x0000000716a00000, 0x0000000716a00000, 0x0000000716b00000|  0%| F|  |TAMS 0x0000000716a00000, 0x0000000716a00000| Untracked 
| 341|0x0000000716b00000, 0x0000000716b00000, 0x0000000716c00000|  0%| F|  |TAMS 0x0000000716b00000, 0x0000000716b00000| Untracked 
| 342|0x0000000716c00000, 0x0000000716c00000, 0x0000000716d00000|  0%| F|  |TAMS 0x0000000716c00000, 0x0000000716c00000| Untracked 
| 343|0x0000000716d00000, 0x0000000716d00000, 0x0000000716e00000|  0%| F|  |TAMS 0x0000000716d00000, 0x0000000716d00000| Untracked 
| 344|0x0000000716e00000, 0x0000000716e00000, 0x0000000716f00000|  0%| F|  |TAMS 0x0000000716e00000, 0x0000000716e00000| Untracked 
| 345|0x0000000716f00000, 0x0000000716f00000, 0x0000000717000000|  0%| F|  |TAMS 0x0000000716f00000, 0x0000000716f00000| Untracked 
| 346|0x0000000717000000, 0x0000000717000000, 0x0000000717100000|  0%| F|  |TAMS 0x0000000717000000, 0x0000000717000000| Untracked 
| 347|0x0000000717100000, 0x0000000717100000, 0x0000000717200000|  0%| F|  |TAMS 0x0000000717100000, 0x0000000717100000| Untracked 
| 348|0x0000000717200000, 0x0000000717200000, 0x0000000717300000|  0%| F|  |TAMS 0x0000000717200000, 0x0000000717200000| Untracked 
| 349|0x0000000717300000, 0x000000071734b740, 0x0000000717400000| 29%| E|  |TAMS 0x0000000717300000, 0x0000000717300000| Complete 
| 350|0x0000000717400000, 0x0000000717500000, 0x0000000717500000|100%| E|CS|TAMS 0x0000000717400000, 0x0000000717400000| Complete 
| 351|0x0000000717500000, 0x0000000717600000, 0x0000000717600000|100%| E|CS|TAMS 0x0000000717500000, 0x0000000717500000| Complete 
| 352|0x0000000717600000, 0x0000000717700000, 0x0000000717700000|100%| E|CS|TAMS 0x0000000717600000, 0x0000000717600000| Complete 
| 353|0x0000000717700000, 0x0000000717800000, 0x0000000717800000|100%| E|  |TAMS 0x0000000717700000, 0x0000000717700000| Complete 
| 354|0x0000000717800000, 0x0000000717900000, 0x0000000717900000|100%| E|CS|TAMS 0x0000000717800000, 0x0000000717800000| Complete 
| 355|0x0000000717900000, 0x0000000717a00000, 0x0000000717a00000|100%| E|CS|TAMS 0x0000000717900000, 0x0000000717900000| Complete 
| 356|0x0000000717a00000, 0x0000000717b00000, 0x0000000717b00000|100%| E|CS|TAMS 0x0000000717a00000, 0x0000000717a00000| Complete 
| 357|0x0000000717b00000, 0x0000000717c00000, 0x0000000717c00000|100%| E|CS|TAMS 0x0000000717b00000, 0x0000000717b00000| Complete 
| 358|0x0000000717c00000, 0x0000000717d00000, 0x0000000717d00000|100%| E|CS|TAMS 0x0000000717c00000, 0x0000000717c00000| Complete 
| 359|0x0000000717d00000, 0x0000000717e00000, 0x0000000717e00000|100%| E|CS|TAMS 0x0000000717d00000, 0x0000000717d00000| Complete 
| 360|0x0000000717e00000, 0x0000000717f00000, 0x0000000717f00000|100%| E|CS|TAMS 0x0000000717e00000, 0x0000000717e00000| Complete 
| 361|0x0000000717f00000, 0x0000000718000000, 0x0000000718000000|100%| E|CS|TAMS 0x0000000717f00000, 0x0000000717f00000| Complete 
| 362|0x0000000718000000, 0x0000000718100000, 0x0000000718100000|100%| E|CS|TAMS 0x0000000718000000, 0x0000000718000000| Complete 
| 363|0x0000000718100000, 0x0000000718200000, 0x0000000718200000|100%| E|CS|TAMS 0x0000000718100000, 0x0000000718100000| Complete 
| 364|0x0000000718200000, 0x0000000718300000, 0x0000000718300000|100%| E|CS|TAMS 0x0000000718200000, 0x0000000718200000| Complete 
| 365|0x0000000718300000, 0x0000000718400000, 0x0000000718400000|100%| E|CS|TAMS 0x0000000718300000, 0x0000000718300000| Complete 
| 366|0x0000000718400000, 0x0000000718500000, 0x0000000718500000|100%| E|CS|TAMS 0x0000000718400000, 0x0000000718400000| Complete 
| 367|0x0000000718500000, 0x0000000718600000, 0x0000000718600000|100%| E|CS|TAMS 0x0000000718500000, 0x0000000718500000| Complete 
| 368|0x0000000718600000, 0x0000000718700000, 0x0000000718700000|100%| E|CS|TAMS 0x0000000718600000, 0x0000000718600000| Complete 
| 369|0x0000000718700000, 0x0000000718800000, 0x0000000718800000|100%| E|CS|TAMS 0x0000000718700000, 0x0000000718700000| Complete 
| 370|0x0000000718800000, 0x0000000718900000, 0x0000000718900000|100%| E|CS|TAMS 0x0000000718800000, 0x0000000718800000| Complete 
| 371|0x0000000718900000, 0x0000000718a00000, 0x0000000718a00000|100%| E|CS|TAMS 0x0000000718900000, 0x0000000718900000| Complete 
| 372|0x0000000718a00000, 0x0000000718b00000, 0x0000000718b00000|100%| E|CS|TAMS 0x0000000718a00000, 0x0000000718a00000| Complete 
| 373|0x0000000718b00000, 0x0000000718c00000, 0x0000000718c00000|100%| E|CS|TAMS 0x0000000718b00000, 0x0000000718b00000| Complete 
| 374|0x0000000718c00000, 0x0000000718d00000, 0x0000000718d00000|100%| E|CS|TAMS 0x0000000718c00000, 0x0000000718c00000| Complete 
| 375|0x0000000718d00000, 0x0000000718e00000, 0x0000000718e00000|100%| E|CS|TAMS 0x0000000718d00000, 0x0000000718d00000| Complete 
| 376|0x0000000718e00000, 0x0000000718f00000, 0x0000000718f00000|100%| E|CS|TAMS 0x0000000718e00000, 0x0000000718e00000| Complete 

Card table byte_map: [0x000000001a7c0000,0x000000001afc0000] _byte_map_base: 0x0000000016fb5000

Marking Bits (Prev, Next): (CMBitMap*) 0x00000000001dd680, (CMBitMap*) 0x00000000001dd648
 Prev Bits: [0x000000001f770000, 0x0000000023718000)
 Next Bits: [0x000000001b7c0000, 0x000000001f768000)

Polling page: 0x0000000000430000

Metaspace:

Usage:
  Non-class:     99.95 MB capacity,    97.95 MB ( 98%) used,     1.57 MB (  2%) free+waste,   444.13 KB ( <1%) overhead. 
      Class:     12.11 MB capacity,    10.81 MB ( 89%) used,     1.12 MB (  9%) free+waste,   191.44 KB (  2%) overhead. 
       Both:    112.06 MB capacity,   108.75 MB ( 97%) used,     2.69 MB (  2%) free+waste,   635.56 KB ( <1%) overhead. 

Virtual space:
  Non-class space:      100.00 MB reserved,     100.00 MB (100%) committed 
      Class space:        1.00 GB reserved,      12.16 MB (  1%) committed 
             Both:        1.10 GB reserved,     112.16 MB ( 10%) committed 

Chunk freelists:
   Non-Class:  0 bytes
       Class:  0 bytes
        Both:  0 bytes

CodeHeap 'non-profiled nmethods': size=120064Kb used=21810Kb max_used=23029Kb free=98253Kb
 bounds [0x0000000012360000, 0x0000000013a20000, 0x00000000198a0000]
CodeHeap 'profiled nmethods': size=120000Kb used=38359Kb max_used=46912Kb free=81641Kb
 bounds [0x000000000ae30000, 0x000000000dd30000, 0x0000000012360000]
CodeHeap 'non-nmethods': size=5696Kb used=1780Kb max_used=1881Kb free=3915Kb
 bounds [0x000000000a8a0000, 0x000000000ab10000, 0x000000000ae30000]
 total_blobs=34187 nmethods=15539 adapters=1313
 compilation: enabled
              stopped_count=0, restarted_count=0
 full_count=0

Compilation events (10 events):
Event: 1139.895 Thread 0x000000002608d800 23354       4       java.util.Collections$3::nextElement (10 bytes)
Event: 1139.903 Thread 0x000000002608d800 nmethod 23354 0x0000000012db1190 code [0x0000000012db1340, 0x0000000012db19b8]
Event: 1139.924 Thread 0x0000000027086000 23355       3       java.util.jar.JarFile::getJarEntry (9 bytes)
Event: 1139.924 Thread 0x0000000027086000 nmethod 23355 0x000000000b2d0490 code [0x000000000b2d0660, 0x000000000b2d0990]
Event: 1140.008 Thread 0x000000002608d800 23356       4       java.util.ArrayList::fastRemove (44 bytes)
Event: 1140.008 Thread 0x0000000027086000 23357       1       okhttp3.Address::sslSocketFactory (5 bytes)
Event: 1140.008 Thread 0x0000000027086000 nmethod 23357 0x0000000012d9a590 code [0x0000000012d9a740, 0x0000000012d9a858]
Event: 1140.008 Thread 0x0000000027086000 23358       3       java.net.Socket::isConnected (20 bytes)
Event: 1140.008 Thread 0x0000000027086000 nmethod 23358 0x000000000b22aa10 code [0x000000000b22abc0, 0x000000000b22adb8]
Event: 1140.009 Thread 0x000000002608d800 nmethod 23356 0x0000000012db0c10 code [0x0000000012db0da0, 0x0000000012db0f78]

GC Heap History (10 events):
Event: 1129.372 GC heap before
{Heap before GC invocations=226 (full 0):
 garbage-first heap   total 411648K, used 361902K [0x0000000701600000, 0x0000000800000000)
  region size 1024K, 40 young (40960K), 2 survivors (2048K)
 Metaspace       used 111129K, capacity 114526K, committed 114852K, reserved 1150976K
  class space    used 11023K, capacity 12370K, committed 12452K, reserved 1048576K
}
Event: 1129.378 GC heap after
{Heap after GC invocations=227 (full 0):
 garbage-first heap   total 411648K, used 337043K [0x0000000701600000, 0x0000000800000000)
  region size 1024K, 5 young (5120K), 5 survivors (5120K)
 Metaspace       used 111129K, capacity 114526K, committed 114852K, reserved 1150976K
  class space    used 11023K, capacity 12370K, committed 12452K, reserved 1048576K
}
Event: 1133.132 GC heap before
{Heap before GC invocations=227 (full 0):
 garbage-first heap   total 411648K, used 357523K [0x0000000701600000, 0x0000000800000000)
  region size 1024K, 25 young (25600K), 5 survivors (5120K)
 Metaspace       used 111129K, capacity 114526K, committed 114852K, reserved 1150976K
  class space    used 11023K, capacity 12370K, committed 12452K, reserved 1048576K
}
Event: 1133.135 GC heap after
{Heap after GC invocations=228 (full 0):
 garbage-first heap   total 411648K, used 338097K [0x0000000701600000, 0x0000000800000000)
  region size 1024K, 1 young (1024K), 1 survivors (1024K)
 Metaspace       used 111129K, capacity 114526K, committed 114852K, reserved 1150976K
  class space    used 11023K, capacity 12370K, committed 12452K, reserved 1048576K
}
Event: 1136.182 GC heap before
{Heap before GC invocations=228 (full 0):
 garbage-first heap   total 411648K, used 358577K [0x0000000701600000, 0x0000000800000000)
  region size 1024K, 21 young (21504K), 1 survivors (1024K)
 Metaspace       used 111131K, capacity 114526K, committed 114852K, reserved 1150976K
  class space    used 11023K, capacity 12370K, committed 12452K, reserved 1048576K
}
Event: 1136.184 GC heap after
{Heap after GC invocations=229 (full 0):
 garbage-first heap   total 411648K, used 338428K [0x0000000701600000, 0x0000000800000000)
  region size 1024K, 2 young (2048K), 2 survivors (2048K)
 Metaspace       used 111131K, capacity 114526K, committed 114852K, reserved 1150976K
  class space    used 11023K, capacity 12370K, committed 12452K, reserved 1048576K
}
Event: 1139.139 GC heap before
{Heap before GC invocations=229 (full 0):
 garbage-first heap   total 411648K, used 357884K [0x0000000701600000, 0x0000000800000000)
  region size 1024K, 22 young (22528K), 2 survivors (2048K)
 Metaspace       used 111140K, capacity 114526K, committed 114852K, reserved 1150976K
  class space    used 11023K, capacity 12370K, committed 12452K, reserved 1048576K
}
Event: 1139.141 GC heap after
{Heap after GC invocations=230 (full 0):
 garbage-first heap   total 411648K, used 338569K [0x0000000701600000, 0x0000000800000000)
  region size 1024K, 2 young (2048K), 2 survivors (2048K)
 Metaspace       used 111140K, capacity 114526K, committed 114852K, reserved 1150976K
  class space    used 11023K, capacity 12370K, committed 12452K, reserved 1048576K
}
Event: 1139.156 GC heap before
{Heap before GC invocations=230 (full 0):
 garbage-first heap   total 411648K, used 338569K [0x0000000701600000, 0x0000000800000000)
  region size 1024K, 4 young (4096K), 2 survivors (2048K)
 Metaspace       used 111146K, capacity 114526K, committed 114852K, reserved 1150976K
  class space    used 11023K, capacity 12370K, committed 12452K, reserved 1048576K
}
Event: 1139.263 GC heap after
{Heap after GC invocations=231 (full 1):
 garbage-first heap   total 386048K, used 113335K [0x0000000701600000, 0x0000000800000000)
  region size 1024K, 0 young (0K), 0 survivors (0K)
 Metaspace       used 111146K, capacity 114526K, committed 114852K, reserved 1150976K
  class space    used 11023K, capacity 12370K, committed 12452K, reserved 1048576K
}

Deoptimization events (10 events):
Event: 1139.896 Thread 0x0000000037f53800 Uncommon trap: reason=unstable_if action=reinterpret pc=0x0000000012b1d390 method=org.h2.mvstore.MVStore.isBackgroundThread()Z @ 10 c2
Event: 1139.920 Thread 0x000000002fd01800 Uncommon trap: reason=unstable_if action=reinterpret pc=0x0000000012cbc8ac method=jogamp.common.util.locks.RecursiveLockImpl01Unfairish.unlock(Ljava/lang/Runnable;)V @ 34 c2
Event: 1139.948 Thread 0x000000002ff83000 Uncommon trap: reason=unstable_if action=reinterpret pc=0x000000001378627c method=sun.java2d.d3d.D3DScreenUpdateManager.createGraphics(Lsun/java2d/SurfaceData;Lsun/awt/windows/WComponentPeer;Ljava/awt/Color;Ljava/awt/Color;Ljava/awt/Font;)Ljava/awt/Graphi
Event: 1139.948 Thread 0x000000002ff83000 Uncommon trap: reason=unstable_if action=reinterpret pc=0x0000000013787b80 method=sun.java2d.d3d.D3DScreenUpdateManager.createGraphics(Lsun/java2d/SurfaceData;Lsun/awt/windows/WComponentPeer;Ljava/awt/Color;Ljava/awt/Color;Ljava/awt/Font;)Ljava/awt/Graphi
Event: 1140.003 Thread 0x000000002ff83000 Uncommon trap: reason=unstable_if action=reinterpret pc=0x0000000012de5f54 method=jogamp.opengl.windows.wgl.WindowsWGLDrawable.swapBuffersImpl(Z)V @ 26 c2
Event: 1140.054 Thread 0x000000002ff83000 Uncommon trap: reason=unstable_if action=reinterpret pc=0x00000000139be0f0 method=net.runelite.client.plugins.xptracker.XpTrackerPlugin.tickSkillTimes()V @ 92 c2
Event: 1140.096 Thread 0x0000000037f53800 Uncommon trap: reason=unstable_if action=reinterpret pc=0x00000000124ffe80 method=org.h2.engine.Session.isClosed()Z @ 10 c2
Event: 1140.097 Thread 0x0000000037f53800 Uncommon trap: reason=unstable_if action=reinterpret pc=0x000000001291e738 method=org.h2.mvstore.Cursor.traverseDown(Lorg/h2/mvstore/Page;Ljava/lang/Object;)Lorg/h2/mvstore/CursorPos; @ 1 c2
Event: 1140.098 Thread 0x0000000037f53800 Uncommon trap: reason=class_check action=maybe_recompile pc=0x000000001290bb48 method=org.h2.mvstore.Page.read(Ljava/nio/ByteBuffer;I)V @ 237 c2
Event: 1140.098 Thread 0x0000000037f53800 Uncommon trap: reason=predicate action=maybe_recompile pc=0x00000000128f7dc0 method=org.h2.mvstore.Page.calculateMemory()I @ 24 c2

Classes redefined (0 events):
No events

Internal exceptions (10 events):
Event: 920.631 Thread 0x000000002ff83000 Implicit null exception at 0x00000000132e29c4 to 0x00000000132e460e
Event: 920.637 Thread 0x000000002ff83000 Implicit null exception at 0x00000000132e29c4 to 0x00000000132e460e
Event: 925.810 Thread 0x000000002ff83000 Implicit null exception at 0x00000000132e29c4 to 0x00000000132e460e
Event: 972.237 Thread 0x000000002ff83000 Implicit null exception at 0x00000000131fcf90 to 0x00000000131fd7c2
Event: 1139.150 Thread 0x00000000363a8000 Exception <a 'java/net/SocketException'{0x000000071a68e678}: Socket closed> (0x000000071a68e678) thrown at [t:/workspace/open/src/hotspot/share/prims/jni.cpp, line 636]
Event: 1139.717 Thread 0x0000000028c2f000 Implicit null exception at 0x0000000012c95ad6 to 0x0000000012c980e2
Event: 1139.890 Thread 0x0000000028c2f000 Exception <a 'java/lang/NoSuchMethodError'{0x000000071750fd40}: java.lang.invoke.DirectMethodHandle$Holder.invokeSpecial(Ljava/lang/Object;Ljava/lang/Object;IIII)Ljava/lang/Object;> (0x000000071750fd40) thrown at [t:/workspace/open/src/hotspot/share/inter
Event: 1139.890 Thread 0x0000000028c2f000 Exception <a 'java/lang/NoSuchMethodError'{0x0000000717512ef8}: java.lang.invoke.Invokers$Holder.linkToTargetMethod(IIIILjava/lang/Object;)Ljava/lang/Object;> (0x0000000717512ef8) thrown at [t:/workspace/open/src/hotspot/share/interpreter/linkResolver.cpp
Event: 1139.896 Thread 0x00000000363a5800 Exception <a 'java/net/SocketException'{0x00000007174d7928}: Interrupted function call: accept failed> (0x00000007174d7928) thrown at [t:/workspace/open/src/hotspot/share/prims/jni.cpp, line 636]
Event: 1140.104 Thread 0x000000002ff81800 Exception <a 'java/lang/InterruptedException'{0x000000071734a610}: sleep interrupted> (0x000000071734a610) thrown at [t:/workspace/open/src/hotspot/share/prims/jvm.cpp, line 3106]

Events (10 events):
Event: 1140.098 Thread 0x00000000363a6800 Thread exited: 0x00000000363a6800
Event: 1140.098 Thread 0x0000000037f53800 Uncommon trap: trap_request=0xffffffde fr.pc=0x000000001290bb48 relative=0x00000000000054a8
Event: 1140.098 Thread 0x0000000037f53800 DEOPT PACKING pc=0x000000001290bb48 sp=0x000000002ca8e800
Event: 1140.098 Thread 0x0000000037f53800 DEOPT UNPACKING pc=0x000000000a8c912f sp=0x000000002ca8e5b0 mode 2
Event: 1140.098 Thread 0x0000000037f53800 Uncommon trap: trap_request=0xffffff7e fr.pc=0x00000000128f7dc0 relative=0x0000000000000360
Event: 1140.098 Thread 0x0000000037f53800 DEOPT PACKING pc=0x00000000128f7dc0 sp=0x000000002ca8e550
Event: 1140.098 Thread 0x0000000037f53800 DEOPT UNPACKING pc=0x000000000a8c912f sp=0x000000002ca8e470 mode 2
Event: 1140.105 Thread 0x000000002ff81800 Thread exited: 0x000000002ff81800
Event: 1140.105 Thread 0x0000000037f53800 Thread exited: 0x0000000037f53800
Event: 1140.106 Executing VM operation: Exit


Dynamic libraries:
0x000000013fa30000 - 0x000000013fa77000 	C:\Program Files\Java\jdk-11.0.5\bin\java.exe
0x0000000076fe0000 - 0x0000000077189000 	C:\Windows\SYSTEM32\ntdll.dll
0x0000000076ec0000 - 0x0000000076fdf000 	C:\Windows\system32\kernel32.dll
0x000007fefcfe0000 - 0x000007fefd04b000 	C:\Windows\system32\KERNELBASE.dll
0x000007fefdd80000 - 0x000007fefde5b000 	C:\Windows\system32\ADVAPI32.dll
0x000007fefd560000 - 0x000007fefd5ff000 	C:\Windows\system32\msvcrt.dll
0x000007fefec50000 - 0x000007fefec6f000 	C:\Windows\SYSTEM32\sechost.dll
0x000007fefee00000 - 0x000007fefef2d000 	C:\Windows\system32\RPCRT4.dll
0x0000000076dc0000 - 0x0000000076eba000 	C:\Windows\system32\USER32.dll
0x000007fefec70000 - 0x000007fefecd7000 	C:\Windows\system32\GDI32.dll
0x000007feff1b0000 - 0x000007feff1be000 	C:\Windows\system32\LPK.dll
0x000007fefd990000 - 0x000007fefda59000 	C:\Windows\system32\USP10.dll
0x000007fefb120000 - 0x000007fefb314000 	C:\Windows\WinSxS\amd64_microsoft.windows.common-controls_6595b64144ccf1df_6.0.7601.17514_none_fa396087175ac9ac\COMCTL32.dll
0x000007fefdbf0000 - 0x000007fefdc61000 	C:\Windows\system32\SHLWAPI.dll
0x000007fefc210000 - 0x000007fefc21c000 	C:\Windows\system32\VERSION.dll
0x000007feff1e0000 - 0x000007feff20e000 	C:\Windows\system32\IMM32.DLL
0x000007fefdc70000 - 0x000007fefdd79000 	C:\Windows\system32\MSCTF.dll
0x000007fecc4d0000 - 0x000007fecc4e6000 	C:\Program Files\Java\jdk-11.0.5\bin\vcruntime140.dll
0x000007fecc500000 - 0x000007fecc504000 	C:\Program Files\Java\jdk-11.0.5\bin\api-ms-win-crt-runtime-l1-1-0.dll
0x000007fecc3d0000 - 0x000007fecc4c6000 	C:\Program Files\Java\jdk-11.0.5\bin\ucrtbase.DLL
0x000007fecc4f0000 - 0x000007fecc4f3000 	C:\Program Files\Java\jdk-11.0.5\bin\api-ms-win-core-localization-l1-2-0.dll
0x000007fecc3b0000 - 0x000007fecc3b3000 	C:\Program Files\Java\jdk-11.0.5\bin\api-ms-win-core-processthreads-l1-1-1.dll
0x000007fecc3c0000 - 0x000007fecc3c3000 	C:\Program Files\Java\jdk-11.0.5\bin\api-ms-win-core-file-l1-2-0.dll
0x000007fecc390000 - 0x000007fecc393000 	C:\Program Files\Java\jdk-11.0.5\bin\api-ms-win-core-timezone-l1-1-0.dll
0x000007fecc3a0000 - 0x000007fecc3a3000 	C:\Program Files\Java\jdk-11.0.5\bin\api-ms-win-core-file-l2-1-0.dll
0x000007fecc370000 - 0x000007fecc373000 	C:\Program Files\Java\jdk-11.0.5\bin\api-ms-win-core-synch-l1-2-0.dll
0x000007fecc380000 - 0x000007fecc384000 	C:\Program Files\Java\jdk-11.0.5\bin\api-ms-win-crt-string-l1-1-0.dll
0x000007fecc350000 - 0x000007fecc353000 	C:\Program Files\Java\jdk-11.0.5\bin\api-ms-win-crt-heap-l1-1-0.dll
0x000007fecc360000 - 0x000007fecc364000 	C:\Program Files\Java\jdk-11.0.5\bin\api-ms-win-crt-stdio-l1-1-0.dll
0x000007fecc330000 - 0x000007fecc334000 	C:\Program Files\Java\jdk-11.0.5\bin\api-ms-win-crt-convert-l1-1-0.dll
0x000007fecc280000 - 0x000007fecc32a000 	C:\Program Files\Java\jdk-11.0.5\bin\msvcp140.dll
0x000007fecc340000 - 0x000007fecc343000 	C:\Program Files\Java\jdk-11.0.5\bin\api-ms-win-crt-locale-l1-1-0.dll
0x000007fecc260000 - 0x000007fecc265000 	C:\Program Files\Java\jdk-11.0.5\bin\api-ms-win-crt-math-l1-1-0.dll
0x000007fecc270000 - 0x000007fecc275000 	C:\Program Files\Java\jdk-11.0.5\bin\api-ms-win-crt-multibyte-l1-1-0.dll
0x000007fecc240000 - 0x000007fecc243000 	C:\Program Files\Java\jdk-11.0.5\bin\api-ms-win-crt-time-l1-1-0.dll
0x000007fecc250000 - 0x000007fecc253000 	C:\Program Files\Java\jdk-11.0.5\bin\api-ms-win-crt-filesystem-l1-1-0.dll
0x000007fecc220000 - 0x000007fecc223000 	C:\Program Files\Java\jdk-11.0.5\bin\api-ms-win-crt-environment-l1-1-0.dll
0x000007fecc230000 - 0x000007fecc233000 	C:\Program Files\Java\jdk-11.0.5\bin\api-ms-win-crt-utility-l1-1-0.dll
0x000007fec98f0000 - 0x000007feca418000 	C:\Program Files\Java\jdk-11.0.5\bin\server\jvm.dll
0x000007feefdc0000 - 0x000007feefdc9000 	C:\Windows\system32\WSOCK32.dll
0x000007fefec00000 - 0x000007fefec4d000 	C:\Windows\system32\WS2_32.dll
0x000007fefebf0000 - 0x000007fefebf8000 	C:\Windows\system32\NSI.dll
0x000007fef9460000 - 0x000007fef949b000 	C:\Windows\system32\WINMM.dll
0x00000000771a0000 - 0x00000000771a7000 	C:\Windows\system32\PSAPI.DLL
0x000007fecc1e0000 - 0x000007fecc1f1000 	C:\Program Files\Java\jdk-11.0.5\bin\verify.dll
0x000007fef1c30000 - 0x000007fef1d55000 	C:\Windows\system32\DBGHELP.DLL
0x000007fecc1b0000 - 0x000007fecc1d9000 	C:\Program Files\Java\jdk-11.0.5\bin\java.dll
0x000007fecc200000 - 0x000007fecc216000 	C:\Program Files\Java\jdk-11.0.5\bin\zip.dll
0x000007fecc190000 - 0x000007fecc19a000 	C:\Program Files\Java\jdk-11.0.5\bin\jimage.dll
0x000007fefde60000 - 0x000007fefebe8000 	C:\Windows\system32\SHELL32.dll
0x000007fefd780000 - 0x000007fefd983000 	C:\Windows\system32\ole32.dll
0x000007fefcf30000 - 0x000007fefcf3f000 	C:\Windows\system32\profapi.dll
0x000007fecc170000 - 0x000007fecc189000 	C:\Program Files\Java\jdk-11.0.5\bin\net.dll
0x000007fef9550000 - 0x000007fef95c1000 	C:\Windows\system32\WINHTTP.dll
0x000007fef94e0000 - 0x000007fef9544000 	C:\Windows\system32\webio.dll
0x000007fefc7a0000 - 0x000007fefc7f5000 	C:\Windows\system32\mswsock.dll
0x000007fefc790000 - 0x000007fefc797000 	C:\Windows\System32\wship6.dll
0x000007fecc150000 - 0x000007fecc163000 	C:\Program Files\Java\jdk-11.0.5\bin\nio.dll
0x000007feb3840000 - 0x000007feb39df000 	C:\Program Files\Java\jdk-11.0.5\bin\awt.dll
0x000007feff210000 - 0x000007feff2e7000 	C:\Windows\system32\OLEAUT32.dll
0x000007fecbce0000 - 0x000007fecbdc2000 	C:\Windows\system32\d2d1.dll
0x000007fefbb10000 - 0x000007fefbb28000 	C:\Windows\system32\DWMAPI.DLL
0x000007fefc800000 - 0x000007fefc817000 	C:\Windows\system32\CRYPTSP.dll
0x000007fefc500000 - 0x000007fefc547000 	C:\Windows\system32\rsaenh.dll
0x000007fefc270000 - 0x000007fefc28e000 	C:\Windows\system32\USERENV.dll
0x000007fefce60000 - 0x000007fefce6f000 	C:\Windows\system32\CRYPTBASE.dll
0x000007fefb0c0000 - 0x000007fefb116000 	C:\Windows\system32\uxtheme.dll
0x000007fef94b0000 - 0x000007fef94d7000 	C:\Windows\system32\IPHLPAPI.DLL
0x000007fef94a0000 - 0x000007fef94ab000 	C:\Windows\system32\WINNSI.DLL
0x000007fef86b0000 - 0x000007fef86c1000 	C:\Windows\system32\dhcpcsvc6.DLL
0x000007fef8690000 - 0x000007fef86a8000 	C:\Windows\system32\dhcpcsvc.DLL
0x000007fef6830000 - 0x000007fef694d000 	C:\Windows\system32\opengl32.dll
0x000007fef6800000 - 0x000007fef682d000 	C:\Windows\system32\GLU32.dll
0x000007fef6700000 - 0x000007fef67f1000 	C:\Windows\system32\DDRAW.dll
0x000007fef66f0000 - 0x000007fef66f8000 	C:\Windows\system32\DCIMAN32.dll
0x000007fefef30000 - 0x000007feff107000 	C:\Windows\system32\SETUPAPI.dll
0x000007fefd110000 - 0x000007fefd146000 	C:\Windows\system32\CFGMGR32.dll
0x000007fefd050000 - 0x000007fefd06a000 	C:\Windows\system32\DEVOBJ.dll
0x000007fed0070000 - 0x000007fed1540000 	C:\Windows\system32\nvd3dumx.dll
0x000007fefbb30000 - 0x000007fefbb5c000 	C:\Windows\system32\powrprof.dll
0x000007fefb6d0000 - 0x000007fefb6dd000 	C:\Program Files\Java\jdk-11.0.5\bin\sunmscapi.dll
0x000007fefd150000 - 0x000007fefd2b7000 	C:\Windows\system32\CRYPT32.dll
0x000007fefcfd0000 - 0x000007fefcfdf000 	C:\Windows\system32\MSASN1.dll
0x000007fefc980000 - 0x000007fefc9ce000 	C:\Windows\system32\ncrypt.dll
0x000007fefc950000 - 0x000007fefc972000 	C:\Windows\system32\bcrypt.dll
0x000007fed1540000 - 0x000007fed1801000 	C:\Windows\system32\nvspcap64.dll
0x000007fefc1b0000 - 0x000007fefc1dd000 	C:\Windows\system32\ntmarta.dll
0x000007fefdb90000 - 0x000007fefdbe2000 	C:\Windows\system32\WLDAP32.dll
0x000007fefd2c0000 - 0x000007fefd2fa000 	C:\Windows\system32\WINTRUST.DLL
0x000007feff1c0000 - 0x000007feff1d7000 	C:\Windows\system32\imagehlp.dll
0x000007fefc440000 - 0x000007fefc48c000 	C:\Windows\system32\bcryptprimitives.dll
0x000007fefc250000 - 0x000007fefc26b000 	C:\Windows\system32\GPAPI.dll
0x000007fed3690000 - 0x000007fed36b7000 	C:\Program Files\Java\jdk-11.0.5\bin\sunec.dll
0x000007fefc1e0000 - 0x000007fefc206000 	C:\Windows\system32\cryptnet.dll
0x000007fee3580000 - 0x000007fee359b000 	C:\Windows\system32\Cabinet.dll
0x000007fece6f0000 - 0x000007fece773000 	C:\Program Files\Java\jdk-11.0.5\bin\freetype.dll
0x000007fefc290000 - 0x000007fefc2a2000 	C:\Windows\system32\DEVRTL.dll
0x000007fece640000 - 0x000007fece6eb000 	C:\Program Files\Java\jdk-11.0.5\bin\fontmanager.dll
0x000007fefbc20000 - 0x000007fefbc27000 	C:\Windows\System32\wshtcpip.dll
0x000007fefc620000 - 0x000007fefc67b000 	C:\Windows\system32\DNSAPI.dll
0x000007fef7b10000 - 0x000007fef7b18000 	C:\Windows\system32\rasadhlp.dll
0x000007fef8730000 - 0x000007fef8783000 	C:\Windows\System32\fwpuclnt.dll
0x000007fece930000 - 0x000007fece971000 	C:\Users\NEX\AppData\Local\Temp\jna-77185\jna6393094413468775105.dll
0x000007fece4e0000 - 0x000007fece57c000 	C:\Users\NEX\AppData\Local\Temp\jna-77185\jna1795731088911268811.dll
0x0000000066870000 - 0x00000000668c0000 	C:\Program Files\UltraMon\RTSUltraMonHook.dll
0x000007fed36d0000 - 0x000007fed36e2000 	C:\Program Files\Java\jdk-11.0.5\bin\jsound.dll
0x000007fef6c70000 - 0x000007fef6cf8000 	C:\Windows\system32\DSOUND.dll
0x000007feff110000 - 0x000007feff1a9000 	C:\Windows\system32\CLBCatQ.DLL
0x000007fefb850000 - 0x000007fefb89b000 	C:\Windows\System32\MMDevApi.dll
0x000007fefb710000 - 0x000007fefb83c000 	C:\Windows\System32\PROPSYS.dll
0x000007fece460000 - 0x000007fece4df000 	C:\Program Files\Java\jdk-11.0.5\bin\mlib_image.dll
0x000007fee7e40000 - 0x000007fee7e7b000 	C:\Windows\system32\wdmaud.drv
0x0000000068080000 - 0x0000000068086000 	C:\Windows\system32\ksuser.dll
0x000007fefb840000 - 0x000007fefb849000 	C:\Windows\system32\AVRT.dll
0x000007fee8ca0000 - 0x000007fee8cef000 	C:\Windows\system32\AUDIOSES.DLL
0x000007fee6be0000 - 0x000007fee6bea000 	C:\Windows\system32\msacm32.drv
0x000007fee6bc0000 - 0x000007fee6bd8000 	C:\Windows\system32\MSACM32.dll
0x000007fee6ba0000 - 0x000007fee6ba9000 	C:\Windows\system32\midimap.dll
0x000007fed26b0000 - 0x000007fed26dd000 	C:\Program Files\Java\jdk-11.0.5\bin\javajpeg.dll
0x000007fecc1a0000 - 0x000007fecc1a9000 	C:\Program Files\Java\jdk-11.0.5\bin\management.dll
0x000007fecc140000 - 0x000007fecc14c000 	C:\Program Files\Java\jdk-11.0.5\bin\management_ext.dll
0x000007fece8f0000 - 0x000007fece92f000 	C:\Program Files\Java\jdk-11.0.5\bin\lcms.dll
0x000007fefaba0000 - 0x000007fefacca000 	C:\Windows\system32\WindowsCodecs.dll
0x000007fefce00000 - 0x000007fefce57000 	C:\Windows\system32\apphelp.dll
0x000007fef5fe0000 - 0x000007fef6040000 	C:\Program Files (x86)\Dropbox\Client\DropboxExt64.27.0.dll
0x000007fef7ec0000 - 0x000007fef7edf000 	C:\Windows\system32\thumbcache.dll
0x000007fef7e50000 - 0x000007fef7ebb000 	C:\Windows\system32\PhotoMetadataHandler.dll
0x000007fef7d90000 - 0x000007fef7e50000 	C:\Program Files\Google\Drive\googledrivesync64.dll

dbghelp: loaded successfully - version: 4.0.5 - missing functions: none
symbol engine: initialized successfully - sym options: 0x614 - pdb path: .;C:\Program Files\Java\jdk-11.0.5\bin;C:\Windows\SYSTEM32;C:\Windows\WinSxS\amd64_microsoft.windows.common-controls_6595b64144ccf1df_6.0.7601.17514_none_fa396087175ac9ac;C:\Program Files\Java\jdk-11.0.5\bin\server;C:\Users\NEX\AppData\Local\Temp\jna-77185;C:\Program Files\UltraMon;C:\Program Files (x86)\Dropbox\Client;C:\Program Files\Google\Drive;C:\Windows\WinSxS\amd64_microsoft.vc90.crt_1fc8b3b9a1e18e3b_9.0.30729.6161_none_08e61857a83bc251;C:\Users\NEX\AppData\Local\Temp\jogamp_0000\file_cache\jln3664136976511785049\jln3536022062647969008\natives\windows-amd64;C:\Program Files\obs-studio\data\obs-plugins\win-capture

VM Arguments:
jvm_args: -Dfile.encoding=UTF-8 -Duser.country=US -Duser.language=en -Duser.variant 
java_command: net.runelite.client.RuneLite
java_class_path (initial): C:\Users\NEX\IdeaProjects\runelite-extended2\runelite-client\build\classes\java\main;C:\Users\NEX\IdeaProjects\runelite-extended2\runelite-client\build\resources\main;C:\Users\NEX\IdeaProjects\runelite-extended2\http-api\build\libs\http-api-1.6.6-SNAPSHOT.jar;C:\Users\NEX\IdeaProjects\runelite-extended2\runescape-api\build\libs\runescape-api-1.6.6-SNAPSHOT.jar;C:\Users\NEX\IdeaProjects\runelite-extended2\runelite-api\build\libs\runelite-api-1.6.6-SNAPSHOT.jar;C:\Users\NEX\.gradle\caches\modules-2\files-2.1\ch.qos.logback\logback-classic\1.2.3\7c4f3c474fb2c041d8028740440937705ebb473a\logback-classic-1.2.3.jar;C:\Users\NEX\.gradle\caches\modules-2\files-2.1\com.google.code.gson\gson\2.8.6\9180733b7df8542621dc12e21e87557e8c99b8cb\gson-2.8.6.jar;C:\Users\NEX\.gradle\caches\modules-2\files-2.1\com.google.inject\guice\4.2.2\fa13659f9128f4c011c8e1d06f137083b4876377\guice-4.2.2-no_aop.jar;C:\Users\NEX\.gradle\caches\modules-2\files-2.1\com.google.guava\guava\28.2-jre\8ec9ed76528425762174f0011ce8f74ad845b756\guava-28.2-jre.jar;C:\Users\NEX\.gradle\caches\modules-2\files-2.1\com.h2database\h2\1.4.200\f7533fe7cb8e99c87a43d325a77b4b678ad9031a\h2-1.4.200.jar;C:\Users\NEX\.gradle\caches\modules-2\files-2.1\com.jakewharton.rxrelay2\rxrelay\2.1.1\b5cb329f502caba70863749b6559f13eb25b6285\rxrelay-2.1.1.jar;C:\Users\NEX\.gradle\caches\modules-2\files-2.1\com.squareup.okhttp3\okhttp\4.3.0\cacafea0ad79a98bdf70f620f32eed22f2535e60\okhttp-4.3.0.jar;C:\Users\NEX\.gradle\caches\modules-2\files-2.1\io.reactivex.rxjava2\rxjava\2.2.16\4b88484cd4d02954243fc0a1a0b0a7503ca769a0\rxjava-2.2.16.jar;C:\Users\NEX\.gradle\caches\modules-2\files-2.1\net.java.dev.jna\jna-platform\5.5.0\af38e7c4d0fc73c23ecd785443705bfdee5b90bf\jna-platform-5.5.0.jar;C:\Users\NEX\.gradle\caches\modules-2\files-2.1\net.runelite\discord\1.1\2d6c73d538b0533883a1e1cdd5b08c70f66ee3a1\discord-1.1.jar;C:\Users\NEX\.gradle\caches\modules-2\files-2.1\net.java.dev.jna\jna\5.5.0\e0845217c4907822403912ad68
Launcher Type: SUN_STANDARD

[Global flags]
     intx CICompilerCount                          = 3                                         {product} {ergonomic}
     uint ConcGCThreads                            = 1                                         {product} {ergonomic}
     uint G1ConcRefinementThreads                  = 4                                         {product} {ergonomic}
   size_t G1HeapRegionSize                         = 1048576                                   {product} {ergonomic}
    uintx GCDrainStackTargetSize                   = 64                                        {product} {ergonomic}
   size_t InitialHeapSize                          = 268435456                                 {product} {ergonomic}
   size_t MarkStackSize                            = 4194304                                   {product} {ergonomic}
   size_t MaxHeapSize                              = 4271898624                                {product} {ergonomic}
   size_t MaxNewSize                               = 2562719744                                {product} {ergonomic}
   size_t MinHeapDeltaBytes                        = 1048576                                   {product} {ergonomic}
    uintx NonNMethodCodeHeapSize                   = 5830732                                {pd product} {ergonomic}
    uintx NonProfiledCodeHeapSize                  = 122913754                              {pd product} {ergonomic}
    uintx ProfiledCodeHeapSize                     = 122913754                              {pd product} {ergonomic}
    uintx ReservedCodeCacheSize                    = 251658240                              {pd product} {ergonomic}
     bool SegmentedCodeCache                       = true                                      {product} {ergonomic}
     bool UseCompressedClassPointers               = true                                 {lp64_product} {ergonomic}
     bool UseCompressedOops                        = true                                 {lp64_product} {ergonomic}
     bool UseG1GC                                  = true                                      {product} {ergonomic}
     bool UseLargePagesIndividualAllocation        = false                                  {pd product} {ergonomic}

Logging:
Log output configuration:
 #0: stdout all=warning uptime,level,tags
 #1: stderr all=off uptime,level,tags

Environment Variables:
JAVA_HOME=C:\Program Files\Java\jdk1.8.0_221
PATH=C:\Program Files (x86)\Common Files\Oracle\Java\javapath;C:\ProgramData\Oracle\Java\javapath;C:\Program Files (x86)\AMD APP\bin\x86_64;C:\Program Files (x86)\AMD APP\bin\x86;C:\Windows\system32;C:\Windows;C:\Windows\System32\Wbem;C:\Windows\System32\WindowsPowerShell\v1.0\;C:\Program Files (x86)\ATI Technologies\ATI.ACE\Core-Static;C:\Program Files (x86)\EasyPHP-Devserver-16.1\eds-binaries\php\php5619vc11x86x160629234843;C:\ProgramData\ComposerSetup\bin;C:\Program Files\Git\cmd;C:\Program Files (x86)\Skype\Phone\;C:\Program Files (x86)\AMD\ATI.ACE\Core-Static;C:\Program Files (x86)\Yarn\bin;C:\ProgramData\chocolatey\bin;C:\Program Files (x86)\Intel\OpenCL SDK\2.0\bin\x86;C:\Program Files (x86)\Intel\OpenCL SDK\2.0\bin\x64;C:\Program Files (x86)\NVIDIA Corporation\PhysX\Common;C:\Program Files\nodejs\;C:\Program Files\NVIDIA Corporation\NVIDIA NvDLISR;C:\Program Files\Microsoft SQL Server\Client SDK\ODBC\110\Tools\Binn\;C:\Program Files (x86)\Microsoft SQL Server\120\Tools\Binn\;C:\Program Files\Microsoft SQL Server\120\Tools\Binn\;C:\Program Files\Microsoft SQL Server\120\DTS\Binn\;C:\Users\NEX\AppData\Roaming\Composer\vendor\bin;C:\Users\NEX\AppData\Local\Yarn\.bin;C:\Users\NEX\AppData\Local\atom\bin;C:\Users\NEX\AppData\Local\GitHubDesktop\bin;C:\Users\NEX\AppData\Local\Programs\Microsoft VS Code\bin;C:\Users\NEX\AppData\Roaming\npm;F:\maven\apache-maven-3.6.1\bin;C:\Users\NEX\AppData\Local\Google\Cloud SDK\google-cloud-sdk\bin
USERNAME=NEX
OS=Windows_NT
PROCESSOR_IDENTIFIER=Intel64 Family 6 Model 42 Stepping 7, GenuineIntel



---------------  S Y S T E M  ---------------

OS: Windows 7 , 64 bit Build 7601 (6.1.7601.17514)

CPU:total 4 (initial active 4) (4 cores per cpu, 1 threads per core) family 6 model 42 stepping 7, cmov, cx8, fxsr, mmx, sse, sse2, sse3, ssse3, sse4.1, sse4.2, popcnt, avx, aes, clmul, tsc, tscinvbit

Memory: 4k page, system-wide physical 16288M (4500M free)
TotalPageFile size 16286M (AvailPageFile size 2192M)
current process WorkingSet (physical memory assigned to process): 876M, peak: 991M
current process commit charge ("private bytes"): 930M, peak: 1020M

vm_info: Java HotSpot(TM) 64-Bit Server VM (11.0.5+10-LTS) for windows-amd64 JRE (11.0.5+10-LTS), built on Oct  6 2019 12:37:14 by "mach5one" with MS VC++ 15.5 (VS2017)

END.
