#
# A fatal error has been detected by the Java Runtime Environment:
#
#  EXCEPTION_ACCESS_VIOLATION (0xc0000005) at pc=0x0000000000000000, pid=4000, tid=8540
#
# JRE version: Java(TM) SE Runtime Environment (11.0.5+10) (build 11.0.5+10-LTS)
# Java VM: Java HotSpot(TM) 64-Bit Server VM (11.0.5+10-LTS, mixed mode, tiered, compressed oops, g1 gc, windows-amd64)
# Problematic frame:
# C  0x0000000000000000
#
# No core dump will be written. Minidumps are not enabled by default on client versions of Windows
#
# If you would like to submit a bug report, please visit:
#   http://bugreport.java.com/bugreport/crash.jsp
# The crash happened outside the Java Virtual Machine in native code.
# See problematic frame for where to report the bug.
#

---------------  S U M M A R Y ------------

Command Line: -Dfile.encoding=UTF-8 -Duser.country=US -Duser.language=en -Duser.variant net.runelite.client.RuneLite

Host: Intel(R) Core(TM) i5-2500K CPU @ 3.30GHz, 4 cores, 15G,  Windows 7 , 64 bit Build 7601 (6.1.7601.17514)
Time: Thu Feb  6 14:45:17 2020 Eastern Standard Time elapsed time: 11 seconds (0d 0h 0m 11s)

---------------  T H R E A D  ---------------

Current thread (0x000000002dfc6000):  JavaThread "Client-SharedResourceRunner" daemon [_thread_in_native, id=8540, stack(0x0000000041be0000,0x0000000041ce0000)]

Stack: [0x0000000041be0000,0x0000000041ce0000],  sp=0x0000000041cdecc8,  free space=1019k
Native frames: (J=compiled Java code, j=interpreted, Vv=VM code, C=native code)

Java frames: (J=compiled Java code, j=interpreted, Vv=VM code)
j  jogamp.opengl.windows.wgl.WGL.dispatch_wglDeleteContext0(JJ)Z+0
j  jogamp.opengl.windows.wgl.WGL.wglDeleteContext(J)Z+37
j  jogamp.opengl.windows.wgl.WindowsWGLContext.destroyContextARBImpl(J)V+7
j  jogamp.opengl.GLContextImpl.createContextARBMapVersionsAvailable(Lcom/jogamp/nativewindow/AbstractGraphicsDevice;IIZ)Z+342
j  jogamp.opengl.GLContextImpl.mapGLVersions(Lcom/jogamp/nativewindow/AbstractGraphicsDevice;)Z+571
j  jogamp.opengl.GLContextImpl.createContextARB(JZ)J+116
j  jogamp.opengl.windows.wgl.WindowsWGLContext.createImpl(J)Z+740
j  jogamp.opengl.GLContextImpl.makeCurrentWithinLock(I)I+224
j  jogamp.opengl.GLContextImpl.makeCurrent(Z)I+488
j  jogamp.opengl.GLContextImpl.makeCurrent()I+2
j  jogamp.opengl.windows.wgl.WindowsWGLDrawableFactory$SharedResourceImplementation.createSharedResource(Lcom/jogamp/nativewindow/AbstractGraphicsDevice;)Ljogamp/opengl/SharedResourceRunner$Resource;+172
j  jogamp.opengl.SharedResourceRunner.run()V+267
j  java.lang.Thread.run()V+11 java.base@11.0.5
v  ~StubRoutines::call_stub

siginfo: EXCEPTION_ACCESS_VIOLATION (0xc0000005), data execution prevention violation at address 0x0000000000000000


Register to memory mapping:

RIP=0x0 is NULL
RAX=0x0000000000000001 is an unknown value
RBX={method} {0x000000004195c5f0} 'dispatch_wglDeleteContext0' '(JJ)Z' in 'jogamp/opengl/windows/wgl/WGL'
RCX=0x0000000000010001 points into unknown readable memory: 00 00 00 00 00 00 00
RDX=0x0000000041cdedc8 is pointing into the stack for thread: 0x000000002dfc6000
RSP=0x0000000041cdecc8 is pointing into the stack for thread: 0x000000002dfc6000
RBP=0x0000000041cdedb8 is pointing into the stack for thread: 0x000000002dfc6000
RSI=0x0000000000010001 points into unknown readable memory: 00 00 00 00 00 00 00
RDI=0x000000000aa99610 is at code_begin+208 in an Interpreter codelet
invoke return entry points  [0x000000000aa99540, 0x000000000aa99f40]  2560 bytes
R8 =0x0000000000010001 points into unknown readable memory: 00 00 00 00 00 00 00
R9 =0x000007fef6858be0 opengl32.dll
R10=0x000000000aa9f008 is at code_begin+1000 in an Interpreter codelet
method entry point (kind = native)  [0x000000000aa9ec20, 0x000000000aa9f780]  2912 bytes
R11=0x000000070d9bbb90 is an oop: java.lang.Class 
{0x000000070d9bbb90} - klass: 'java/lang/Class'
R12=0x0 is NULL
R13={method} {0x000000004195c5f0} 'dispatch_wglDeleteContext0' '(JJ)Z' in 'jogamp/opengl/windows/wgl/WGL'
R14=0x0000000041cdedf0 is pointing into the stack for thread: 0x000000002dfc6000
R15=0x000000002dfc6000 is a thread


Registers:
RAX=0x0000000000000001, RBX=0x000000004195c5e8, RCX=0x0000000000010001, RDX=0x0000000041cdedc8
RSP=0x0000000041cdecc8, RBP=0x0000000041cdedb8, RSI=0x0000000000010001, RDI=0x000000000aa99610
R8 =0x0000000000010001, R9 =0x000007fef6858be0, R10=0x000000000aa9f008, R11=0x000000070d9bbb90
R12=0x0000000000000000, R13=0x000000004195c5e8, R14=0x0000000041cdedf0, R15=0x000000002dfc6000
RIP=0x0000000000000000, EFLAGS=0x0000000000010202

Top of Stack: (sp=0x0000000041cdecc8)
0x0000000041cdecc8:   000007feb752a603 0000000001000021
0x0000000041cdecd8:   0000000001000021 000000004195c5e8
0x0000000041cdece8:   000000002dfc6000 0000000001000021
0x0000000041cdecf8:   000000006455657a 000000000aa99610
0x0000000041cded08:   000000004195c5e8 000000002dfc6000
0x0000000041cded18:   00000000419e72a8 00000000419e7258
0x0000000041cded28:   000000000aa9f037 000000000aa99610
0x0000000041cded38:   000000000aa9ed1c 000000002dfc6000
0x0000000041cded48:   000000004195c5e8 0000000001000021
0x0000000041cded58:   000007fec9ed77f4 3ff0000000000000
0x0000000041cded68:   000000000aa9ecd6 0000000041cded70
0x0000000041cded78:   000000004195c5e8 0000000041cdedf0
0x0000000041cded88:   000000004195d938 0000000000000000
0x0000000041cded98:   000000070d9bbb90 000000004195c5e8
0x0000000041cdeda8:   0000000000000000 0000000041cdedd8
0x0000000041cdedb8:   0000000041cdee40 000000000aa99610 

Instructions: (pc=0x0000000000000000)
0xffffffffffffffe0:   


Stack slot to memory mapping:
stack at sp + 0 slots: 0x000007feb752a603 graphics-hook64.dll
stack at sp + 1 slots: 0x0000000001000021 is an unknown value
stack at sp + 2 slots: 0x0000000001000021 is an unknown value
stack at sp + 3 slots: {method} {0x000000004195c5f0} 'dispatch_wglDeleteContext0' '(JJ)Z' in 'jogamp/opengl/windows/wgl/WGL'
stack at sp + 4 slots: 0x000000002dfc6000 is a thread
stack at sp + 5 slots: 0x0000000001000021 is an unknown value
stack at sp + 6 slots: 0x000000006455657a points into unknown readable memory: 48 83 c4 28 c3 90
stack at sp + 7 slots: 0x000000000aa99610 is at code_begin+208 in an Interpreter codelet
invoke return entry points  [0x000000000aa99540, 0x000000000aa99f40]  2560 bytes


---------------  P R O C E S S  ---------------

Threads class SMR info:
_java_thread_list=0x000000002fc47560, length=78, elements={
0x00000000262db800, 0x0000000026325800, 0x000000002632d000, 0x0000000027120800,
0x0000000027122000, 0x000000002712a000, 0x000000002712d000, 0x0000000027289000,
0x00000000272d9800, 0x000000002867b000, 0x00000000290b6800, 0x000000002873a800,
0x000000002873b800, 0x0000000028d2d000, 0x0000000028ea8800, 0x0000000029107800,
0x00000000290f6000, 0x000000002de60800, 0x0000000029a50000, 0x000000002d96a800,
0x000000002d96b000, 0x000000002d96c000, 0x000000002d96d000, 0x000000002d96d800,
0x000000002d96e800, 0x000000002d96f000, 0x000000002d970000, 0x000000002df5d000,
0x000000002df5e000, 0x000000002df5f000, 0x000000002df5f800, 0x000000002df61000,
0x000000002df62000, 0x000000002df63000, 0x000000002df63800, 0x000000002e254000,
0x000000002e255000, 0x000000002e256000, 0x000000002e256800, 0x000000002e257800,
0x000000002e258800, 0x000000002e259000, 0x000000002e25a000, 0x000000002e25a800,
0x000000002fc03800, 0x000000002fc04800, 0x000000002fc05800, 0x000000002fc06000,
0x000000002fc07000, 0x000000002fc07800, 0x000000002fc09800, 0x000000002fc0a000,
0x000000002fe3e000, 0x000000002d969800, 0x000000002fe3f000, 0x000000002fe40000,
0x000000002fe40800, 0x000000002fe41800, 0x000000002fe42800, 0x000000002fe43000,
0x000000002fe44000, 0x000000002fe44800, 0x000000002dce1800, 0x000000002dce2800,
0x000000002dce3800, 0x000000002dce6800, 0x000000002dce5800, 0x000000002dce5000,
0x000000002dce4000, 0x000000002dce7800, 0x000000002dce8000, 0x000000002dfc1000,
0x000000002dfc2000, 0x000000002dfc3000, 0x000000002dfc3800, 0x000000002dfc4800,
0x000000002dfc5000, 0x000000002dfc6000
}

Java Threads: ( => current thread )
  0x00000000262db800 JavaThread "Reference Handler" daemon [_thread_blocked, id=11780, stack(0x0000000027020000,0x0000000027120000)]
  0x0000000026325800 JavaThread "Finalizer" daemon [_thread_blocked, id=9832, stack(0x0000000026430000,0x0000000026530000)]
  0x000000002632d000 JavaThread "Signal Dispatcher" daemon [_thread_blocked, id=12016, stack(0x00000000275a0000,0x00000000276a0000)]
  0x0000000027120800 JavaThread "Attach Listener" daemon [_thread_blocked, id=3232, stack(0x00000000276a0000,0x00000000277a0000)]
  0x0000000027122000 JavaThread "C2 CompilerThread0" daemon [_thread_blocked, id=11008, stack(0x00000000277c0000,0x00000000278c0000)]
  0x000000002712a000 JavaThread "C1 CompilerThread0" daemon [_thread_blocked, id=11760, stack(0x0000000027a60000,0x0000000027b60000)]
  0x000000002712d000 JavaThread "Sweeper thread" daemon [_thread_blocked, id=5760, stack(0x0000000027b70000,0x0000000027c70000)]
  0x0000000027289000 JavaThread "Service Thread" daemon [_thread_blocked, id=10660, stack(0x0000000027d70000,0x0000000027e70000)]
  0x00000000272d9800 JavaThread "Common-Cleaner" daemon [_thread_blocked, id=12268, stack(0x0000000027960000,0x0000000027a60000)]
  0x000000002867b000 JavaThread "RxSchedulerPurge-1" daemon [_thread_blocked, id=10068, stack(0x0000000029ec0000,0x0000000029fc0000)]
  0x00000000290b6800 JavaThread "RxCachedWorkerPoolEvictor-1" daemon [_thread_blocked, id=8936, stack(0x000000002a690000,0x000000002a790000)]
  0x000000002873a800 JavaThread "RxComputationThreadPool-1" daemon [_thread_blocked, id=10080, stack(0x000000002a7e0000,0x000000002a8e0000)]
  0x000000002873b800 JavaThread "RxComputationThreadPool-2" daemon [_thread_blocked, id=10820, stack(0x000000002aa50000,0x000000002ab50000)]
  0x0000000028d2d000 JavaThread "Java2D Disposer" daemon [_thread_blocked, id=11568, stack(0x000000002ae60000,0x000000002af60000)]
  0x0000000028ea8800 JavaThread "AWT-Shutdown" [_thread_blocked, id=11484, stack(0x000000002a950000,0x000000002aa50000)]
  0x0000000029107800 JavaThread "AWT-Windows" daemon [_thread_in_native, id=1140, stack(0x000000002b070000,0x000000002b170000)]
  0x00000000290f6000 JavaThread "AWT-EventQueue-0" [_thread_blocked, id=1896, stack(0x000000002b850000,0x000000002b950000)]
  0x000000002de60800 JavaThread "OkHttp TaskRunner" daemon [_thread_blocked, id=2400, stack(0x000000002ec90000,0x000000002ed90000)]
  0x0000000029a50000 JavaThread "TimerQueue" daemon [_thread_blocked, id=9568, stack(0x000000002ee70000,0x000000002ef70000)]
  0x000000002d96a800 JavaThread "Okio Watchdog" daemon [_thread_blocked, id=11560, stack(0x000000002ef70000,0x000000002f070000)]
  0x000000002d96b000 JavaThread "D3D Screen Updater" daemon [_thread_blocked, id=11892, stack(0x00000000319a0000,0x0000000031aa0000)]
  0x000000002d96c000 JavaThread "pool-3-thread-1" [_thread_blocked, id=1368, stack(0x0000000031b00000,0x0000000031c00000)]
  0x000000002d96d000 JavaThread "pool-4-thread-1" [_thread_blocked, id=2508, stack(0x0000000032400000,0x0000000032500000)]
  0x000000002d96d800 JavaThread "pool-5-thread-1" [_thread_blocked, id=8740, stack(0x000000002f290000,0x000000002f390000)]
  0x000000002d96e800 JavaThread "pool-6-thread-1" [_thread_blocked, id=5916, stack(0x000000002f660000,0x000000002f760000)]
  0x000000002d96f000 JavaThread "pool-7-thread-1" [_thread_blocked, id=7036, stack(0x000000002f8a0000,0x000000002f9a0000)]
  0x000000002d970000 JavaThread "pool-8-thread-1" [_thread_blocked, id=10308, stack(0x0000000030980000,0x0000000030a80000)]
  0x000000002df5d000 JavaThread "RxComputationThreadPool-3" daemon [_thread_blocked, id=11388, stack(0x0000000030c80000,0x0000000030d80000)]
  0x000000002df5e000 JavaThread "pool-9-thread-1" [_thread_blocked, id=12224, stack(0x0000000030dc0000,0x0000000030ec0000)]
  0x000000002df5f000 JavaThread "RxComputationThreadPool-4" daemon [_thread_blocked, id=6624, stack(0x000000002f790000,0x000000002f890000)]
  0x000000002df5f800 JavaThread "pool-10-thread-1" [_thread_blocked, id=9864, stack(0x0000000031090000,0x0000000031190000)]
  0x000000002df61000 JavaThread "OkHttp TaskRunner" daemon [_thread_blocked, id=10652, stack(0x0000000030f10000,0x0000000031010000)]
  0x000000002df62000 JavaThread "pool-11-thread-1" [_thread_blocked, id=8716, stack(0x0000000031c00000,0x0000000031d00000)]
  0x000000002df63000 JavaThread "pool-13-thread-1" [_thread_blocked, id=10796, stack(0x0000000032aa0000,0x0000000032ba0000)]
  0x000000002df63800 JavaThread "OkHttp TaskRunner" daemon [_thread_blocked, id=1180, stack(0x0000000032c40000,0x0000000032d40000)]
  0x000000002e254000 JavaThread "pool-15-thread-1" [_thread_blocked, id=6644, stack(0x0000000031d40000,0x0000000031e40000)]
  0x000000002e255000 JavaThread "pool-17-thread-1" [_thread_blocked, id=1196, stack(0x0000000032810000,0x0000000032910000)]
  0x000000002e256000 JavaThread "RxCachedThreadScheduler-1" daemon [_thread_blocked, id=5560, stack(0x0000000032d80000,0x0000000032e80000)]
  0x000000002e256800 JavaThread "RxCachedThreadScheduler-2" daemon [_thread_blocked, id=8280, stack(0x0000000033fc0000,0x00000000340c0000)]
  0x000000002e257800 JavaThread "pool-18-thread-1" [_thread_blocked, id=5876, stack(0x00000000349e0000,0x0000000034ae0000)]
  0x000000002e258800 JavaThread "pool-18-thread-2" [_thread_blocked, id=5340, stack(0x0000000032970000,0x0000000032a70000)]
  0x000000002e259000 JavaThread "pool-18-thread-3" [_thread_blocked, id=10544, stack(0x0000000032710000,0x0000000032810000)]
  0x000000002e25a000 JavaThread "pool-18-thread-4" [_thread_blocked, id=8784, stack(0x0000000034bb0000,0x0000000034cb0000)]
  0x000000002e25a800 JavaThread "pool-18-thread-5" [_thread_blocked, id=7616, stack(0x0000000034cb0000,0x0000000034db0000)]
  0x000000002fc03800 JavaThread "pool-18-thread-6" [_thread_blocked, id=6036, stack(0x0000000034e40000,0x0000000034f40000)]
  0x000000002fc04800 JavaThread "pool-18-thread-7" [_thread_blocked, id=7420, stack(0x00000000350a0000,0x00000000351a0000)]
  0x000000002fc05800 JavaThread "pool-18-thread-8" [_thread_blocked, id=1964, stack(0x00000000352e0000,0x00000000353e0000)]
  0x000000002fc06000 JavaThread "Java Sound Event Dispatcher" daemon [_thread_blocked, id=3620, stack(0x00000000366a0000,0x00000000367a0000)]
  0x000000002fc07000 JavaThread "Direct Clip" daemon [_thread_blocked, id=11088, stack(0x0000000036e60000,0x0000000036f60000)]
  0x000000002fc07800 JavaThread "Direct Clip" daemon [_thread_blocked, id=10284, stack(0x0000000037090000,0x0000000037190000)]
  0x000000002fc09800 JavaThread "Thread-1" daemon [_thread_blocked, id=5892, stack(0x0000000031260000,0x0000000031360000)]
  0x000000002fc0a000 JavaThread "Client" daemon [_thread_blocked, id=9776, stack(0x00000000376c0000,0x00000000377c0000)]
  0x000000002fe3e000 JavaThread "Thread-3" daemon [_thread_blocked, id=5772, stack(0x0000000037aa0000,0x0000000037ba0000)]
  0x000000002d969800 JavaThread "Substance heap status" daemon [_thread_blocked, id=7380, stack(0x0000000037520000,0x0000000037620000)]
  0x000000002fe3f000 JavaThread "Thread-5" daemon [_thread_in_native, id=4648, stack(0x000000002b740000,0x000000002b840000)]
  0x000000002fe40000 JavaThread "Thread-6" daemon [_thread_blocked, id=3968, stack(0x0000000038080000,0x0000000038180000)]
  0x000000002fe40800 JavaThread "pool-22-thread-1" [_thread_in_native, id=2140, stack(0x0000000038180000,0x0000000038280000)]
  0x000000002fe41800 JavaThread "Thread-7" daemon [_thread_blocked, id=4964, stack(0x00000000384e0000,0x00000000385e0000)]
  0x000000002fe42800 JavaThread "OkHttp api.runelite.net" [_thread_in_native, id=992, stack(0x0000000038a30000,0x0000000038b30000)]
  0x000000002fe43000 JavaThread "OkHttp Dispatcher" [_thread_blocked, id=10728, stack(0x0000000038860000,0x0000000038960000)]
  0x000000002fe44000 JavaThread "OkHttp Dispatcher" [_thread_blocked, id=9860, stack(0x0000000039d30000,0x0000000039e30000)]
  0x000000002fe44800 JavaThread "OkHttp Dispatcher" [_thread_blocked, id=6860, stack(0x0000000039f20000,0x000000003a020000)]
  0x000000002dce1800 JavaThread "OkHttp Dispatcher" [_thread_blocked, id=1036, stack(0x000000003a160000,0x000000003a260000)]
  0x000000002dce2800 JavaThread "OkHttp Dispatcher" [_thread_blocked, id=4824, stack(0x000000003a040000,0x000000003a140000)]
  0x000000002dce3800 JavaThread "OkHttp pbs.twimg.com" [_thread_in_native, id=8548, stack(0x0000000037f80000,0x0000000038080000)]
  0x000000002dce6800 JavaThread "pool-23-thread-1" [_thread_blocked, id=7348, stack(0x000000003a8f0000,0x000000003a9f0000)]
  0x000000002dce5800 JavaThread "OkHttp Dispatcher" [_thread_blocked, id=9692, stack(0x000000003a750000,0x000000003a850000)]
  0x000000002dce5000 JavaThread "Trident callback thread" daemon [_thread_blocked, id=9344, stack(0x000000003aa80000,0x000000003ab80000)]
  0x000000002dce4000 JavaThread "Trident pulse source thread" daemon [_thread_blocked, id=10768, stack(0x000000003abf0000,0x000000003acf0000)]
  0x000000002dce7800 JavaThread "H2 File Lock Watchdog C:/Users/NEX/.runelite/RunelitePlus.lock.db" daemon [_thread_blocked, id=9624, stack(0x000000003ad00000,0x000000003ae00000)]
  0x000000002dce8000 JavaThread "H2 TCP Server (tcp://192.168.56.1:50188)" daemon [_thread_in_native, id=11420, stack(0x000000003ae70000,0x000000003af70000)]
  0x000000002dfc1000 JavaThread "MVStore background writer nio:C:/Users/NEX/.runelite/RunelitePlus.mv.db" daemon [_thread_blocked, id=11588, stack(0x000000003a650000,0x000000003a750000)]
  0x000000002dfc2000 JavaThread "OkHttp wdrdev.github.io" [_thread_in_native, id=8692, stack(0x000000003b800000,0x000000003b900000)]
  0x000000002dfc3000 JavaThread "OkHttp TaskRunner" daemon [_thread_blocked, id=10572, stack(0x000000003b270000,0x000000003b370000)]
  0x000000002dfc3800 JavaThread "OkHttp runewatch.com" [_thread_in_native, id=11152, stack(0x000000003ba60000,0x000000003bb60000)]
  0x000000002dfc4800 JavaThread "Thread-11" daemon [_thread_blocked, id=8932, stack(0x000000003ed60000,0x000000003ee60000)]
  0x000000002dfc5000 JavaThread "DestroyJavaVM" [_thread_blocked, id=11324, stack(0x0000000002210000,0x0000000002310000)]
=>0x000000002dfc6000 JavaThread "Client-SharedResourceRunner" daemon [_thread_in_native, id=8540, stack(0x0000000041be0000,0x0000000041ce0000)]

Other Threads:
  0x00000000262d8800 VMThread "VM Thread" [stack: 0x0000000026ee0000,0x0000000026fe0000] [id=10140]
  0x0000000027292000 WatcherThread [stack: 0x0000000027e70000,0x0000000027f70000] [id=4380]
  0x00000000004e2800 GCTaskThread "GC Thread#0" [stack: 0x0000000019d00000,0x0000000019e00000] [id=6084]
  0x000000002862c000 GCTaskThread "GC Thread#1" [stack: 0x0000000028aa0000,0x0000000028ba0000] [id=11944]
  0x00000000286ef000 GCTaskThread "GC Thread#2" [stack: 0x000000002a050000,0x000000002a150000] [id=11692]
  0x00000000286ef800 GCTaskThread "GC Thread#3" [stack: 0x000000002a1b0000,0x000000002a2b0000] [id=1204]
  0x000000000053f000 ConcurrentGCThread "G1 Main Marker" [stack: 0x0000000023a50000,0x0000000023b50000] [id=9212]
  0x0000000023894800 ConcurrentGCThread "G1 Conc#0" [stack: 0x0000000023d00000,0x0000000023e00000] [id=5924]
  0x0000000026144800 ConcurrentGCThread "G1 Refine#0" [stack: 0x0000000026330000,0x0000000026430000] [id=3912]
  0x0000000028677800 ConcurrentGCThread "G1 Refine#1" [stack: 0x000000002a340000,0x000000002a440000] [id=936]
  0x0000000026149000 ConcurrentGCThread "G1 Young RemSet Sampling" [stack: 0x00000000265d0000,0x00000000266d0000] [id=10736]

Threads with active compile tasks:

VM state:not at safepoint (normal execution)

VM Mutex/Monitor currently owned by a thread: None

Heap address: 0x0000000701600000, size: 4074 MB, Compressed Oops mode: Zero based, Oop shift amount: 3
Narrow klass base: 0x0000000800000000, Narrow klass shift: 0
Compressed class space size: 1073741824 Address: 0x0000000800000000

Heap:
 garbage-first heap   total 315392K, used 203776K [0x0000000701600000, 0x0000000800000000)
  region size 1024K, 132 young (135168K), 9 survivors (9216K)
 Metaspace       used 88299K, capacity 91387K, committed 91804K, reserved 1130496K
  class space    used 9808K, capacity 11016K, committed 11164K, reserved 1048576K
Heap Regions: E=young(eden), S=young(survivor), O=old, HS=humongous(starts), HC=humongous(continues), CS=collection set, F=free, A=archive, TAMS=top-at-mark-start (previous, next)
|   0|0x0000000701600000, 0x0000000701700000, 0x0000000701700000|100%| O|  |TAMS 0x0000000701700000, 0x0000000701600000| Untracked 
|   1|0x0000000701700000, 0x0000000701800000, 0x0000000701800000|100%| O|  |TAMS 0x0000000701800000, 0x0000000701700000| Untracked 
|   2|0x0000000701800000, 0x0000000701900000, 0x0000000701900000|100%| O|  |TAMS 0x0000000701900000, 0x0000000701800000| Untracked 
|   3|0x0000000701900000, 0x0000000701a00000, 0x0000000701a00000|100%| O|  |TAMS 0x0000000701a00000, 0x0000000701900000| Untracked 
|   4|0x0000000701a00000, 0x0000000701b00000, 0x0000000701b00000|100%| O|  |TAMS 0x0000000701b00000, 0x0000000701a00000| Untracked 
|   5|0x0000000701b00000, 0x0000000701c00000, 0x0000000701c00000|100%| O|  |TAMS 0x0000000701c00000, 0x0000000701b00000| Untracked 
|   6|0x0000000701c00000, 0x0000000701d00000, 0x0000000701d00000|100%| O|  |TAMS 0x0000000701d00000, 0x0000000701c00000| Untracked 
|   7|0x0000000701d00000, 0x0000000701e00000, 0x0000000701e00000|100%| O|  |TAMS 0x0000000701e00000, 0x0000000701d00000| Untracked 
|   8|0x0000000701e00000, 0x0000000701f00000, 0x0000000701f00000|100%| O|  |TAMS 0x0000000701f00000, 0x0000000701e00000| Untracked 
|   9|0x0000000701f00000, 0x0000000702000000, 0x0000000702000000|100%| O|  |TAMS 0x0000000702000000, 0x0000000701f00000| Untracked 
|  10|0x0000000702000000, 0x0000000702100000, 0x0000000702100000|100%| O|  |TAMS 0x0000000702100000, 0x0000000702000000| Untracked 
|  11|0x0000000702100000, 0x0000000702200000, 0x0000000702200000|100%| O|  |TAMS 0x0000000702200000, 0x0000000702100000| Untracked 
|  12|0x0000000702200000, 0x0000000702300000, 0x0000000702300000|100%| O|  |TAMS 0x0000000702300000, 0x0000000702200000| Untracked 
|  13|0x0000000702300000, 0x0000000702400000, 0x0000000702400000|100%| O|  |TAMS 0x0000000702400000, 0x0000000702300000| Untracked 
|  14|0x0000000702400000, 0x0000000702500000, 0x0000000702500000|100%| O|  |TAMS 0x0000000702500000, 0x0000000702400000| Untracked 
|  15|0x0000000702500000, 0x0000000702600000, 0x0000000702600000|100%| O|  |TAMS 0x0000000702600000, 0x0000000702500000| Untracked 
|  16|0x0000000702600000, 0x0000000702700000, 0x0000000702700000|100%| O|  |TAMS 0x0000000702700000, 0x0000000702600000| Untracked 
|  17|0x0000000702700000, 0x0000000702800000, 0x0000000702800000|100%| O|  |TAMS 0x0000000702800000, 0x0000000702700000| Untracked 
|  18|0x0000000702800000, 0x0000000702900000, 0x0000000702900000|100%| O|  |TAMS 0x0000000702900000, 0x0000000702800000| Untracked 
|  19|0x0000000702900000, 0x0000000702a00000, 0x0000000702a00000|100%| O|  |TAMS 0x0000000702a00000, 0x0000000702900000| Untracked 
|  20|0x0000000702a00000, 0x0000000702b00000, 0x0000000702b00000|100%| O|  |TAMS 0x0000000702aa4c00, 0x0000000702a00000| Untracked 
|  21|0x0000000702b00000, 0x0000000702c00000, 0x0000000702c00000|100%| O|  |TAMS 0x0000000702b00000, 0x0000000702b00000| Untracked 
|  22|0x0000000702c00000, 0x0000000702d00000, 0x0000000702d00000|100%| O|  |TAMS 0x0000000702c00000, 0x0000000702c00000| Untracked 
|  23|0x0000000702d00000, 0x0000000702e00000, 0x0000000702e00000|100%|HS|  |TAMS 0x0000000702d00000, 0x0000000702d00000| Complete 
|  24|0x0000000702e00000, 0x0000000702f00000, 0x0000000702f00000|100%|HC|  |TAMS 0x0000000702e00000, 0x0000000702e00000| Complete 
|  25|0x0000000702f00000, 0x0000000703000000, 0x0000000703000000|100%|HS|  |TAMS 0x0000000702f00000, 0x0000000702f00000| Complete 
|  26|0x0000000703000000, 0x0000000703100000, 0x0000000703100000|100%|HC|  |TAMS 0x0000000703000000, 0x0000000703000000| Complete 
|  27|0x0000000703100000, 0x0000000703200000, 0x0000000703200000|100%| O|  |TAMS 0x0000000703100000, 0x0000000703100000| Untracked 
|  28|0x0000000703200000, 0x0000000703300000, 0x0000000703300000|100%| O|  |TAMS 0x0000000703200000, 0x0000000703200000| Untracked 
|  29|0x0000000703300000, 0x0000000703400000, 0x0000000703400000|100%| O|  |TAMS 0x0000000703300000, 0x0000000703300000| Untracked 
|  30|0x0000000703400000, 0x0000000703500000, 0x0000000703500000|100%| O|  |TAMS 0x0000000703400000, 0x0000000703400000| Untracked 
|  31|0x0000000703500000, 0x0000000703600000, 0x0000000703600000|100%| O|  |TAMS 0x0000000703500000, 0x0000000703500000| Untracked 
|  32|0x0000000703600000, 0x0000000703700000, 0x0000000703700000|100%| O|  |TAMS 0x0000000703600000, 0x0000000703600000| Untracked 
|  33|0x0000000703700000, 0x0000000703800000, 0x0000000703800000|100%| O|  |TAMS 0x0000000703700000, 0x0000000703700000| Untracked 
|  34|0x0000000703800000, 0x0000000703900000, 0x0000000703900000|100%| O|  |TAMS 0x0000000703800000, 0x0000000703800000| Untracked 
|  35|0x0000000703900000, 0x0000000703a00000, 0x0000000703a00000|100%| O|  |TAMS 0x0000000703900000, 0x0000000703900000| Untracked 
|  36|0x0000000703a00000, 0x0000000703b00000, 0x0000000703b00000|100%| O|  |TAMS 0x0000000703a00000, 0x0000000703a00000| Untracked 
|  37|0x0000000703b00000, 0x0000000703c00000, 0x0000000703c00000|100%| O|  |TAMS 0x0000000703b00000, 0x0000000703b00000| Untracked 
|  38|0x0000000703c00000, 0x0000000703d00000, 0x0000000703d00000|100%| O|  |TAMS 0x0000000703c00000, 0x0000000703c00000| Untracked 
|  39|0x0000000703d00000, 0x0000000703e00000, 0x0000000703e00000|100%| O|  |TAMS 0x0000000703d00000, 0x0000000703d00000| Untracked 
|  40|0x0000000703e00000, 0x0000000703f00000, 0x0000000703f00000|100%| O|  |TAMS 0x0000000703e00000, 0x0000000703e00000| Untracked 
|  41|0x0000000703f00000, 0x0000000704000000, 0x0000000704000000|100%| O|  |TAMS 0x0000000703f00000, 0x0000000703f00000| Untracked 
|  42|0x0000000704000000, 0x0000000704100000, 0x0000000704100000|100%| O|  |TAMS 0x0000000704000000, 0x0000000704000000| Untracked 
|  43|0x0000000704100000, 0x0000000704200000, 0x0000000704200000|100%| O|  |TAMS 0x0000000704100000, 0x0000000704100000| Untracked 
|  44|0x0000000704200000, 0x0000000704300000, 0x0000000704300000|100%| O|  |TAMS 0x0000000704200000, 0x0000000704200000| Untracked 
|  45|0x0000000704300000, 0x0000000704400000, 0x0000000704400000|100%| O|  |TAMS 0x0000000704300000, 0x0000000704300000| Untracked 
|  46|0x0000000704400000, 0x0000000704500000, 0x0000000704500000|100%| O|  |TAMS 0x0000000704400000, 0x0000000704400000| Untracked 
|  47|0x0000000704500000, 0x0000000704600000, 0x0000000704600000|100%| O|  |TAMS 0x0000000704500000, 0x0000000704500000| Untracked 
|  48|0x0000000704600000, 0x0000000704700000, 0x0000000704700000|100%| O|  |TAMS 0x0000000704600000, 0x0000000704600000| Untracked 
|  49|0x0000000704700000, 0x0000000704800000, 0x0000000704800000|100%| O|  |TAMS 0x0000000704700000, 0x0000000704700000| Untracked 
|  50|0x0000000704800000, 0x0000000704900000, 0x0000000704900000|100%| O|  |TAMS 0x0000000704800000, 0x0000000704800000| Untracked 
|  51|0x0000000704900000, 0x0000000704a00000, 0x0000000704a00000|100%| O|  |TAMS 0x0000000704900000, 0x0000000704900000| Untracked 
|  52|0x0000000704a00000, 0x0000000704b00000, 0x0000000704b00000|100%| O|  |TAMS 0x0000000704a00000, 0x0000000704a00000| Untracked 
|  53|0x0000000704b00000, 0x0000000704c00000, 0x0000000704c00000|100%| O|  |TAMS 0x0000000704b00000, 0x0000000704b00000| Untracked 
|  54|0x0000000704c00000, 0x0000000704d00000, 0x0000000704d00000|100%| O|  |TAMS 0x0000000704c00000, 0x0000000704c00000| Untracked 
|  55|0x0000000704d00000, 0x0000000704e00000, 0x0000000704e00000|100%| O|  |TAMS 0x0000000704d00000, 0x0000000704d00000| Untracked 
|  56|0x0000000704e00000, 0x0000000704f00000, 0x0000000704f00000|100%| O|  |TAMS 0x0000000704e00000, 0x0000000704e00000| Untracked 
|  57|0x0000000704f00000, 0x0000000705000000, 0x0000000705000000|100%| O|  |TAMS 0x0000000704f00000, 0x0000000704f00000| Untracked 
|  58|0x0000000705000000, 0x0000000705100000, 0x0000000705100000|100%| O|  |TAMS 0x0000000705000000, 0x0000000705000000| Untracked 
|  59|0x0000000705100000, 0x0000000705200000, 0x0000000705200000|100%| O|  |TAMS 0x0000000705100000, 0x0000000705100000| Untracked 
|  60|0x0000000705200000, 0x0000000705280000, 0x0000000705300000| 50%| O|  |TAMS 0x0000000705200000, 0x0000000705200000| Untracked 
|  61|0x0000000705300000, 0x0000000705400000, 0x0000000705400000|100%|HS|  |TAMS 0x0000000705300000, 0x0000000705300000| Complete 
|  62|0x0000000705400000, 0x0000000705500000, 0x0000000705500000|100%|HC|  |TAMS 0x0000000705400000, 0x0000000705400000| Complete 
|  63|0x0000000705500000, 0x0000000705600000, 0x0000000705600000|100%|HS|  |TAMS 0x0000000705500000, 0x0000000705500000| Complete 
|  64|0x0000000705600000, 0x0000000705700000, 0x0000000705700000|100%|HS|  |TAMS 0x0000000705600000, 0x0000000705600000| Complete 
|  65|0x0000000705700000, 0x0000000705800000, 0x0000000705800000|100%|HS|  |TAMS 0x0000000705700000, 0x0000000705700000| Complete 
|  66|0x0000000705800000, 0x0000000705900000, 0x0000000705900000|100%|HS|  |TAMS 0x0000000705800000, 0x0000000705800000| Complete 
|  67|0x0000000705900000, 0x0000000705a00000, 0x0000000705a00000|100%|HC|  |TAMS 0x0000000705900000, 0x0000000705900000| Complete 
|  68|0x0000000705a00000, 0x0000000705b00000, 0x0000000705b00000|100%|HS|  |TAMS 0x0000000705a00000, 0x0000000705a00000| Complete 
|  69|0x0000000705b00000, 0x0000000705c00000, 0x0000000705c00000|100%|HS|  |TAMS 0x0000000705b00000, 0x0000000705b00000| Complete 
|  70|0x0000000705c00000, 0x0000000705c00000, 0x0000000705d00000|  0%| F|  |TAMS 0x0000000705c00000, 0x0000000705c00000| Untracked 
|  71|0x0000000705d00000, 0x0000000705d00000, 0x0000000705e00000|  0%| F|  |TAMS 0x0000000705d00000, 0x0000000705d00000| Untracked 
|  72|0x0000000705e00000, 0x0000000705e00000, 0x0000000705f00000|  0%| F|  |TAMS 0x0000000705e00000, 0x0000000705e00000| Untracked 
|  73|0x0000000705f00000, 0x0000000705f00000, 0x0000000706000000|  0%| F|  |TAMS 0x0000000705f00000, 0x0000000705f00000| Untracked 
|  74|0x0000000706000000, 0x0000000706000000, 0x0000000706100000|  0%| F|  |TAMS 0x0000000706000000, 0x0000000706000000| Untracked 
|  75|0x0000000706100000, 0x0000000706100000, 0x0000000706200000|  0%| F|  |TAMS 0x0000000706100000, 0x0000000706100000| Untracked 
|  76|0x0000000706200000, 0x0000000706200000, 0x0000000706300000|  0%| F|  |TAMS 0x0000000706200000, 0x0000000706200000| Untracked 
|  77|0x0000000706300000, 0x0000000706300000, 0x0000000706400000|  0%| F|  |TAMS 0x0000000706300000, 0x0000000706300000| Untracked 
|  78|0x0000000706400000, 0x0000000706400000, 0x0000000706500000|  0%| F|  |TAMS 0x0000000706400000, 0x0000000706400000| Untracked 
|  79|0x0000000706500000, 0x0000000706500000, 0x0000000706600000|  0%| F|  |TAMS 0x0000000706500000, 0x0000000706500000| Untracked 
|  80|0x0000000706600000, 0x0000000706600000, 0x0000000706700000|  0%| F|  |TAMS 0x0000000706600000, 0x0000000706600000| Untracked 
|  81|0x0000000706700000, 0x0000000706700000, 0x0000000706800000|  0%| F|  |TAMS 0x0000000706700000, 0x0000000706700000| Untracked 
|  82|0x0000000706800000, 0x0000000706800000, 0x0000000706900000|  0%| F|  |TAMS 0x0000000706800000, 0x0000000706800000| Untracked 
|  83|0x0000000706900000, 0x0000000706900000, 0x0000000706a00000|  0%| F|  |TAMS 0x0000000706900000, 0x0000000706900000| Untracked 
|  84|0x0000000706a00000, 0x0000000706a00000, 0x0000000706b00000|  0%| F|  |TAMS 0x0000000706a00000, 0x0000000706a00000| Untracked 
|  85|0x0000000706b00000, 0x0000000706b00000, 0x0000000706c00000|  0%| F|  |TAMS 0x0000000706b00000, 0x0000000706b00000| Untracked 
|  86|0x0000000706c00000, 0x0000000706c00000, 0x0000000706d00000|  0%| F|  |TAMS 0x0000000706c00000, 0x0000000706c00000| Untracked 
|  87|0x0000000706d00000, 0x0000000706d00000, 0x0000000706e00000|  0%| F|  |TAMS 0x0000000706d00000, 0x0000000706d00000| Untracked 
|  88|0x0000000706e00000, 0x0000000706e00000, 0x0000000706f00000|  0%| F|  |TAMS 0x0000000706e00000, 0x0000000706e00000| Untracked 
|  89|0x0000000706f00000, 0x0000000706f00000, 0x0000000707000000|  0%| F|  |TAMS 0x0000000706f00000, 0x0000000706f00000| Untracked 
|  90|0x0000000707000000, 0x0000000707000000, 0x0000000707100000|  0%| F|  |TAMS 0x0000000707000000, 0x0000000707000000| Untracked 
|  91|0x0000000707100000, 0x0000000707100000, 0x0000000707200000|  0%| F|  |TAMS 0x0000000707100000, 0x0000000707100000| Untracked 
|  92|0x0000000707200000, 0x0000000707200000, 0x0000000707300000|  0%| F|  |TAMS 0x0000000707200000, 0x0000000707200000| Untracked 
|  93|0x0000000707300000, 0x0000000707300000, 0x0000000707400000|  0%| F|  |TAMS 0x0000000707300000, 0x0000000707300000| Untracked 
|  94|0x0000000707400000, 0x0000000707400000, 0x0000000707500000|  0%| F|  |TAMS 0x0000000707400000, 0x0000000707400000| Untracked 
|  95|0x0000000707500000, 0x0000000707500000, 0x0000000707600000|  0%| F|  |TAMS 0x0000000707500000, 0x0000000707500000| Untracked 
|  96|0x0000000707600000, 0x0000000707600000, 0x0000000707700000|  0%| F|  |TAMS 0x0000000707600000, 0x0000000707600000| Untracked 
|  97|0x0000000707700000, 0x0000000707700000, 0x0000000707800000|  0%| F|  |TAMS 0x0000000707700000, 0x0000000707700000| Untracked 
|  98|0x0000000707800000, 0x0000000707800000, 0x0000000707900000|  0%| F|  |TAMS 0x0000000707800000, 0x0000000707800000| Untracked 
|  99|0x0000000707900000, 0x0000000707900000, 0x0000000707a00000|  0%| F|  |TAMS 0x0000000707900000, 0x0000000707900000| Untracked 
| 100|0x0000000707a00000, 0x0000000707a00000, 0x0000000707b00000|  0%| F|  |TAMS 0x0000000707a00000, 0x0000000707a00000| Untracked 
| 101|0x0000000707b00000, 0x0000000707b00000, 0x0000000707c00000|  0%| F|  |TAMS 0x0000000707b00000, 0x0000000707b00000| Untracked 
| 102|0x0000000707c00000, 0x0000000707c00000, 0x0000000707d00000|  0%| F|  |TAMS 0x0000000707c00000, 0x0000000707c00000| Untracked 
| 103|0x0000000707d00000, 0x0000000707d00000, 0x0000000707e00000|  0%| F|  |TAMS 0x0000000707d00000, 0x0000000707d00000| Untracked 
| 104|0x0000000707e00000, 0x0000000707e00000, 0x0000000707f00000|  0%| F|  |TAMS 0x0000000707e00000, 0x0000000707e00000| Untracked 
| 105|0x0000000707f00000, 0x0000000707f00000, 0x0000000708000000|  0%| F|  |TAMS 0x0000000707f00000, 0x0000000707f00000| Untracked 
| 106|0x0000000708000000, 0x0000000708000000, 0x0000000708100000|  0%| F|  |TAMS 0x0000000708000000, 0x0000000708000000| Untracked 
| 107|0x0000000708100000, 0x0000000708100000, 0x0000000708200000|  0%| F|  |TAMS 0x0000000708100000, 0x0000000708100000| Untracked 
| 108|0x0000000708200000, 0x0000000708200000, 0x0000000708300000|  0%| F|  |TAMS 0x0000000708200000, 0x0000000708200000| Untracked 
| 109|0x0000000708300000, 0x0000000708300000, 0x0000000708400000|  0%| F|  |TAMS 0x0000000708300000, 0x0000000708300000| Untracked 
| 110|0x0000000708400000, 0x0000000708400000, 0x0000000708500000|  0%| F|  |TAMS 0x0000000708400000, 0x0000000708400000| Untracked 
| 111|0x0000000708500000, 0x0000000708500000, 0x0000000708600000|  0%| F|  |TAMS 0x0000000708500000, 0x0000000708500000| Untracked 
| 112|0x0000000708600000, 0x0000000708600000, 0x0000000708700000|  0%| F|  |TAMS 0x0000000708600000, 0x0000000708600000| Untracked 
| 113|0x0000000708700000, 0x0000000708700000, 0x0000000708800000|  0%| F|  |TAMS 0x0000000708700000, 0x0000000708700000| Untracked 
| 114|0x0000000708800000, 0x0000000708800000, 0x0000000708900000|  0%| F|  |TAMS 0x0000000708800000, 0x0000000708800000| Untracked 
| 115|0x0000000708900000, 0x0000000708900000, 0x0000000708a00000|  0%| F|  |TAMS 0x0000000708900000, 0x0000000708900000| Untracked 
| 116|0x0000000708a00000, 0x0000000708a00000, 0x0000000708b00000|  0%| F|  |TAMS 0x0000000708a00000, 0x0000000708a00000| Untracked 
| 117|0x0000000708b00000, 0x0000000708b00000, 0x0000000708c00000|  0%| F|  |TAMS 0x0000000708b00000, 0x0000000708b00000| Untracked 
| 118|0x0000000708c00000, 0x0000000708c00000, 0x0000000708d00000|  0%| F|  |TAMS 0x0000000708c00000, 0x0000000708c00000| Untracked 
| 119|0x0000000708d00000, 0x0000000708d00000, 0x0000000708e00000|  0%| F|  |TAMS 0x0000000708d00000, 0x0000000708d00000| Untracked 
| 120|0x0000000708e00000, 0x0000000708e00000, 0x0000000708f00000|  0%| F|  |TAMS 0x0000000708e00000, 0x0000000708e00000| Untracked 
| 121|0x0000000708f00000, 0x0000000708f00000, 0x0000000709000000|  0%| F|  |TAMS 0x0000000708f00000, 0x0000000708f00000| Untracked 
| 122|0x0000000709000000, 0x0000000709000000, 0x0000000709100000|  0%| F|  |TAMS 0x0000000709000000, 0x0000000709000000| Untracked 
| 123|0x0000000709100000, 0x0000000709100000, 0x0000000709200000|  0%| F|  |TAMS 0x0000000709100000, 0x0000000709100000| Untracked 
| 124|0x0000000709200000, 0x0000000709200000, 0x0000000709300000|  0%| F|  |TAMS 0x0000000709200000, 0x0000000709200000| Untracked 
| 125|0x0000000709300000, 0x0000000709300000, 0x0000000709400000|  0%| F|  |TAMS 0x0000000709300000, 0x0000000709300000| Untracked 
| 126|0x0000000709400000, 0x0000000709400000, 0x0000000709500000|  0%| F|  |TAMS 0x0000000709400000, 0x0000000709400000| Untracked 
| 127|0x0000000709500000, 0x0000000709500000, 0x0000000709600000|  0%| F|  |TAMS 0x0000000709500000, 0x0000000709500000| Untracked 
| 128|0x0000000709600000, 0x0000000709600000, 0x0000000709700000|  0%| F|  |TAMS 0x0000000709600000, 0x0000000709600000| Untracked 
| 129|0x0000000709700000, 0x0000000709700000, 0x0000000709800000|  0%| F|  |TAMS 0x0000000709700000, 0x0000000709700000| Untracked 
| 130|0x0000000709800000, 0x0000000709800000, 0x0000000709900000|  0%| F|  |TAMS 0x0000000709800000, 0x0000000709800000| Untracked 
| 131|0x0000000709900000, 0x0000000709900000, 0x0000000709a00000|  0%| F|  |TAMS 0x0000000709900000, 0x0000000709900000| Untracked 
| 132|0x0000000709a00000, 0x0000000709a00000, 0x0000000709b00000|  0%| F|  |TAMS 0x0000000709a00000, 0x0000000709a00000| Untracked 
| 133|0x0000000709b00000, 0x0000000709b00000, 0x0000000709c00000|  0%| F|  |TAMS 0x0000000709b00000, 0x0000000709b00000| Untracked 
| 134|0x0000000709c00000, 0x0000000709c00000, 0x0000000709d00000|  0%| F|  |TAMS 0x0000000709c00000, 0x0000000709c00000| Untracked 
| 135|0x0000000709d00000, 0x0000000709d00000, 0x0000000709e00000|  0%| F|  |TAMS 0x0000000709d00000, 0x0000000709d00000| Untracked 
| 136|0x0000000709e00000, 0x0000000709e00000, 0x0000000709f00000|  0%| F|  |TAMS 0x0000000709e00000, 0x0000000709e00000| Untracked 
| 137|0x0000000709f00000, 0x0000000709f00000, 0x000000070a000000|  0%| F|  |TAMS 0x0000000709f00000, 0x0000000709f00000| Untracked 
| 138|0x000000070a000000, 0x000000070a000000, 0x000000070a100000|  0%| F|  |TAMS 0x000000070a000000, 0x000000070a000000| Untracked 
| 139|0x000000070a100000, 0x000000070a100000, 0x000000070a200000|  0%| F|  |TAMS 0x000000070a100000, 0x000000070a100000| Untracked 
| 140|0x000000070a200000, 0x000000070a200000, 0x000000070a300000|  0%| F|  |TAMS 0x000000070a200000, 0x000000070a200000| Untracked 
| 141|0x000000070a300000, 0x000000070a300000, 0x000000070a400000|  0%| F|  |TAMS 0x000000070a300000, 0x000000070a300000| Untracked 
| 142|0x000000070a400000, 0x000000070a400000, 0x000000070a500000|  0%| F|  |TAMS 0x000000070a400000, 0x000000070a400000| Untracked 
| 143|0x000000070a500000, 0x000000070a500000, 0x000000070a600000|  0%| F|  |TAMS 0x000000070a500000, 0x000000070a500000| Untracked 
| 144|0x000000070a600000, 0x000000070a600000, 0x000000070a700000|  0%| F|  |TAMS 0x000000070a600000, 0x000000070a600000| Untracked 
| 145|0x000000070a700000, 0x000000070a700000, 0x000000070a800000|  0%| F|  |TAMS 0x000000070a700000, 0x000000070a700000| Untracked 
| 146|0x000000070a800000, 0x000000070a800000, 0x000000070a900000|  0%| F|  |TAMS 0x000000070a800000, 0x000000070a800000| Untracked 
| 147|0x000000070a900000, 0x000000070a900000, 0x000000070aa00000|  0%| F|  |TAMS 0x000000070a900000, 0x000000070a900000| Untracked 
| 148|0x000000070aa00000, 0x000000070aa00000, 0x000000070ab00000|  0%| F|  |TAMS 0x000000070aa00000, 0x000000070aa00000| Untracked 
| 149|0x000000070ab00000, 0x000000070ab00000, 0x000000070ac00000|  0%| F|  |TAMS 0x000000070ab00000, 0x000000070ab00000| Untracked 
| 150|0x000000070ac00000, 0x000000070ac00000, 0x000000070ad00000|  0%| F|  |TAMS 0x000000070ac00000, 0x000000070ac00000| Untracked 
| 151|0x000000070ad00000, 0x000000070ad00000, 0x000000070ae00000|  0%| F|  |TAMS 0x000000070ad00000, 0x000000070ad00000| Untracked 
| 152|0x000000070ae00000, 0x000000070ae00000, 0x000000070af00000|  0%| F|  |TAMS 0x000000070ae00000, 0x000000070ae00000| Untracked 
| 153|0x000000070af00000, 0x000000070af00000, 0x000000070b000000|  0%| F|  |TAMS 0x000000070af00000, 0x000000070af00000| Untracked 
| 154|0x000000070b000000, 0x000000070b000000, 0x000000070b100000|  0%| F|  |TAMS 0x000000070b000000, 0x000000070b000000| Untracked 
| 155|0x000000070b100000, 0x000000070b100000, 0x000000070b200000|  0%| F|  |TAMS 0x000000070b100000, 0x000000070b100000| Untracked 
| 156|0x000000070b200000, 0x000000070b200000, 0x000000070b300000|  0%| F|  |TAMS 0x000000070b200000, 0x000000070b200000| Untracked 
| 157|0x000000070b300000, 0x000000070b300000, 0x000000070b400000|  0%| F|  |TAMS 0x000000070b300000, 0x000000070b300000| Untracked 
| 158|0x000000070b400000, 0x000000070b400000, 0x000000070b500000|  0%| F|  |TAMS 0x000000070b400000, 0x000000070b400000| Untracked 
| 159|0x000000070b500000, 0x000000070b500000, 0x000000070b600000|  0%| F|  |TAMS 0x000000070b500000, 0x000000070b500000| Untracked 
| 160|0x000000070b600000, 0x000000070b600000, 0x000000070b700000|  0%| F|  |TAMS 0x000000070b600000, 0x000000070b600000| Untracked 
| 161|0x000000070b700000, 0x000000070b700000, 0x000000070b800000|  0%| F|  |TAMS 0x000000070b700000, 0x000000070b700000| Untracked 
| 162|0x000000070b800000, 0x000000070b800000, 0x000000070b900000|  0%| F|  |TAMS 0x000000070b800000, 0x000000070b800000| Untracked 
| 163|0x000000070b900000, 0x000000070b900000, 0x000000070ba00000|  0%| F|  |TAMS 0x000000070b900000, 0x000000070b900000| Untracked 
| 164|0x000000070ba00000, 0x000000070ba00000, 0x000000070bb00000|  0%| F|  |TAMS 0x000000070ba00000, 0x000000070ba00000| Untracked 
| 165|0x000000070bb00000, 0x000000070bb00000, 0x000000070bc00000|  0%| F|  |TAMS 0x000000070bb00000, 0x000000070bb00000| Untracked 
| 166|0x000000070bc00000, 0x000000070bc00000, 0x000000070bd00000|  0%| F|  |TAMS 0x000000070bc00000, 0x000000070bc00000| Untracked 
| 167|0x000000070bd00000, 0x000000070bd00000, 0x000000070be00000|  0%| F|  |TAMS 0x000000070bd00000, 0x000000070bd00000| Untracked 
| 168|0x000000070be00000, 0x000000070be00000, 0x000000070bf00000|  0%| F|  |TAMS 0x000000070be00000, 0x000000070be00000| Untracked 
| 169|0x000000070bf00000, 0x000000070bf00000, 0x000000070c000000|  0%| F|  |TAMS 0x000000070bf00000, 0x000000070bf00000| Untracked 
| 170|0x000000070c000000, 0x000000070c000000, 0x000000070c100000|  0%| F|  |TAMS 0x000000070c000000, 0x000000070c000000| Untracked 
| 171|0x000000070c100000, 0x000000070c100000, 0x000000070c200000|  0%| F|  |TAMS 0x000000070c100000, 0x000000070c100000| Untracked 
| 172|0x000000070c200000, 0x000000070c200000, 0x000000070c300000|  0%| F|  |TAMS 0x000000070c200000, 0x000000070c200000| Untracked 
| 173|0x000000070c300000, 0x000000070c300000, 0x000000070c400000|  0%| F|  |TAMS 0x000000070c300000, 0x000000070c300000| Untracked 
| 174|0x000000070c400000, 0x000000070c400000, 0x000000070c500000|  0%| F|  |TAMS 0x000000070c400000, 0x000000070c400000| Untracked 
| 175|0x000000070c500000, 0x000000070c500000, 0x000000070c600000|  0%| F|  |TAMS 0x000000070c500000, 0x000000070c500000| Untracked 
| 176|0x000000070c600000, 0x000000070c6af198, 0x000000070c700000| 68%| E|  |TAMS 0x000000070c600000, 0x000000070c600000| Complete 
| 177|0x000000070c700000, 0x000000070c800000, 0x000000070c800000|100%| E|CS|TAMS 0x000000070c700000, 0x000000070c700000| Complete 
| 178|0x000000070c800000, 0x000000070c900000, 0x000000070c900000|100%| E|CS|TAMS 0x000000070c800000, 0x000000070c800000| Complete 
| 179|0x000000070c900000, 0x000000070ca00000, 0x000000070ca00000|100%| E|CS|TAMS 0x000000070c900000, 0x000000070c900000| Complete 
| 180|0x000000070ca00000, 0x000000070ca80000, 0x000000070cb00000| 50%| S|CS|TAMS 0x000000070ca00000, 0x000000070ca00000| Complete 
| 181|0x000000070cb00000, 0x000000070cc00000, 0x000000070cc00000|100%| S|CS|TAMS 0x000000070cb00000, 0x000000070cb00000| Complete 
| 182|0x000000070cc00000, 0x000000070cd00000, 0x000000070cd00000|100%| S|CS|TAMS 0x000000070cc00000, 0x000000070cc00000| Complete 
| 183|0x000000070cd00000, 0x000000070ce00000, 0x000000070ce00000|100%| S|CS|TAMS 0x000000070cd00000, 0x000000070cd00000| Complete 
| 184|0x000000070ce00000, 0x000000070cf00000, 0x000000070cf00000|100%| S|CS|TAMS 0x000000070ce00000, 0x000000070ce00000| Complete 
| 185|0x000000070cf00000, 0x000000070d000000, 0x000000070d000000|100%| S|CS|TAMS 0x000000070cf00000, 0x000000070cf00000| Complete 
| 186|0x000000070d000000, 0x000000070d100000, 0x000000070d100000|100%| S|CS|TAMS 0x000000070d000000, 0x000000070d000000| Complete 
| 187|0x000000070d100000, 0x000000070d200000, 0x000000070d200000|100%| S|CS|TAMS 0x000000070d100000, 0x000000070d100000| Complete 
| 188|0x000000070d200000, 0x000000070d300000, 0x000000070d300000|100%| S|CS|TAMS 0x000000070d200000, 0x000000070d200000| Complete 
| 189|0x000000070d300000, 0x000000070d400000, 0x000000070d400000|100%| E|CS|TAMS 0x000000070d300000, 0x000000070d300000| Complete 
| 190|0x000000070d400000, 0x000000070d500000, 0x000000070d500000|100%| E|CS|TAMS 0x000000070d400000, 0x000000070d400000| Complete 
| 191|0x000000070d500000, 0x000000070d600000, 0x000000070d600000|100%| E|CS|TAMS 0x000000070d500000, 0x000000070d500000| Complete 
| 192|0x000000070d600000, 0x000000070d700000, 0x000000070d700000|100%| E|CS|TAMS 0x000000070d600000, 0x000000070d600000| Complete 
| 193|0x000000070d700000, 0x000000070d800000, 0x000000070d800000|100%| E|CS|TAMS 0x000000070d700000, 0x000000070d700000| Complete 
| 194|0x000000070d800000, 0x000000070d900000, 0x000000070d900000|100%| E|CS|TAMS 0x000000070d800000, 0x000000070d800000| Complete 
| 195|0x000000070d900000, 0x000000070da00000, 0x000000070da00000|100%| E|CS|TAMS 0x000000070d900000, 0x000000070d900000| Complete 
| 196|0x000000070da00000, 0x000000070db00000, 0x000000070db00000|100%| E|CS|TAMS 0x000000070da00000, 0x000000070da00000| Complete 
| 197|0x000000070db00000, 0x000000070dc00000, 0x000000070dc00000|100%| E|CS|TAMS 0x000000070db00000, 0x000000070db00000| Complete 
| 198|0x000000070dc00000, 0x000000070dd00000, 0x000000070dd00000|100%| E|  |TAMS 0x000000070dc00000, 0x000000070dc00000| Complete 
| 199|0x000000070dd00000, 0x000000070de00000, 0x000000070de00000|100%| E|CS|TAMS 0x000000070dd00000, 0x000000070dd00000| Complete 
| 200|0x000000070de00000, 0x000000070df00000, 0x000000070df00000|100%| E|CS|TAMS 0x000000070de00000, 0x000000070de00000| Complete 
| 201|0x000000070df00000, 0x000000070e000000, 0x000000070e000000|100%| E|CS|TAMS 0x000000070df00000, 0x000000070df00000| Complete 
| 202|0x000000070e000000, 0x000000070e100000, 0x000000070e100000|100%| E|CS|TAMS 0x000000070e000000, 0x000000070e000000| Complete 
| 203|0x000000070e100000, 0x000000070e200000, 0x000000070e200000|100%| E|CS|TAMS 0x000000070e100000, 0x000000070e100000| Complete 
| 204|0x000000070e200000, 0x000000070e300000, 0x000000070e300000|100%| E|CS|TAMS 0x000000070e200000, 0x000000070e200000| Complete 
| 205|0x000000070e300000, 0x000000070e400000, 0x000000070e400000|100%| E|CS|TAMS 0x000000070e300000, 0x000000070e300000| Complete 
| 206|0x000000070e400000, 0x000000070e500000, 0x000000070e500000|100%| E|CS|TAMS 0x000000070e400000, 0x000000070e400000| Complete 
| 207|0x000000070e500000, 0x000000070e600000, 0x000000070e600000|100%| E|CS|TAMS 0x000000070e500000, 0x000000070e500000| Complete 
| 208|0x000000070e600000, 0x000000070e700000, 0x000000070e700000|100%| E|CS|TAMS 0x000000070e600000, 0x000000070e600000| Complete 
| 209|0x000000070e700000, 0x000000070e800000, 0x000000070e800000|100%| E|CS|TAMS 0x000000070e700000, 0x000000070e700000| Complete 
| 210|0x000000070e800000, 0x000000070e900000, 0x000000070e900000|100%| E|CS|TAMS 0x000000070e800000, 0x000000070e800000| Complete 
| 211|0x000000070e900000, 0x000000070ea00000, 0x000000070ea00000|100%| E|CS|TAMS 0x000000070e900000, 0x000000070e900000| Complete 
| 212|0x000000070ea00000, 0x000000070eb00000, 0x000000070eb00000|100%| E|CS|TAMS 0x000000070ea00000, 0x000000070ea00000| Complete 
| 213|0x000000070eb00000, 0x000000070ec00000, 0x000000070ec00000|100%| E|CS|TAMS 0x000000070eb00000, 0x000000070eb00000| Complete 
| 214|0x000000070ec00000, 0x000000070ed00000, 0x000000070ed00000|100%| E|CS|TAMS 0x000000070ec00000, 0x000000070ec00000| Complete 
| 215|0x000000070ed00000, 0x000000070ee00000, 0x000000070ee00000|100%| E|CS|TAMS 0x000000070ed00000, 0x000000070ed00000| Complete 
| 216|0x000000070ee00000, 0x000000070ef00000, 0x000000070ef00000|100%| E|CS|TAMS 0x000000070ee00000, 0x000000070ee00000| Complete 
| 217|0x000000070ef00000, 0x000000070f000000, 0x000000070f000000|100%| E|CS|TAMS 0x000000070ef00000, 0x000000070ef00000| Complete 
| 218|0x000000070f000000, 0x000000070f100000, 0x000000070f100000|100%| E|CS|TAMS 0x000000070f000000, 0x000000070f000000| Complete 
| 219|0x000000070f100000, 0x000000070f200000, 0x000000070f200000|100%| E|CS|TAMS 0x000000070f100000, 0x000000070f100000| Complete 
| 220|0x000000070f200000, 0x000000070f300000, 0x000000070f300000|100%| E|CS|TAMS 0x000000070f200000, 0x000000070f200000| Complete 
| 221|0x000000070f300000, 0x000000070f400000, 0x000000070f400000|100%| E|CS|TAMS 0x000000070f300000, 0x000000070f300000| Complete 
| 222|0x000000070f400000, 0x000000070f500000, 0x000000070f500000|100%| E|CS|TAMS 0x000000070f400000, 0x000000070f400000| Complete 
| 223|0x000000070f500000, 0x000000070f600000, 0x000000070f600000|100%| E|CS|TAMS 0x000000070f500000, 0x000000070f500000| Complete 
| 224|0x000000070f600000, 0x000000070f700000, 0x000000070f700000|100%| E|CS|TAMS 0x000000070f600000, 0x000000070f600000| Complete 
| 225|0x000000070f700000, 0x000000070f800000, 0x000000070f800000|100%| E|CS|TAMS 0x000000070f700000, 0x000000070f700000| Complete 
| 226|0x000000070f800000, 0x000000070f900000, 0x000000070f900000|100%| E|CS|TAMS 0x000000070f800000, 0x000000070f800000| Complete 
| 227|0x000000070f900000, 0x000000070fa00000, 0x000000070fa00000|100%| E|CS|TAMS 0x000000070f900000, 0x000000070f900000| Complete 
| 228|0x000000070fa00000, 0x000000070fb00000, 0x000000070fb00000|100%| E|CS|TAMS 0x000000070fa00000, 0x000000070fa00000| Complete 
| 229|0x000000070fb00000, 0x000000070fc00000, 0x000000070fc00000|100%| E|CS|TAMS 0x000000070fb00000, 0x000000070fb00000| Complete 
| 230|0x000000070fc00000, 0x000000070fd00000, 0x000000070fd00000|100%| E|CS|TAMS 0x000000070fc00000, 0x000000070fc00000| Complete 
| 231|0x000000070fd00000, 0x000000070fe00000, 0x000000070fe00000|100%| E|CS|TAMS 0x000000070fd00000, 0x000000070fd00000| Complete 
| 232|0x000000070fe00000, 0x000000070ff00000, 0x000000070ff00000|100%| E|CS|TAMS 0x000000070fe00000, 0x000000070fe00000| Complete 
| 233|0x000000070ff00000, 0x0000000710000000, 0x0000000710000000|100%| E|CS|TAMS 0x000000070ff00000, 0x000000070ff00000| Complete 
| 234|0x0000000710000000, 0x0000000710100000, 0x0000000710100000|100%| E|CS|TAMS 0x0000000710000000, 0x0000000710000000| Complete 
| 235|0x0000000710100000, 0x0000000710200000, 0x0000000710200000|100%| E|CS|TAMS 0x0000000710100000, 0x0000000710100000| Complete 
| 236|0x0000000710200000, 0x0000000710300000, 0x0000000710300000|100%| E|CS|TAMS 0x0000000710200000, 0x0000000710200000| Complete 
| 237|0x0000000710300000, 0x0000000710400000, 0x0000000710400000|100%| E|CS|TAMS 0x0000000710300000, 0x0000000710300000| Complete 
| 238|0x0000000710400000, 0x0000000710500000, 0x0000000710500000|100%| E|CS|TAMS 0x0000000710400000, 0x0000000710400000| Complete 
| 239|0x0000000710500000, 0x0000000710600000, 0x0000000710600000|100%| E|CS|TAMS 0x0000000710500000, 0x0000000710500000| Complete 
| 240|0x0000000710600000, 0x0000000710700000, 0x0000000710700000|100%| E|CS|TAMS 0x0000000710600000, 0x0000000710600000| Complete 
| 241|0x0000000710700000, 0x0000000710800000, 0x0000000710800000|100%| E|CS|TAMS 0x0000000710700000, 0x0000000710700000| Complete 
| 242|0x0000000710800000, 0x0000000710900000, 0x0000000710900000|100%| E|CS|TAMS 0x0000000710800000, 0x0000000710800000| Complete 
| 243|0x0000000710900000, 0x0000000710a00000, 0x0000000710a00000|100%| E|CS|TAMS 0x0000000710900000, 0x0000000710900000| Complete 
| 244|0x0000000710a00000, 0x0000000710b00000, 0x0000000710b00000|100%| E|CS|TAMS 0x0000000710a00000, 0x0000000710a00000| Complete 
| 245|0x0000000710b00000, 0x0000000710c00000, 0x0000000710c00000|100%| E|CS|TAMS 0x0000000710b00000, 0x0000000710b00000| Complete 
| 246|0x0000000710c00000, 0x0000000710d00000, 0x0000000710d00000|100%| E|CS|TAMS 0x0000000710c00000, 0x0000000710c00000| Complete 
| 247|0x0000000710d00000, 0x0000000710e00000, 0x0000000710e00000|100%| E|CS|TAMS 0x0000000710d00000, 0x0000000710d00000| Complete 
| 248|0x0000000710e00000, 0x0000000710f00000, 0x0000000710f00000|100%| E|CS|TAMS 0x0000000710e00000, 0x0000000710e00000| Complete 
| 249|0x0000000710f00000, 0x0000000711000000, 0x0000000711000000|100%| E|CS|TAMS 0x0000000710f00000, 0x0000000710f00000| Complete 
| 250|0x0000000711000000, 0x0000000711100000, 0x0000000711100000|100%| E|CS|TAMS 0x0000000711000000, 0x0000000711000000| Complete 
| 251|0x0000000711100000, 0x0000000711200000, 0x0000000711200000|100%| E|CS|TAMS 0x0000000711100000, 0x0000000711100000| Complete 
| 252|0x0000000711200000, 0x0000000711300000, 0x0000000711300000|100%| E|CS|TAMS 0x0000000711200000, 0x0000000711200000| Complete 
| 253|0x0000000711300000, 0x0000000711400000, 0x0000000711400000|100%| E|CS|TAMS 0x0000000711300000, 0x0000000711300000| Complete 
| 254|0x0000000711400000, 0x0000000711500000, 0x0000000711500000|100%| E|CS|TAMS 0x0000000711400000, 0x0000000711400000| Complete 
| 255|0x0000000711500000, 0x0000000711600000, 0x0000000711600000|100%| E|CS|TAMS 0x0000000711500000, 0x0000000711500000| Complete 
| 256|0x0000000711600000, 0x0000000711700000, 0x0000000711700000|100%| E|CS|TAMS 0x0000000711600000, 0x0000000711600000| Complete 
| 257|0x0000000711700000, 0x0000000711800000, 0x0000000711800000|100%| E|CS|TAMS 0x0000000711700000, 0x0000000711700000| Complete 
| 258|0x0000000711800000, 0x0000000711900000, 0x0000000711900000|100%| E|CS|TAMS 0x0000000711800000, 0x0000000711800000| Complete 
| 259|0x0000000711900000, 0x0000000711a00000, 0x0000000711a00000|100%| E|CS|TAMS 0x0000000711900000, 0x0000000711900000| Complete 
| 260|0x0000000711a00000, 0x0000000711b00000, 0x0000000711b00000|100%| E|CS|TAMS 0x0000000711a00000, 0x0000000711a00000| Complete 
| 261|0x0000000711b00000, 0x0000000711c00000, 0x0000000711c00000|100%| E|CS|TAMS 0x0000000711b00000, 0x0000000711b00000| Complete 
| 262|0x0000000711c00000, 0x0000000711d00000, 0x0000000711d00000|100%| E|CS|TAMS 0x0000000711c00000, 0x0000000711c00000| Complete 
| 263|0x0000000711d00000, 0x0000000711e00000, 0x0000000711e00000|100%| E|CS|TAMS 0x0000000711d00000, 0x0000000711d00000| Complete 
| 264|0x0000000711e00000, 0x0000000711f00000, 0x0000000711f00000|100%| E|CS|TAMS 0x0000000711e00000, 0x0000000711e00000| Complete 
| 265|0x0000000711f00000, 0x0000000712000000, 0x0000000712000000|100%| E|CS|TAMS 0x0000000711f00000, 0x0000000711f00000| Complete 
| 266|0x0000000712000000, 0x0000000712100000, 0x0000000712100000|100%| E|CS|TAMS 0x0000000712000000, 0x0000000712000000| Complete 
| 267|0x0000000712100000, 0x0000000712200000, 0x0000000712200000|100%| E|CS|TAMS 0x0000000712100000, 0x0000000712100000| Complete 
| 268|0x0000000712200000, 0x0000000712300000, 0x0000000712300000|100%| E|CS|TAMS 0x0000000712200000, 0x0000000712200000| Complete 
| 269|0x0000000712300000, 0x0000000712400000, 0x0000000712400000|100%| E|CS|TAMS 0x0000000712300000, 0x0000000712300000| Complete 
| 270|0x0000000712400000, 0x0000000712500000, 0x0000000712500000|100%| E|CS|TAMS 0x0000000712400000, 0x0000000712400000| Complete 
| 271|0x0000000712500000, 0x0000000712600000, 0x0000000712600000|100%| E|CS|TAMS 0x0000000712500000, 0x0000000712500000| Complete 
| 272|0x0000000712600000, 0x0000000712700000, 0x0000000712700000|100%| E|CS|TAMS 0x0000000712600000, 0x0000000712600000| Complete 
| 273|0x0000000712700000, 0x0000000712800000, 0x0000000712800000|100%| E|CS|TAMS 0x0000000712700000, 0x0000000712700000| Complete 
| 274|0x0000000712800000, 0x0000000712900000, 0x0000000712900000|100%| E|CS|TAMS 0x0000000712800000, 0x0000000712800000| Complete 
| 275|0x0000000712900000, 0x0000000712a00000, 0x0000000712a00000|100%| E|CS|TAMS 0x0000000712900000, 0x0000000712900000| Complete 
| 276|0x0000000712a00000, 0x0000000712b00000, 0x0000000712b00000|100%| E|CS|TAMS 0x0000000712a00000, 0x0000000712a00000| Complete 
| 277|0x0000000712b00000, 0x0000000712c00000, 0x0000000712c00000|100%| E|CS|TAMS 0x0000000712b00000, 0x0000000712b00000| Complete 
| 278|0x0000000712c00000, 0x0000000712d00000, 0x0000000712d00000|100%| E|CS|TAMS 0x0000000712c00000, 0x0000000712c00000| Complete 
| 279|0x0000000712d00000, 0x0000000712e00000, 0x0000000712e00000|100%| E|CS|TAMS 0x0000000712d00000, 0x0000000712d00000| Complete 
| 280|0x0000000712e00000, 0x0000000712f00000, 0x0000000712f00000|100%| E|CS|TAMS 0x0000000712e00000, 0x0000000712e00000| Complete 
| 281|0x0000000712f00000, 0x0000000713000000, 0x0000000713000000|100%| E|CS|TAMS 0x0000000712f00000, 0x0000000712f00000| Complete 
| 282|0x0000000713000000, 0x0000000713100000, 0x0000000713100000|100%| E|CS|TAMS 0x0000000713000000, 0x0000000713000000| Complete 
| 283|0x0000000713100000, 0x0000000713200000, 0x0000000713200000|100%| E|CS|TAMS 0x0000000713100000, 0x0000000713100000| Complete 
| 284|0x0000000713200000, 0x0000000713300000, 0x0000000713300000|100%| E|CS|TAMS 0x0000000713200000, 0x0000000713200000| Complete 
| 285|0x0000000713300000, 0x0000000713400000, 0x0000000713400000|100%| E|CS|TAMS 0x0000000713300000, 0x0000000713300000| Complete 
| 286|0x0000000713400000, 0x0000000713500000, 0x0000000713500000|100%| E|CS|TAMS 0x0000000713400000, 0x0000000713400000| Complete 
| 287|0x0000000713500000, 0x0000000713600000, 0x0000000713600000|100%| E|CS|TAMS 0x0000000713500000, 0x0000000713500000| Complete 
| 288|0x0000000713600000, 0x0000000713700000, 0x0000000713700000|100%| E|CS|TAMS 0x0000000713600000, 0x0000000713600000| Complete 
| 289|0x0000000713700000, 0x0000000713800000, 0x0000000713800000|100%| E|CS|TAMS 0x0000000713700000, 0x0000000713700000| Complete 
| 290|0x0000000713800000, 0x0000000713900000, 0x0000000713900000|100%| E|CS|TAMS 0x0000000713800000, 0x0000000713800000| Complete 
| 291|0x0000000713900000, 0x0000000713a00000, 0x0000000713a00000|100%| E|CS|TAMS 0x0000000713900000, 0x0000000713900000| Complete 
| 292|0x0000000713a00000, 0x0000000713b00000, 0x0000000713b00000|100%| E|CS|TAMS 0x0000000713a00000, 0x0000000713a00000| Complete 
| 293|0x0000000713b00000, 0x0000000713c00000, 0x0000000713c00000|100%| E|CS|TAMS 0x0000000713b00000, 0x0000000713b00000| Complete 
| 294|0x0000000713c00000, 0x0000000713d00000, 0x0000000713d00000|100%| E|CS|TAMS 0x0000000713c00000, 0x0000000713c00000| Complete 
| 295|0x0000000713d00000, 0x0000000713e00000, 0x0000000713e00000|100%| E|CS|TAMS 0x0000000713d00000, 0x0000000713d00000| Complete 
| 296|0x0000000713e00000, 0x0000000713f00000, 0x0000000713f00000|100%| E|CS|TAMS 0x0000000713e00000, 0x0000000713e00000| Complete 
| 297|0x0000000713f00000, 0x0000000714000000, 0x0000000714000000|100%| E|CS|TAMS 0x0000000713f00000, 0x0000000713f00000| Complete 
| 298|0x0000000714000000, 0x0000000714100000, 0x0000000714100000|100%| E|CS|TAMS 0x0000000714000000, 0x0000000714000000| Complete 
| 299|0x0000000714100000, 0x0000000714200000, 0x0000000714200000|100%| E|CS|TAMS 0x0000000714100000, 0x0000000714100000| Complete 
| 300|0x0000000714200000, 0x0000000714300000, 0x0000000714300000|100%| E|CS|TAMS 0x0000000714200000, 0x0000000714200000| Complete 
| 301|0x0000000714300000, 0x0000000714400000, 0x0000000714400000|100%| E|CS|TAMS 0x0000000714300000, 0x0000000714300000| Complete 
| 302|0x0000000714400000, 0x0000000714500000, 0x0000000714500000|100%| E|CS|TAMS 0x0000000714400000, 0x0000000714400000| Complete 
| 303|0x0000000714500000, 0x0000000714600000, 0x0000000714600000|100%| E|CS|TAMS 0x0000000714500000, 0x0000000714500000| Complete 
| 304|0x0000000714600000, 0x0000000714700000, 0x0000000714700000|100%| E|CS|TAMS 0x0000000714600000, 0x0000000714600000| Complete 
| 305|0x0000000714700000, 0x0000000714800000, 0x0000000714800000|100%| E|CS|TAMS 0x0000000714700000, 0x0000000714700000| Complete 
| 306|0x0000000714800000, 0x0000000714900000, 0x0000000714900000|100%| E|CS|TAMS 0x0000000714800000, 0x0000000714800000| Complete 
| 307|0x0000000714900000, 0x0000000714a00000, 0x0000000714a00000|100%| E|CS|TAMS 0x0000000714900000, 0x0000000714900000| Complete 

Card table byte_map: [0x000000001a930000,0x000000001b130000] _byte_map_base: 0x0000000017125000

Marking Bits (Prev, Next): (CMBitMap*) 0x000000000052e288, (CMBitMap*) 0x000000000052e2c0
 Prev Bits: [0x000000001b930000, 0x000000001f8d8000)
 Next Bits: [0x000000001f8e0000, 0x0000000023888000)

Polling page: 0x0000000000130000

Metaspace:

Usage:
  Non-class:     78.49 MB capacity,    76.65 MB ( 98%) used,     1.48 MB (  2%) free+waste,   360.94 KB ( <1%) overhead. 
      Class:     10.76 MB capacity,     9.58 MB ( 89%) used,     1.01 MB (  9%) free+waste,   170.13 KB (  2%) overhead. 
       Both:     89.25 MB capacity,    86.23 MB ( 97%) used,     2.50 MB (  3%) free+waste,   531.06 KB ( <1%) overhead. 

Virtual space:
  Non-class space:       80.00 MB reserved,      78.75 MB ( 98%) committed 
      Class space:        1.00 GB reserved,      10.90 MB (  1%) committed 
             Both:        1.08 GB reserved,      89.65 MB (  8%) committed 

Chunk freelists:
   Non-Class:  17.63 KB
       Class:  3.00 KB
        Both:  20.63 KB

CodeHeap 'non-profiled nmethods': size=120064Kb used=4074Kb max_used=4074Kb free=115989Kb
 bounds [0x0000000012550000, 0x0000000012960000, 0x0000000019a90000]
CodeHeap 'profiled nmethods': size=120000Kb used=18399Kb max_used=18399Kb free=101600Kb
 bounds [0x000000000b020000, 0x000000000c230000, 0x0000000012550000]
CodeHeap 'non-nmethods': size=5696Kb used=1737Kb max_used=1755Kb free=3958Kb
 bounds [0x000000000aa90000, 0x000000000ad00000, 0x000000000b020000]
 total_blobs=12749 nmethods=8120 adapters=1257
 compilation: enabled
              stopped_count=0, restarted_count=0
 full_count=0

Compilation events (10 events):
Event: 11.819 Thread 0x0000000027122000 9377       4       java.lang.reflect.AccessibleObject::checkCanSetAccessible (386 bytes)
Event: 11.823 Thread 0x0000000027122000 nmethod 9377 0x000000001288df90 code [0x000000001288e1a0, 0x000000001288e640]
Event: 11.837 Thread 0x0000000027122000 9378       4       com.jogamp.gluegen.runtime.opengl.GLNameResolver::getFuncNamePermutation (138 bytes)
Event: 11.843 Thread 0x0000000027122000 nmethod 9378 0x000000001288d390 code [0x000000001288d560, 0x000000001288ddf8]
Event: 11.844 Thread 0x0000000027122000 9379       4       com.jogamp.common.os.DynamicLibraryBundle::toolDynamicLookupFunction (92 bytes)
Event: 11.845 Thread 0x0000000027122000 nmethod 9379 0x000000001288cf90 code [0x000000001288d140, 0x000000001288d248]
Event: 11.846 Thread 0x0000000027122000 9380       4       com.jogamp.common.os.DynamicLibraryBundle::dynamicLookupFunction (129 bytes)
Event: 11.886 Thread 0x0000000027122000 nmethod 9380 0x00000000128e4e90 code [0x00000000128e5100, 0x00000000128e6da8]
Event: 11.902 Thread 0x000000002712a000 9381       3       java.util.concurrent.ScheduledThreadPoolExecutor::reExecutePeriodic (49 bytes)
Event: 11.903 Thread 0x000000002712a000 nmethod 9381 0x000000000c22e910 code [0x000000000c22eb40, 0x000000000c22f270]

GC Heap History (10 events):
Event: 3.048 GC heap before
{Heap before GC invocations=6 (full 0):
 garbage-first heap   total 262144K, used 59387K [0x0000000701600000, 0x0000000800000000)
  region size 1024K, 52 young (53248K), 5 survivors (5120K)
 Metaspace       used 46161K, capacity 47256K, committed 47484K, reserved 1091584K
  class space    used 5044K, capacity 5457K, committed 5500K, reserved 1048576K
}
Event: 3.056 GC heap after
{Heap after GC invocations=7 (full 0):
 garbage-first heap   total 262144K, used 15027K [0x0000000701600000, 0x0000000800000000)
  region size 1024K, 5 young (5120K), 5 survivors (5120K)
 Metaspace       used 46161K, capacity 47256K, committed 47484K, reserved 1091584K
  class space    used 5044K, capacity 5457K, committed 5500K, reserved 1048576K
}
Event: 4.206 GC heap before
{Heap before GC invocations=7 (full 0):
 garbage-first heap   total 262144K, used 59059K [0x0000000701600000, 0x0000000800000000)
  region size 1024K, 49 young (50176K), 5 survivors (5120K)
 Metaspace       used 53308K, capacity 54516K, committed 54608K, reserved 1097728K
  class space    used 5953K, capacity 6401K, committed 6480K, reserved 1048576K
}
Event: 4.215 GC heap after
{Heap after GC invocations=8 (full 0):
 garbage-first heap   total 315392K, used 22226K [0x0000000701600000, 0x0000000800000000)
  region size 1024K, 9 young (9216K), 9 survivors (9216K)
 Metaspace       used 53308K, capacity 54516K, committed 54608K, reserved 1097728K
  class space    used 5953K, capacity 6401K, committed 6480K, reserved 1048576K
}
Event: 5.569 GC heap before
{Heap before GC invocations=9 (full 0):
 garbage-first heap   total 315392K, used 98002K [0x0000000701600000, 0x0000000800000000)
  region size 1024K, 83 young (84992K), 9 survivors (9216K)
 Metaspace       used 61495K, capacity 62836K, committed 62876K, reserved 1105920K
  class space    used 6812K, capacity 7295K, committed 7324K, reserved 1048576K
}
Event: 5.596 GC heap after
{Heap after GC invocations=10 (full 0):
 garbage-first heap   total 315392K, used 32403K [0x0000000701600000, 0x0000000800000000)
  region size 1024K, 11 young (11264K), 11 survivors (11264K)
 Metaspace       used 61495K, capacity 62836K, committed 62876K, reserved 1105920K
  class space    used 6812K, capacity 7295K, committed 7324K, reserved 1048576K
}
Event: 7.403 GC heap before
{Heap before GC invocations=11 (full 0):
 garbage-first heap   total 315392K, used 132755K [0x0000000701600000, 0x0000000800000000)
  region size 1024K, 102 young (104448K), 11 survivors (11264K)
 Metaspace       used 70405K, capacity 72423K, committed 72732K, reserved 1114112K
  class space    used 7892K, capacity 8612K, committed 8732K, reserved 1048576K
}
Event: 7.428 GC heap after
{Heap after GC invocations=12 (full 0):
 garbage-first heap   total 315392K, used 67176K [0x0000000701600000, 0x0000000800000000)
  region size 1024K, 13 young (13312K), 13 survivors (13312K)
 Metaspace       used 70405K, capacity 72423K, committed 72732K, reserved 1114112K
  class space    used 7892K, capacity 8612K, committed 8732K, reserved 1048576K
}
Event: 8.791 GC heap before
{Heap before GC invocations=12 (full 0):
 garbage-first heap   total 315392K, used 174696K [0x0000000701600000, 0x0000000800000000)
  region size 1024K, 119 young (121856K), 13 survivors (13312K)
 Metaspace       used 77533K, capacity 79741K, committed 80028K, reserved 1120256K
  class space    used 8698K, capacity 9532K, committed 9628K, reserved 1048576K
}
Event: 8.801 GC heap after
{Heap after GC invocations=13 (full 0):
 garbage-first heap   total 315392K, used 70656K [0x0000000701600000, 0x0000000800000000)
  region size 1024K, 9 young (9216K), 9 survivors (9216K)
 Metaspace       used 77533K, capacity 79741K, committed 80028K, reserved 1120256K
  class space    used 8698K, capacity 9532K, committed 9628K, reserved 1048576K
}

Deoptimization events (10 events):
Event: 10.654 Thread 0x000000002fc0a000 Uncommon trap: reason=unstable_if action=reinterpret pc=0x0000000012752d28 method=java.util.zip.ZipFile$Source.getEntryPos([BZ)I @ 156 c2
Event: 10.680 Thread 0x00000000290f6000 Uncommon trap: reason=class_check action=maybe_recompile pc=0x00000000127b016c method=sun.java2d.pipe.BufferedContext.validate(Lsun/java2d/pipe/hw/AccelSurface;Lsun/java2d/pipe/hw/AccelSurface;Lsun/java2d/pipe/Region;Ljava/awt/Composite;Ljava/awt/geom/Aff
Event: 10.682 Thread 0x00000000290f6000 Uncommon trap: reason=unstable_if action=reinterpret pc=0x000000001261bef4 method=sun.java2d.SunGraphics2D.validateColor()V @ 38 c2
Event: 10.682 Thread 0x00000000290f6000 Uncommon trap: reason=class_check action=maybe_recompile pc=0x00000000127b0b24 method=sun.java2d.pipe.BufferedContext.validate(Lsun/java2d/pipe/hw/AccelSurface;Lsun/java2d/pipe/hw/AccelSurface;Lsun/java2d/pipe/Region;Ljava/awt/Composite;Ljava/awt/geom/Aff
Event: 10.683 Thread 0x00000000290f6000 Uncommon trap: reason=unstable_if action=reinterpret pc=0x00000000127b0290 method=sun.java2d.pipe.BufferedContext.validate(Lsun/java2d/pipe/hw/AccelSurface;Lsun/java2d/pipe/hw/AccelSurface;Lsun/java2d/pipe/Region;Ljava/awt/Composite;Ljava/awt/geom/AffineT
Event: 10.746 Thread 0x000000002fc0a000 Uncommon trap: reason=speculate_null_check action=make_not_entrant pc=0x00000000125e7300 method=jdk.internal.misc.Unsafe.getIntUnaligned(Ljava/lang/Object;JZ)I @ 5 c2
Event: 11.257 Thread 0x000000002dfc6000 Uncommon trap: reason=bimorphic_or_optimized_type_check action=maybe_recompile pc=0x00000000127a8d34 method=java.util.regex.Pattern$Branch.match(Ljava/util/regex/Matcher;ILjava/lang/CharSequence;)Z @ 32 c2
Event: 11.792 Thread 0x000000002dfc6000 Uncommon trap: reason=bimorphic_or_optimized_type_check action=maybe_recompile pc=0x00000000127a8d34 method=java.util.regex.Pattern$Branch.match(Ljava/util/regex/Matcher;ILjava/lang/CharSequence;)Z @ 32 c2
Event: 11.817 Thread 0x000000002dfc6000 Uncommon trap: reason=unstable_if action=reinterpret pc=0x000000001288eebc method=java.lang.Class.searchFields([Ljava/lang/reflect/Field;Ljava/lang/String;)Ljava/lang/reflect/Field; @ 29 c2
Event: 11.819 Thread 0x000000002dfc6000 Uncommon trap: reason=bimorphic_or_optimized_type_check action=maybe_recompile pc=0x00000000127a8d34 method=java.util.regex.Pattern$Branch.match(Ljava/util/regex/Matcher;ILjava/lang/CharSequence;)Z @ 32 c2

Classes redefined (0 events):
No events

Internal exceptions (10 events):
Event: 10.524 Thread 0x00000000290f6000 Exception <a 'java/lang/NoSuchMethodError'{0x000000070e4eb268}: java.lang.invoke.DirectMethodHandle$Holder.invokeSpecial(Ljava/lang/Object;Ljava/lang/Object;IIILjava/lang/Object;IIIILjava/lang/Object;Ljava/lang/Object;Ljava/lang/Object;)Ljava/lang/Object;
Event: 10.524 Thread 0x00000000290f6000 Exception <a 'java/lang/NoSuchMethodError'{0x000000070e4ef0f0}: java.lang.invoke.DelegatingMethodHandle$Holder.reinvoke_L(Ljava/lang/Object;IIILjava/lang/Object;IIIILjava/lang/Object;Ljava/lang/Object;Ljava/lang/Object;)Ljava/lang/Object;> (0x000000070e4e
Event: 10.527 Thread 0x00000000290f6000 Exception <a 'java/lang/NoSuchMethodError'{0x000000070e331dc8}: java.lang.invoke.DirectMethodHandle$Holder.invokeStatic(Ljava/lang/Object;Ljava/lang/Object;Ljava/lang/Object;Ljava/lang/Object;Ljava/lang/Object;Ljava/lang/Object;Ljava/lang/Object;Ljava/lan
Event: 10.531 Thread 0x00000000290f6000 Exception <a 'java/lang/NoSuchMethodError'{0x000000070e3813d8}: java.lang.invoke.Invokers$Holder.linkToTargetMethod(Ljava/lang/Object;IIIILjava/lang/Object;Ljava/lang/Object;Ljava/lang/Object;Ljava/lang/Object;)Ljava/lang/Object;> (0x000000070e3813d8) thr
Event: 10.542 Thread 0x00000000290f6000 Exception <a 'java/lang/NoSuchMethodError'{0x000000070e208d70}: java.lang.invoke.DelegatingMethodHandle$Holder.reinvoke_L(Ljava/lang/Object;Ljava/lang/Object;IILjava/lang/Object;Ljava/lang/Object;Ljava/lang/Object;Ljava/lang/Object;ILjava/lang/Object;Ljav
Event: 10.547 Thread 0x00000000290f6000 Exception <a 'java/lang/NoSuchMethodError'{0x000000070e2809c8}: java.lang.invoke.DirectMethodHandle$Holder.invokeSpecial(Ljava/lang/Object;Ljava/lang/Object;IILjava/lang/Object;Ljava/lang/Object;Ljava/lang/Object;Ljava/lang/Object;ILjava/lang/Object;Ljava
Event: 10.547 Thread 0x00000000290f6000 Exception <a 'java/lang/NoSuchMethodError'{0x000000070e284b90}: java.lang.invoke.DelegatingMethodHandle$Holder.reinvoke_L(Ljava/lang/Object;IILjava/lang/Object;Ljava/lang/Object;Ljava/lang/Object;Ljava/lang/Object;ILjava/lang/Object;Ljava/lang/Object;Ljav
Event: 10.549 Thread 0x00000000290f6000 Exception <a 'java/lang/NoSuchMethodError'{0x000000070e2dcad8}: java.lang.invoke.DelegatingMethodHandle$Holder.reinvoke_L(Ljava/lang/Object;Ljava/lang/Object;Ljava/lang/Object;Ljava/lang/Object;Ljava/lang/Object;ILjava/lang/Object;Ljava/lang/Object;Ljava/
Event: 10.654 Thread 0x000000002fc0a000 Exception <a 'sun/nio/fs/WindowsException'{0x000000070e1a1780}> (0x000000070e1a1780) thrown at [t:/workspace/open/src/hotspot/share/prims/jni.cpp, line 615]
Event: 10.717 Thread 0x000000002fc0a000 Exception <a 'sun/nio/fs/WindowsException'{0x000000070e0d9a50}> (0x000000070e0d9a50) thrown at [t:/workspace/open/src/hotspot/share/prims/jni.cpp, line 615]

Events (10 events):
Event: 11.817 Thread 0x000000002dfc6000 Uncommon trap: trap_request=0xffffff4d fr.pc=0x000000001288eebc relative=0x000000000000029c
Event: 11.817 Thread 0x000000002dfc6000 DEOPT PACKING pc=0x000000001288eebc sp=0x0000000041cdd4b0
Event: 11.817 Thread 0x000000002dfc6000 DEOPT UNPACKING pc=0x000000000aab912f sp=0x0000000041cdd440 mode 2
Event: 11.818 Executing VM operation: RevokeBias
Event: 11.818 Executing VM operation: RevokeBias done
Event: 11.819 Thread 0x000000002dfc6000 Uncommon trap: trap_request=0xffffffc6 fr.pc=0x00000000127a8d34 relative=0x00000000000004b4
Event: 11.819 Thread 0x000000002dfc6000 DEOPT PACKING pc=0x00000000127a8d34 sp=0x0000000041cde3b0
Event: 11.819 Thread 0x000000002dfc6000 DEOPT UNPACKING pc=0x000000000aab912f sp=0x0000000041cde380 mode 2
Event: 11.911 loading class jogamp/opengl/GLContextImpl$MappedGLVersion
Event: 11.911 loading class jogamp/opengl/GLContextImpl$MappedGLVersion done


Dynamic libraries:
0x000000013fa30000 - 0x000000013fa77000 	C:\Program Files\Java\jdk-11.0.5\bin\java.exe
0x0000000076fe0000 - 0x0000000077189000 	C:\Windows\SYSTEM32\ntdll.dll
0x0000000076ec0000 - 0x0000000076fdf000 	C:\Windows\system32\kernel32.dll
0x000007fefcfe0000 - 0x000007fefd04b000 	C:\Windows\system32\KERNELBASE.dll
0x000007fefdd80000 - 0x000007fefde5b000 	C:\Windows\system32\ADVAPI32.dll
0x000007fefd560000 - 0x000007fefd5ff000 	C:\Windows\system32\msvcrt.dll
0x000007fefec50000 - 0x000007fefec6f000 	C:\Windows\SYSTEM32\sechost.dll
0x000007fefee00000 - 0x000007fefef2d000 	C:\Windows\system32\RPCRT4.dll
0x0000000076dc0000 - 0x0000000076eba000 	C:\Windows\system32\USER32.dll
0x000007fefec70000 - 0x000007fefecd7000 	C:\Windows\system32\GDI32.dll
0x000007feff1b0000 - 0x000007feff1be000 	C:\Windows\system32\LPK.dll
0x000007fefd990000 - 0x000007fefda59000 	C:\Windows\system32\USP10.dll
0x000007fefb120000 - 0x000007fefb314000 	C:\Windows\WinSxS\amd64_microsoft.windows.common-controls_6595b64144ccf1df_6.0.7601.17514_none_fa396087175ac9ac\COMCTL32.dll
0x000007fefdbf0000 - 0x000007fefdc61000 	C:\Windows\system32\SHLWAPI.dll
0x000007fefc210000 - 0x000007fefc21c000 	C:\Windows\system32\VERSION.dll
0x000007feff1e0000 - 0x000007feff20e000 	C:\Windows\system32\IMM32.DLL
0x000007fefdc70000 - 0x000007fefdd79000 	C:\Windows\system32\MSCTF.dll
0x000007fecc4d0000 - 0x000007fecc4e6000 	C:\Program Files\Java\jdk-11.0.5\bin\vcruntime140.dll
0x000007fecc500000 - 0x000007fecc504000 	C:\Program Files\Java\jdk-11.0.5\bin\api-ms-win-crt-runtime-l1-1-0.dll
0x000007fecc3d0000 - 0x000007fecc4c6000 	C:\Program Files\Java\jdk-11.0.5\bin\ucrtbase.DLL
0x000007fecc4f0000 - 0x000007fecc4f3000 	C:\Program Files\Java\jdk-11.0.5\bin\api-ms-win-core-localization-l1-2-0.dll
0x000007fecc3b0000 - 0x000007fecc3b3000 	C:\Program Files\Java\jdk-11.0.5\bin\api-ms-win-core-processthreads-l1-1-1.dll
0x000007fecc3c0000 - 0x000007fecc3c3000 	C:\Program Files\Java\jdk-11.0.5\bin\api-ms-win-core-file-l1-2-0.dll
0x000007fecc390000 - 0x000007fecc393000 	C:\Program Files\Java\jdk-11.0.5\bin\api-ms-win-core-timezone-l1-1-0.dll
0x000007fecc3a0000 - 0x000007fecc3a3000 	C:\Program Files\Java\jdk-11.0.5\bin\api-ms-win-core-file-l2-1-0.dll
0x000007fecc370000 - 0x000007fecc373000 	C:\Program Files\Java\jdk-11.0.5\bin\api-ms-win-core-synch-l1-2-0.dll
0x000007fecc380000 - 0x000007fecc384000 	C:\Program Files\Java\jdk-11.0.5\bin\api-ms-win-crt-string-l1-1-0.dll
0x000007fecc350000 - 0x000007fecc353000 	C:\Program Files\Java\jdk-11.0.5\bin\api-ms-win-crt-heap-l1-1-0.dll
0x000007fecc360000 - 0x000007fecc364000 	C:\Program Files\Java\jdk-11.0.5\bin\api-ms-win-crt-stdio-l1-1-0.dll
0x000007fecc330000 - 0x000007fecc334000 	C:\Program Files\Java\jdk-11.0.5\bin\api-ms-win-crt-convert-l1-1-0.dll
0x000007fecc280000 - 0x000007fecc32a000 	C:\Program Files\Java\jdk-11.0.5\bin\msvcp140.dll
0x000007fecc340000 - 0x000007fecc343000 	C:\Program Files\Java\jdk-11.0.5\bin\api-ms-win-crt-locale-l1-1-0.dll
0x000007fecc260000 - 0x000007fecc265000 	C:\Program Files\Java\jdk-11.0.5\bin\api-ms-win-crt-math-l1-1-0.dll
0x000007fecc270000 - 0x000007fecc275000 	C:\Program Files\Java\jdk-11.0.5\bin\api-ms-win-crt-multibyte-l1-1-0.dll
0x000007fecc240000 - 0x000007fecc243000 	C:\Program Files\Java\jdk-11.0.5\bin\api-ms-win-crt-time-l1-1-0.dll
0x000007fecc250000 - 0x000007fecc253000 	C:\Program Files\Java\jdk-11.0.5\bin\api-ms-win-crt-filesystem-l1-1-0.dll
0x000007fecc220000 - 0x000007fecc223000 	C:\Program Files\Java\jdk-11.0.5\bin\api-ms-win-crt-environment-l1-1-0.dll
0x000007fecc230000 - 0x000007fecc233000 	C:\Program Files\Java\jdk-11.0.5\bin\api-ms-win-crt-utility-l1-1-0.dll
0x000007fec98f0000 - 0x000007feca418000 	C:\Program Files\Java\jdk-11.0.5\bin\server\jvm.dll
0x000007feefdc0000 - 0x000007feefdc9000 	C:\Windows\system32\WSOCK32.dll
0x000007fefec00000 - 0x000007fefec4d000 	C:\Windows\system32\WS2_32.dll
0x000007fefebf0000 - 0x000007fefebf8000 	C:\Windows\system32\NSI.dll
0x000007fef9460000 - 0x000007fef949b000 	C:\Windows\system32\WINMM.dll
0x00000000771a0000 - 0x00000000771a7000 	C:\Windows\system32\PSAPI.DLL
0x000007fecc1e0000 - 0x000007fecc1f1000 	C:\Program Files\Java\jdk-11.0.5\bin\verify.dll
0x000007fef1c30000 - 0x000007fef1d55000 	C:\Windows\system32\DBGHELP.DLL
0x000007fecc1b0000 - 0x000007fecc1d9000 	C:\Program Files\Java\jdk-11.0.5\bin\java.dll
0x000007fecc200000 - 0x000007fecc216000 	C:\Program Files\Java\jdk-11.0.5\bin\zip.dll
0x000007fecc190000 - 0x000007fecc19a000 	C:\Program Files\Java\jdk-11.0.5\bin\jimage.dll
0x000007fefde60000 - 0x000007fefebe8000 	C:\Windows\system32\SHELL32.dll
0x000007fefd780000 - 0x000007fefd983000 	C:\Windows\system32\ole32.dll
0x000007fefcf30000 - 0x000007fefcf3f000 	C:\Windows\system32\profapi.dll
0x000007fecc170000 - 0x000007fecc189000 	C:\Program Files\Java\jdk-11.0.5\bin\net.dll
0x000007fef9550000 - 0x000007fef95c1000 	C:\Windows\system32\WINHTTP.dll
0x000007fef94e0000 - 0x000007fef9544000 	C:\Windows\system32\webio.dll
0x000007fefc7a0000 - 0x000007fefc7f5000 	C:\Windows\system32\mswsock.dll
0x000007fefc790000 - 0x000007fefc797000 	C:\Windows\System32\wship6.dll
0x000007fecc150000 - 0x000007fecc163000 	C:\Program Files\Java\jdk-11.0.5\bin\nio.dll
0x000007fece3e0000 - 0x000007fece57f000 	C:\Program Files\Java\jdk-11.0.5\bin\awt.dll
0x000007feff210000 - 0x000007feff2e7000 	C:\Windows\system32\OLEAUT32.dll
0x000007fecb140000 - 0x000007fecb222000 	C:\Windows\system32\d2d1.dll
0x000007fefbb10000 - 0x000007fefbb28000 	C:\Windows\system32\DWMAPI.DLL
0x000007fefc800000 - 0x000007fefc817000 	C:\Windows\system32\CRYPTSP.dll
0x000007fefc500000 - 0x000007fefc547000 	C:\Windows\system32\rsaenh.dll
0x000007fefc270000 - 0x000007fefc28e000 	C:\Windows\system32\USERENV.dll
0x000007fefce60000 - 0x000007fefce6f000 	C:\Windows\system32\CRYPTBASE.dll
0x000007fefb0c0000 - 0x000007fefb116000 	C:\Windows\system32\uxtheme.dll
0x000007fef94b0000 - 0x000007fef94d7000 	C:\Windows\system32\IPHLPAPI.DLL
0x000007fef94a0000 - 0x000007fef94ab000 	C:\Windows\system32\WINNSI.DLL
0x000007fef86b0000 - 0x000007fef86c1000 	C:\Windows\system32\dhcpcsvc6.DLL
0x000007fef8690000 - 0x000007fef86a8000 	C:\Windows\system32\dhcpcsvc.DLL
0x000007fef6830000 - 0x000007fef694d000 	C:\Windows\system32\opengl32.dll
0x000007fef6800000 - 0x000007fef682d000 	C:\Windows\system32\GLU32.dll
0x000007fef6700000 - 0x000007fef67f1000 	C:\Windows\system32\DDRAW.dll
0x000007fef66f0000 - 0x000007fef66f8000 	C:\Windows\system32\DCIMAN32.dll
0x000007fefef30000 - 0x000007feff107000 	C:\Windows\system32\SETUPAPI.dll
0x000007fefd110000 - 0x000007fefd146000 	C:\Windows\system32\CFGMGR32.dll
0x000007fefd050000 - 0x000007fefd06a000 	C:\Windows\system32\DEVOBJ.dll
0x000007fef9cf0000 - 0x000007fef9eef000 	C:\Windows\system32\d3d9.dll
0x000007fef9ce0000 - 0x000007fef9ce7000 	C:\Windows\system32\d3d8thk.dll
0x000007fed0070000 - 0x000007fed1540000 	C:\Windows\system32\nvd3dumx.dll
0x000007fefbb30000 - 0x000007fefbb5c000 	C:\Windows\system32\powrprof.dll
0x000007fed1540000 - 0x000007fed1801000 	C:\Windows\system32\nvspcap64.dll
0x000007fefc1b0000 - 0x000007fefc1dd000 	C:\Windows\system32\ntmarta.dll
0x000007fefdb90000 - 0x000007fefdbe2000 	C:\Windows\system32\WLDAP32.dll
0x000007fefd150000 - 0x000007fefd2b7000 	C:\Windows\system32\crypt32.dll
0x000007fefcfd0000 - 0x000007fefcfdf000 	C:\Windows\system32\MSASN1.dll
0x000007fefd2c0000 - 0x000007fefd2fa000 	C:\Windows\system32\WINTRUST.DLL
0x000007feff1c0000 - 0x000007feff1d7000 	C:\Windows\system32\imagehlp.dll
0x000007fefc980000 - 0x000007fefc9ce000 	C:\Windows\system32\ncrypt.dll
0x000007fefc950000 - 0x000007fefc972000 	C:\Windows\system32\bcrypt.dll
0x000007fefc440000 - 0x000007fefc48c000 	C:\Windows\system32\bcryptprimitives.dll
0x000007fef6560000 - 0x000007fef656d000 	C:\Program Files\Java\jdk-11.0.5\bin\sunmscapi.dll
0x000007fed26b0000 - 0x000007fed26d7000 	C:\Program Files\Java\jdk-11.0.5\bin\sunec.dll
0x000007fefc250000 - 0x000007fefc26b000 	C:\Windows\system32\GPAPI.dll
0x000007fefc1e0000 - 0x000007fefc206000 	C:\Windows\system32\cryptnet.dll
0x000007fee3580000 - 0x000007fee359b000 	C:\Windows\system32\Cabinet.dll
0x000007fefc290000 - 0x000007fefc2a2000 	C:\Windows\system32\DEVRTL.dll
0x000007feb9670000 - 0x000007feb96f3000 	C:\Program Files\Java\jdk-11.0.5\bin\freetype.dll
0x000007feca980000 - 0x000007fecaa2b000 	C:\Program Files\Java\jdk-11.0.5\bin\fontmanager.dll
0x000007fefbc20000 - 0x000007fefbc27000 	C:\Windows\System32\wshtcpip.dll
0x000007fefc620000 - 0x000007fefc67b000 	C:\Windows\system32\DNSAPI.dll
0x000007fef7b10000 - 0x000007fef7b18000 	C:\Windows\system32\rasadhlp.dll
0x000007fef8730000 - 0x000007fef8783000 	C:\Windows\System32\fwpuclnt.dll
0x0000000066870000 - 0x00000000668c0000 	C:\Program Files\UltraMon\RTSUltraMonHook.dll
0x000007fed5160000 - 0x000007fed51a1000 	C:\Users\NEX\AppData\Local\Temp\jna-77185\jna5198734002476888496.dll
0x000007feb9380000 - 0x000007feb941c000 	C:\Users\NEX\AppData\Local\Temp\jna-77185\jna4171348737173402110.dll
0x000007fed26e0000 - 0x000007fed275f000 	C:\Program Files\Java\jdk-11.0.5\bin\mlib_image.dll
0x000007fed5140000 - 0x000007fed5152000 	C:\Program Files\Java\jdk-11.0.5\bin\jsound.dll
0x000007fef6c70000 - 0x000007fef6cf8000 	C:\Windows\system32\DSOUND.dll
0x000007feff110000 - 0x000007feff1a9000 	C:\Windows\system32\CLBCatQ.DLL
0x000007fefb850000 - 0x000007fefb89b000 	C:\Windows\System32\MMDevApi.dll
0x000007fefb710000 - 0x000007fefb83c000 	C:\Windows\System32\PROPSYS.dll
0x000007fee7e40000 - 0x000007fee7e7b000 	C:\Windows\system32\wdmaud.drv
0x0000000068080000 - 0x0000000068086000 	C:\Windows\system32\ksuser.dll
0x000007fefb840000 - 0x000007fefb849000 	C:\Windows\system32\AVRT.dll
0x000007fee8ca0000 - 0x000007fee8cef000 	C:\Windows\system32\AUDIOSES.DLL
0x000007fee6be0000 - 0x000007fee6bea000 	C:\Windows\system32\msacm32.drv
0x000007fee6bc0000 - 0x000007fee6bd8000 	C:\Windows\system32\MSACM32.dll
0x000007fee6ba0000 - 0x000007fee6ba9000 	C:\Windows\system32\midimap.dll
0x000007feb7520000 - 0x000007feb75bd000 	C:\Program Files\obs-studio\data\obs-plugins\win-capture\graphics-hook64.dll
0x000007fed5080000 - 0x000007fed50ad000 	C:\Program Files\Java\jdk-11.0.5\bin\javajpeg.dll
0x000007fed2670000 - 0x000007fed26af000 	C:\Program Files\Java\jdk-11.0.5\bin\lcms.dll
0x000007fecc1a0000 - 0x000007fecc1a9000 	C:\Program Files\Java\jdk-11.0.5\bin\management.dll
0x000007fecc140000 - 0x000007fecc14c000 	C:\Program Files\Java\jdk-11.0.5\bin\management_ext.dll
0x000007fefaa00000 - 0x000007fefaa15000 	C:\Windows\system32\NLAapi.dll
0x000007fefa0d0000 - 0x000007fefa0e5000 	C:\Windows\system32\napinsp.dll
0x000007fefa040000 - 0x000007fefa059000 	C:\Windows\system32\pnrpnsp.dll

dbghelp: loaded successfully - version: 4.0.5 - missing functions: none
symbol engine: initialized successfully - sym options: 0x614 - pdb path: .;C:\Program Files\Java\jdk-11.0.5\bin;C:\Windows\SYSTEM32;C:\Windows\WinSxS\amd64_microsoft.windows.common-controls_6595b64144ccf1df_6.0.7601.17514_none_fa396087175ac9ac;C:\Program Files\Java\jdk-11.0.5\bin\server;C:\Program Files\UltraMon;C:\Users\NEX\AppData\Local\Temp\jna-77185;C:\Program Files\obs-studio\data\obs-plugins\win-capture;C:\Program Files\NVIDIA Corporation\Ansel;C:\Program Files (x86)\Dropbox\Client;C:\Program Files\Google\Drive;C:\Windows\WinSxS\amd64_microsoft.vc90.crt_1fc8b3b9a1e18e3b_9.0.30729.6161_none_08e61857a83bc251;C:\Users\NEX\AppData\Local\Temp\jogamp_0000\file_cache\jln6792135123756154224\jln16037303761432187049\natives\windows-amd64

VM Arguments:
jvm_args: -Dfile.encoding=UTF-8 -Duser.country=US -Duser.language=en -Duser.variant 
java_command: net.runelite.client.RuneLite
java_class_path (initial): C:\Users\NEX\IdeaProjects\runelite-extended2\runelite-client\build\classes\java\main;C:\Users\NEX\IdeaProjects\runelite-extended2\runelite-client\build\resources\main;C:\Users\NEX\IdeaProjects\runelite-extended2\http-api\build\libs\http-api-1.6.6-SNAPSHOT.jar;C:\Users\NEX\IdeaProjects\runelite-extended2\runescape-api\build\libs\runescape-api-1.6.6-SNAPSHOT.jar;C:\Users\NEX\IdeaProjects\runelite-extended2\runelite-api\build\libs\runelite-api-1.6.6-SNAPSHOT.jar;C:\Users\NEX\.gradle\caches\modules-2\files-2.1\ch.qos.logback\logback-classic\1.2.3\7c4f3c474fb2c041d8028740440937705ebb473a\logback-classic-1.2.3.jar;C:\Users\NEX\.gradle\caches\modules-2\files-2.1\com.google.code.gson\gson\2.8.6\9180733b7df8542621dc12e21e87557e8c99b8cb\gson-2.8.6.jar;C:\Users\NEX\.gradle\caches\modules-2\files-2.1\com.google.inject\guice\4.2.2\fa13659f9128f4c011c8e1d06f137083b4876377\guice-4.2.2-no_aop.jar;C:\Users\NEX\.gradle\caches\modules-2\files-2.1\com.google.guava\guava\28.2-jre\8ec9ed76528425762174f0011ce8f74ad845b756\guava-28.2-jre.jar;C:\Users\NEX\.gradle\caches\modules-2\files-2.1\com.h2database\h2\1.4.200\f7533fe7cb8e99c87a43d325a77b4b678ad9031a\h2-1.4.200.jar;C:\Users\NEX\.gradle\caches\modules-2\files-2.1\com.jakewharton.rxrelay2\rxrelay\2.1.1\b5cb329f502caba70863749b6559f13eb25b6285\rxrelay-2.1.1.jar;C:\Users\NEX\.gradle\caches\modules-2\files-2.1\com.squareup.okhttp3\okhttp\4.3.0\cacafea0ad79a98bdf70f620f32eed22f2535e60\okhttp-4.3.0.jar;C:\Users\NEX\.gradle\caches\modules-2\files-2.1\io.reactivex.rxjava2\rxjava\2.2.16\4b88484cd4d02954243fc0a1a0b0a7503ca769a0\rxjava-2.2.16.jar;C:\Users\NEX\.gradle\caches\modules-2\files-2.1\net.java.dev.jna\jna-platform\5.5.0\af38e7c4d0fc73c23ecd785443705bfdee5b90bf\jna-platform-5.5.0.jar;C:\Users\NEX\.gradle\caches\modules-2\files-2.1\net.runelite\discord\1.1\2d6c73d538b0533883a1e1cdd5b08c70f66ee3a1\discord-1.1.jar;C:\Users\NEX\.gradle\caches\modules-2\files-2.1\net.java.dev.jna\jna\5.5.0\e0845217c4907822403912ad68
Launcher Type: SUN_STANDARD

[Global flags]
     intx CICompilerCount                          = 3                                         {product} {ergonomic}
     uint ConcGCThreads                            = 1                                         {product} {ergonomic}
     uint G1ConcRefinementThreads                  = 4                                         {product} {ergonomic}
   size_t G1HeapRegionSize                         = 1048576                                   {product} {ergonomic}
    uintx GCDrainStackTargetSize                   = 64                                        {product} {ergonomic}
   size_t InitialHeapSize                          = 268435456                                 {product} {ergonomic}
   size_t MarkStackSize                            = 4194304                                   {product} {ergonomic}
   size_t MaxHeapSize                              = 4271898624                                {product} {ergonomic}
   size_t MaxNewSize                               = 2562719744                                {product} {ergonomic}
   size_t MinHeapDeltaBytes                        = 1048576                                   {product} {ergonomic}
    uintx NonNMethodCodeHeapSize                   = 5830732                                {pd product} {ergonomic}
    uintx NonProfiledCodeHeapSize                  = 122913754                              {pd product} {ergonomic}
    uintx ProfiledCodeHeapSize                     = 122913754                              {pd product} {ergonomic}
    uintx ReservedCodeCacheSize                    = 251658240                              {pd product} {ergonomic}
     bool SegmentedCodeCache                       = true                                      {product} {ergonomic}
     bool UseCompressedClassPointers               = true                                 {lp64_product} {ergonomic}
     bool UseCompressedOops                        = true                                 {lp64_product} {ergonomic}
     bool UseG1GC                                  = true                                      {product} {ergonomic}
     bool UseLargePagesIndividualAllocation        = false                                  {pd product} {ergonomic}

Logging:
Log output configuration:
 #0: stdout all=warning uptime,level,tags
 #1: stderr all=off uptime,level,tags

Environment Variables:
JAVA_HOME=C:\Program Files\Java\jdk1.8.0_221
PATH=C:\Program Files (x86)\Common Files\Oracle\Java\javapath;C:\ProgramData\Oracle\Java\javapath;C:\Program Files (x86)\AMD APP\bin\x86_64;C:\Program Files (x86)\AMD APP\bin\x86;C:\Windows\system32;C:\Windows;C:\Windows\System32\Wbem;C:\Windows\System32\WindowsPowerShell\v1.0\;C:\Program Files (x86)\ATI Technologies\ATI.ACE\Core-Static;C:\Program Files (x86)\EasyPHP-Devserver-16.1\eds-binaries\php\php5619vc11x86x160629234843;C:\ProgramData\ComposerSetup\bin;C:\Program Files\Git\cmd;C:\Program Files (x86)\Skype\Phone\;C:\Program Files (x86)\AMD\ATI.ACE\Core-Static;C:\Program Files (x86)\Yarn\bin;C:\ProgramData\chocolatey\bin;C:\Program Files (x86)\Intel\OpenCL SDK\2.0\bin\x86;C:\Program Files (x86)\Intel\OpenCL SDK\2.0\bin\x64;C:\Program Files (x86)\NVIDIA Corporation\PhysX\Common;C:\Program Files\nodejs\;C:\Program Files\NVIDIA Corporation\NVIDIA NvDLISR;C:\Program Files\Microsoft SQL Server\Client SDK\ODBC\110\Tools\Binn\;C:\Program Files (x86)\Microsoft SQL Server\120\Tools\Binn\;C:\Program Files\Microsoft SQL Server\120\Tools\Binn\;C:\Program Files\Microsoft SQL Server\120\DTS\Binn\;C:\Users\NEX\AppData\Roaming\Composer\vendor\bin;C:\Users\NEX\AppData\Local\Yarn\.bin;C:\Users\NEX\AppData\Local\atom\bin;C:\Users\NEX\AppData\Local\GitHubDesktop\bin;C:\Users\NEX\AppData\Local\Programs\Microsoft VS Code\bin;C:\Users\NEX\AppData\Roaming\npm;F:\maven\apache-maven-3.6.1\bin;C:\Users\NEX\AppData\Local\Google\Cloud SDK\google-cloud-sdk\bin
USERNAME=NEX
OS=Windows_NT
PROCESSOR_IDENTIFIER=Intel64 Family 6 Model 42 Stepping 7, GenuineIntel



---------------  S Y S T E M  ---------------

OS: Windows 7 , 64 bit Build 7601 (6.1.7601.17514)

CPU:total 4 (initial active 4) (4 cores per cpu, 1 threads per core) family 6 model 42 stepping 7, cmov, cx8, fxsr, mmx, sse, sse2, sse3, ssse3, sse4.1, sse4.2, popcnt, avx, aes, clmul, tsc, tscinvbit

Memory: 4k page, system-wide physical 16288M (4214M free)
TotalPageFile size 16286M (AvailPageFile size 1704M)
current process WorkingSet (physical memory assigned to process): 484M, peak: 484M
current process commit charge ("private bytes"): 659M, peak: 659M

vm_info: Java HotSpot(TM) 64-Bit Server VM (11.0.5+10-LTS) for windows-amd64 JRE (11.0.5+10-LTS), built on Oct  6 2019 12:37:14 by "mach5one" with MS VC++ 15.5 (VS2017)

END.
