#
# A fatal error has been detected by the Java Runtime Environment:
#
#  EXCEPTION_ACCESS_VIOLATION (0xc0000005) at pc=0x000007fea4ab2499, pid=10288, tid=9660
#
# JRE version: Java(TM) SE Runtime Environment (11.0.5+10) (build 11.0.5+10-LTS)
# Java VM: Java HotSpot(TM) 64-Bit Server VM (11.0.5+10-LTS, mixed mode, tiered, compressed oops, g1 gc, windows-amd64)
# Problematic frame:
# C  0x000007fea4ab2499
#
# No core dump will be written. Minidumps are not enabled by default on client versions of Windows
#
# If you would like to submit a bug report, please visit:
#   http://bugreport.java.com/bugreport/crash.jsp
#

---------------  S U M M A R Y ------------

Command Line: -Dfile.encoding=UTF-8 -Duser.country=US -Duser.language=en -Duser.variant net.runelite.client.RuneLite

Host: Intel(R) Core(TM) i5-2500K CPU @ 3.30GHz, 4 cores, 15G,  Windows 7 , 64 bit Build 7601 (6.1.7601.17514)
Time: Thu Feb  6 16:32:04 2020 Eastern Standard Time elapsed time: 984 seconds (0d 0h 16m 24s)

---------------  T H R E A D  ---------------

Current thread (0x0000000026212800):  VMThread "VM Thread" [stack: 0x0000000026ea0000,0x0000000026fa0000] [id=9660]

Stack: [0x0000000026ea0000,0x0000000026fa0000],  sp=0x0000000026f9ecd8,  free space=1019k
Native frames: (J=compiled Java code, j=interpreted, Vv=VM code, C=native code)
C  0x000007fea4ab2499


siginfo: EXCEPTION_ACCESS_VIOLATION (0xc0000005), reading address 0x0000000000000ee0


Register to memory mapping:

RIP=0x000007fea4ab2499 points into unknown readable memory: ff a0 e0 0e 00 00 cc
RAX=0x0 is NULL
RBX=0x000007fecaa1c444 graphics-hook64.dll
RCX=0x0000000000000001 is an unknown value
RDX=0x000007fecaa1c438 graphics-hook64.dll
RSP=0x0000000026f9ecd8 points into unknown readable memory: b0 90 99 ca fe 07 00 00
RBP=0x000007fecaa1c400 graphics-hook64.dll
RSI=0x0000000000030000 points into unknown readable memory: 41 63 74 78 20 00 00 00
RDI=0x0 is NULL
R8 =0x0000000076fe0000 ntdll.dll
R9 =0x000000000000015e is an unknown value
R10=0x00000000c0000008 is an unknown value
R11=0x0000000000000246 is an unknown value
R12=0x000007fffffdf000 points into unknown readable memory: 00 00 00 08 00 00 00 00
R13=0x000007fffffac000 points into unknown readable memory: 00 00 00 00 00 00 00 00
R14=0x0000000077117be0 ntdll.dll
R15=0x0000000077112670 ntdll.dll


Registers:
RAX=0x0000000000000000, RBX=0x000007fecaa1c444, RCX=0x0000000000000001, RDX=0x000007fecaa1c438
RSP=0x0000000026f9ecd8, RBP=0x000007fecaa1c400, RSI=0x0000000000030000, RDI=0x0000000000000000
R8 =0x0000000076fe0000, R9 =0x000000000000015e, R10=0x00000000c0000008, R11=0x0000000000000246
R12=0x000007fffffdf000, R13=0x000007fffffac000, R14=0x0000000077117be0, R15=0x0000000077112670
RIP=0x000007fea4ab2499, EFLAGS=0x0000000000010246

Top of Stack: (sp=0x0000000026f9ecd8)
0x0000000026f9ecd8:   000007feca9990b0 0000000000000000
0x0000000026f9ece8:   000007fffffdf328 000007fffffdf000
0x0000000026f9ecf8:   0000000000000000 0000000026f9f0f0
0x0000000026f9ed08:   000007feca99a624 0000000000000000
0x0000000026f9ed18:   0000000000030000 0000000000000000
0x0000000026f9ed28:   0000000000000001 000007fef6830000
0x0000000026f9ed38:   000007fef685752d 0000000000000000
0x0000000026f9ed48:   0000000000000000 0000000026f9ed48
0x0000000026f9ed58:   0000000026f9ed48 0000000000000001
0x0000000026f9ed68:   000007fef683c1ef 0000000000000001
0x0000000026f9ed78:   0000000000000003 000007fed1024248
0x0000000026f9ed88:   000007fefcfe4190 0000000000000000
0x0000000026f9ed98:   000007fef683c586 0000000076ec0000
0x0000000026f9eda8:   0000000000000000 0000000000080007
0x0000000026f9edb8:   000007fed1024248 0000000000000000
0x0000000026f9edc8:   000007fef690a1c3 0000000000000001 

Instructions: (pc=0x000007fea4ab2499)
0x000007fea4ab2479:   af af af af af af af c3 cc cc cc cc cc cc cc cc
0x000007fea4ab2489:   cc cc cc cc cc cc cc 65 48 8b 04 25 08 16 00 00
0x000007fea4ab2499:   ff a0 e0 0e 00 00 cc cc cc cc cc cc cc cc cc cc
0x000007fea4ab24a9:   cc cc cc cc cc cc cc cc cc cc cc cc cc cc cc cc 


Stack slot to memory mapping:
stack at sp + 0 slots: 0x000007feca9990b0 graphics-hook64.dll
stack at sp + 1 slots: 0x0 is NULL
stack at sp + 2 slots: 0x000007fffffdf328 points into unknown readable memory: 30 7c 25 00 00 00 00 00
stack at sp + 3 slots: 0x000007fffffdf000 points into unknown readable memory: 00 00 00 08 00 00 00 00
stack at sp + 4 slots: 0x0 is NULL
stack at sp + 5 slots: 0x0000000026f9f0f0 points into unknown readable memory: 01 00 00 00 00 00 00 00
stack at sp + 6 slots: 0x000007feca99a624 graphics-hook64.dll
stack at sp + 7 slots: 0x0 is NULL

VM_Operation (0x000000002b51aa70): Exit, mode: safepoint, requested by thread 0x0000000028caa000


---------------  P R O C E S S  ---------------

Threads class SMR info:
_java_thread_list=0x00000000383c8690, length=56, elements={
0x0000000026216000, 0x0000000026257800, 0x0000000026268800, 0x000000002626b800,
0x000000002626d800, 0x00000000271d6800, 0x00000000271e2800, 0x0000000027349800,
0x000000002737d000, 0x000000002911b800, 0x00000000290da800, 0x0000000029140800,
0x00000000293d7800, 0x00000000293ba000, 0x0000000029262800, 0x0000000028caa000,
0x0000000029a1b000, 0x000000002d12a800, 0x000000002d12c800, 0x000000002d12e000,
0x000000002d12e800, 0x000000002d12f800, 0x000000002d130800, 0x000000002daa0000,
0x000000002daa2800, 0x000000002daa3800, 0x000000002daa4800, 0x000000002daa5000,
0x000000002daa6000, 0x000000002daa6800, 0x000000002dc46800, 0x000000002dc47000,
0x000000002dc48000, 0x000000002dc48800, 0x000000002dc49800, 0x000000002dc4a800,
0x000000002dc4b000, 0x000000002dc4c000, 0x000000002dc4d000, 0x000000002dc35000,
0x000000002dc36000, 0x000000002dc36800, 0x000000002dc38800, 0x000000002dc39000,
0x000000002dc3a000, 0x000000002dc3b000, 0x000000002dbd4000, 0x000000002dbd5000,
0x000000002dbd5800, 0x000000002dbda000, 0x000000002dd9f000, 0x000000002dd9f800,
0x000000002dd9e000, 0x000000002d12a000, 0x000000002d12d000, 0x000000003627f800
}

Java Threads: ( => current thread )
  0x0000000026216000 JavaThread "Reference Handler" daemon [_thread_blocked, id=11100, stack(0x0000000026fa0000,0x00000000270a0000)]
  0x0000000026257800 JavaThread "Finalizer" daemon [_thread_blocked, id=11084, stack(0x00000000270d0000,0x00000000271d0000)]
  0x0000000026268800 JavaThread "Signal Dispatcher" daemon [_thread_blocked, id=1640, stack(0x00000000276e0000,0x00000000277e0000)]
  0x000000002626b800 JavaThread "Attach Listener" daemon [_thread_blocked, id=3832, stack(0x0000000027830000,0x0000000027930000)]
  0x000000002626d800 JavaThread "C2 CompilerThread0" daemon [_thread_blocked, id=10020, stack(0x0000000027950000,0x0000000027a50000)]
  0x00000000271d6800 JavaThread "C1 CompilerThread0" daemon [_thread_blocked, id=4608, stack(0x0000000027b40000,0x0000000027c40000)]
  0x00000000271e2800 JavaThread "Sweeper thread" daemon [_thread_blocked, id=9288, stack(0x0000000027c90000,0x0000000027d90000)]
  0x0000000027349800 JavaThread "Service Thread" daemon [_thread_blocked, id=2856, stack(0x0000000027e50000,0x0000000027f50000)]
  0x000000002737d000 JavaThread "Common-Cleaner" daemon [_thread_blocked, id=10684, stack(0x00000000281e0000,0x00000000282e0000)]
  0x000000002911b800 JavaThread "RxSchedulerPurge-1" daemon [_thread_blocked, id=9896, stack(0x000000002a5c0000,0x000000002a6c0000)]
  0x00000000290da800 JavaThread "RxCachedWorkerPoolEvictor-1" daemon [_thread_blocked, id=10952, stack(0x000000002a850000,0x000000002a950000)]
  0x0000000029140800 JavaThread "RxComputationThreadPool-1" daemon [_thread_blocked, id=4824, stack(0x000000002a9a0000,0x000000002aaa0000)]
  0x00000000293d7800 JavaThread "RxComputationThreadPool-2" daemon [_thread_blocked, id=4432, stack(0x000000002abd0000,0x000000002acd0000)]
  0x00000000293ba000 JavaThread "Java2D Disposer" daemon [_thread_blocked, id=2904, stack(0x000000002af90000,0x000000002b090000)]
  0x0000000029262800 JavaThread "AWT-Shutdown" [_thread_blocked, id=11172, stack(0x00000000275d0000,0x00000000276d0000)]
  0x0000000028caa000 JavaThread "AWT-EventQueue-0" [_thread_blocked, id=9400, stack(0x000000002b420000,0x000000002b520000)]
  0x0000000029a1b000 JavaThread "TimerQueue" daemon [_thread_blocked, id=11456, stack(0x0000000030c80000,0x0000000030d80000)]
  0x000000002d12a800 JavaThread "Okio Watchdog" daemon [_thread_blocked, id=4548, stack(0x0000000030fb0000,0x00000000310b0000)]
  0x000000002d12c800 JavaThread "pool-3-thread-1" [_thread_blocked, id=10100, stack(0x0000000031ea0000,0x0000000031fa0000)]
  0x000000002d12e000 JavaThread "pool-5-thread-1" [_thread_blocked, id=11548, stack(0x00000000324d0000,0x00000000325d0000)]
  0x000000002d12e800 JavaThread "pool-6-thread-1" [_thread_blocked, id=9888, stack(0x00000000280c0000,0x00000000281c0000)]
  0x000000002d12f800 JavaThread "pool-7-thread-1" [_thread_blocked, id=10312, stack(0x0000000032920000,0x0000000032a20000)]
  0x000000002d130800 JavaThread "pool-8-thread-1" [_thread_blocked, id=2416, stack(0x0000000032da0000,0x0000000032ea0000)]
  0x000000002daa0000 JavaThread "RxComputationThreadPool-3" daemon [_thread_blocked, id=8204, stack(0x0000000032f90000,0x0000000033090000)]
  0x000000002daa2800 JavaThread "pool-9-thread-1" [_thread_blocked, id=10140, stack(0x0000000033430000,0x0000000033530000)]
  0x000000002daa3800 JavaThread "RxComputationThreadPool-4" daemon [_thread_blocked, id=9964, stack(0x00000000332d0000,0x00000000333d0000)]
  0x000000002daa4800 JavaThread "pool-10-thread-1" [_thread_blocked, id=11612, stack(0x00000000346d0000,0x00000000347d0000)]
  0x000000002daa5000 JavaThread "pool-11-thread-1" [_thread_blocked, id=9768, stack(0x0000000034510000,0x0000000034610000)]
  0x000000002daa6000 JavaThread "pool-13-thread-1" [_thread_blocked, id=1304, stack(0x0000000034980000,0x0000000034a80000)]
  0x000000002daa6800 JavaThread "pool-15-thread-1" [_thread_blocked, id=11324, stack(0x0000000034ad0000,0x0000000034bd0000)]
  0x000000002dc46800 JavaThread "pool-17-thread-1" [_thread_blocked, id=10628, stack(0x0000000034c10000,0x0000000034d10000)]
  0x000000002dc47000 JavaThread "pool-18-thread-1" [_thread_blocked, id=896, stack(0x000000002fb50000,0x000000002fc50000)]
  0x000000002dc48000 JavaThread "pool-18-thread-2" [_thread_blocked, id=8336, stack(0x000000002fc80000,0x000000002fd80000)]
  0x000000002dc48800 JavaThread "pool-18-thread-3" [_thread_blocked, id=10528, stack(0x000000002fe30000,0x000000002ff30000)]
  0x000000002dc49800 JavaThread "pool-18-thread-4" [_thread_blocked, id=1112, stack(0x000000002ff60000,0x0000000030060000)]
  0x000000002dc4a800 JavaThread "pool-18-thread-5" [_thread_blocked, id=2124, stack(0x0000000030200000,0x0000000030300000)]
  0x000000002dc4b000 JavaThread "pool-18-thread-6" [_thread_blocked, id=8412, stack(0x0000000030060000,0x0000000030160000)]
  0x000000002dc4c000 JavaThread "pool-18-thread-7" [_thread_blocked, id=11700, stack(0x0000000034d40000,0x0000000034e40000)]
  0x000000002dc4d000 JavaThread "pool-18-thread-8" [_thread_blocked, id=6240, stack(0x0000000034e40000,0x0000000034f40000)]
  0x000000002dc35000 JavaThread "Java Sound Event Dispatcher" daemon [_thread_blocked, id=9780, stack(0x0000000034870000,0x0000000034970000)]
  0x000000002dc36000 JavaThread "Direct Clip" daemon [_thread_blocked, id=8724, stack(0x0000000037180000,0x0000000037280000)]
  0x000000002dc36800 JavaThread "Direct Clip" daemon [_thread_blocked, id=2572, stack(0x0000000038270000,0x0000000038370000)]
  0x000000002dc38800 JavaThread "Thread-1" daemon [_thread_blocked, id=10000, stack(0x0000000031aa0000,0x0000000031ba0000)]
  0x000000002dc39000 JavaThread "Client" daemon [_thread_blocked, id=11580, stack(0x0000000038100000,0x0000000038200000)]
  0x000000002dc3a000 JavaThread "Thread-3" daemon [_thread_blocked, id=12044, stack(0x0000000037bd0000,0x0000000037cd0000)]
  0x000000002dc3b000 JavaThread "Substance heap status" daemon [_thread_blocked, id=8772, stack(0x0000000039610000,0x0000000039710000)]
  0x000000002dbd4000 JavaThread "Thread-6" daemon [_thread_blocked, id=11780, stack(0x0000000039fa0000,0x000000003a0a0000)]
  0x000000002dbd5000 JavaThread "Trident callback thread" daemon [_thread_blocked, id=11140, stack(0x000000003a400000,0x000000003a500000)]
  0x000000002dbd5800 JavaThread "Trident pulse source thread" daemon [_thread_blocked, id=12284, stack(0x000000003a590000,0x000000003a690000)]
  0x000000002dbda000 JavaThread "pool-22-thread-1" [_thread_blocked, id=9880, stack(0x000000003ad30000,0x000000003ae30000)]
  0x000000002dd9f000 JavaThread "pool-23-thread-1" [_thread_blocked, id=11088, stack(0x000000003c040000,0x000000003c140000)]
  0x000000002dd9f800 JavaThread "Thread-10" daemon [_thread_blocked, id=2936, stack(0x000000003a930000,0x000000003aa30000)]
  0x000000002dd9e000 JavaThread "DestroyJavaVM" [_thread_blocked, id=11784, stack(0x0000000002050000,0x0000000002150000)]
  0x000000002d12a000 JavaThread "Image Fetcher 0" daemon [_thread_blocked, id=9640, stack(0x0000000031da0000,0x0000000031ea0000)]
  0x000000002d12d000 JavaThread "RxCachedThreadScheduler-4" daemon [_thread_blocked, id=5864, stack(0x00000000372c0000,0x00000000373c0000)]
  0x000000003627f800 JavaThread "OkHttp TaskRunner" daemon [_thread_blocked, id=6224, stack(0x000000002aab0000,0x000000002abb0000)]

Other Threads:
=>0x0000000026212800 VMThread "VM Thread" [stack: 0x0000000026ea0000,0x0000000026fa0000] [id=9660]
  0x00000000002b2800 GCTaskThread "GC Thread#0" [stack: 0x0000000019bf0000,0x0000000019cf0000] [id=9276]
  0x0000000028beb000 GCTaskThread "GC Thread#1" [stack: 0x0000000028340000,0x0000000028440000] [id=1284]
  0x0000000028bf5000 GCTaskThread "GC Thread#2" [stack: 0x0000000026d70000,0x0000000026e70000] [id=11788]
  0x0000000028bf5800 GCTaskThread "GC Thread#3" [stack: 0x000000002a290000,0x000000002a390000] [id=1460]
  0x000000000030f000 ConcurrentGCThread "G1 Main Marker" [stack: 0x0000000023970000,0x0000000023a70000] [id=11960]
  0x0000000023784800 ConcurrentGCThread "G1 Conc#0" [stack: 0x0000000023b30000,0x0000000023c30000] [id=11420]
  0x0000000026080800 ConcurrentGCThread "G1 Refine#0" [stack: 0x0000000026290000,0x0000000026390000] [id=11820]
  0x00000000275c8800 ConcurrentGCThread "G1 Refine#1" [stack: 0x000000002a0f0000,0x000000002a1f0000] [id=10112]
  0x000000002f0ad000 ConcurrentGCThread "G1 Refine#2" [stack: 0x0000000045ce0000,0x0000000045de0000] [id=6620]
  0x000000002387d000 ConcurrentGCThread "G1 Young RemSet Sampling" [stack: 0x0000000026430000,0x0000000026530000] [id=10600]

Threads with active compile tasks:
C2 CompilerThread021997       4       java.util.concurrent.ConcurrentHashMap::values (25 bytes)

VM state:at safepoint (shutting down)

VM Mutex/Monitor currently owned by a thread:  ([mutex/lock_event])
[0x000000000029a050] Threads_lock - owner thread: 0x0000000026212800

Heap address: 0x0000000701600000, size: 4074 MB, Compressed Oops mode: Zero based, Oop shift amount: 3
Narrow klass base: 0x0000000800000000, Narrow klass shift: 0
Compressed class space size: 1073741824 Address: 0x0000000800000000

Heap:
 garbage-first heap   total 386048K, used 264628K [0x0000000701600000, 0x0000000800000000)
  region size 1024K, 138 young (141312K), 0 survivors (0K)
 Metaspace       used 110269K, capacity 113605K, committed 113704K, reserved 1150976K
  class space    used 10980K, capacity 12296K, committed 12328K, reserved 1048576K
Heap Regions: E=young(eden), S=young(survivor), O=old, HS=humongous(starts), HC=humongous(continues), CS=collection set, F=free, A=archive, TAMS=top-at-mark-start (previous, next)
|   0|0x0000000701600000, 0x00000007016fb590, 0x0000000701700000| 98%| O|  |TAMS 0x0000000701600000, 0x0000000701600000| Untracked 
|   1|0x0000000701700000, 0x00000007017ffff8, 0x0000000701800000| 99%| O|  |TAMS 0x0000000701700000, 0x0000000701700000| Untracked 
|   2|0x0000000701800000, 0x00000007018ffff0, 0x0000000701900000| 99%| O|  |TAMS 0x0000000701800000, 0x0000000701800000| Untracked 
|   3|0x0000000701900000, 0x00000007019ffff0, 0x0000000701a00000| 99%| O|  |TAMS 0x0000000701900000, 0x0000000701900000| Untracked 
|   4|0x0000000701a00000, 0x0000000701affe90, 0x0000000701b00000| 99%| O|  |TAMS 0x0000000701a00000, 0x0000000701a00000| Untracked 
|   5|0x0000000701b00000, 0x0000000701bfff90, 0x0000000701c00000| 99%| O|  |TAMS 0x0000000701b00000, 0x0000000701b00000| Untracked 
|   6|0x0000000701c00000, 0x0000000701cfffe0, 0x0000000701d00000| 99%| O|  |TAMS 0x0000000701c00000, 0x0000000701c00000| Untracked 
|   7|0x0000000701d00000, 0x0000000701dffff0, 0x0000000701e00000| 99%| O|  |TAMS 0x0000000701d00000, 0x0000000701d00000| Untracked 
|   8|0x0000000701e00000, 0x0000000701f00000, 0x0000000701f00000|100%| O|  |TAMS 0x0000000701e00000, 0x0000000701e00000| Untracked 
|   9|0x0000000701f00000, 0x0000000701ffffe0, 0x0000000702000000| 99%| O|  |TAMS 0x0000000701f00000, 0x0000000701f00000| Untracked 
|  10|0x0000000702000000, 0x00000007020ffff8, 0x0000000702100000| 99%| O|  |TAMS 0x0000000702000000, 0x0000000702000000| Untracked 
|  11|0x0000000702100000, 0x00000007021fffe8, 0x0000000702200000| 99%| O|  |TAMS 0x0000000702100000, 0x0000000702100000| Untracked 
|  12|0x0000000702200000, 0x00000007022fffd8, 0x0000000702300000| 99%| O|  |TAMS 0x0000000702200000, 0x0000000702200000| Untracked 
|  13|0x0000000702300000, 0x0000000702400000, 0x0000000702400000|100%|HS|  |TAMS 0x0000000702300000, 0x0000000702300000| Untracked 
|  14|0x0000000702400000, 0x0000000702500000, 0x0000000702500000|100%|HC|  |TAMS 0x0000000702400000, 0x0000000702400000| Untracked 
|  15|0x0000000702500000, 0x00000007025fc858, 0x0000000702600000| 98%| O|  |TAMS 0x0000000702500000, 0x0000000702500000| Untracked 
|  16|0x0000000702600000, 0x0000000702700000, 0x0000000702700000|100%| O|  |TAMS 0x0000000702600000, 0x0000000702600000| Untracked 
|  17|0x0000000702700000, 0x0000000702800000, 0x0000000702800000|100%|HS|  |TAMS 0x0000000702700000, 0x0000000702700000| Untracked 
|  18|0x0000000702800000, 0x0000000702900000, 0x0000000702900000|100%|HC|  |TAMS 0x0000000702800000, 0x0000000702800000| Untracked 
|  19|0x0000000702900000, 0x00000007029fffd0, 0x0000000702a00000| 99%| O|  |TAMS 0x0000000702900000, 0x0000000702900000| Untracked 
|  20|0x0000000702a00000, 0x0000000702affff0, 0x0000000702b00000| 99%| O|  |TAMS 0x0000000702a00000, 0x0000000702a00000| Untracked 
|  21|0x0000000702b00000, 0x0000000702bffff8, 0x0000000702c00000| 99%| O|  |TAMS 0x0000000702b00000, 0x0000000702b00000| Untracked 
|  22|0x0000000702c00000, 0x0000000702d00000, 0x0000000702d00000|100%| O|  |TAMS 0x0000000702c00000, 0x0000000702c00000| Untracked 
|  23|0x0000000702d00000, 0x0000000702dffff8, 0x0000000702e00000| 99%| O|  |TAMS 0x0000000702d00000, 0x0000000702d00000| Untracked 
|  24|0x0000000702e00000, 0x0000000702efffe8, 0x0000000702f00000| 99%| O|  |TAMS 0x0000000702e00000, 0x0000000702e00000| Untracked 
|  25|0x0000000702f00000, 0x0000000702fffff0, 0x0000000703000000| 99%| O|  |TAMS 0x0000000702f00000, 0x0000000702f00000| Untracked 
|  26|0x0000000703000000, 0x00000007030ffff8, 0x0000000703100000| 99%| O|  |TAMS 0x0000000703000000, 0x0000000703000000| Untracked 
|  27|0x0000000703100000, 0x00000007031ffc70, 0x0000000703200000| 99%| O|  |TAMS 0x0000000703100000, 0x0000000703100000| Untracked 
|  28|0x0000000703200000, 0x00000007032ffff0, 0x0000000703300000| 99%| O|  |TAMS 0x0000000703200000, 0x0000000703200000| Untracked 
|  29|0x0000000703300000, 0x00000007033fffe8, 0x0000000703400000| 99%| O|  |TAMS 0x0000000703300000, 0x0000000703300000| Untracked 
|  30|0x0000000703400000, 0x00000007034ffff8, 0x0000000703500000| 99%| O|  |TAMS 0x0000000703400000, 0x0000000703400000| Untracked 
|  31|0x0000000703500000, 0x00000007035f3c50, 0x0000000703600000| 95%| O|  |TAMS 0x0000000703500000, 0x0000000703500000| Untracked 
|  32|0x0000000703600000, 0x00000007036fff70, 0x0000000703700000| 99%| O|  |TAMS 0x0000000703600000, 0x0000000703600000| Untracked 
|  33|0x0000000703700000, 0x00000007037f8630, 0x0000000703800000| 97%| O|  |TAMS 0x0000000703700000, 0x0000000703700000| Untracked 
|  34|0x0000000703800000, 0x00000007038ffff0, 0x0000000703900000| 99%| O|  |TAMS 0x0000000703800000, 0x0000000703800000| Untracked 
|  35|0x0000000703900000, 0x00000007039ffff8, 0x0000000703a00000| 99%| O|  |TAMS 0x0000000703900000, 0x0000000703900000| Untracked 
|  36|0x0000000703a00000, 0x0000000703b00000, 0x0000000703b00000|100%| O|  |TAMS 0x0000000703a00000, 0x0000000703a00000| Untracked 
|  37|0x0000000703b00000, 0x0000000703bffff0, 0x0000000703c00000| 99%| O|  |TAMS 0x0000000703b00000, 0x0000000703b00000| Untracked 
|  38|0x0000000703c00000, 0x0000000703d00000, 0x0000000703d00000|100%| O|  |TAMS 0x0000000703c00000, 0x0000000703c00000| Untracked 
|  39|0x0000000703d00000, 0x0000000703dfefa0, 0x0000000703e00000| 99%| O|  |TAMS 0x0000000703d00000, 0x0000000703d00000| Untracked 
|  40|0x0000000703e00000, 0x0000000703efff18, 0x0000000703f00000| 99%| O|  |TAMS 0x0000000703e00000, 0x0000000703e00000| Untracked 
|  41|0x0000000703f00000, 0x0000000703fffff0, 0x0000000704000000| 99%| O|  |TAMS 0x0000000703f00000, 0x0000000703f00000| Untracked 
|  42|0x0000000704000000, 0x00000007040ffff8, 0x0000000704100000| 99%| O|  |TAMS 0x0000000704000000, 0x0000000704000000| Untracked 
|  43|0x0000000704100000, 0x0000000704200000, 0x0000000704200000|100%| O|  |TAMS 0x0000000704100000, 0x0000000704100000| Untracked 
|  44|0x0000000704200000, 0x00000007042fac78, 0x0000000704300000| 97%| O|  |TAMS 0x0000000704200000, 0x0000000704200000| Untracked 
|  45|0x0000000704300000, 0x0000000704400000, 0x0000000704400000|100%| O|  |TAMS 0x0000000704300000, 0x0000000704300000| Untracked 
|  46|0x0000000704400000, 0x00000007044fffd0, 0x0000000704500000| 99%| O|  |TAMS 0x0000000704400000, 0x0000000704400000| Untracked 
|  47|0x0000000704500000, 0x00000007045fff78, 0x0000000704600000| 99%| O|  |TAMS 0x0000000704500000, 0x0000000704500000| Untracked 
|  48|0x0000000704600000, 0x00000007046fffc0, 0x0000000704700000| 99%| O|  |TAMS 0x0000000704600000, 0x0000000704600000| Untracked 
|  49|0x0000000704700000, 0x00000007047ffb18, 0x0000000704800000| 99%| O|  |TAMS 0x0000000704700000, 0x0000000704700000| Untracked 
|  50|0x0000000704800000, 0x00000007048ffed0, 0x0000000704900000| 99%| O|  |TAMS 0x0000000704800000, 0x0000000704800000| Untracked 
|  51|0x0000000704900000, 0x00000007049ffff8, 0x0000000704a00000| 99%| O|  |TAMS 0x0000000704900000, 0x0000000704900000| Untracked 
|  52|0x0000000704a00000, 0x0000000704affff8, 0x0000000704b00000| 99%| O|  |TAMS 0x0000000704a00000, 0x0000000704a00000| Untracked 
|  53|0x0000000704b00000, 0x0000000704c00000, 0x0000000704c00000|100%| O|  |TAMS 0x0000000704b00000, 0x0000000704b00000| Untracked 
|  54|0x0000000704c00000, 0x0000000704cffff8, 0x0000000704d00000| 99%| O|  |TAMS 0x0000000704c00000, 0x0000000704c00000| Untracked 
|  55|0x0000000704d00000, 0x0000000704dffff0, 0x0000000704e00000| 99%| O|  |TAMS 0x0000000704d00000, 0x0000000704d00000| Untracked 
|  56|0x0000000704e00000, 0x0000000704effff8, 0x0000000704f00000| 99%| O|  |TAMS 0x0000000704e00000, 0x0000000704e00000| Untracked 
|  57|0x0000000704f00000, 0x0000000704ffffd0, 0x0000000705000000| 99%| O|  |TAMS 0x0000000704f00000, 0x0000000704f00000| Untracked 
|  58|0x0000000705000000, 0x00000007050ffff8, 0x0000000705100000| 99%| O|  |TAMS 0x0000000705000000, 0x0000000705000000| Untracked 
|  59|0x0000000705100000, 0x00000007051ffff8, 0x0000000705200000| 99%| O|  |TAMS 0x0000000705100000, 0x0000000705100000| Untracked 
|  60|0x0000000705200000, 0x00000007052fffe8, 0x0000000705300000| 99%| O|  |TAMS 0x0000000705200000, 0x0000000705200000| Untracked 
|  61|0x0000000705300000, 0x00000007053fffc8, 0x0000000705400000| 99%| O|  |TAMS 0x0000000705300000, 0x0000000705300000| Untracked 
|  62|0x0000000705400000, 0x0000000705500000, 0x0000000705500000|100%| O|  |TAMS 0x0000000705400000, 0x0000000705400000| Untracked 
|  63|0x0000000705500000, 0x0000000705600000, 0x0000000705600000|100%|HS|  |TAMS 0x0000000705500000, 0x0000000705500000| Untracked 
|  64|0x0000000705600000, 0x0000000705700000, 0x0000000705700000|100%|HC|  |TAMS 0x0000000705600000, 0x0000000705600000| Untracked 
|  65|0x0000000705700000, 0x0000000705800000, 0x0000000705800000|100%| O|  |TAMS 0x0000000705700000, 0x0000000705700000| Untracked 
|  66|0x0000000705800000, 0x00000007058ffff8, 0x0000000705900000| 99%| O|  |TAMS 0x0000000705800000, 0x0000000705800000| Untracked 
|  67|0x0000000705900000, 0x00000007059ffa48, 0x0000000705a00000| 99%| O|  |TAMS 0x0000000705900000, 0x0000000705900000| Untracked 
|  68|0x0000000705a00000, 0x0000000705affff0, 0x0000000705b00000| 99%| O|  |TAMS 0x0000000705a00000, 0x0000000705a00000| Untracked 
|  69|0x0000000705b00000, 0x0000000705bf94d8, 0x0000000705c00000| 97%| O|  |TAMS 0x0000000705b00000, 0x0000000705b00000| Untracked 
|  70|0x0000000705c00000, 0x0000000705cffee8, 0x0000000705d00000| 99%| O|  |TAMS 0x0000000705c00000, 0x0000000705c00000| Untracked 
|  71|0x0000000705d00000, 0x0000000705dffff8, 0x0000000705e00000| 99%| O|  |TAMS 0x0000000705d00000, 0x0000000705d00000| Untracked 
|  72|0x0000000705e00000, 0x0000000705efffd8, 0x0000000705f00000| 99%| O|  |TAMS 0x0000000705e00000, 0x0000000705e00000| Untracked 
|  73|0x0000000705f00000, 0x0000000705ffffb8, 0x0000000706000000| 99%| O|  |TAMS 0x0000000705f00000, 0x0000000705f00000| Untracked 
|  74|0x0000000706000000, 0x00000007060fffc0, 0x0000000706100000| 99%| O|  |TAMS 0x0000000706000000, 0x0000000706000000| Untracked 
|  75|0x0000000706100000, 0x00000007061ffff0, 0x0000000706200000| 99%| O|  |TAMS 0x0000000706100000, 0x0000000706100000| Untracked 
|  76|0x0000000706200000, 0x00000007062ffff0, 0x0000000706300000| 99%| O|  |TAMS 0x0000000706200000, 0x0000000706200000| Untracked 
|  77|0x0000000706300000, 0x0000000706400000, 0x0000000706400000|100%| O|  |TAMS 0x0000000706300000, 0x0000000706300000| Untracked 
|  78|0x0000000706400000, 0x00000007064ff828, 0x0000000706500000| 99%| O|  |TAMS 0x0000000706400000, 0x0000000706400000| Untracked 
|  79|0x0000000706500000, 0x0000000706600000, 0x0000000706600000|100%| O|  |TAMS 0x0000000706500000, 0x0000000706500000| Untracked 
|  80|0x0000000706600000, 0x00000007066ffcf8, 0x0000000706700000| 99%| O|  |TAMS 0x0000000706600000, 0x0000000706600000| Untracked 
|  81|0x0000000706700000, 0x00000007067ffff0, 0x0000000706800000| 99%| O|  |TAMS 0x0000000706700000, 0x0000000706700000| Untracked 
|  82|0x0000000706800000, 0x00000007068fff38, 0x0000000706900000| 99%| O|  |TAMS 0x0000000706800000, 0x0000000706800000| Untracked 
|  83|0x0000000706900000, 0x00000007069fffd0, 0x0000000706a00000| 99%| O|  |TAMS 0x0000000706900000, 0x0000000706900000| Untracked 
|  84|0x0000000706a00000, 0x0000000706affff0, 0x0000000706b00000| 99%| O|  |TAMS 0x0000000706a00000, 0x0000000706a00000| Untracked 
|  85|0x0000000706b00000, 0x0000000706bffcd0, 0x0000000706c00000| 99%| O|  |TAMS 0x0000000706b00000, 0x0000000706b00000| Untracked 
|  86|0x0000000706c00000, 0x0000000706ca97c0, 0x0000000706d00000| 66%| O|  |TAMS 0x0000000706c00000, 0x0000000706c00000| Untracked 
|  87|0x0000000706d00000, 0x0000000706dffff0, 0x0000000706e00000| 99%| O|  |TAMS 0x0000000706d00000, 0x0000000706d00000| Untracked 
|  88|0x0000000706e00000, 0x0000000706f00000, 0x0000000706f00000|100%|HS|  |TAMS 0x0000000706e00000, 0x0000000706e00000| Complete 
|  89|0x0000000706f00000, 0x0000000706fffff8, 0x0000000707000000| 99%| O|  |TAMS 0x0000000706f00000, 0x0000000706f00000| Untracked 
|  90|0x0000000707000000, 0x0000000707100000, 0x0000000707100000|100%|HS|  |TAMS 0x0000000707000000, 0x0000000707000000| Complete 
|  91|0x0000000707100000, 0x0000000707200000, 0x0000000707200000|100%| O|  |TAMS 0x0000000707100000, 0x0000000707100000| Untracked 
|  92|0x0000000707200000, 0x00000007072ffff0, 0x0000000707300000| 99%| O|  |TAMS 0x0000000707200000, 0x0000000707200000| Untracked 
|  93|0x0000000707300000, 0x00000007073ffff0, 0x0000000707400000| 99%| O|  |TAMS 0x0000000707300000, 0x0000000707300000| Untracked 
|  94|0x0000000707400000, 0x00000007074ffff0, 0x0000000707500000| 99%| O|  |TAMS 0x0000000707400000, 0x0000000707400000| Untracked 
|  95|0x0000000707500000, 0x0000000707600000, 0x0000000707600000|100%|HS|  |TAMS 0x0000000707500000, 0x0000000707500000| Complete 
|  96|0x0000000707600000, 0x00000007076fffe8, 0x0000000707700000| 99%| O|  |TAMS 0x0000000707600000, 0x0000000707600000| Untracked 
|  97|0x0000000707700000, 0x00000007077ffff8, 0x0000000707800000| 99%| O|  |TAMS 0x0000000707700000, 0x0000000707700000| Untracked 
|  98|0x0000000707800000, 0x00000007078ffff0, 0x0000000707900000| 99%| O|  |TAMS 0x0000000707800000, 0x0000000707800000| Untracked 
|  99|0x0000000707900000, 0x00000007079bbdc8, 0x0000000707a00000| 73%| O|  |TAMS 0x0000000707900000, 0x0000000707900000| Untracked 
| 100|0x0000000707a00000, 0x0000000707a00000, 0x0000000707b00000|  0%| F|  |TAMS 0x0000000707a00000, 0x0000000707a00000| Untracked 
| 101|0x0000000707b00000, 0x0000000707b00000, 0x0000000707c00000|  0%| F|  |TAMS 0x0000000707b00000, 0x0000000707b00000| Untracked 
| 102|0x0000000707c00000, 0x0000000707cffff8, 0x0000000707d00000| 99%| O|  |TAMS 0x0000000707c00000, 0x0000000707c00000| Untracked 
| 103|0x0000000707d00000, 0x0000000707dffea8, 0x0000000707e00000| 99%| O|  |TAMS 0x0000000707d00000, 0x0000000707d00000| Untracked 
| 104|0x0000000707e00000, 0x0000000707e00000, 0x0000000707f00000|  0%| F|  |TAMS 0x0000000707e00000, 0x0000000707e00000| Untracked 
| 105|0x0000000707f00000, 0x0000000707f00000, 0x0000000708000000|  0%| F|  |TAMS 0x0000000707f00000, 0x0000000707f00000| Untracked 
| 106|0x0000000708000000, 0x00000007080fffd0, 0x0000000708100000| 99%| O|  |TAMS 0x0000000708000000, 0x0000000708000000| Untracked 
| 107|0x0000000708100000, 0x00000007081ffff8, 0x0000000708200000| 99%| O|  |TAMS 0x0000000708100000, 0x0000000708100000| Untracked 
| 108|0x0000000708200000, 0x0000000708200000, 0x0000000708300000|  0%| F|  |TAMS 0x0000000708200000, 0x0000000708200000| Untracked 
| 109|0x0000000708300000, 0x00000007083fff48, 0x0000000708400000| 99%| O|  |TAMS 0x0000000708300000, 0x0000000708300000| Untracked 
| 110|0x0000000708400000, 0x00000007084ffe38, 0x0000000708500000| 99%| O|  |TAMS 0x0000000708400000, 0x0000000708400000| Untracked 
| 111|0x0000000708500000, 0x0000000708500000, 0x0000000708600000|  0%| F|  |TAMS 0x0000000708500000, 0x0000000708500000| Untracked 
| 112|0x0000000708600000, 0x00000007086f6218, 0x0000000708700000| 96%| O|  |TAMS 0x0000000708600000, 0x0000000708600000| Untracked 
| 113|0x0000000708700000, 0x00000007087c0620, 0x0000000708800000| 75%| O|  |TAMS 0x0000000708700000, 0x0000000708700000| Untracked 
| 114|0x0000000708800000, 0x0000000708800000, 0x0000000708900000|  0%| F|  |TAMS 0x0000000708800000, 0x0000000708800000| Untracked 
| 115|0x0000000708900000, 0x0000000708900000, 0x0000000708a00000|  0%| F|  |TAMS 0x0000000708900000, 0x0000000708900000| Untracked 
| 116|0x0000000708a00000, 0x0000000708a00000, 0x0000000708b00000|  0%| F|  |TAMS 0x0000000708a00000, 0x0000000708a00000| Untracked 
| 117|0x0000000708b00000, 0x0000000708b00000, 0x0000000708c00000|  0%| F|  |TAMS 0x0000000708b00000, 0x0000000708b00000| Untracked 
| 118|0x0000000708c00000, 0x0000000708c00000, 0x0000000708d00000|  0%| F|  |TAMS 0x0000000708c00000, 0x0000000708c00000| Untracked 
| 119|0x0000000708d00000, 0x0000000708d00000, 0x0000000708e00000|  0%| F|  |TAMS 0x0000000708d00000, 0x0000000708d00000| Untracked 
| 120|0x0000000708e00000, 0x0000000708e00000, 0x0000000708f00000|  0%| F|  |TAMS 0x0000000708e00000, 0x0000000708e00000| Untracked 
| 121|0x0000000708f00000, 0x0000000708f7cdd8, 0x0000000709000000| 48%| O|  |TAMS 0x0000000708f00000, 0x0000000708f00000| Untracked 
| 122|0x0000000709000000, 0x0000000709100000, 0x0000000709100000|100%|HS|  |TAMS 0x0000000709000000, 0x0000000709000000| Complete 
| 123|0x0000000709100000, 0x0000000709200000, 0x0000000709200000|100%|HC|  |TAMS 0x0000000709100000, 0x0000000709100000| Complete 
| 124|0x0000000709200000, 0x0000000709300000, 0x0000000709300000|100%|HC|  |TAMS 0x0000000709200000, 0x0000000709200000| Complete 
| 125|0x0000000709300000, 0x0000000709400000, 0x0000000709400000|100%|HC|  |TAMS 0x0000000709300000, 0x0000000709300000| Complete 
| 126|0x0000000709400000, 0x0000000709500000, 0x0000000709500000|100%|HC|  |TAMS 0x0000000709400000, 0x0000000709400000| Complete 
| 127|0x0000000709500000, 0x0000000709600000, 0x0000000709600000|100%|HC|  |TAMS 0x0000000709500000, 0x0000000709500000| Complete 
| 128|0x0000000709600000, 0x0000000709700000, 0x0000000709700000|100%|HC|  |TAMS 0x0000000709600000, 0x0000000709600000| Complete 
| 129|0x0000000709700000, 0x0000000709800000, 0x0000000709800000|100%|HC|  |TAMS 0x0000000709700000, 0x0000000709700000| Complete 
| 130|0x0000000709800000, 0x0000000709800000, 0x0000000709900000|  0%| F|  |TAMS 0x0000000709800000, 0x0000000709800000| Untracked 
| 131|0x0000000709900000, 0x0000000709900000, 0x0000000709a00000|  0%| F|  |TAMS 0x0000000709900000, 0x0000000709900000| Untracked 
| 132|0x0000000709a00000, 0x0000000709a00000, 0x0000000709b00000|  0%| F|  |TAMS 0x0000000709a00000, 0x0000000709a00000| Untracked 
| 133|0x0000000709b00000, 0x0000000709b00000, 0x0000000709c00000|  0%| F|  |TAMS 0x0000000709b00000, 0x0000000709b00000| Untracked 
| 134|0x0000000709c00000, 0x0000000709c00000, 0x0000000709d00000|  0%| F|  |TAMS 0x0000000709c00000, 0x0000000709c00000| Untracked 
| 135|0x0000000709d00000, 0x0000000709d00000, 0x0000000709e00000|  0%| F|  |TAMS 0x0000000709d00000, 0x0000000709d00000| Untracked 
| 136|0x0000000709e00000, 0x0000000709e00000, 0x0000000709f00000|  0%| F|  |TAMS 0x0000000709e00000, 0x0000000709e00000| Untracked 
| 137|0x0000000709f00000, 0x0000000709f00000, 0x000000070a000000|  0%| F|  |TAMS 0x0000000709f00000, 0x0000000709f00000| Untracked 
| 138|0x000000070a000000, 0x000000070a000000, 0x000000070a100000|  0%| F|  |TAMS 0x000000070a000000, 0x000000070a000000| Untracked 
| 139|0x000000070a100000, 0x000000070a100000, 0x000000070a200000|  0%| F|  |TAMS 0x000000070a100000, 0x000000070a100000| Untracked 
| 140|0x000000070a200000, 0x000000070a200000, 0x000000070a300000|  0%| F|  |TAMS 0x000000070a200000, 0x000000070a200000| Untracked 
| 141|0x000000070a300000, 0x000000070a300000, 0x000000070a400000|  0%| F|  |TAMS 0x000000070a300000, 0x000000070a300000| Untracked 
| 142|0x000000070a400000, 0x000000070a400000, 0x000000070a500000|  0%| F|  |TAMS 0x000000070a400000, 0x000000070a400000| Untracked 
| 143|0x000000070a500000, 0x000000070a500000, 0x000000070a600000|  0%| F|  |TAMS 0x000000070a500000, 0x000000070a500000| Untracked 
| 144|0x000000070a600000, 0x000000070a600000, 0x000000070a700000|  0%| F|  |TAMS 0x000000070a600000, 0x000000070a600000| Untracked 
| 145|0x000000070a700000, 0x000000070a700000, 0x000000070a800000|  0%| F|  |TAMS 0x000000070a700000, 0x000000070a700000| Untracked 
| 146|0x000000070a800000, 0x000000070a800000, 0x000000070a900000|  0%| F|  |TAMS 0x000000070a800000, 0x000000070a800000| Untracked 
| 147|0x000000070a900000, 0x000000070a900000, 0x000000070aa00000|  0%| F|  |TAMS 0x000000070a900000, 0x000000070a900000| Untracked 
| 148|0x000000070aa00000, 0x000000070aa00000, 0x000000070ab00000|  0%| F|  |TAMS 0x000000070aa00000, 0x000000070aa00000| Untracked 
| 149|0x000000070ab00000, 0x000000070ab00000, 0x000000070ac00000|  0%| F|  |TAMS 0x000000070ab00000, 0x000000070ab00000| Untracked 
| 150|0x000000070ac00000, 0x000000070ac00000, 0x000000070ad00000|  0%| F|  |TAMS 0x000000070ac00000, 0x000000070ac00000| Untracked 
| 151|0x000000070ad00000, 0x000000070ad00000, 0x000000070ae00000|  0%| F|  |TAMS 0x000000070ad00000, 0x000000070ad00000| Untracked 
| 152|0x000000070ae00000, 0x000000070ae00000, 0x000000070af00000|  0%| F|  |TAMS 0x000000070ae00000, 0x000000070ae00000| Untracked 
| 153|0x000000070af00000, 0x000000070b000000, 0x000000070b000000|100%|HS|  |TAMS 0x000000070af00000, 0x000000070af00000| Untracked 
| 154|0x000000070b000000, 0x000000070b100000, 0x000000070b100000|100%|HC|  |TAMS 0x000000070b000000, 0x000000070b000000| Untracked 
| 155|0x000000070b100000, 0x000000070b200000, 0x000000070b200000|100%|HC|  |TAMS 0x000000070b100000, 0x000000070b100000| Untracked 
| 156|0x000000070b200000, 0x000000070b300000, 0x000000070b300000|100%|HC|  |TAMS 0x000000070b200000, 0x000000070b200000| Untracked 
| 157|0x000000070b300000, 0x000000070b400000, 0x000000070b400000|100%|HC|  |TAMS 0x000000070b300000, 0x000000070b300000| Untracked 
| 158|0x000000070b400000, 0x000000070b500000, 0x000000070b500000|100%|HC|  |TAMS 0x000000070b400000, 0x000000070b400000| Untracked 
| 159|0x000000070b500000, 0x000000070b500000, 0x000000070b600000|  0%| F|  |TAMS 0x000000070b500000, 0x000000070b500000| Untracked 
| 160|0x000000070b600000, 0x000000070b600000, 0x000000070b700000|  0%| F|  |TAMS 0x000000070b600000, 0x000000070b600000| Untracked 
| 161|0x000000070b700000, 0x000000070b700000, 0x000000070b800000|  0%| F|  |TAMS 0x000000070b700000, 0x000000070b700000| Untracked 
| 162|0x000000070b800000, 0x000000070b800000, 0x000000070b900000|  0%| F|  |TAMS 0x000000070b800000, 0x000000070b800000| Untracked 
| 163|0x000000070b900000, 0x000000070b900000, 0x000000070ba00000|  0%| F|  |TAMS 0x000000070b900000, 0x000000070b900000| Untracked 
| 164|0x000000070ba00000, 0x000000070ba00000, 0x000000070bb00000|  0%| F|  |TAMS 0x000000070ba00000, 0x000000070ba00000| Untracked 
| 165|0x000000070bb00000, 0x000000070bb00000, 0x000000070bc00000|  0%| F|  |TAMS 0x000000070bb00000, 0x000000070bb00000| Untracked 
| 166|0x000000070bc00000, 0x000000070bc00000, 0x000000070bd00000|  0%| F|  |TAMS 0x000000070bc00000, 0x000000070bc00000| Untracked 
| 167|0x000000070bd00000, 0x000000070bd00000, 0x000000070be00000|  0%| F|  |TAMS 0x000000070bd00000, 0x000000070bd00000| Untracked 
| 168|0x000000070be00000, 0x000000070be00000, 0x000000070bf00000|  0%| F|  |TAMS 0x000000070be00000, 0x000000070be00000| Untracked 
| 169|0x000000070bf00000, 0x000000070bf00000, 0x000000070c000000|  0%| F|  |TAMS 0x000000070bf00000, 0x000000070bf00000| Untracked 
| 170|0x000000070c000000, 0x000000070c000000, 0x000000070c100000|  0%| F|  |TAMS 0x000000070c000000, 0x000000070c000000| Untracked 
| 171|0x000000070c100000, 0x000000070c100000, 0x000000070c200000|  0%| F|  |TAMS 0x000000070c100000, 0x000000070c100000| Untracked 
| 172|0x000000070c200000, 0x000000070c200000, 0x000000070c300000|  0%| F|  |TAMS 0x000000070c200000, 0x000000070c200000| Untracked 
| 173|0x000000070c300000, 0x000000070c300000, 0x000000070c400000|  0%| F|  |TAMS 0x000000070c300000, 0x000000070c300000| Untracked 
| 174|0x000000070c400000, 0x000000070c400000, 0x000000070c500000|  0%| F|  |TAMS 0x000000070c400000, 0x000000070c400000| Untracked 
| 175|0x000000070c500000, 0x000000070c500000, 0x000000070c600000|  0%| F|  |TAMS 0x000000070c500000, 0x000000070c500000| Untracked 
| 176|0x000000070c600000, 0x000000070c600000, 0x000000070c700000|  0%| F|  |TAMS 0x000000070c600000, 0x000000070c600000| Untracked 
| 177|0x000000070c700000, 0x000000070c700000, 0x000000070c800000|  0%| F|  |TAMS 0x000000070c700000, 0x000000070c700000| Untracked 
| 178|0x000000070c800000, 0x000000070c800000, 0x000000070c900000|  0%| F|  |TAMS 0x000000070c800000, 0x000000070c800000| Untracked 
| 179|0x000000070c900000, 0x000000070c900000, 0x000000070ca00000|  0%| F|  |TAMS 0x000000070c900000, 0x000000070c900000| Untracked 
| 180|0x000000070ca00000, 0x000000070ca00000, 0x000000070cb00000|  0%| F|  |TAMS 0x000000070ca00000, 0x000000070ca00000| Untracked 
| 181|0x000000070cb00000, 0x000000070cb00000, 0x000000070cc00000|  0%| F|  |TAMS 0x000000070cb00000, 0x000000070cb00000| Untracked 
| 182|0x000000070cc00000, 0x000000070cc00000, 0x000000070cd00000|  0%| F|  |TAMS 0x000000070cc00000, 0x000000070cc00000| Untracked 
| 183|0x000000070cd00000, 0x000000070cd00000, 0x000000070ce00000|  0%| F|  |TAMS 0x000000070cd00000, 0x000000070cd00000| Untracked 
| 184|0x000000070ce00000, 0x000000070cf00000, 0x000000070cf00000|100%|HS|  |TAMS 0x000000070ce00000, 0x000000070ce00000| Untracked 
| 185|0x000000070cf00000, 0x000000070cf00000, 0x000000070d000000|  0%| F|  |TAMS 0x000000070cf00000, 0x000000070cf00000| Untracked 
| 186|0x000000070d000000, 0x000000070d000000, 0x000000070d100000|  0%| F|  |TAMS 0x000000070d000000, 0x000000070d000000| Untracked 
| 187|0x000000070d100000, 0x000000070d100000, 0x000000070d200000|  0%| F|  |TAMS 0x000000070d100000, 0x000000070d100000| Untracked 
| 188|0x000000070d200000, 0x000000070d200000, 0x000000070d300000|  0%| F|  |TAMS 0x000000070d200000, 0x000000070d200000| Untracked 
| 189|0x000000070d300000, 0x000000070d300000, 0x000000070d400000|  0%| F|  |TAMS 0x000000070d300000, 0x000000070d300000| Untracked 
| 190|0x000000070d400000, 0x000000070d400000, 0x000000070d500000|  0%| F|  |TAMS 0x000000070d400000, 0x000000070d400000| Untracked 
| 191|0x000000070d500000, 0x000000070d500000, 0x000000070d600000|  0%| F|  |TAMS 0x000000070d500000, 0x000000070d500000| Untracked 
| 192|0x000000070d600000, 0x000000070d600000, 0x000000070d700000|  0%| F|  |TAMS 0x000000070d600000, 0x000000070d600000| Untracked 
| 193|0x000000070d700000, 0x000000070d700000, 0x000000070d800000|  0%| F|  |TAMS 0x000000070d700000, 0x000000070d700000| Untracked 
| 194|0x000000070d800000, 0x000000070d800000, 0x000000070d900000|  0%| F|  |TAMS 0x000000070d800000, 0x000000070d800000| Untracked 
| 195|0x000000070d900000, 0x000000070d900000, 0x000000070da00000|  0%| F|  |TAMS 0x000000070d900000, 0x000000070d900000| Untracked 
| 196|0x000000070da00000, 0x000000070da00000, 0x000000070db00000|  0%| F|  |TAMS 0x000000070da00000, 0x000000070da00000| Untracked 
| 197|0x000000070db00000, 0x000000070db00000, 0x000000070dc00000|  0%| F|  |TAMS 0x000000070db00000, 0x000000070db00000| Untracked 
| 198|0x000000070dc00000, 0x000000070dc00000, 0x000000070dd00000|  0%| F|  |TAMS 0x000000070dc00000, 0x000000070dc00000| Untracked 
| 199|0x000000070dd00000, 0x000000070dd00000, 0x000000070de00000|  0%| F|  |TAMS 0x000000070dd00000, 0x000000070dd00000| Untracked 
| 200|0x000000070de00000, 0x000000070de00000, 0x000000070df00000|  0%| F|  |TAMS 0x000000070de00000, 0x000000070de00000| Untracked 
| 201|0x000000070df00000, 0x000000070df00000, 0x000000070e000000|  0%| F|  |TAMS 0x000000070df00000, 0x000000070df00000| Untracked 
| 202|0x000000070e000000, 0x000000070e000000, 0x000000070e100000|  0%| F|  |TAMS 0x000000070e000000, 0x000000070e000000| Untracked 
| 203|0x000000070e100000, 0x000000070e100000, 0x000000070e200000|  0%| F|  |TAMS 0x000000070e100000, 0x000000070e100000| Untracked 
| 204|0x000000070e200000, 0x000000070e200000, 0x000000070e300000|  0%| F|  |TAMS 0x000000070e200000, 0x000000070e200000| Untracked 
| 205|0x000000070e300000, 0x000000070e300000, 0x000000070e400000|  0%| F|  |TAMS 0x000000070e300000, 0x000000070e300000| Untracked 
| 206|0x000000070e400000, 0x000000070e400000, 0x000000070e500000|  0%| F|  |TAMS 0x000000070e400000, 0x000000070e400000| Untracked 
| 207|0x000000070e500000, 0x000000070e500000, 0x000000070e600000|  0%| F|  |TAMS 0x000000070e500000, 0x000000070e500000| Untracked 
| 208|0x000000070e600000, 0x000000070e600000, 0x000000070e700000|  0%| F|  |TAMS 0x000000070e600000, 0x000000070e600000| Untracked 
| 209|0x000000070e700000, 0x000000070e700000, 0x000000070e800000|  0%| F|  |TAMS 0x000000070e700000, 0x000000070e700000| Untracked 
| 210|0x000000070e800000, 0x000000070e800000, 0x000000070e900000|  0%| F|  |TAMS 0x000000070e800000, 0x000000070e800000| Untracked 
| 211|0x000000070e900000, 0x000000070e900000, 0x000000070ea00000|  0%| F|  |TAMS 0x000000070e900000, 0x000000070e900000| Untracked 
| 212|0x000000070ea00000, 0x000000070ea00000, 0x000000070eb00000|  0%| F|  |TAMS 0x000000070ea00000, 0x000000070ea00000| Untracked 
| 213|0x000000070eb00000, 0x000000070eb00000, 0x000000070ec00000|  0%| F|  |TAMS 0x000000070eb00000, 0x000000070eb00000| Untracked 
| 214|0x000000070ec00000, 0x000000070ec00000, 0x000000070ed00000|  0%| F|  |TAMS 0x000000070ec00000, 0x000000070ec00000| Untracked 
| 215|0x000000070ed00000, 0x000000070ed00000, 0x000000070ee00000|  0%| F|  |TAMS 0x000000070ed00000, 0x000000070ed00000| Untracked 
| 216|0x000000070ee00000, 0x000000070ee00000, 0x000000070ef00000|  0%| F|  |TAMS 0x000000070ee00000, 0x000000070ee00000| Untracked 
| 217|0x000000070ef00000, 0x000000070ef00000, 0x000000070f000000|  0%| F|  |TAMS 0x000000070ef00000, 0x000000070ef00000| Untracked 
| 218|0x000000070f000000, 0x000000070f000000, 0x000000070f100000|  0%| F|  |TAMS 0x000000070f000000, 0x000000070f000000| Untracked 
| 219|0x000000070f100000, 0x000000070f100000, 0x000000070f200000|  0%| F|  |TAMS 0x000000070f100000, 0x000000070f100000| Untracked 
| 220|0x000000070f200000, 0x000000070f200000, 0x000000070f300000|  0%| F|  |TAMS 0x000000070f200000, 0x000000070f200000| Untracked 
| 221|0x000000070f300000, 0x000000070f300000, 0x000000070f400000|  0%| F|  |TAMS 0x000000070f300000, 0x000000070f300000| Untracked 
| 222|0x000000070f400000, 0x000000070f400000, 0x000000070f500000|  0%| F|  |TAMS 0x000000070f400000, 0x000000070f400000| Untracked 
| 223|0x000000070f500000, 0x000000070f500000, 0x000000070f600000|  0%| F|  |TAMS 0x000000070f500000, 0x000000070f500000| Untracked 
| 224|0x000000070f600000, 0x000000070f600000, 0x000000070f700000|  0%| F|  |TAMS 0x000000070f600000, 0x000000070f600000| Untracked 
| 225|0x000000070f700000, 0x000000070f700000, 0x000000070f800000|  0%| F|  |TAMS 0x000000070f700000, 0x000000070f700000| Untracked 
| 226|0x000000070f800000, 0x000000070f800000, 0x000000070f900000|  0%| F|  |TAMS 0x000000070f800000, 0x000000070f800000| Untracked 
| 227|0x000000070f900000, 0x000000070f900000, 0x000000070fa00000|  0%| F|  |TAMS 0x000000070f900000, 0x000000070f900000| Untracked 
| 228|0x000000070fa00000, 0x000000070fa00000, 0x000000070fb00000|  0%| F|  |TAMS 0x000000070fa00000, 0x000000070fa00000| Untracked 
| 229|0x000000070fb00000, 0x000000070fb00000, 0x000000070fc00000|  0%| F|  |TAMS 0x000000070fb00000, 0x000000070fb00000| Untracked 
| 230|0x000000070fc00000, 0x000000070fc00000, 0x000000070fd00000|  0%| F|  |TAMS 0x000000070fc00000, 0x000000070fc00000| Untracked 
| 231|0x000000070fd00000, 0x000000070fd00000, 0x000000070fe00000|  0%| F|  |TAMS 0x000000070fd00000, 0x000000070fd00000| Untracked 
| 232|0x000000070fe00000, 0x000000070fe00000, 0x000000070ff00000|  0%| F|  |TAMS 0x000000070fe00000, 0x000000070fe00000| Untracked 
| 233|0x000000070ff00000, 0x000000070ff00000, 0x0000000710000000|  0%| F|  |TAMS 0x000000070ff00000, 0x000000070ff00000| Untracked 
| 234|0x0000000710000000, 0x0000000710000000, 0x0000000710100000|  0%| F|  |TAMS 0x0000000710000000, 0x0000000710000000| Untracked 
| 235|0x0000000710100000, 0x0000000710100000, 0x0000000710200000|  0%| F|  |TAMS 0x0000000710100000, 0x0000000710100000| Untracked 
| 236|0x0000000710200000, 0x0000000710200000, 0x0000000710300000|  0%| F|  |TAMS 0x0000000710200000, 0x0000000710200000| Untracked 
| 237|0x0000000710300000, 0x0000000710300000, 0x0000000710400000|  0%| F|  |TAMS 0x0000000710300000, 0x0000000710300000| Untracked 
| 238|0x0000000710400000, 0x0000000710400000, 0x0000000710500000|  0%| F|  |TAMS 0x0000000710400000, 0x0000000710400000| Untracked 
| 239|0x0000000710500000, 0x00000007105d0900, 0x0000000710600000| 81%| E|  |TAMS 0x0000000710500000, 0x0000000710500000| Complete 
| 240|0x0000000710600000, 0x0000000710700000, 0x0000000710700000|100%| E|CS|TAMS 0x0000000710600000, 0x0000000710600000| Complete 
| 241|0x0000000710700000, 0x0000000710800000, 0x0000000710800000|100%| E|CS|TAMS 0x0000000710700000, 0x0000000710700000| Complete 
| 242|0x0000000710800000, 0x0000000710900000, 0x0000000710900000|100%| E|CS|TAMS 0x0000000710800000, 0x0000000710800000| Complete 
| 243|0x0000000710900000, 0x0000000710a00000, 0x0000000710a00000|100%| E|  |TAMS 0x0000000710900000, 0x0000000710900000| Complete 
| 244|0x0000000710a00000, 0x0000000710b00000, 0x0000000710b00000|100%| E|CS|TAMS 0x0000000710a00000, 0x0000000710a00000| Complete 
| 245|0x0000000710b00000, 0x0000000710c00000, 0x0000000710c00000|100%| E|CS|TAMS 0x0000000710b00000, 0x0000000710b00000| Complete 
| 246|0x0000000710c00000, 0x0000000710d00000, 0x0000000710d00000|100%| E|CS|TAMS 0x0000000710c00000, 0x0000000710c00000| Complete 
| 247|0x0000000710d00000, 0x0000000710e00000, 0x0000000710e00000|100%| E|CS|TAMS 0x0000000710d00000, 0x0000000710d00000| Complete 
| 248|0x0000000710e00000, 0x0000000710f00000, 0x0000000710f00000|100%| E|CS|TAMS 0x0000000710e00000, 0x0000000710e00000| Complete 
| 249|0x0000000710f00000, 0x0000000711000000, 0x0000000711000000|100%| E|CS|TAMS 0x0000000710f00000, 0x0000000710f00000| Complete 
| 250|0x0000000711000000, 0x0000000711100000, 0x0000000711100000|100%| E|CS|TAMS 0x0000000711000000, 0x0000000711000000| Complete 
| 251|0x0000000711100000, 0x0000000711200000, 0x0000000711200000|100%| E|CS|TAMS 0x0000000711100000, 0x0000000711100000| Complete 
| 252|0x0000000711200000, 0x0000000711300000, 0x0000000711300000|100%| E|CS|TAMS 0x0000000711200000, 0x0000000711200000| Complete 
| 253|0x0000000711300000, 0x0000000711400000, 0x0000000711400000|100%| E|CS|TAMS 0x0000000711300000, 0x0000000711300000| Complete 
| 254|0x0000000711400000, 0x0000000711500000, 0x0000000711500000|100%| E|CS|TAMS 0x0000000711400000, 0x0000000711400000| Complete 
| 255|0x0000000711500000, 0x0000000711600000, 0x0000000711600000|100%| E|CS|TAMS 0x0000000711500000, 0x0000000711500000| Complete 
| 256|0x0000000711600000, 0x0000000711700000, 0x0000000711700000|100%| E|CS|TAMS 0x0000000711600000, 0x0000000711600000| Complete 
| 257|0x0000000711700000, 0x0000000711800000, 0x0000000711800000|100%| E|CS|TAMS 0x0000000711700000, 0x0000000711700000| Complete 
| 258|0x0000000711800000, 0x0000000711900000, 0x0000000711900000|100%| E|CS|TAMS 0x0000000711800000, 0x0000000711800000| Complete 
| 259|0x0000000711900000, 0x0000000711a00000, 0x0000000711a00000|100%| E|CS|TAMS 0x0000000711900000, 0x0000000711900000| Complete 
| 260|0x0000000711a00000, 0x0000000711b00000, 0x0000000711b00000|100%| E|CS|TAMS 0x0000000711a00000, 0x0000000711a00000| Complete 
| 261|0x0000000711b00000, 0x0000000711c00000, 0x0000000711c00000|100%| E|CS|TAMS 0x0000000711b00000, 0x0000000711b00000| Complete 
| 262|0x0000000711c00000, 0x0000000711d00000, 0x0000000711d00000|100%| E|CS|TAMS 0x0000000711c00000, 0x0000000711c00000| Complete 
| 263|0x0000000711d00000, 0x0000000711e00000, 0x0000000711e00000|100%| E|CS|TAMS 0x0000000711d00000, 0x0000000711d00000| Complete 
| 264|0x0000000711e00000, 0x0000000711f00000, 0x0000000711f00000|100%| E|CS|TAMS 0x0000000711e00000, 0x0000000711e00000| Complete 
| 265|0x0000000711f00000, 0x0000000712000000, 0x0000000712000000|100%| E|CS|TAMS 0x0000000711f00000, 0x0000000711f00000| Complete 
| 266|0x0000000712000000, 0x0000000712100000, 0x0000000712100000|100%| E|CS|TAMS 0x0000000712000000, 0x0000000712000000| Complete 
| 267|0x0000000712100000, 0x0000000712200000, 0x0000000712200000|100%| E|CS|TAMS 0x0000000712100000, 0x0000000712100000| Complete 
| 268|0x0000000712200000, 0x0000000712300000, 0x0000000712300000|100%| E|CS|TAMS 0x0000000712200000, 0x0000000712200000| Complete 
| 269|0x0000000712300000, 0x0000000712400000, 0x0000000712400000|100%| E|CS|TAMS 0x0000000712300000, 0x0000000712300000| Complete 
| 270|0x0000000712400000, 0x0000000712500000, 0x0000000712500000|100%| E|CS|TAMS 0x0000000712400000, 0x0000000712400000| Complete 
| 271|0x0000000712500000, 0x0000000712600000, 0x0000000712600000|100%| E|CS|TAMS 0x0000000712500000, 0x0000000712500000| Complete 
| 272|0x0000000712600000, 0x0000000712700000, 0x0000000712700000|100%| E|CS|TAMS 0x0000000712600000, 0x0000000712600000| Complete 
| 273|0x0000000712700000, 0x0000000712800000, 0x0000000712800000|100%| E|CS|TAMS 0x0000000712700000, 0x0000000712700000| Complete 
| 274|0x0000000712800000, 0x0000000712900000, 0x0000000712900000|100%| E|CS|TAMS 0x0000000712800000, 0x0000000712800000| Complete 
| 275|0x0000000712900000, 0x0000000712a00000, 0x0000000712a00000|100%| E|CS|TAMS 0x0000000712900000, 0x0000000712900000| Complete 
| 276|0x0000000712a00000, 0x0000000712b00000, 0x0000000712b00000|100%| E|CS|TAMS 0x0000000712a00000, 0x0000000712a00000| Complete 
| 277|0x0000000712b00000, 0x0000000712c00000, 0x0000000712c00000|100%| E|CS|TAMS 0x0000000712b00000, 0x0000000712b00000| Complete 
| 278|0x0000000712c00000, 0x0000000712d00000, 0x0000000712d00000|100%| E|CS|TAMS 0x0000000712c00000, 0x0000000712c00000| Complete 
| 279|0x0000000712d00000, 0x0000000712e00000, 0x0000000712e00000|100%| E|CS|TAMS 0x0000000712d00000, 0x0000000712d00000| Complete 
| 280|0x0000000712e00000, 0x0000000712f00000, 0x0000000712f00000|100%| E|CS|TAMS 0x0000000712e00000, 0x0000000712e00000| Complete 
| 281|0x0000000712f00000, 0x0000000713000000, 0x0000000713000000|100%| E|CS|TAMS 0x0000000712f00000, 0x0000000712f00000| Complete 
| 282|0x0000000713000000, 0x0000000713100000, 0x0000000713100000|100%| E|CS|TAMS 0x0000000713000000, 0x0000000713000000| Complete 
| 283|0x0000000713100000, 0x0000000713200000, 0x0000000713200000|100%| E|CS|TAMS 0x0000000713100000, 0x0000000713100000| Complete 
| 284|0x0000000713200000, 0x0000000713300000, 0x0000000713300000|100%| E|CS|TAMS 0x0000000713200000, 0x0000000713200000| Complete 
| 285|0x0000000713300000, 0x0000000713400000, 0x0000000713400000|100%| E|CS|TAMS 0x0000000713300000, 0x0000000713300000| Complete 
| 286|0x0000000713400000, 0x0000000713500000, 0x0000000713500000|100%| E|CS|TAMS 0x0000000713400000, 0x0000000713400000| Complete 
| 287|0x0000000713500000, 0x0000000713600000, 0x0000000713600000|100%| E|CS|TAMS 0x0000000713500000, 0x0000000713500000| Complete 
| 288|0x0000000713600000, 0x0000000713700000, 0x0000000713700000|100%| E|CS|TAMS 0x0000000713600000, 0x0000000713600000| Complete 
| 289|0x0000000713700000, 0x0000000713800000, 0x0000000713800000|100%| E|CS|TAMS 0x0000000713700000, 0x0000000713700000| Complete 
| 290|0x0000000713800000, 0x0000000713900000, 0x0000000713900000|100%| E|CS|TAMS 0x0000000713800000, 0x0000000713800000| Complete 
| 291|0x0000000713900000, 0x0000000713a00000, 0x0000000713a00000|100%| E|CS|TAMS 0x0000000713900000, 0x0000000713900000| Complete 
| 292|0x0000000713a00000, 0x0000000713b00000, 0x0000000713b00000|100%| E|CS|TAMS 0x0000000713a00000, 0x0000000713a00000| Complete 
| 293|0x0000000713b00000, 0x0000000713c00000, 0x0000000713c00000|100%| E|CS|TAMS 0x0000000713b00000, 0x0000000713b00000| Complete 
| 294|0x0000000713c00000, 0x0000000713d00000, 0x0000000713d00000|100%| E|CS|TAMS 0x0000000713c00000, 0x0000000713c00000| Complete 
| 295|0x0000000713d00000, 0x0000000713e00000, 0x0000000713e00000|100%| E|CS|TAMS 0x0000000713d00000, 0x0000000713d00000| Complete 
| 296|0x0000000713e00000, 0x0000000713f00000, 0x0000000713f00000|100%| E|CS|TAMS 0x0000000713e00000, 0x0000000713e00000| Complete 
| 297|0x0000000713f00000, 0x0000000714000000, 0x0000000714000000|100%| E|CS|TAMS 0x0000000713f00000, 0x0000000713f00000| Complete 
| 298|0x0000000714000000, 0x0000000714100000, 0x0000000714100000|100%| E|CS|TAMS 0x0000000714000000, 0x0000000714000000| Complete 
| 299|0x0000000714100000, 0x0000000714200000, 0x0000000714200000|100%| E|CS|TAMS 0x0000000714100000, 0x0000000714100000| Complete 
| 300|0x0000000714200000, 0x0000000714300000, 0x0000000714300000|100%| E|CS|TAMS 0x0000000714200000, 0x0000000714200000| Complete 
| 301|0x0000000714300000, 0x0000000714400000, 0x0000000714400000|100%| E|CS|TAMS 0x0000000714300000, 0x0000000714300000| Complete 
| 302|0x0000000714400000, 0x0000000714500000, 0x0000000714500000|100%| E|CS|TAMS 0x0000000714400000, 0x0000000714400000| Complete 
| 303|0x0000000714500000, 0x0000000714600000, 0x0000000714600000|100%| E|CS|TAMS 0x0000000714500000, 0x0000000714500000| Complete 
| 304|0x0000000714600000, 0x0000000714700000, 0x0000000714700000|100%| E|CS|TAMS 0x0000000714600000, 0x0000000714600000| Complete 
| 305|0x0000000714700000, 0x0000000714800000, 0x0000000714800000|100%| E|CS|TAMS 0x0000000714700000, 0x0000000714700000| Complete 
| 306|0x0000000714800000, 0x0000000714900000, 0x0000000714900000|100%| E|CS|TAMS 0x0000000714800000, 0x0000000714800000| Complete 
| 307|0x0000000714900000, 0x0000000714a00000, 0x0000000714a00000|100%| E|CS|TAMS 0x0000000714900000, 0x0000000714900000| Complete 
| 308|0x0000000714a00000, 0x0000000714b00000, 0x0000000714b00000|100%| E|CS|TAMS 0x0000000714a00000, 0x0000000714a00000| Complete 
| 309|0x0000000714b00000, 0x0000000714c00000, 0x0000000714c00000|100%| E|CS|TAMS 0x0000000714b00000, 0x0000000714b00000| Complete 
| 310|0x0000000714c00000, 0x0000000714d00000, 0x0000000714d00000|100%| E|CS|TAMS 0x0000000714c00000, 0x0000000714c00000| Complete 
| 311|0x0000000714d00000, 0x0000000714e00000, 0x0000000714e00000|100%| E|CS|TAMS 0x0000000714d00000, 0x0000000714d00000| Complete 
| 312|0x0000000714e00000, 0x0000000714f00000, 0x0000000714f00000|100%| E|CS|TAMS 0x0000000714e00000, 0x0000000714e00000| Complete 
| 313|0x0000000714f00000, 0x0000000715000000, 0x0000000715000000|100%| E|CS|TAMS 0x0000000714f00000, 0x0000000714f00000| Complete 
| 314|0x0000000715000000, 0x0000000715100000, 0x0000000715100000|100%| E|CS|TAMS 0x0000000715000000, 0x0000000715000000| Complete 
| 315|0x0000000715100000, 0x0000000715200000, 0x0000000715200000|100%| E|CS|TAMS 0x0000000715100000, 0x0000000715100000| Complete 
| 316|0x0000000715200000, 0x0000000715300000, 0x0000000715300000|100%| E|CS|TAMS 0x0000000715200000, 0x0000000715200000| Complete 
| 317|0x0000000715300000, 0x0000000715400000, 0x0000000715400000|100%| E|CS|TAMS 0x0000000715300000, 0x0000000715300000| Complete 
| 318|0x0000000715400000, 0x0000000715500000, 0x0000000715500000|100%| E|CS|TAMS 0x0000000715400000, 0x0000000715400000| Complete 
| 319|0x0000000715500000, 0x0000000715600000, 0x0000000715600000|100%| E|CS|TAMS 0x0000000715500000, 0x0000000715500000| Complete 
| 320|0x0000000715600000, 0x0000000715700000, 0x0000000715700000|100%| E|CS|TAMS 0x0000000715600000, 0x0000000715600000| Complete 
| 321|0x0000000715700000, 0x0000000715800000, 0x0000000715800000|100%| E|CS|TAMS 0x0000000715700000, 0x0000000715700000| Complete 
| 322|0x0000000715800000, 0x0000000715900000, 0x0000000715900000|100%| E|CS|TAMS 0x0000000715800000, 0x0000000715800000| Complete 
| 323|0x0000000715900000, 0x0000000715a00000, 0x0000000715a00000|100%| E|CS|TAMS 0x0000000715900000, 0x0000000715900000| Complete 
| 324|0x0000000715a00000, 0x0000000715b00000, 0x0000000715b00000|100%| E|CS|TAMS 0x0000000715a00000, 0x0000000715a00000| Complete 
| 325|0x0000000715b00000, 0x0000000715c00000, 0x0000000715c00000|100%| E|CS|TAMS 0x0000000715b00000, 0x0000000715b00000| Complete 
| 326|0x0000000715c00000, 0x0000000715d00000, 0x0000000715d00000|100%| E|CS|TAMS 0x0000000715c00000, 0x0000000715c00000| Complete 
| 327|0x0000000715d00000, 0x0000000715e00000, 0x0000000715e00000|100%| E|CS|TAMS 0x0000000715d00000, 0x0000000715d00000| Complete 
| 328|0x0000000715e00000, 0x0000000715f00000, 0x0000000715f00000|100%| E|CS|TAMS 0x0000000715e00000, 0x0000000715e00000| Complete 
| 329|0x0000000715f00000, 0x0000000716000000, 0x0000000716000000|100%| E|CS|TAMS 0x0000000715f00000, 0x0000000715f00000| Complete 
| 330|0x0000000716000000, 0x0000000716100000, 0x0000000716100000|100%| E|CS|TAMS 0x0000000716000000, 0x0000000716000000| Complete 
| 331|0x0000000716100000, 0x0000000716200000, 0x0000000716200000|100%| E|CS|TAMS 0x0000000716100000, 0x0000000716100000| Complete 
| 332|0x0000000716200000, 0x0000000716300000, 0x0000000716300000|100%| E|CS|TAMS 0x0000000716200000, 0x0000000716200000| Complete 
| 333|0x0000000716300000, 0x0000000716400000, 0x0000000716400000|100%| E|CS|TAMS 0x0000000716300000, 0x0000000716300000| Complete 
| 334|0x0000000716400000, 0x0000000716500000, 0x0000000716500000|100%| E|CS|TAMS 0x0000000716400000, 0x0000000716400000| Complete 
| 335|0x0000000716500000, 0x0000000716600000, 0x0000000716600000|100%| E|CS|TAMS 0x0000000716500000, 0x0000000716500000| Complete 
| 336|0x0000000716600000, 0x0000000716700000, 0x0000000716700000|100%| E|CS|TAMS 0x0000000716600000, 0x0000000716600000| Complete 
| 337|0x0000000716700000, 0x0000000716800000, 0x0000000716800000|100%| E|CS|TAMS 0x0000000716700000, 0x0000000716700000| Complete 
| 338|0x0000000716800000, 0x0000000716900000, 0x0000000716900000|100%| E|CS|TAMS 0x0000000716800000, 0x0000000716800000| Complete 
| 339|0x0000000716900000, 0x0000000716a00000, 0x0000000716a00000|100%| E|CS|TAMS 0x0000000716900000, 0x0000000716900000| Complete 
| 340|0x0000000716a00000, 0x0000000716b00000, 0x0000000716b00000|100%| E|CS|TAMS 0x0000000716a00000, 0x0000000716a00000| Complete 
| 341|0x0000000716b00000, 0x0000000716c00000, 0x0000000716c00000|100%| E|CS|TAMS 0x0000000716b00000, 0x0000000716b00000| Complete 
| 342|0x0000000716c00000, 0x0000000716d00000, 0x0000000716d00000|100%| E|CS|TAMS 0x0000000716c00000, 0x0000000716c00000| Complete 
| 343|0x0000000716d00000, 0x0000000716e00000, 0x0000000716e00000|100%| E|CS|TAMS 0x0000000716d00000, 0x0000000716d00000| Complete 
| 344|0x0000000716e00000, 0x0000000716f00000, 0x0000000716f00000|100%| E|CS|TAMS 0x0000000716e00000, 0x0000000716e00000| Complete 
| 345|0x0000000716f00000, 0x0000000717000000, 0x0000000717000000|100%| E|CS|TAMS 0x0000000716f00000, 0x0000000716f00000| Complete 
| 346|0x0000000717000000, 0x0000000717100000, 0x0000000717100000|100%| E|CS|TAMS 0x0000000717000000, 0x0000000717000000| Complete 
| 347|0x0000000717100000, 0x0000000717200000, 0x0000000717200000|100%| E|CS|TAMS 0x0000000717100000, 0x0000000717100000| Complete 
| 348|0x0000000717200000, 0x0000000717300000, 0x0000000717300000|100%| E|CS|TAMS 0x0000000717200000, 0x0000000717200000| Complete 
| 349|0x0000000717300000, 0x0000000717400000, 0x0000000717400000|100%| E|CS|TAMS 0x0000000717300000, 0x0000000717300000| Complete 
| 350|0x0000000717400000, 0x0000000717500000, 0x0000000717500000|100%| E|CS|TAMS 0x0000000717400000, 0x0000000717400000| Complete 
| 351|0x0000000717500000, 0x0000000717600000, 0x0000000717600000|100%| E|CS|TAMS 0x0000000717500000, 0x0000000717500000| Complete 
| 352|0x0000000717600000, 0x0000000717700000, 0x0000000717700000|100%| E|CS|TAMS 0x0000000717600000, 0x0000000717600000| Complete 
| 353|0x0000000717700000, 0x0000000717800000, 0x0000000717800000|100%| E|CS|TAMS 0x0000000717700000, 0x0000000717700000| Complete 
| 354|0x0000000717800000, 0x0000000717900000, 0x0000000717900000|100%| E|CS|TAMS 0x0000000717800000, 0x0000000717800000| Complete 
| 355|0x0000000717900000, 0x0000000717a00000, 0x0000000717a00000|100%| E|CS|TAMS 0x0000000717900000, 0x0000000717900000| Complete 
| 356|0x0000000717a00000, 0x0000000717b00000, 0x0000000717b00000|100%| E|CS|TAMS 0x0000000717a00000, 0x0000000717a00000| Complete 
| 357|0x0000000717b00000, 0x0000000717c00000, 0x0000000717c00000|100%| E|CS|TAMS 0x0000000717b00000, 0x0000000717b00000| Complete 
| 358|0x0000000717c00000, 0x0000000717d00000, 0x0000000717d00000|100%| E|CS|TAMS 0x0000000717c00000, 0x0000000717c00000| Complete 
| 359|0x0000000717d00000, 0x0000000717e00000, 0x0000000717e00000|100%| E|CS|TAMS 0x0000000717d00000, 0x0000000717d00000| Complete 
| 360|0x0000000717e00000, 0x0000000717f00000, 0x0000000717f00000|100%| E|CS|TAMS 0x0000000717e00000, 0x0000000717e00000| Complete 
| 361|0x0000000717f00000, 0x0000000718000000, 0x0000000718000000|100%| E|CS|TAMS 0x0000000717f00000, 0x0000000717f00000| Complete 
| 362|0x0000000718000000, 0x0000000718100000, 0x0000000718100000|100%| E|CS|TAMS 0x0000000718000000, 0x0000000718000000| Complete 
| 363|0x0000000718100000, 0x0000000718200000, 0x0000000718200000|100%| E|CS|TAMS 0x0000000718100000, 0x0000000718100000| Complete 
| 364|0x0000000718200000, 0x0000000718300000, 0x0000000718300000|100%| E|CS|TAMS 0x0000000718200000, 0x0000000718200000| Complete 
| 365|0x0000000718300000, 0x0000000718400000, 0x0000000718400000|100%| E|CS|TAMS 0x0000000718300000, 0x0000000718300000| Complete 
| 366|0x0000000718400000, 0x0000000718500000, 0x0000000718500000|100%| E|CS|TAMS 0x0000000718400000, 0x0000000718400000| Complete 
| 367|0x0000000718500000, 0x0000000718600000, 0x0000000718600000|100%| E|CS|TAMS 0x0000000718500000, 0x0000000718500000| Complete 
| 368|0x0000000718600000, 0x0000000718700000, 0x0000000718700000|100%| E|CS|TAMS 0x0000000718600000, 0x0000000718600000| Complete 
| 369|0x0000000718700000, 0x0000000718800000, 0x0000000718800000|100%| E|CS|TAMS 0x0000000718700000, 0x0000000718700000| Complete 
| 370|0x0000000718800000, 0x0000000718900000, 0x0000000718900000|100%| E|CS|TAMS 0x0000000718800000, 0x0000000718800000| Complete 
| 371|0x0000000718900000, 0x0000000718a00000, 0x0000000718a00000|100%| E|CS|TAMS 0x0000000718900000, 0x0000000718900000| Complete 
| 372|0x0000000718a00000, 0x0000000718b00000, 0x0000000718b00000|100%| E|CS|TAMS 0x0000000718a00000, 0x0000000718a00000| Complete 
| 373|0x0000000718b00000, 0x0000000718c00000, 0x0000000718c00000|100%| E|CS|TAMS 0x0000000718b00000, 0x0000000718b00000| Complete 
| 374|0x0000000718c00000, 0x0000000718d00000, 0x0000000718d00000|100%| E|CS|TAMS 0x0000000718c00000, 0x0000000718c00000| Complete 
| 375|0x0000000718d00000, 0x0000000718e00000, 0x0000000718e00000|100%| E|CS|TAMS 0x0000000718d00000, 0x0000000718d00000| Complete 
| 376|0x0000000718e00000, 0x0000000718f00000, 0x0000000718f00000|100%| E|CS|TAMS 0x0000000718e00000, 0x0000000718e00000| Complete 

Card table byte_map: [0x000000001a820000,0x000000001b020000] _byte_map_base: 0x0000000017015000

Marking Bits (Prev, Next): (CMBitMap*) 0x00000000002fe2c0, (CMBitMap*) 0x00000000002fe288
 Prev Bits: [0x000000001f7d0000, 0x0000000023778000)
 Next Bits: [0x000000001b820000, 0x000000001f7c8000)

Polling page: 0x0000000000430000

Metaspace:

Usage:
  Non-class:     98.93 MB capacity,    96.96 MB ( 98%) used,     1.55 MB (  2%) free+waste,   435.25 KB ( <1%) overhead. 
      Class:     12.01 MB capacity,    10.72 MB ( 89%) used,     1.10 MB (  9%) free+waste,   188.50 KB (  2%) overhead. 
       Both:    110.94 MB capacity,   107.68 MB ( 97%) used,     2.65 MB (  2%) free+waste,   623.75 KB ( <1%) overhead. 

Virtual space:
  Non-class space:      100.00 MB reserved,      99.00 MB ( 99%) committed 
      Class space:        1.00 GB reserved,      12.04 MB (  1%) committed 
             Both:        1.10 GB reserved,     111.04 MB ( 10%) committed 

Chunk freelists:
   Non-Class:  384 bytes
       Class:  0 bytes
        Both:  384 bytes

CodeHeap 'non-profiled nmethods': size=120064Kb used=20945Kb max_used=22054Kb free=99118Kb
 bounds [0x0000000012310000, 0x00000000138a0000, 0x0000000019850000]
CodeHeap 'profiled nmethods': size=120000Kb used=38117Kb max_used=43896Kb free=81882Kb
 bounds [0x000000000ade0000, 0x000000000da10000, 0x0000000012310000]
CodeHeap 'non-nmethods': size=5696Kb used=1780Kb max_used=1842Kb free=3915Kb
 bounds [0x000000000a850000, 0x000000000aac0000, 0x000000000ade0000]
 total_blobs=32544 nmethods=15013 adapters=1310
 compilation: enabled
              stopped_count=0, restarted_count=0
 full_count=0

Compilation events (10 events):
Event: 984.041 Thread 0x00000000271d6800 21994       3       okhttp3.internal.Util::delimiterOffset (40 bytes)
Event: 984.041 Thread 0x00000000271d6800 nmethod 21994 0x000000000b019490 code [0x000000000b0196e0, 0x000000000b019f10]
Event: 984.050 Thread 0x000000002626d800 nmethod 21983 0x0000000013116890 code [0x0000000013116b80, 0x0000000013119448]
Event: 984.051 Thread 0x000000002626d800 21992       4       java.util.ArrayDeque::add (7 bytes)
Event: 984.052 Thread 0x000000002626d800 nmethod 21992 0x0000000012e36290 code [0x0000000012e36420, 0x0000000012e36638]
Event: 984.066 Thread 0x00000000271d6800 21995       1       okhttp3.OkHttpClient::dispatcher (5 bytes)
Event: 984.066 Thread 0x00000000271d6800 nmethod 21995 0x0000000012d71310 code [0x0000000012d714c0, 0x0000000012d715d8]
Event: 984.170 Thread 0x00000000271d6800 21996       1       org.h2.mvstore.cache.CacheLongKeyLIRS$Segment::setMaxMemory (6 bytes)
Event: 984.170 Thread 0x000000002626d800 21997       4       java.util.concurrent.ConcurrentHashMap::values (25 bytes)
Event: 984.170 Thread 0x00000000271d6800 nmethod 21996 0x0000000012e35d90 code [0x0000000012e35f40, 0x0000000012e36058]

GC Heap History (10 events):
Event: 732.502 GC heap before
{Heap before GC invocations=127 (full 0):
 garbage-first heap   total 473088K, used 395727K [0x0000000701600000, 0x0000000800000000)
  region size 1024K, 166 young (169984K), 1 survivors (1024K)
 Metaspace       used 109953K, capacity 113278K, committed 113448K, reserved 1150976K
  class space    used 10933K, capacity 12229K, committed 12328K, reserved 1048576K
}
Event: 732.504 GC heap after
{Heap after GC invocations=128 (full 0):
 garbage-first heap   total 473088K, used 227207K [0x0000000701600000, 0x0000000800000000)
  region size 1024K, 2 young (2048K), 2 survivors (2048K)
 Metaspace       used 109953K, capacity 113278K, committed 113448K, reserved 1150976K
  class space    used 10933K, capacity 12229K, committed 12328K, reserved 1048576K
}
Event: 743.991 GC heap before
{Heap before GC invocations=128 (full 0):
 garbage-first heap   total 473088K, used 398215K [0x0000000701600000, 0x0000000800000000)
  region size 1024K, 169 young (173056K), 2 survivors (2048K)
 Metaspace       used 109954K, capacity 113278K, committed 113448K, reserved 1150976K
  class space    used 10933K, capacity 12229K, committed 12328K, reserved 1048576K
}
Event: 743.996 GC heap after
{Heap after GC invocations=129 (full 0):
 garbage-first heap   total 473088K, used 234626K [0x0000000701600000, 0x0000000800000000)
  region size 1024K, 9 young (9216K), 9 survivors (9216K)
 Metaspace       used 109954K, capacity 113278K, committed 113448K, reserved 1150976K
  class space    used 10933K, capacity 12229K, committed 12328K, reserved 1048576K
}
Event: 753.396 GC heap before
{Heap before GC invocations=129 (full 0):
 garbage-first heap   total 473088K, used 399490K [0x0000000701600000, 0x0000000800000000)
  region size 1024K, 170 young (174080K), 9 survivors (9216K)
 Metaspace       used 109971K, capacity 113344K, committed 113448K, reserved 1150976K
  class space    used 10935K, capacity 12229K, committed 12328K, reserved 1048576K
}
Event: 753.404 GC heap after
{Heap after GC invocations=130 (full 0):
 garbage-first heap   total 473088K, used 257648K [0x0000000701600000, 0x0000000800000000)
  region size 1024K, 22 young (22528K), 22 survivors (22528K)
 Metaspace       used 109971K, capacity 113344K, committed 113448K, reserved 1150976K
  class space    used 10935K, capacity 12229K, committed 12328K, reserved 1048576K
}
Event: 762.430 GC heap before
{Heap before GC invocations=130 (full 0):
 garbage-first heap   total 473088K, used 395888K [0x0000000701600000, 0x0000000800000000)
  region size 1024K, 157 young (160768K), 22 survivors (22528K)
 Metaspace       used 109977K, capacity 113344K, committed 113448K, reserved 1150976K
  class space    used 10935K, capacity 12229K, committed 12328K, reserved 1048576K
}
Event: 762.439 GC heap after
{Heap after GC invocations=131 (full 0):
 garbage-first heap   total 473088K, used 259255K [0x0000000701600000, 0x0000000800000000)
  region size 1024K, 2 young (2048K), 2 survivors (2048K)
 Metaspace       used 109977K, capacity 113344K, committed 113448K, reserved 1150976K
  class space    used 10935K, capacity 12229K, committed 12328K, reserved 1048576K
}
Event: 769.201 GC heap before
{Heap before GC invocations=131 (full 0):
 garbage-first heap   total 473088K, used 368823K [0x0000000701600000, 0x0000000800000000)
  region size 1024K, 111 young (113664K), 2 survivors (2048K)
 Metaspace       used 109984K, capacity 113344K, committed 113448K, reserved 1150976K
  class space    used 10935K, capacity 12229K, committed 12328K, reserved 1048576K
}
Event: 769.312 GC heap after
{Heap after GC invocations=132 (full 1):
 garbage-first heap   total 386048K, used 114100K [0x0000000701600000, 0x0000000800000000)
  region size 1024K, 0 young (0K), 0 survivors (0K)
 Metaspace       used 109984K, capacity 113344K, committed 113448K, reserved 1150976K
  class space    used 10935K, capacity 12229K, committed 12328K, reserved 1048576K
}

Deoptimization events (10 events):
Event: 983.960 Thread 0x0000000036283800 Uncommon trap: reason=unstable_if action=reinterpret pc=0x00000000130618e0 method=jogamp.common.util.locks.RecursiveLockImpl01Unfairish$SingleThreadSync.isOwner(Ljava/lang/Thread;)Z @ 5 c2
Event: 983.960 Thread 0x0000000036283800 Uncommon trap: reason=unstable_if action=reinterpret pc=0x0000000012ef1f84 method=jogamp.common.util.locks.RecursiveLockImpl01Unfairish$SingleThreadSync.isOwner(Ljava/lang/Thread;)Z @ 5 c2
Event: 983.960 Thread 0x0000000036283800 Uncommon trap: reason=class_check action=maybe_recompile pc=0x0000000012a33230 method=jogamp.opengl.GLDrawableImpl.lockSurface()I @ 4 c2
Event: 983.985 Thread 0x0000000036283800 Uncommon trap: reason=unstable_if action=reinterpret pc=0x00000000129bb92c method=jogamp.common.util.locks.RecursiveLockImpl01Unfairish.unlock(Ljava/lang/Runnable;)V @ 34 c2
Event: 983.996 Thread 0x000000002dc39000 Uncommon trap: reason=unstable_if action=reinterpret pc=0x00000000128f07f0 method=bf.g(Ljava/lang/Object;I)V @ 33 c2
Event: 984.084 Thread 0x000000002dc39000 Uncommon trap: reason=unstable_if action=reinterpret pc=0x0000000012b212d4 method=jogamp.opengl.windows.wgl.WindowsWGLDrawable.swapBuffersImpl(Z)V @ 26 c2
Event: 984.159 Thread 0x000000002dbd3000 Uncommon trap: reason=unstable_if action=reinterpret pc=0x00000000127d8f00 method=org.h2.engine.Session.isClosed()Z @ 10 c2
Event: 984.159 Thread 0x000000002dbd3000 Uncommon trap: reason=class_check action=maybe_recompile pc=0x000000001278e8a4 method=org.h2.mvstore.MVMap.compare(Ljava/lang/Object;Ljava/lang/Object;)I @ 6 c2
Event: 984.160 Thread 0x000000002dbd3000 Uncommon trap: reason=predicate action=maybe_recompile pc=0x00000000127ca264 method=org.h2.mvstore.Page.calculateMemory()I @ 24 c2
Event: 984.160 Thread 0x000000002dbd3000 Uncommon trap: reason=class_check action=maybe_recompile pc=0x000000001278e8a4 method=org.h2.mvstore.MVMap.compare(Ljava/lang/Object;Ljava/lang/Object;)I @ 6 c2

Classes redefined (0 events):
No events

Internal exceptions (10 events):
Event: 769.196 Thread 0x000000002d12d000 Exception <a 'java/net/SocketException'{0x0000000717700838}: Socket closed> (0x0000000717700838) thrown at [t:/workspace/open/src/hotspot/share/prims/jni.cpp, line 636]
Event: 769.332 Thread 0x000000002dc39000 Implicit null exception at 0x000000001258d8a7 to 0x000000001258d996
Event: 769.332 Thread 0x000000002dc39000 Implicit null exception at 0x0000000012ef24e3 to 0x0000000012ef258a
Event: 769.333 Thread 0x000000002dc39000 Implicit null exception at 0x00000000128a5827 to 0x00000000128a6b0e
Event: 902.040 Thread 0x000000002dda3800 Exception <a 'java/net/SocketException'{0x0000000714600878}: Socket closed> (0x0000000714600878) thrown at [t:/workspace/open/src/hotspot/share/prims/jni.cpp, line 636]
Event: 983.813 Thread 0x0000000028caa000 Implicit null exception at 0x0000000012fa7c3f to 0x0000000012fa7e96
Event: 983.946 Thread 0x0000000028caa000 Exception <a 'java/lang/NoSuchMethodError'{0x0000000710736a70}: java.lang.invoke.DirectMethodHandle$Holder.invokeSpecial(Ljava/lang/Object;Ljava/lang/Object;IIII)Ljava/lang/Object;> (0x0000000710736a70) thrown at [t:/workspace/open/src/hotspot/share/inter
Event: 983.946 Thread 0x0000000028caa000 Exception <a 'java/lang/NoSuchMethodError'{0x0000000710739c28}: java.lang.invoke.Invokers$Holder.linkToTargetMethod(IIIILjava/lang/Object;)Ljava/lang/Object;> (0x0000000710739c28) thrown at [t:/workspace/open/src/hotspot/share/interpreter/linkResolver.cpp
Event: 983.958 Thread 0x000000003627f800 Exception <a 'java/net/SocketException'{0x00000007106fc770}: Interrupted function call: accept failed> (0x00000007106fc770) thrown at [t:/workspace/open/src/hotspot/share/prims/jni.cpp, line 636]
Event: 984.170 Thread 0x0000000036282800 Exception <a 'java/lang/InterruptedException'{0x00000007105ced38}: sleep interrupted> (0x00000007105ced38) thrown at [t:/workspace/open/src/hotspot/share/prims/jvm.cpp, line 3106]

Events (10 events):
Event: 984.159 Thread 0x000000002dbd3000 DEOPT UNPACKING pc=0x000000000a87912f sp=0x000000003a3ee7c8 mode 2
Event: 984.160 Thread 0x000000002dbd3000 Uncommon trap: trap_request=0xffffff7e fr.pc=0x00000000127ca264 relative=0x0000000000000384
Event: 984.160 Thread 0x000000002dbd3000 DEOPT PACKING pc=0x00000000127ca264 sp=0x000000003a3ee580
Event: 984.160 Thread 0x000000002dbd3000 DEOPT UNPACKING pc=0x000000000a87912f sp=0x000000003a3ee4a0 mode 2
Event: 984.160 Thread 0x000000002dbd3000 Uncommon trap: trap_request=0xffffffde fr.pc=0x000000001278e8a4 relative=0x0000000000000524
Event: 984.160 Thread 0x000000002dbd3000 DEOPT PACKING pc=0x000000001278e8a4 sp=0x000000003a3ee860
Event: 984.160 Thread 0x000000002dbd3000 DEOPT UNPACKING pc=0x000000000a87912f sp=0x000000003a3ee7c8 mode 2
Event: 984.170 Thread 0x0000000036282800 Thread exited: 0x0000000036282800
Event: 984.171 Thread 0x000000002dbd3000 Thread exited: 0x000000002dbd3000
Event: 984.171 Executing VM operation: Exit


Dynamic libraries:
0x000000013fa30000 - 0x000000013fa77000 	C:\Program Files\Java\jdk-11.0.5\bin\java.exe
0x0000000076fe0000 - 0x0000000077189000 	C:\Windows\SYSTEM32\ntdll.dll
0x0000000076ec0000 - 0x0000000076fdf000 	C:\Windows\system32\kernel32.dll
0x000007fefcfe0000 - 0x000007fefd04b000 	C:\Windows\system32\KERNELBASE.dll
0x000007fefdd80000 - 0x000007fefde5b000 	C:\Windows\system32\ADVAPI32.dll
0x000007fefd560000 - 0x000007fefd5ff000 	C:\Windows\system32\msvcrt.dll
0x000007fefec50000 - 0x000007fefec6f000 	C:\Windows\SYSTEM32\sechost.dll
0x000007fefee00000 - 0x000007fefef2d000 	C:\Windows\system32\RPCRT4.dll
0x0000000076dc0000 - 0x0000000076eba000 	C:\Windows\system32\USER32.dll
0x000007fefec70000 - 0x000007fefecd7000 	C:\Windows\system32\GDI32.dll
0x000007feff1b0000 - 0x000007feff1be000 	C:\Windows\system32\LPK.dll
0x000007fefd990000 - 0x000007fefda59000 	C:\Windows\system32\USP10.dll
0x000007fefb120000 - 0x000007fefb314000 	C:\Windows\WinSxS\amd64_microsoft.windows.common-controls_6595b64144ccf1df_6.0.7601.17514_none_fa396087175ac9ac\COMCTL32.dll
0x000007fefdbf0000 - 0x000007fefdc61000 	C:\Windows\system32\SHLWAPI.dll
0x000007fefc210000 - 0x000007fefc21c000 	C:\Windows\system32\VERSION.dll
0x000007feff1e0000 - 0x000007feff20e000 	C:\Windows\system32\IMM32.DLL
0x000007fefdc70000 - 0x000007fefdd79000 	C:\Windows\system32\MSCTF.dll
0x000007fecc4d0000 - 0x000007fecc4e6000 	C:\Program Files\Java\jdk-11.0.5\bin\vcruntime140.dll
0x000007fecc500000 - 0x000007fecc504000 	C:\Program Files\Java\jdk-11.0.5\bin\api-ms-win-crt-runtime-l1-1-0.dll
0x000007fecc3d0000 - 0x000007fecc4c6000 	C:\Program Files\Java\jdk-11.0.5\bin\ucrtbase.DLL
0x000007fecc4f0000 - 0x000007fecc4f3000 	C:\Program Files\Java\jdk-11.0.5\bin\api-ms-win-core-localization-l1-2-0.dll
0x000007fecc3b0000 - 0x000007fecc3b3000 	C:\Program Files\Java\jdk-11.0.5\bin\api-ms-win-core-processthreads-l1-1-1.dll
0x000007fecc3c0000 - 0x000007fecc3c3000 	C:\Program Files\Java\jdk-11.0.5\bin\api-ms-win-core-file-l1-2-0.dll
0x000007fecc390000 - 0x000007fecc393000 	C:\Program Files\Java\jdk-11.0.5\bin\api-ms-win-core-timezone-l1-1-0.dll
0x000007fecc3a0000 - 0x000007fecc3a3000 	C:\Program Files\Java\jdk-11.0.5\bin\api-ms-win-core-file-l2-1-0.dll
0x000007fecc370000 - 0x000007fecc373000 	C:\Program Files\Java\jdk-11.0.5\bin\api-ms-win-core-synch-l1-2-0.dll
0x000007fecc380000 - 0x000007fecc384000 	C:\Program Files\Java\jdk-11.0.5\bin\api-ms-win-crt-string-l1-1-0.dll
0x000007fecc350000 - 0x000007fecc353000 	C:\Program Files\Java\jdk-11.0.5\bin\api-ms-win-crt-heap-l1-1-0.dll
0x000007fecc360000 - 0x000007fecc364000 	C:\Program Files\Java\jdk-11.0.5\bin\api-ms-win-crt-stdio-l1-1-0.dll
0x000007fecc330000 - 0x000007fecc334000 	C:\Program Files\Java\jdk-11.0.5\bin\api-ms-win-crt-convert-l1-1-0.dll
0x000007fecc280000 - 0x000007fecc32a000 	C:\Program Files\Java\jdk-11.0.5\bin\msvcp140.dll
0x000007fecc340000 - 0x000007fecc343000 	C:\Program Files\Java\jdk-11.0.5\bin\api-ms-win-crt-locale-l1-1-0.dll
0x000007fecc260000 - 0x000007fecc265000 	C:\Program Files\Java\jdk-11.0.5\bin\api-ms-win-crt-math-l1-1-0.dll
0x000007fecc270000 - 0x000007fecc275000 	C:\Program Files\Java\jdk-11.0.5\bin\api-ms-win-crt-multibyte-l1-1-0.dll
0x000007fecc240000 - 0x000007fecc243000 	C:\Program Files\Java\jdk-11.0.5\bin\api-ms-win-crt-time-l1-1-0.dll
0x000007fecc250000 - 0x000007fecc253000 	C:\Program Files\Java\jdk-11.0.5\bin\api-ms-win-crt-filesystem-l1-1-0.dll
0x000007fecc220000 - 0x000007fecc223000 	C:\Program Files\Java\jdk-11.0.5\bin\api-ms-win-crt-environment-l1-1-0.dll
0x000007fecc230000 - 0x000007fecc233000 	C:\Program Files\Java\jdk-11.0.5\bin\api-ms-win-crt-utility-l1-1-0.dll
0x000007fec98f0000 - 0x000007feca418000 	C:\Program Files\Java\jdk-11.0.5\bin\server\jvm.dll
0x000007feefdc0000 - 0x000007feefdc9000 	C:\Windows\system32\WSOCK32.dll
0x000007fefec00000 - 0x000007fefec4d000 	C:\Windows\system32\WS2_32.dll
0x000007fefebf0000 - 0x000007fefebf8000 	C:\Windows\system32\NSI.dll
0x000007fef9460000 - 0x000007fef949b000 	C:\Windows\system32\WINMM.dll
0x00000000771a0000 - 0x00000000771a7000 	C:\Windows\system32\PSAPI.DLL
0x000007fecc1e0000 - 0x000007fecc1f1000 	C:\Program Files\Java\jdk-11.0.5\bin\verify.dll
0x000007fef1c30000 - 0x000007fef1d55000 	C:\Windows\system32\DBGHELP.DLL
0x000007fecc1b0000 - 0x000007fecc1d9000 	C:\Program Files\Java\jdk-11.0.5\bin\java.dll
0x000007fecc200000 - 0x000007fecc216000 	C:\Program Files\Java\jdk-11.0.5\bin\zip.dll
0x000007fecc190000 - 0x000007fecc19a000 	C:\Program Files\Java\jdk-11.0.5\bin\jimage.dll
0x000007fefde60000 - 0x000007fefebe8000 	C:\Windows\system32\SHELL32.dll
0x000007fefd780000 - 0x000007fefd983000 	C:\Windows\system32\ole32.dll
0x000007fefcf30000 - 0x000007fefcf3f000 	C:\Windows\system32\profapi.dll
0x000007fecc170000 - 0x000007fecc189000 	C:\Program Files\Java\jdk-11.0.5\bin\net.dll
0x000007fef9550000 - 0x000007fef95c1000 	C:\Windows\system32\WINHTTP.dll
0x000007fef94e0000 - 0x000007fef9544000 	C:\Windows\system32\webio.dll
0x000007fefc7a0000 - 0x000007fefc7f5000 	C:\Windows\system32\mswsock.dll
0x000007fefc790000 - 0x000007fefc797000 	C:\Windows\System32\wship6.dll
0x000007fecc150000 - 0x000007fecc163000 	C:\Program Files\Java\jdk-11.0.5\bin\nio.dll
0x000007feb7d60000 - 0x000007feb7eff000 	C:\Program Files\Java\jdk-11.0.5\bin\awt.dll
0x000007feff210000 - 0x000007feff2e7000 	C:\Windows\system32\OLEAUT32.dll
0x000007fecbce0000 - 0x000007fecbdc2000 	C:\Windows\system32\d2d1.dll
0x000007fefbb10000 - 0x000007fefbb28000 	C:\Windows\system32\DWMAPI.DLL
0x000007fefc800000 - 0x000007fefc817000 	C:\Windows\system32\CRYPTSP.dll
0x000007fefc500000 - 0x000007fefc547000 	C:\Windows\system32\rsaenh.dll
0x000007fefc270000 - 0x000007fefc28e000 	C:\Windows\system32\USERENV.dll
0x000007fefce60000 - 0x000007fefce6f000 	C:\Windows\system32\CRYPTBASE.dll
0x000007fef94b0000 - 0x000007fef94d7000 	C:\Windows\system32\IPHLPAPI.DLL
0x000007fef94a0000 - 0x000007fef94ab000 	C:\Windows\system32\WINNSI.DLL
0x000007fef86b0000 - 0x000007fef86c1000 	C:\Windows\system32\dhcpcsvc6.DLL
0x000007fef8690000 - 0x000007fef86a8000 	C:\Windows\system32\dhcpcsvc.DLL
0x000007fefb0c0000 - 0x000007fefb116000 	C:\Windows\system32\uxtheme.dll
0x000007fef6830000 - 0x000007fef694d000 	C:\Windows\system32\opengl32.dll
0x000007fef6800000 - 0x000007fef682d000 	C:\Windows\system32\GLU32.dll
0x000007fef6700000 - 0x000007fef67f1000 	C:\Windows\system32\DDRAW.dll
0x000007fef66f0000 - 0x000007fef66f8000 	C:\Windows\system32\DCIMAN32.dll
0x000007fefef30000 - 0x000007feff107000 	C:\Windows\system32\SETUPAPI.dll
0x000007fefd110000 - 0x000007fefd146000 	C:\Windows\system32\CFGMGR32.dll
0x000007fefd050000 - 0x000007fefd06a000 	C:\Windows\system32\DEVOBJ.dll
0x000007fed0070000 - 0x000007fed1540000 	C:\Windows\system32\nvd3dumx.dll
0x000007fefbb30000 - 0x000007fefbb5c000 	C:\Windows\system32\powrprof.dll
0x000007fed1540000 - 0x000007fed1801000 	C:\Windows\system32\nvspcap64.dll
0x000007fefc1b0000 - 0x000007fefc1dd000 	C:\Windows\system32\ntmarta.dll
0x000007fefdb90000 - 0x000007fefdbe2000 	C:\Windows\system32\WLDAP32.dll
0x000007fefd150000 - 0x000007fefd2b7000 	C:\Windows\system32\crypt32.dll
0x000007fefcfd0000 - 0x000007fefcfdf000 	C:\Windows\system32\MSASN1.dll
0x000007fefd2c0000 - 0x000007fefd2fa000 	C:\Windows\system32\WINTRUST.DLL
0x000007feff1c0000 - 0x000007feff1d7000 	C:\Windows\system32\imagehlp.dll
0x000007fefc980000 - 0x000007fefc9ce000 	C:\Windows\system32\ncrypt.dll
0x000007fefc950000 - 0x000007fefc972000 	C:\Windows\system32\bcrypt.dll
0x000007fefc440000 - 0x000007fefc48c000 	C:\Windows\system32\bcryptprimitives.dll
0x000007fefc250000 - 0x000007fefc26b000 	C:\Windows\system32\GPAPI.dll
0x000007fece430000 - 0x000007fece4b3000 	C:\Program Files\Java\jdk-11.0.5\bin\freetype.dll
0x000007fecc540000 - 0x000007fecc5eb000 	C:\Program Files\Java\jdk-11.0.5\bin\fontmanager.dll
0x000007fefc1e0000 - 0x000007fefc206000 	C:\Windows\system32\cryptnet.dll
0x000007fee3580000 - 0x000007fee359b000 	C:\Windows\system32\Cabinet.dll
0x000007fefc290000 - 0x000007fefc2a2000 	C:\Windows\system32\DEVRTL.dll
0x000007fed26b0000 - 0x000007fed26d7000 	C:\Program Files\Java\jdk-11.0.5\bin\sunec.dll
0x000007fef6560000 - 0x000007fef656d000 	C:\Program Files\Java\jdk-11.0.5\bin\sunmscapi.dll
0x000007fefbc20000 - 0x000007fefbc27000 	C:\Windows\System32\wshtcpip.dll
0x000007fefc620000 - 0x000007fefc67b000 	C:\Windows\system32\DNSAPI.dll
0x000007fef7b10000 - 0x000007fef7b18000 	C:\Windows\system32\rasadhlp.dll
0x000007fef8730000 - 0x000007fef8783000 	C:\Windows\System32\fwpuclnt.dll
0x0000000066870000 - 0x00000000668c0000 	C:\Program Files\UltraMon\RTSUltraMonHook.dll
0x000007fecdff0000 - 0x000007fece031000 	C:\Users\NEX\AppData\Local\Temp\jna-77185\jna12889143898135534373.dll
0x000007fecaf60000 - 0x000007fecaffc000 	C:\Users\NEX\AppData\Local\Temp\jna-77185\jna15933665375929179129.dll
0x000007fedf0b0000 - 0x000007fedf0c2000 	C:\Program Files\Java\jdk-11.0.5\bin\jsound.dll
0x000007fef6c70000 - 0x000007fef6cf8000 	C:\Windows\system32\DSOUND.dll
0x000007feff110000 - 0x000007feff1a9000 	C:\Windows\system32\CLBCatQ.DLL
0x000007fefb850000 - 0x000007fefb89b000 	C:\Windows\System32\MMDevApi.dll
0x000007fefb710000 - 0x000007fefb83c000 	C:\Windows\System32\PROPSYS.dll
0x000007fee7e40000 - 0x000007fee7e7b000 	C:\Windows\system32\wdmaud.drv
0x0000000068080000 - 0x0000000068086000 	C:\Windows\system32\ksuser.dll
0x000007fefb840000 - 0x000007fefb849000 	C:\Windows\system32\AVRT.dll
0x000007fee8ca0000 - 0x000007fee8cef000 	C:\Windows\system32\AUDIOSES.DLL
0x000007fee6be0000 - 0x000007fee6bea000 	C:\Windows\system32\msacm32.drv
0x000007fee6bc0000 - 0x000007fee6bd8000 	C:\Windows\system32\MSACM32.dll
0x000007fee6ba0000 - 0x000007fee6ba9000 	C:\Windows\system32\midimap.dll
0x000007fecbf90000 - 0x000007fecc00f000 	C:\Program Files\Java\jdk-11.0.5\bin\mlib_image.dll
0x000007fecc1a0000 - 0x000007fecc1a9000 	C:\Program Files\Java\jdk-11.0.5\bin\management.dll
0x000007fecc140000 - 0x000007fecc14c000 	C:\Program Files\Java\jdk-11.0.5\bin\management_ext.dll
0x000007feca990000 - 0x000007fecaa2d000 	C:\Program Files\obs-studio\data\obs-plugins\win-capture\graphics-hook64.dll
0x000007fed36c0000 - 0x000007fed36ed000 	C:\Program Files\Java\jdk-11.0.5\bin\javajpeg.dll
0x000007fefaba0000 - 0x000007fefacca000 	C:\Windows\system32\WindowsCodecs.dll
0x000007fefce00000 - 0x000007fefce57000 	C:\Windows\system32\apphelp.dll
0x000007fef5fe0000 - 0x000007fef6040000 	C:\Program Files (x86)\Dropbox\Client\DropboxExt64.27.0.dll
0x000007fef7ec0000 - 0x000007fef7edf000 	C:\Windows\system32\thumbcache.dll
0x000007fef7e50000 - 0x000007fef7ebb000 	C:\Windows\system32\PhotoMetadataHandler.dll
0x000007fef7d90000 - 0x000007fef7e50000 	C:\Program Files\Google\Drive\googledrivesync64.dll

dbghelp: loaded successfully - version: 4.0.5 - missing functions: none
symbol engine: initialized successfully - sym options: 0x614 - pdb path: .;C:\Program Files\Java\jdk-11.0.5\bin;C:\Windows\SYSTEM32;C:\Windows\WinSxS\amd64_microsoft.windows.common-controls_6595b64144ccf1df_6.0.7601.17514_none_fa396087175ac9ac;C:\Program Files\Java\jdk-11.0.5\bin\server;C:\Program Files\UltraMon;C:\Users\NEX\AppData\Local\Temp\jna-77185;C:\Program Files\obs-studio\data\obs-plugins\win-capture;C:\Program Files (x86)\Dropbox\Client;C:\Program Files\Google\Drive;C:\Windows\WinSxS\amd64_microsoft.vc90.crt_1fc8b3b9a1e18e3b_9.0.30729.6161_none_08e61857a83bc251;C:\Users\NEX\AppData\Local\Temp\jogamp_0000\file_cache\jln3563835505813521983\jln3231339467549582259\natives\windows-amd64

VM Arguments:
jvm_args: -Dfile.encoding=UTF-8 -Duser.country=US -Duser.language=en -Duser.variant 
java_command: net.runelite.client.RuneLite
java_class_path (initial): C:\Users\NEX\IdeaProjects\runelite-extended2\runelite-client\build\classes\java\main;C:\Users\NEX\IdeaProjects\runelite-extended2\runelite-client\build\resources\main;C:\Users\NEX\IdeaProjects\runelite-extended2\http-api\build\libs\http-api-1.6.6-SNAPSHOT.jar;C:\Users\NEX\IdeaProjects\runelite-extended2\runescape-api\build\libs\runescape-api-1.6.6-SNAPSHOT.jar;C:\Users\NEX\IdeaProjects\runelite-extended2\runelite-api\build\libs\runelite-api-1.6.6-SNAPSHOT.jar;C:\Users\NEX\.gradle\caches\modules-2\files-2.1\ch.qos.logback\logback-classic\1.2.3\7c4f3c474fb2c041d8028740440937705ebb473a\logback-classic-1.2.3.jar;C:\Users\NEX\.gradle\caches\modules-2\files-2.1\com.google.code.gson\gson\2.8.6\9180733b7df8542621dc12e21e87557e8c99b8cb\gson-2.8.6.jar;C:\Users\NEX\.gradle\caches\modules-2\files-2.1\com.google.inject\guice\4.2.2\fa13659f9128f4c011c8e1d06f137083b4876377\guice-4.2.2-no_aop.jar;C:\Users\NEX\.gradle\caches\modules-2\files-2.1\com.google.guava\guava\28.2-jre\8ec9ed76528425762174f0011ce8f74ad845b756\guava-28.2-jre.jar;C:\Users\NEX\.gradle\caches\modules-2\files-2.1\com.h2database\h2\1.4.200\f7533fe7cb8e99c87a43d325a77b4b678ad9031a\h2-1.4.200.jar;C:\Users\NEX\.gradle\caches\modules-2\files-2.1\com.jakewharton.rxrelay2\rxrelay\2.1.1\b5cb329f502caba70863749b6559f13eb25b6285\rxrelay-2.1.1.jar;C:\Users\NEX\.gradle\caches\modules-2\files-2.1\com.squareup.okhttp3\okhttp\4.3.0\cacafea0ad79a98bdf70f620f32eed22f2535e60\okhttp-4.3.0.jar;C:\Users\NEX\.gradle\caches\modules-2\files-2.1\io.reactivex.rxjava2\rxjava\2.2.16\4b88484cd4d02954243fc0a1a0b0a7503ca769a0\rxjava-2.2.16.jar;C:\Users\NEX\.gradle\caches\modules-2\files-2.1\net.java.dev.jna\jna-platform\5.5.0\af38e7c4d0fc73c23ecd785443705bfdee5b90bf\jna-platform-5.5.0.jar;C:\Users\NEX\.gradle\caches\modules-2\files-2.1\net.runelite\discord\1.1\2d6c73d538b0533883a1e1cdd5b08c70f66ee3a1\discord-1.1.jar;C:\Users\NEX\.gradle\caches\modules-2\files-2.1\net.java.dev.jna\jna\5.5.0\e0845217c4907822403912ad68
Launcher Type: SUN_STANDARD

[Global flags]
     intx CICompilerCount                          = 3                                         {product} {ergonomic}
     uint ConcGCThreads                            = 1                                         {product} {ergonomic}
     uint G1ConcRefinementThreads                  = 4                                         {product} {ergonomic}
   size_t G1HeapRegionSize                         = 1048576                                   {product} {ergonomic}
    uintx GCDrainStackTargetSize                   = 64                                        {product} {ergonomic}
   size_t InitialHeapSize                          = 268435456                                 {product} {ergonomic}
   size_t MarkStackSize                            = 4194304                                   {product} {ergonomic}
   size_t MaxHeapSize                              = 4271898624                                {product} {ergonomic}
   size_t MaxNewSize                               = 2562719744                                {product} {ergonomic}
   size_t MinHeapDeltaBytes                        = 1048576                                   {product} {ergonomic}
    uintx NonNMethodCodeHeapSize                   = 5830732                                {pd product} {ergonomic}
    uintx NonProfiledCodeHeapSize                  = 122913754                              {pd product} {ergonomic}
    uintx ProfiledCodeHeapSize                     = 122913754                              {pd product} {ergonomic}
    uintx ReservedCodeCacheSize                    = 251658240                              {pd product} {ergonomic}
     bool SegmentedCodeCache                       = true                                      {product} {ergonomic}
     bool UseCompressedClassPointers               = true                                 {lp64_product} {ergonomic}
     bool UseCompressedOops                        = true                                 {lp64_product} {ergonomic}
     bool UseG1GC                                  = true                                      {product} {ergonomic}
     bool UseLargePagesIndividualAllocation        = false                                  {pd product} {ergonomic}

Logging:
Log output configuration:
 #0: stdout all=warning uptime,level,tags
 #1: stderr all=off uptime,level,tags

Environment Variables:
JAVA_HOME=C:\Program Files\Java\jdk1.8.0_221
PATH=C:\Program Files (x86)\Common Files\Oracle\Java\javapath;C:\ProgramData\Oracle\Java\javapath;C:\Program Files (x86)\AMD APP\bin\x86_64;C:\Program Files (x86)\AMD APP\bin\x86;C:\Windows\system32;C:\Windows;C:\Windows\System32\Wbem;C:\Windows\System32\WindowsPowerShell\v1.0\;C:\Program Files (x86)\ATI Technologies\ATI.ACE\Core-Static;C:\Program Files (x86)\EasyPHP-Devserver-16.1\eds-binaries\php\php5619vc11x86x160629234843;C:\ProgramData\ComposerSetup\bin;C:\Program Files\Git\cmd;C:\Program Files (x86)\Skype\Phone\;C:\Program Files (x86)\AMD\ATI.ACE\Core-Static;C:\Program Files (x86)\Yarn\bin;C:\ProgramData\chocolatey\bin;C:\Program Files (x86)\Intel\OpenCL SDK\2.0\bin\x86;C:\Program Files (x86)\Intel\OpenCL SDK\2.0\bin\x64;C:\Program Files (x86)\NVIDIA Corporation\PhysX\Common;C:\Program Files\nodejs\;C:\Program Files\NVIDIA Corporation\NVIDIA NvDLISR;C:\Program Files\Microsoft SQL Server\Client SDK\ODBC\110\Tools\Binn\;C:\Program Files (x86)\Microsoft SQL Server\120\Tools\Binn\;C:\Program Files\Microsoft SQL Server\120\Tools\Binn\;C:\Program Files\Microsoft SQL Server\120\DTS\Binn\;C:\Users\NEX\AppData\Roaming\Composer\vendor\bin;C:\Users\NEX\AppData\Local\Yarn\.bin;C:\Users\NEX\AppData\Local\atom\bin;C:\Users\NEX\AppData\Local\GitHubDesktop\bin;C:\Users\NEX\AppData\Local\Programs\Microsoft VS Code\bin;C:\Users\NEX\AppData\Roaming\npm;F:\maven\apache-maven-3.6.1\bin;C:\Users\NEX\AppData\Local\Google\Cloud SDK\google-cloud-sdk\bin
USERNAME=NEX
OS=Windows_NT
PROCESSOR_IDENTIFIER=Intel64 Family 6 Model 42 Stepping 7, GenuineIntel



---------------  S Y S T E M  ---------------

OS: Windows 7 , 64 bit Build 7601 (6.1.7601.17514)

CPU:total 4 (initial active 4) (4 cores per cpu, 1 threads per core) family 6 model 42 stepping 7, cmov, cx8, fxsr, mmx, sse, sse2, sse3, ssse3, sse4.1, sse4.2, popcnt, avx, aes, clmul, tsc, tscinvbit

Memory: 4k page, system-wide physical 16288M (3632M free)
TotalPageFile size 16286M (AvailPageFile size 1275M)
current process WorkingSet (physical memory assigned to process): 842M, peak: 1038M
current process commit charge ("private bytes"): 895M, peak: 1086M

vm_info: Java HotSpot(TM) 64-Bit Server VM (11.0.5+10-LTS) for windows-amd64 JRE (11.0.5+10-LTS), built on Oct  6 2019 12:37:14 by "mach5one" with MS VC++ 15.5 (VS2017)

END.
